[3.312s] Invoking command in '/home/pi/hexapod/build/leg_controller': PYTHONPATH=/home/pi/hexapod/build/leg_controller/prefix_override:/home/pi/hexapod/install/leg_controller/lib/python3.10/site-packages:${PYTHONPATH} /usr/bin/python3 setup.py develop --uninstall --editable --build-directory /home/pi/hexapod/build/leg_controller/build
[4.615s] running develop
[5.502s] Invoked command in '/home/pi/hexapod/build/leg_controller' returned '0': PYTHONPATH=/home/pi/hexapod/build/leg_controller/prefix_override:/home/pi/hexapod/install/leg_controller/lib/python3.10/site-packages:${PYTHONPATH} /usr/bin/python3 setup.py develop --uninstall --editable --build-directory /home/pi/hexapod/build/leg_controller/build
[5.512s] Invoking command in '/home/pi/hexapod/src/leg_controller': PYTHONPATH=/home/pi/hexapod/build/leg_controller/prefix_override:/home/pi/hexapod/install/leg_controller/lib/python3.10/site-packages:${PYTHONPATH} /usr/bin/python3 setup.py egg_info --egg-base ../../build/leg_controller build --build-base /home/pi/hexapod/build/leg_controller/build install --record /home/pi/hexapod/build/leg_controller/install.log --single-version-externally-managed
[6.708s] running egg_info
[6.711s] writing ../../build/leg_controller/leg_controller.egg-info/PKG-INFO
[6.712s] writing dependency_links to ../../build/leg_controller/leg_controller.egg-info/dependency_links.txt
[6.714s] writing entry points to ../../build/leg_controller/leg_controller.egg-info/entry_points.txt
[6.714s] writing requirements to ../../build/leg_controller/leg_controller.egg-info/requires.txt
[6.715s] writing top-level names to ../../build/leg_controller/leg_controller.egg-info/top_level.txt
[6.724s] reading manifest file '../../build/leg_controller/leg_controller.egg-info/SOURCES.txt'
[6.729s] writing manifest file '../../build/leg_controller/leg_controller.egg-info/SOURCES.txt'
[6.730s] running build
[6.731s] running build_py
[6.732s] copying leg_controller/servo_move.py -> /home/pi/hexapod/build/leg_controller/build/lib/leg_controller
[6.733s] running install
[6.735s] running install_lib
[6.738s] copying /home/pi/hexapod/build/leg_controller/build/lib/leg_controller/servo_move.py -> /home/pi/hexapod/install/leg_controller/lib/python3.10/site-packages/leg_controller
[6.742s] byte-compiling /home/pi/hexapod/install/leg_controller/lib/python3.10/site-packages/leg_controller/servo_move.py to servo_move.cpython-310.pyc
[6.746s] running install_data
[6.749s] running install_egg_info
[6.756s] removing '/home/pi/hexapod/install/leg_controller/lib/python3.10/site-packages/leg_controller-0.0.0-py3.10.egg-info' (and everything under it)
[6.758s] Copying ../../build/leg_controller/leg_controller.egg-info to /home/pi/hexapod/install/leg_controller/lib/python3.10/site-packages/leg_controller-0.0.0-py3.10.egg-info
[6.765s] running install_scripts
[6.859s] Installing legs_node script to /home/pi/hexapod/install/leg_controller/lib/leg_controller
[6.861s] writing list of installed files to '/home/pi/hexapod/build/leg_controller/install.log'
[6.987s] Invoked command in '/home/pi/hexapod/src/leg_controller' returned '0': PYTHONPATH=/home/pi/hexapod/build/leg_controller/prefix_override:/home/pi/hexapod/install/leg_controller/lib/python3.10/site-packages:${PYTHONPATH} /usr/bin/python3 setup.py egg_info --egg-base ../../build/leg_controller build --build-base /home/pi/hexapod/build/leg_controller/build install --record /home/pi/hexapod/build/leg_controller/install.log --single-version-externally-managed
