[0.067s] Invoking command in '/home/pi/hexapod/build/hexapod_interfaces': CMAKE_PREFIX_PATH=${CMAKE_PREFIX_PATH}:/home/pi/hexapod/install/leg_controller:/opt/ros/humble /usr/bin/cmake --build /home/pi/hexapod/build/hexapod_interfaces -- -j4 -l4
[0.311s] [  3%] Built target hexapod_interfaces__cpp
[0.328s] [ 12%] Built target hexapod_interfaces__rosidl_generator_c
[0.375s] [ 12%] Built target ament_cmake_python_copy_hexapod_interfaces
[0.433s] [ 22%] Built target hexapod_interfaces__rosidl_typesupport_fastrtps_cpp
[0.438s] [ 32%] Built target hexapod_interfaces__rosidl_typesupport_introspection_cpp
[0.462s] [ 41%] Built target hexapod_interfaces__rosidl_typesupport_cpp
[0.492s] [ 51%] Built target hexapod_interfaces__rosidl_typesupport_fastrtps_c
[0.540s] [ 61%] Built target hexapod_interfaces__rosidl_typesupport_introspection_c
[0.546s] [ 70%] Built target hexapod_interfaces__rosidl_typesupport_c
[0.637s] [ 70%] Built target hexapod_interfaces
[0.737s] [ 74%] Built target hexapod_interfaces__py
[0.841s] [ 80%] Built target hexapod_interfaces__rosidl_generator_py
[0.976s] [ 87%] Built target hexapod_interfaces__rosidl_typesupport_fastrtps_c__pyext
[0.982s] [ 93%] Built target hexapod_interfaces__rosidl_typesupport_introspection_c__pyext
[0.989s] [100%] Built target hexapod_interfaces__rosidl_typesupport_c__pyext
[1.814s] running egg_info
[1.817s] writing hexapod_interfaces.egg-info/PKG-INFO
[1.818s] writing dependency_links to hexapod_interfaces.egg-info/dependency_links.txt
[1.819s] writing top-level names to hexapod_interfaces.egg-info/top_level.txt
[1.829s] reading manifest file 'hexapod_interfaces.egg-info/SOURCES.txt'
[1.832s] writing manifest file 'hexapod_interfaces.egg-info/SOURCES.txt'
[1.963s] [100%] Built target ament_cmake_python_build_hexapod_interfaces_egg
[2.011s] Invoked command in '/home/pi/hexapod/build/hexapod_interfaces' returned '0': CMAKE_PREFIX_PATH=${CMAKE_PREFIX_PATH}:/home/pi/hexapod/install/leg_controller:/opt/ros/humble /usr/bin/cmake --build /home/pi/hexapod/build/hexapod_interfaces -- -j4 -l4
[2.458s] Invoking command in '/home/pi/hexapod/build/hexapod_interfaces': CMAKE_PREFIX_PATH=${CMAKE_PREFIX_PATH}:/home/pi/hexapod/install/leg_controller:/opt/ros/humble /usr/bin/cmake --install /home/pi/hexapod/build/hexapod_interfaces
[2.491s] -- Install configuration: ""
[2.492s] -- Up-to-date: /home/pi/hexapod/install/hexapod_interfaces/share/ament_index/resource_index/rosidl_interfaces/hexapod_interfaces
[2.492s] -- Up-to-date: /home/pi/hexapod/install/hexapod_interfaces/include/hexapod_interfaces/hexapod_interfaces
[2.493s] -- Up-to-date: /home/pi/hexapod/install/hexapod_interfaces/include/hexapod_interfaces/hexapod_interfaces/msg
[2.493s] -- Up-to-date: /home/pi/hexapod/install/hexapod_interfaces/include/hexapod_interfaces/hexapod_interfaces/msg/target_angles.h
[2.494s] -- Up-to-date: /home/pi/hexapod/install/hexapod_interfaces/include/hexapod_interfaces/hexapod_interfaces/msg/rosidl_generator_c__visibility_control.h
[2.494s] -- Up-to-date: /home/pi/hexapod/install/hexapod_interfaces/include/hexapod_interfaces/hexapod_interfaces/msg/detail
[2.495s] -- Up-to-date: /home/pi/hexapod/install/hexapod_interfaces/include/hexapod_interfaces/hexapod_interfaces/msg/detail/target_angles__type_support.h
[2.495s] -- Up-to-date: /home/pi/hexapod/install/hexapod_interfaces/include/hexapod_interfaces/hexapod_interfaces/msg/detail/target_angles__functions.h
[2.496s] -- Up-to-date: /home/pi/hexapod/install/hexapod_interfaces/include/hexapod_interfaces/hexapod_interfaces/msg/detail/target_angles__functions.c
[2.496s] -- Up-to-date: /home/pi/hexapod/install/hexapod_interfaces/include/hexapod_interfaces/hexapod_interfaces/msg/detail/target_angles__struct.h
[2.496s] -- Up-to-date: /home/pi/hexapod/install/hexapod_interfaces/share/hexapod_interfaces/environment/library_path.sh
[2.497s] -- Up-to-date: /home/pi/hexapod/install/hexapod_interfaces/share/hexapod_interfaces/environment/library_path.dsv
[2.497s] -- Up-to-date: /home/pi/hexapod/install/hexapod_interfaces/lib/libhexapod_interfaces__rosidl_generator_c.so
[2.499s] -- Up-to-date: /home/pi/hexapod/install/hexapod_interfaces/include/hexapod_interfaces/hexapod_interfaces
[2.499s] -- Up-to-date: /home/pi/hexapod/install/hexapod_interfaces/include/hexapod_interfaces/hexapod_interfaces/msg
[2.500s] -- Up-to-date: /home/pi/hexapod/install/hexapod_interfaces/include/hexapod_interfaces/hexapod_interfaces/msg/rosidl_typesupport_fastrtps_c__visibility_control.h
[2.500s] -- Up-to-date: /home/pi/hexapod/install/hexapod_interfaces/include/hexapod_interfaces/hexapod_interfaces/msg/detail
[2.501s] -- Up-to-date: /home/pi/hexapod/install/hexapod_interfaces/include/hexapod_interfaces/hexapod_interfaces/msg/detail/target_angles__rosidl_typesupport_fastrtps_c.h
[2.502s] -- Up-to-date: /home/pi/hexapod/install/hexapod_interfaces/lib/libhexapod_interfaces__rosidl_typesupport_fastrtps_c.so
[2.503s] -- Up-to-date: /home/pi/hexapod/install/hexapod_interfaces/include/hexapod_interfaces/hexapod_interfaces
[2.504s] -- Up-to-date: /home/pi/hexapod/install/hexapod_interfaces/include/hexapod_interfaces/hexapod_interfaces/msg
[2.504s] -- Up-to-date: /home/pi/hexapod/install/hexapod_interfaces/include/hexapod_interfaces/hexapod_interfaces/msg/detail
[2.505s] -- Up-to-date: /home/pi/hexapod/install/hexapod_interfaces/include/hexapod_interfaces/hexapod_interfaces/msg/detail/target_angles__type_support.c
[2.505s] -- Up-to-date: /home/pi/hexapod/install/hexapod_interfaces/include/hexapod_interfaces/hexapod_interfaces/msg/detail/target_angles__rosidl_typesupport_introspection_c.h
[2.506s] -- Up-to-date: /home/pi/hexapod/install/hexapod_interfaces/include/hexapod_interfaces/hexapod_interfaces/msg/rosidl_typesupport_introspection_c__visibility_control.h
[2.507s] -- Up-to-date: /home/pi/hexapod/install/hexapod_interfaces/lib/libhexapod_interfaces__rosidl_typesupport_introspection_c.so
[2.510s] -- Up-to-date: /home/pi/hexapod/install/hexapod_interfaces/lib/libhexapod_interfaces__rosidl_typesupport_c.so
[2.511s] -- Up-to-date: /home/pi/hexapod/install/hexapod_interfaces/include/hexapod_interfaces/hexapod_interfaces
[2.512s] -- Up-to-date: /home/pi/hexapod/install/hexapod_interfaces/include/hexapod_interfaces/hexapod_interfaces/msg
[2.513s] -- Up-to-date: /home/pi/hexapod/install/hexapod_interfaces/include/hexapod_interfaces/hexapod_interfaces/msg/detail
[2.514s] -- Up-to-date: /home/pi/hexapod/install/hexapod_interfaces/include/hexapod_interfaces/hexapod_interfaces/msg/detail/target_angles__traits.hpp
[2.515s] -- Up-to-date: /home/pi/hexapod/install/hexapod_interfaces/include/hexapod_interfaces/hexapod_interfaces/msg/detail/target_angles__struct.hpp
[2.515s] -- Up-to-date: /home/pi/hexapod/install/hexapod_interfaces/include/hexapod_interfaces/hexapod_interfaces/msg/detail/target_angles__builder.hpp
[2.516s] -- Up-to-date: /home/pi/hexapod/install/hexapod_interfaces/include/hexapod_interfaces/hexapod_interfaces/msg/target_angles.hpp
[2.516s] -- Up-to-date: /home/pi/hexapod/install/hexapod_interfaces/include/hexapod_interfaces/hexapod_interfaces
[2.517s] -- Up-to-date: /home/pi/hexapod/install/hexapod_interfaces/include/hexapod_interfaces/hexapod_interfaces/msg
[2.518s] -- Up-to-date: /home/pi/hexapod/install/hexapod_interfaces/include/hexapod_interfaces/hexapod_interfaces/msg/rosidl_typesupport_fastrtps_cpp__visibility_control.h
[2.518s] -- Up-to-date: /home/pi/hexapod/install/hexapod_interfaces/include/hexapod_interfaces/hexapod_interfaces/msg/detail
[2.519s] -- Up-to-date: /home/pi/hexapod/install/hexapod_interfaces/include/hexapod_interfaces/hexapod_interfaces/msg/detail/target_angles__rosidl_typesupport_fastrtps_cpp.hpp
[2.519s] -- Up-to-date: /home/pi/hexapod/install/hexapod_interfaces/include/hexapod_interfaces/hexapod_interfaces/msg/detail/dds_fastrtps
[2.520s] -- Up-to-date: /home/pi/hexapod/install/hexapod_interfaces/lib/libhexapod_interfaces__rosidl_typesupport_fastrtps_cpp.so
[2.520s] -- Up-to-date: /home/pi/hexapod/install/hexapod_interfaces/include/hexapod_interfaces/hexapod_interfaces
[2.521s] -- Up-to-date: /home/pi/hexapod/install/hexapod_interfaces/include/hexapod_interfaces/hexapod_interfaces/msg
[2.522s] -- Up-to-date: /home/pi/hexapod/install/hexapod_interfaces/include/hexapod_interfaces/hexapod_interfaces/msg/detail
[2.522s] -- Up-to-date: /home/pi/hexapod/install/hexapod_interfaces/include/hexapod_interfaces/hexapod_interfaces/msg/detail/target_angles__rosidl_typesupport_introspection_cpp.hpp
[2.523s] -- Up-to-date: /home/pi/hexapod/install/hexapod_interfaces/include/hexapod_interfaces/hexapod_interfaces/msg/detail/target_angles__type_support.cpp
[2.523s] -- Up-to-date: /home/pi/hexapod/install/hexapod_interfaces/lib/libhexapod_interfaces__rosidl_typesupport_introspection_cpp.so
[2.525s] -- Up-to-date: /home/pi/hexapod/install/hexapod_interfaces/lib/libhexapod_interfaces__rosidl_typesupport_cpp.so
[2.527s] -- Up-to-date: /home/pi/hexapod/install/hexapod_interfaces/share/hexapod_interfaces/environment/pythonpath.sh
[2.528s] -- Up-to-date: /home/pi/hexapod/install/hexapod_interfaces/share/hexapod_interfaces/environment/pythonpath.dsv
[2.528s] -- Up-to-date: /home/pi/hexapod/install/hexapod_interfaces/local/lib/python3.10/dist-packages/hexapod_interfaces-0.0.0-py3.10.egg-info
[2.529s] -- Installing: /home/pi/hexapod/install/hexapod_interfaces/local/lib/python3.10/dist-packages/hexapod_interfaces-0.0.0-py3.10.egg-info/top_level.txt
[2.530s] -- Installing: /home/pi/hexapod/install/hexapod_interfaces/local/lib/python3.10/dist-packages/hexapod_interfaces-0.0.0-py3.10.egg-info/dependency_links.txt
[2.533s] -- Installing: /home/pi/hexapod/install/hexapod_interfaces/local/lib/python3.10/dist-packages/hexapod_interfaces-0.0.0-py3.10.egg-info/PKG-INFO
[2.534s] -- Installing: /home/pi/hexapod/install/hexapod_interfaces/local/lib/python3.10/dist-packages/hexapod_interfaces-0.0.0-py3.10.egg-info/SOURCES.txt
[2.535s] -- Up-to-date: /home/pi/hexapod/install/hexapod_interfaces/local/lib/python3.10/dist-packages/hexapod_interfaces
[2.536s] -- Up-to-date: /home/pi/hexapod/install/hexapod_interfaces/local/lib/python3.10/dist-packages/hexapod_interfaces/_hexapod_interfaces_s.ep.rosidl_typesupport_fastrtps_c.c
[2.536s] -- Up-to-date: /home/pi/hexapod/install/hexapod_interfaces/local/lib/python3.10/dist-packages/hexapod_interfaces/libhexapod_interfaces__rosidl_generator_py.so
[2.537s] -- Up-to-date: /home/pi/hexapod/install/hexapod_interfaces/local/lib/python3.10/dist-packages/hexapod_interfaces/msg
[2.537s] -- Up-to-date: /home/pi/hexapod/install/hexapod_interfaces/local/lib/python3.10/dist-packages/hexapod_interfaces/msg/_target_angles_s.c
[2.538s] -- Up-to-date: /home/pi/hexapod/install/hexapod_interfaces/local/lib/python3.10/dist-packages/hexapod_interfaces/msg/_target_angles.py
[2.538s] -- Up-to-date: /home/pi/hexapod/install/hexapod_interfaces/local/lib/python3.10/dist-packages/hexapod_interfaces/msg/__init__.py
[2.539s] -- Up-to-date: /home/pi/hexapod/install/hexapod_interfaces/local/lib/python3.10/dist-packages/hexapod_interfaces/hexapod_interfaces_s__rosidl_typesupport_c.cpython-310-aarch64-linux-gnu.so
[2.539s] -- Up-to-date: /home/pi/hexapod/install/hexapod_interfaces/local/lib/python3.10/dist-packages/hexapod_interfaces/_hexapod_interfaces_s.ep.rosidl_typesupport_c.c
[2.540s] -- Up-to-date: /home/pi/hexapod/install/hexapod_interfaces/local/lib/python3.10/dist-packages/hexapod_interfaces/hexapod_interfaces_s__rosidl_typesupport_fastrtps_c.cpython-310-aarch64-linux-gnu.so
[2.540s] -- Up-to-date: /home/pi/hexapod/install/hexapod_interfaces/local/lib/python3.10/dist-packages/hexapod_interfaces/hexapod_interfaces_s__rosidl_typesupport_introspection_c.cpython-310-aarch64-linux-gnu.so
[2.540s] -- Up-to-date: /home/pi/hexapod/install/hexapod_interfaces/local/lib/python3.10/dist-packages/hexapod_interfaces/__init__.py
[2.541s] -- Up-to-date: /home/pi/hexapod/install/hexapod_interfaces/local/lib/python3.10/dist-packages/hexapod_interfaces/_hexapod_interfaces_s.ep.rosidl_typesupport_introspection_c.c
[2.699s] Listing '/home/pi/hexapod/install/hexapod_interfaces/local/lib/python3.10/dist-packages/hexapod_interfaces'...
[2.700s] Listing '/home/pi/hexapod/install/hexapod_interfaces/local/lib/python3.10/dist-packages/hexapod_interfaces/msg'...
[2.723s] -- Up-to-date: /home/pi/hexapod/install/hexapod_interfaces/local/lib/python3.10/dist-packages/hexapod_interfaces/hexapod_interfaces_s__rosidl_typesupport_fastrtps_c.cpython-310-aarch64-linux-gnu.so
[2.726s] -- Up-to-date: /home/pi/hexapod/install/hexapod_interfaces/local/lib/python3.10/dist-packages/hexapod_interfaces/hexapod_interfaces_s__rosidl_typesupport_introspection_c.cpython-310-aarch64-linux-gnu.so
[2.728s] -- Up-to-date: /home/pi/hexapod/install/hexapod_interfaces/local/lib/python3.10/dist-packages/hexapod_interfaces/hexapod_interfaces_s__rosidl_typesupport_c.cpython-310-aarch64-linux-gnu.so
[2.731s] -- Up-to-date: /home/pi/hexapod/install/hexapod_interfaces/lib/libhexapod_interfaces__rosidl_generator_py.so
[2.732s] -- Up-to-date: /home/pi/hexapod/install/hexapod_interfaces/share/hexapod_interfaces/msg/TargetAngles.idl
[2.733s] -- Up-to-date: /home/pi/hexapod/install/hexapod_interfaces/share/hexapod_interfaces/msg/TargetAngles.msg
[2.733s] -- Up-to-date: /home/pi/hexapod/install/hexapod_interfaces/share/ament_index/resource_index/package_run_dependencies/hexapod_interfaces
[2.734s] -- Up-to-date: /home/pi/hexapod/install/hexapod_interfaces/share/ament_index/resource_index/parent_prefix_path/hexapod_interfaces
[2.734s] -- Up-to-date: /home/pi/hexapod/install/hexapod_interfaces/share/hexapod_interfaces/environment/ament_prefix_path.sh
[2.735s] -- Up-to-date: /home/pi/hexapod/install/hexapod_interfaces/share/hexapod_interfaces/environment/ament_prefix_path.dsv
[2.736s] -- Up-to-date: /home/pi/hexapod/install/hexapod_interfaces/share/hexapod_interfaces/environment/path.sh
[2.737s] -- Up-to-date: /home/pi/hexapod/install/hexapod_interfaces/share/hexapod_interfaces/environment/path.dsv
[2.738s] -- Up-to-date: /home/pi/hexapod/install/hexapod_interfaces/share/hexapod_interfaces/local_setup.bash
[2.738s] -- Up-to-date: /home/pi/hexapod/install/hexapod_interfaces/share/hexapod_interfaces/local_setup.sh
[2.739s] -- Up-to-date: /home/pi/hexapod/install/hexapod_interfaces/share/hexapod_interfaces/local_setup.zsh
[2.740s] -- Up-to-date: /home/pi/hexapod/install/hexapod_interfaces/share/hexapod_interfaces/local_setup.dsv
[2.740s] -- Installing: /home/pi/hexapod/install/hexapod_interfaces/share/hexapod_interfaces/package.dsv
[2.741s] -- Up-to-date: /home/pi/hexapod/install/hexapod_interfaces/share/ament_index/resource_index/packages/hexapod_interfaces
[2.741s] -- Up-to-date: /home/pi/hexapod/install/hexapod_interfaces/share/hexapod_interfaces/cmake/export_hexapod_interfaces__rosidl_generator_cExport.cmake
[2.742s] -- Up-to-date: /home/pi/hexapod/install/hexapod_interfaces/share/hexapod_interfaces/cmake/export_hexapod_interfaces__rosidl_generator_cExport-noconfig.cmake
[2.742s] -- Up-to-date: /home/pi/hexapod/install/hexapod_interfaces/share/hexapod_interfaces/cmake/export_hexapod_interfaces__rosidl_typesupport_fastrtps_cExport.cmake
[2.743s] -- Up-to-date: /home/pi/hexapod/install/hexapod_interfaces/share/hexapod_interfaces/cmake/export_hexapod_interfaces__rosidl_typesupport_fastrtps_cExport-noconfig.cmake
[2.744s] -- Up-to-date: /home/pi/hexapod/install/hexapod_interfaces/share/hexapod_interfaces/cmake/hexapod_interfaces__rosidl_typesupport_introspection_cExport.cmake
[2.746s] -- Up-to-date: /home/pi/hexapod/install/hexapod_interfaces/share/hexapod_interfaces/cmake/hexapod_interfaces__rosidl_typesupport_introspection_cExport-noconfig.cmake
[2.747s] -- Up-to-date: /home/pi/hexapod/install/hexapod_interfaces/share/hexapod_interfaces/cmake/hexapod_interfaces__rosidl_typesupport_cExport.cmake
[2.748s] -- Up-to-date: /home/pi/hexapod/install/hexapod_interfaces/share/hexapod_interfaces/cmake/hexapod_interfaces__rosidl_typesupport_cExport-noconfig.cmake
[2.749s] -- Up-to-date: /home/pi/hexapod/install/hexapod_interfaces/share/hexapod_interfaces/cmake/export_hexapod_interfaces__rosidl_generator_cppExport.cmake
[2.749s] -- Up-to-date: /home/pi/hexapod/install/hexapod_interfaces/share/hexapod_interfaces/cmake/export_hexapod_interfaces__rosidl_typesupport_fastrtps_cppExport.cmake
[2.750s] -- Up-to-date: /home/pi/hexapod/install/hexapod_interfaces/share/hexapod_interfaces/cmake/export_hexapod_interfaces__rosidl_typesupport_fastrtps_cppExport-noconfig.cmake
[2.751s] -- Up-to-date: /home/pi/hexapod/install/hexapod_interfaces/share/hexapod_interfaces/cmake/hexapod_interfaces__rosidl_typesupport_introspection_cppExport.cmake
[2.751s] -- Up-to-date: /home/pi/hexapod/install/hexapod_interfaces/share/hexapod_interfaces/cmake/hexapod_interfaces__rosidl_typesupport_introspection_cppExport-noconfig.cmake
[2.752s] -- Up-to-date: /home/pi/hexapod/install/hexapod_interfaces/share/hexapod_interfaces/cmake/hexapod_interfaces__rosidl_typesupport_cppExport.cmake
[2.752s] -- Up-to-date: /home/pi/hexapod/install/hexapod_interfaces/share/hexapod_interfaces/cmake/hexapod_interfaces__rosidl_typesupport_cppExport-noconfig.cmake
[2.753s] -- Up-to-date: /home/pi/hexapod/install/hexapod_interfaces/share/hexapod_interfaces/cmake/export_hexapod_interfaces__rosidl_generator_pyExport.cmake
[2.754s] -- Up-to-date: /home/pi/hexapod/install/hexapod_interfaces/share/hexapod_interfaces/cmake/export_hexapod_interfaces__rosidl_generator_pyExport-noconfig.cmake
[2.754s] -- Up-to-date: /home/pi/hexapod/install/hexapod_interfaces/share/hexapod_interfaces/cmake/rosidl_cmake-extras.cmake
[2.755s] -- Up-to-date: /home/pi/hexapod/install/hexapod_interfaces/share/hexapod_interfaces/cmake/ament_cmake_export_include_directories-extras.cmake
[2.755s] -- Up-to-date: /home/pi/hexapod/install/hexapod_interfaces/share/hexapod_interfaces/cmake/ament_cmake_export_libraries-extras.cmake
[2.756s] -- Up-to-date: /home/pi/hexapod/install/hexapod_interfaces/share/hexapod_interfaces/cmake/ament_cmake_export_targets-extras.cmake
[2.757s] -- Up-to-date: /home/pi/hexapod/install/hexapod_interfaces/share/hexapod_interfaces/cmake/rosidl_cmake_export_typesupport_targets-extras.cmake
[2.757s] -- Up-to-date: /home/pi/hexapod/install/hexapod_interfaces/share/hexapod_interfaces/cmake/ament_cmake_export_dependencies-extras.cmake
[2.758s] -- Up-to-date: /home/pi/hexapod/install/hexapod_interfaces/share/hexapod_interfaces/cmake/rosidl_cmake_export_typesupport_libraries-extras.cmake
[2.758s] -- Up-to-date: /home/pi/hexapod/install/hexapod_interfaces/share/hexapod_interfaces/cmake/hexapod_interfacesConfig.cmake
[2.759s] -- Up-to-date: /home/pi/hexapod/install/hexapod_interfaces/share/hexapod_interfaces/cmake/hexapod_interfacesConfig-version.cmake
[2.759s] -- Up-to-date: /home/pi/hexapod/install/hexapod_interfaces/share/hexapod_interfaces/package.xml
[2.767s] Invoked command in '/home/pi/hexapod/build/hexapod_interfaces' returned '0': CMAKE_PREFIX_PATH=${CMAKE_PREFIX_PATH}:/home/pi/hexapod/install/leg_controller:/opt/ros/humble /usr/bin/cmake --install /home/pi/hexapod/build/hexapod_interfaces
