[0.064s] Invoking command in '/home/pi/hexapod/src/build/hexapod_interfaces': CMAKE_PREFIX_PATH=/home/pi/hexapod/install/leg_controller:/opt/ros/humble /usr/bin/cmake /home/pi/hexapod/src/hexapod_interfaces -DCMAKE_INSTALL_PREFIX=/home/pi/hexapod/src/install/hexapod_interfaces
[0.126s] -- Found ament_cmake: 1.3.3 (/opt/ros/humble/share/ament_cmake/cmake)
[0.859s] -- Found rosidl_default_generators: 1.2.0 (/opt/ros/humble/share/rosidl_default_generators/cmake)
[0.867s] -- Using all available rosidl_typesupport_c: rosidl_typesupport_fastrtps_c;rosidl_typesupport_introspection_c
[0.880s] -- Found rosidl_adapter: 3.1.4 (/opt/ros/humble/share/rosidl_adapter/cmake)
[1.048s] -- Using all available rosidl_typesupport_cpp: rosidl_typesupport_fastrtps_cpp;rosidl_typesupport_introspection_cpp
[2.004s] [31mCMake Error at /opt/ros/humble/share/rosidl_adapter/cmake/rosidl_adapt_interfaces.cmake:59 (message):
[2.005s]   execute_process(/usr/bin/python3.10 -m rosidl_adapter --package-name
[2.005s]   hexapod_interfaces --arguments-file
[2.006s]   /home/pi/hexapod/src/build/hexapod_interfaces/rosidl_adapter__arguments__hexapod_interfaces.json
[2.006s]   --output-dir
[2.007s]   /home/pi/hexapod/src/build/hexapod_interfaces/rosidl_adapter/hexapod_interfaces
[2.007s]   --output-file
[2.007s]   /home/pi/hexapod/src/build/hexapod_interfaces/rosidl_adapter/hexapod_interfaces.idls)
[2.008s]   returned error code 1:
[2.008s] 
[2.009s]   Error processing 'float[7] shoulderAngle' of
[2.010s]   'hexapod_interfaces/TargetAngles': ''float' is an invalid message name.  It
[2.011s]   should have the pattern '^[A-Z][A-Za-z0-9]*$''
[2.011s] 
[2.012s]   Traceback (most recent call last):
[2.012s] 
[2.013s]     File "/usr/lib/python3.10/runpy.py", line 196, in _run_module_as_main
[2.014s]       return _run_code(code, main_globals, None,
[2.015s]     File "/usr/lib/python3.10/runpy.py", line 86, in _run_code
[2.016s]       exec(code, run_globals)
[2.017s]     File "/opt/ros/humble/local/lib/python3.10/dist-packages/rosidl_adapter/__main__.py", line 19, in <module>
[2.018s]       sys.exit(main())
[2.020s]     File "/opt/ros/humble/local/lib/python3.10/dist-packages/rosidl_adapter/main.py", line 53, in main
[2.021s]       abs_idl_file = convert_to_idl(
[2.022s]     File "/opt/ros/humble/local/lib/python3.10/dist-packages/rosidl_adapter/__init__.py", line 19, in convert_to_idl
[2.022s]       return convert_msg_to_idl(
[2.023s]     File "/opt/ros/humble/local/lib/python3.10/dist-packages/rosidl_adapter/msg/__init__.py", line 28, in convert_msg_to_idl
[2.023s]       msg = parse_message_string(package_name, input_file.stem, content)
[2.024s]     File "/opt/ros/humble/local/lib/python3.10/dist-packages/rosidl_adapter/parser.py", line 520, in parse_message_string
[2.024s]       Type(type_string, context_package_name=pkg_name),
[2.025s]     File "/opt/ros/humble/local/lib/python3.10/dist-packages/rosidl_adapter/parser.py", line 277, in __init__
[2.025s]       super(Type, self).__init__(
[2.026s]     File "/opt/ros/humble/local/lib/python3.10/dist-packages/rosidl_adapter/parser.py", line 205, in __init__
[2.027s]       raise InvalidResourceName(
[2.028s] 
[2.029s]   rosidl_adapter.parser.InvalidResourceName: 'float' is an invalid message
[2.030s]   name.  It should have the pattern '^[A-Z][A-Za-z0-9]*$'
[2.031s] 
[2.032s] Call Stack (most recent call first):
[2.035s]   /opt/ros/humble/share/rosidl_cmake/cmake/rosidl_generate_interfaces.cmake:130 (rosidl_adapt_interfaces)
[2.035s]   CMakeLists.txt:27 (rosidl_generate_interfaces)
[2.036s] 
[2.037s] [0m
[2.037s] -- Configuring incomplete, errors occurred!
[2.038s] See also "/home/pi/hexapod/src/build/hexapod_interfaces/CMakeFiles/CMakeOutput.log".
[2.038s] Invoked command in '/home/pi/hexapod/src/build/hexapod_interfaces' returned '1': CMAKE_PREFIX_PATH=/home/pi/hexapod/install/leg_controller:/opt/ros/humble /usr/bin/cmake /home/pi/hexapod/src/hexapod_interfaces -DCMAKE_INSTALL_PREFIX=/home/pi/hexapod/src/install/hexapod_interfaces
