[3.297s] Invoking command in '/home/pi/hexapod/build/leg_controller': PYTHONPATH=/home/pi/hexapod/build/leg_controller/prefix_override:/home/pi/hexapod/install/leg_controller/lib/python3.10/site-packages:${PYTHONPATH} /usr/bin/python3 setup.py develop --uninstall --editable --build-directory /home/pi/hexapod/build/leg_controller/build
[4.582s] running develop
[5.474s] Invoked command in '/home/pi/hexapod/build/leg_controller' returned '0': PYTHONPATH=/home/pi/hexapod/build/leg_controller/prefix_override:/home/pi/hexapod/install/leg_controller/lib/python3.10/site-packages:${PYTHONPATH} /usr/bin/python3 setup.py develop --uninstall --editable --build-directory /home/pi/hexapod/build/leg_controller/build
[5.483s] Invoking command in '/home/pi/hexapod/src/leg_controller': PYTHONPATH=/home/pi/hexapod/build/leg_controller/prefix_override:/home/pi/hexapod/install/leg_controller/lib/python3.10/site-packages:${PYTHONPATH} /usr/bin/python3 setup.py egg_info --egg-base ../../build/leg_controller build --build-base /home/pi/hexapod/build/leg_controller/build install --record /home/pi/hexapod/build/leg_controller/install.log --single-version-externally-managed
[6.681s] running egg_info
[6.683s] writing ../../build/leg_controller/leg_controller.egg-info/PKG-INFO
[6.684s] writing dependency_links to ../../build/leg_controller/leg_controller.egg-info/dependency_links.txt
[6.685s] writing entry points to ../../build/leg_controller/leg_controller.egg-info/entry_points.txt
[6.686s] writing requirements to ../../build/leg_controller/leg_controller.egg-info/requires.txt
[6.687s] writing top-level names to ../../build/leg_controller/leg_controller.egg-info/top_level.txt
[6.696s] reading manifest file '../../build/leg_controller/leg_controller.egg-info/SOURCES.txt'
[6.701s] writing manifest file '../../build/leg_controller/leg_controller.egg-info/SOURCES.txt'
[6.701s] running build
[6.702s] running build_py
[6.703s] copying leg_controller/servo_move.py -> /home/pi/hexapod/build/leg_controller/build/lib/leg_controller
[6.703s] copying leg_controller/motorControlDemo.py -> /home/pi/hexapod/build/leg_controller/build/lib/leg_controller
[6.705s] running install
[6.706s] running install_lib
[6.710s] copying /home/pi/hexapod/build/leg_controller/build/lib/leg_controller/servo_move.py -> /home/pi/hexapod/install/leg_controller/lib/python3.10/site-packages/leg_controller
[6.711s] copying /home/pi/hexapod/build/leg_controller/build/lib/leg_controller/motorControlDemo.py -> /home/pi/hexapod/install/leg_controller/lib/python3.10/site-packages/leg_controller
[6.714s] byte-compiling /home/pi/hexapod/install/leg_controller/lib/python3.10/site-packages/leg_controller/servo_move.py to servo_move.cpython-310.pyc
[6.717s] byte-compiling /home/pi/hexapod/install/leg_controller/lib/python3.10/site-packages/leg_controller/motorControlDemo.py to motorControlDemo.cpython-310.pyc
[6.720s] running install_data
[6.722s] running install_egg_info
[6.729s] removing '/home/pi/hexapod/install/leg_controller/lib/python3.10/site-packages/leg_controller-0.0.0-py3.10.egg-info' (and everything under it)
[6.731s] Copying ../../build/leg_controller/leg_controller.egg-info to /home/pi/hexapod/install/leg_controller/lib/python3.10/site-packages/leg_controller-0.0.0-py3.10.egg-info
[6.738s] running install_scripts
[6.822s] Installing legs_node script to /home/pi/hexapod/install/leg_controller/lib/leg_controller
[6.824s] writing list of installed files to '/home/pi/hexapod/build/leg_controller/install.log'
[6.952s] Invoked command in '/home/pi/hexapod/src/leg_controller' returned '0': PYTHONPATH=/home/pi/hexapod/build/leg_controller/prefix_override:/home/pi/hexapod/install/leg_controller/lib/python3.10/site-packages:${PYTHONPATH} /usr/bin/python3 setup.py egg_info --egg-base ../../build/leg_controller build --build-base /home/pi/hexapod/build/leg_controller/build install --record /home/pi/hexapod/build/leg_controller/install.log --single-version-externally-managed
