[0.093s] Invoking command in '/home/pi/hexapod/build/hexapod_interfaces': CMAKE_PREFIX_PATH=${CMAKE_PREFIX_PATH}:/home/pi/hexapod/install/leg_controller:/opt/ros/humble /usr/bin/cmake /home/pi/hexapod/src/hexapod_interfaces -DCMAKE_INSTALL_PREFIX=/home/pi/hexapod/install/hexapod_interfaces
[1.142s] -- The C compiler identification is GNU 11.3.0
[1.869s] -- The CXX compiler identification is GNU 11.3.0
[1.925s] -- Detecting C compiler ABI info
[2.417s] -- Detecting C compiler ABI info - done
[2.463s] -- Check for working C compiler: /usr/bin/cc - skipped
[2.465s] -- Detecting C compile features
[2.470s] -- Detecting C compile features - done
[2.499s] -- Detecting CXX compiler ABI info
[2.922s] -- Detecting CXX compiler ABI info - done
[2.955s] -- Check for working CXX compiler: /usr/bin/c++ - skipped
[2.956s] -- Detecting CXX compile features
[2.958s] -- Detecting CXX compile features - done
[2.983s] -- Found ament_cmake: 1.3.3 (/opt/ros/humble/share/ament_cmake/cmake)
[3.935s] -- Found Python3: /usr/bin/python3.10 (found version "3.10.6") found components: Interpreter 
[4.538s] -- Found rosidl_default_generators: 1.2.0 (/opt/ros/humble/share/rosidl_default_generators/cmake)
[4.566s] -- Using all available rosidl_typesupport_c: rosidl_typesupport_fastrtps_c;rosidl_typesupport_introspection_c
[4.630s] -- Found rosidl_adapter: 3.1.4 (/opt/ros/humble/share/rosidl_adapter/cmake)
[4.960s] -- Using all available rosidl_typesupport_cpp: rosidl_typesupport_fastrtps_cpp;rosidl_typesupport_introspection_cpp
[6.500s] -- Found ament_cmake_ros: 0.10.0 (/opt/ros/humble/share/ament_cmake_ros/cmake)
[7.458s] -- Using all available rosidl_typesupport_c: rosidl_typesupport_fastrtps_c;rosidl_typesupport_introspection_c
[8.657s] -- Using all available rosidl_typesupport_cpp: rosidl_typesupport_fastrtps_cpp;rosidl_typesupport_introspection_cpp
[8.779s] -- Found PythonInterp: /usr/bin/python3 (found suitable version "3.10.6", minimum required is "3.6") 
[8.795s] -- Found python_cmake_module: 0.10.0 (/opt/ros/humble/share/python_cmake_module/cmake)
[8.927s] -- Found PythonLibs: /usr/lib/aarch64-linux-gnu/libpython3.10.so (found suitable version "3.10.6", minimum required is "3.5") 
[8.928s] -- Using PYTHON_EXECUTABLE: /usr/bin/python3
[8.928s] -- Using PYTHON_INCLUDE_DIRS: /usr/include/python3.10
[8.929s] -- Using PYTHON_LIBRARIES: /usr/lib/aarch64-linux-gnu/libpython3.10.so
[9.037s] -- Found PythonExtra: .so  
[9.263s] -- Configuring done
[9.453s] -- Generating done
[9.468s] -- Build files have been written to: /home/pi/hexapod/build/hexapod_interfaces
[9.488s] Invoked command in '/home/pi/hexapod/build/hexapod_interfaces' returned '0': CMAKE_PREFIX_PATH=${CMAKE_PREFIX_PATH}:/home/pi/hexapod/install/leg_controller:/opt/ros/humble /usr/bin/cmake /home/pi/hexapod/src/hexapod_interfaces -DCMAKE_INSTALL_PREFIX=/home/pi/hexapod/install/hexapod_interfaces
[9.497s] Invoking command in '/home/pi/hexapod/build/hexapod_interfaces': CMAKE_PREFIX_PATH=${CMAKE_PREFIX_PATH}:/home/pi/hexapod/install/leg_controller:/opt/ros/humble /usr/bin/cmake --build /home/pi/hexapod/build/hexapod_interfaces -- -j4 -l4
[9.682s] [  2%] [34m[1mGenerating C code for ROS interfaces[0m
[9.734s] [  5%] [34m[1mGenerating C++ code for ROS interfaces[0m
[9.794s] [  5%] Built target ament_cmake_python_copy_hexapod_interfaces
[11.594s] running egg_info
[11.599s] creating hexapod_interfaces.egg-info
[11.601s] writing hexapod_interfaces.egg-info/PKG-INFO
[11.602s] writing dependency_links to hexapod_interfaces.egg-info/dependency_links.txt
[11.605s] writing top-level names to hexapod_interfaces.egg-info/top_level.txt
[11.607s] writing manifest file 'hexapod_interfaces.egg-info/SOURCES.txt'
[11.642s] reading manifest file 'hexapod_interfaces.egg-info/SOURCES.txt'
[11.649s] writing manifest file 'hexapod_interfaces.egg-info/SOURCES.txt'
[11.853s] [  5%] Built target ament_cmake_python_build_hexapod_interfaces_egg
[12.019s] [  5%] Built target hexapod_interfaces__cpp
[12.080s] [  7%] [34m[1mGenerating C++ type support for eProsima Fast-RTPS[0m
[12.146s] [ 10%] [34m[1mGenerating C++ introspection for ROS interfaces[0m
[12.196s] [ 12%] [34m[1mGenerating C++ type support dispatch for ROS interfaces[0m
[12.322s] [ 15%] [32mBuilding C object CMakeFiles/hexapod_interfaces__rosidl_generator_c.dir/rosidl_generator_c/hexapod_interfaces/msg/detail/target_angles__functions.c.o[0m
[12.865s] [ 17%] [32mBuilding C object CMakeFiles/hexapod_interfaces__rosidl_generator_c.dir/rosidl_generator_c/hexapod_interfaces/msg/detail/target_positions__functions.c.o[0m
[13.306s] [ 20%] [32m[1mLinking C shared library libhexapod_interfaces__rosidl_generator_c.so[0m
[13.678s] [ 20%] Built target hexapod_interfaces__rosidl_generator_c
[13.740s] [ 23%] [34m[1mGenerating C type support for eProsima Fast-RTPS[0m
[14.394s] [ 25%] [32mBuilding CXX object CMakeFiles/hexapod_interfaces__rosidl_typesupport_cpp.dir/rosidl_typesupport_cpp/hexapod_interfaces/msg/target_angles__type_support.cpp.o[0m
[14.851s] [ 28%] [32mBuilding CXX object CMakeFiles/hexapod_interfaces__rosidl_typesupport_fastrtps_cpp.dir/rosidl_typesupport_fastrtps_cpp/hexapod_interfaces/msg/detail/dds_fastrtps/target_angles__type_support.cpp.o[0m
[15.025s] [ 30%] [32mBuilding CXX object CMakeFiles/hexapod_interfaces__rosidl_typesupport_introspection_cpp.dir/rosidl_typesupport_introspection_cpp/hexapod_interfaces/msg/detail/target_angles__type_support.cpp.o[0m
[16.706s] [ 33%] [32mBuilding CXX object CMakeFiles/hexapod_interfaces__rosidl_typesupport_fastrtps_c.dir/rosidl_typesupport_fastrtps_c/hexapod_interfaces/msg/detail/target_angles__type_support_c.cpp.o[0m
[16.853s] [ 35%] [32mBuilding CXX object CMakeFiles/hexapod_interfaces__rosidl_typesupport_cpp.dir/rosidl_typesupport_cpp/hexapod_interfaces/msg/target_positions__type_support.cpp.o[0m
[18.268s] [ 38%] [32mBuilding CXX object CMakeFiles/hexapod_interfaces__rosidl_typesupport_fastrtps_cpp.dir/rosidl_typesupport_fastrtps_cpp/hexapod_interfaces/msg/detail/dds_fastrtps/target_positions__type_support.cpp.o[0m
[18.741s] [ 41%] [32mBuilding CXX object CMakeFiles/hexapod_interfaces__rosidl_typesupport_introspection_cpp.dir/rosidl_typesupport_introspection_cpp/hexapod_interfaces/msg/detail/target_positions__type_support.cpp.o[0m
[19.214s] [ 43%] [32m[1mLinking CXX shared library libhexapod_interfaces__rosidl_typesupport_cpp.so[0m
[19.630s] [ 43%] Built target hexapod_interfaces__rosidl_typesupport_cpp
[19.667s] [ 46%] [32mBuilding CXX object CMakeFiles/hexapod_interfaces__rosidl_typesupport_fastrtps_c.dir/rosidl_typesupport_fastrtps_c/hexapod_interfaces/msg/detail/target_positions__type_support_c.cpp.o[0m
[19.728s] [ 48%] [34m[1mGenerating C introspection for ROS interfaces[0m
[21.680s] [ 51%] [32m[1mLinking CXX shared library libhexapod_interfaces__rosidl_typesupport_fastrtps_cpp.so[0m
[22.275s] [ 53%] [32m[1mLinking CXX shared library libhexapod_interfaces__rosidl_typesupport_introspection_cpp.so[0m
[22.354s] [ 53%] Built target hexapod_interfaces__rosidl_typesupport_fastrtps_cpp
[22.499s] [ 56%] [34m[1mGenerating C type support dispatch for ROS interfaces[0m
[22.657s] [ 58%] [32mBuilding C object CMakeFiles/hexapod_interfaces__rosidl_typesupport_introspection_c.dir/rosidl_typesupport_introspection_c/hexapod_interfaces/msg/detail/target_angles__type_support.c.o[0m
[22.860s] [ 58%] Built target hexapod_interfaces__rosidl_typesupport_introspection_cpp
[22.929s] [ 61%] [32mBuilding C object CMakeFiles/hexapod_interfaces__rosidl_typesupport_introspection_c.dir/rosidl_typesupport_introspection_c/hexapod_interfaces/msg/detail/target_positions__type_support.c.o[0m
[23.043s] [ 64%] [32m[1mLinking CXX shared library libhexapod_interfaces__rosidl_typesupport_fastrtps_c.so[0m
[23.199s] [ 66%] [32m[1mLinking C shared library libhexapod_interfaces__rosidl_typesupport_introspection_c.so[0m
[23.472s] [ 66%] Built target hexapod_interfaces__rosidl_typesupport_introspection_c
[23.534s] [ 66%] Built target hexapod_interfaces__rosidl_typesupport_fastrtps_c
[24.287s] [ 69%] [32mBuilding CXX object CMakeFiles/hexapod_interfaces__rosidl_typesupport_c.dir/rosidl_typesupport_c/hexapod_interfaces/msg/target_angles__type_support.cpp.o[0m
[24.290s] [ 71%] [32mBuilding CXX object CMakeFiles/hexapod_interfaces__rosidl_typesupport_c.dir/rosidl_typesupport_c/hexapod_interfaces/msg/target_positions__type_support.cpp.o[0m
[24.453s] [ 74%] [32m[1mLinking CXX shared library libhexapod_interfaces__rosidl_typesupport_c.so[0m
[24.634s] [ 74%] Built target hexapod_interfaces__rosidl_typesupport_c
[24.727s] [ 74%] Built target hexapod_interfaces
[24.820s] [ 76%] [34m[1mGenerating Python code for ROS interfaces[0m
[27.021s] [ 76%] Built target hexapod_interfaces__py
[27.119s] [ 79%] [32mBuilding C object CMakeFiles/hexapod_interfaces__rosidl_generator_py.dir/rosidl_generator_py/hexapod_interfaces/msg/_target_angles_s.c.o[0m
[27.121s] [ 82%] [32mBuilding C object CMakeFiles/hexapod_interfaces__rosidl_generator_py.dir/rosidl_generator_py/hexapod_interfaces/msg/_target_positions_s.c.o[0m
[27.695s] [ 84%] [32m[1mLinking C shared library rosidl_generator_py/hexapod_interfaces/libhexapod_interfaces__rosidl_generator_py.so[0m
[27.886s] [ 84%] Built target hexapod_interfaces__rosidl_generator_py
[27.985s] [ 87%] [32mBuilding C object CMakeFiles/hexapod_interfaces__rosidl_typesupport_fastrtps_c__pyext.dir/rosidl_generator_py/hexapod_interfaces/_hexapod_interfaces_s.ep.rosidl_typesupport_fastrtps_c.c.o[0m
[27.987s] [ 89%] [32mBuilding C object CMakeFiles/hexapod_interfaces__rosidl_typesupport_introspection_c__pyext.dir/rosidl_generator_py/hexapod_interfaces/_hexapod_interfaces_s.ep.rosidl_typesupport_introspection_c.c.o[0m
[27.994s] [ 92%] [32mBuilding C object CMakeFiles/hexapod_interfaces__rosidl_typesupport_c__pyext.dir/rosidl_generator_py/hexapod_interfaces/_hexapod_interfaces_s.ep.rosidl_typesupport_c.c.o[0m
[28.533s] [ 94%] [32m[1mLinking C shared library rosidl_generator_py/hexapod_interfaces/hexapod_interfaces_s__rosidl_typesupport_c.cpython-310-aarch64-linux-gnu.so[0m
[28.548s] [ 97%] [32m[1mLinking C shared library rosidl_generator_py/hexapod_interfaces/hexapod_interfaces_s__rosidl_typesupport_introspection_c.cpython-310-aarch64-linux-gnu.so[0m
[28.597s] [100%] [32m[1mLinking C shared library rosidl_generator_py/hexapod_interfaces/hexapod_interfaces_s__rosidl_typesupport_fastrtps_c.cpython-310-aarch64-linux-gnu.so[0m
[28.748s] [100%] Built target hexapod_interfaces__rosidl_typesupport_c__pyext
[28.753s] [100%] Built target hexapod_interfaces__rosidl_typesupport_introspection_c__pyext
[28.811s] [100%] Built target hexapod_interfaces__rosidl_typesupport_fastrtps_c__pyext
[28.857s] Invoked command in '/home/pi/hexapod/build/hexapod_interfaces' returned '0': CMAKE_PREFIX_PATH=${CMAKE_PREFIX_PATH}:/home/pi/hexapod/install/leg_controller:/opt/ros/humble /usr/bin/cmake --build /home/pi/hexapod/build/hexapod_interfaces -- -j4 -l4
[29.480s] Invoking command in '/home/pi/hexapod/build/hexapod_interfaces': CMAKE_PREFIX_PATH=${CMAKE_PREFIX_PATH}:/home/pi/hexapod/install/leg_controller:/opt/ros/humble /usr/bin/cmake --install /home/pi/hexapod/build/hexapod_interfaces
[29.510s] -- Install configuration: ""
[29.511s] -- Installing: /home/pi/hexapod/install/hexapod_interfaces/share/ament_index/resource_index/rosidl_interfaces/hexapod_interfaces
[29.513s] -- Installing: /home/pi/hexapod/install/hexapod_interfaces/include/hexapod_interfaces/hexapod_interfaces
[29.513s] -- Installing: /home/pi/hexapod/install/hexapod_interfaces/include/hexapod_interfaces/hexapod_interfaces/msg
[29.514s] -- Installing: /home/pi/hexapod/install/hexapod_interfaces/include/hexapod_interfaces/hexapod_interfaces/msg/target_angles.h
[29.515s] -- Installing: /home/pi/hexapod/install/hexapod_interfaces/include/hexapod_interfaces/hexapod_interfaces/msg/rosidl_generator_c__visibility_control.h
[29.517s] -- Installing: /home/pi/hexapod/install/hexapod_interfaces/include/hexapod_interfaces/hexapod_interfaces/msg/detail
[29.517s] -- Installing: /home/pi/hexapod/install/hexapod_interfaces/include/hexapod_interfaces/hexapod_interfaces/msg/detail/target_angles__type_support.h
[29.519s] -- Installing: /home/pi/hexapod/install/hexapod_interfaces/include/hexapod_interfaces/hexapod_interfaces/msg/detail/target_angles__functions.h
[29.520s] -- Installing: /home/pi/hexapod/install/hexapod_interfaces/include/hexapod_interfaces/hexapod_interfaces/msg/detail/target_positions__type_support.h
[29.521s] -- Installing: /home/pi/hexapod/install/hexapod_interfaces/include/hexapod_interfaces/hexapod_interfaces/msg/detail/target_positions__struct.h
[29.523s] -- Installing: /home/pi/hexapod/install/hexapod_interfaces/include/hexapod_interfaces/hexapod_interfaces/msg/detail/target_angles__functions.c
[29.524s] -- Installing: /home/pi/hexapod/install/hexapod_interfaces/include/hexapod_interfaces/hexapod_interfaces/msg/detail/target_positions__functions.h
[29.525s] -- Installing: /home/pi/hexapod/install/hexapod_interfaces/include/hexapod_interfaces/hexapod_interfaces/msg/detail/target_angles__struct.h
[29.527s] -- Installing: /home/pi/hexapod/install/hexapod_interfaces/include/hexapod_interfaces/hexapod_interfaces/msg/detail/target_positions__functions.c
[29.528s] -- Installing: /home/pi/hexapod/install/hexapod_interfaces/include/hexapod_interfaces/hexapod_interfaces/msg/target_positions.h
[29.530s] -- Installing: /home/pi/hexapod/install/hexapod_interfaces/share/hexapod_interfaces/environment/library_path.sh
[29.531s] -- Installing: /home/pi/hexapod/install/hexapod_interfaces/share/hexapod_interfaces/environment/library_path.dsv
[29.533s] -- Installing: /home/pi/hexapod/install/hexapod_interfaces/lib/libhexapod_interfaces__rosidl_generator_c.so
[29.536s] -- Set runtime path of "/home/pi/hexapod/install/hexapod_interfaces/lib/libhexapod_interfaces__rosidl_generator_c.so" to ""
[29.536s] -- Up-to-date: /home/pi/hexapod/install/hexapod_interfaces/include/hexapod_interfaces/hexapod_interfaces
[29.537s] -- Up-to-date: /home/pi/hexapod/install/hexapod_interfaces/include/hexapod_interfaces/hexapod_interfaces/msg
[29.537s] -- Installing: /home/pi/hexapod/install/hexapod_interfaces/include/hexapod_interfaces/hexapod_interfaces/msg/rosidl_typesupport_fastrtps_c__visibility_control.h
[29.539s] -- Up-to-date: /home/pi/hexapod/install/hexapod_interfaces/include/hexapod_interfaces/hexapod_interfaces/msg/detail
[29.539s] -- Installing: /home/pi/hexapod/install/hexapod_interfaces/include/hexapod_interfaces/hexapod_interfaces/msg/detail/target_angles__rosidl_typesupport_fastrtps_c.h
[29.541s] -- Installing: /home/pi/hexapod/install/hexapod_interfaces/include/hexapod_interfaces/hexapod_interfaces/msg/detail/target_positions__rosidl_typesupport_fastrtps_c.h
[29.542s] -- Installing: /home/pi/hexapod/install/hexapod_interfaces/lib/libhexapod_interfaces__rosidl_typesupport_fastrtps_c.so
[29.546s] -- Set runtime path of "/home/pi/hexapod/install/hexapod_interfaces/lib/libhexapod_interfaces__rosidl_typesupport_fastrtps_c.so" to ""
[29.546s] -- Up-to-date: /home/pi/hexapod/install/hexapod_interfaces/include/hexapod_interfaces/hexapod_interfaces
[29.547s] -- Up-to-date: /home/pi/hexapod/install/hexapod_interfaces/include/hexapod_interfaces/hexapod_interfaces/msg
[29.547s] -- Up-to-date: /home/pi/hexapod/install/hexapod_interfaces/include/hexapod_interfaces/hexapod_interfaces/msg/detail
[29.548s] -- Installing: /home/pi/hexapod/install/hexapod_interfaces/include/hexapod_interfaces/hexapod_interfaces/msg/detail/target_angles__type_support.c
[29.549s] -- Installing: /home/pi/hexapod/install/hexapod_interfaces/include/hexapod_interfaces/hexapod_interfaces/msg/detail/target_angles__rosidl_typesupport_introspection_c.h
[29.550s] -- Installing: /home/pi/hexapod/install/hexapod_interfaces/include/hexapod_interfaces/hexapod_interfaces/msg/detail/target_positions__type_support.c
[29.552s] -- Installing: /home/pi/hexapod/install/hexapod_interfaces/include/hexapod_interfaces/hexapod_interfaces/msg/detail/target_positions__rosidl_typesupport_introspection_c.h
[29.553s] -- Installing: /home/pi/hexapod/install/hexapod_interfaces/include/hexapod_interfaces/hexapod_interfaces/msg/rosidl_typesupport_introspection_c__visibility_control.h
[29.555s] -- Installing: /home/pi/hexapod/install/hexapod_interfaces/lib/libhexapod_interfaces__rosidl_typesupport_introspection_c.so
[29.558s] -- Set runtime path of "/home/pi/hexapod/install/hexapod_interfaces/lib/libhexapod_interfaces__rosidl_typesupport_introspection_c.so" to ""
[29.559s] -- Installing: /home/pi/hexapod/install/hexapod_interfaces/lib/libhexapod_interfaces__rosidl_typesupport_c.so
[29.561s] -- Set runtime path of "/home/pi/hexapod/install/hexapod_interfaces/lib/libhexapod_interfaces__rosidl_typesupport_c.so" to ""
[29.562s] -- Up-to-date: /home/pi/hexapod/install/hexapod_interfaces/include/hexapod_interfaces/hexapod_interfaces
[29.562s] -- Up-to-date: /home/pi/hexapod/install/hexapod_interfaces/include/hexapod_interfaces/hexapod_interfaces/msg
[29.563s] -- Installing: /home/pi/hexapod/install/hexapod_interfaces/include/hexapod_interfaces/hexapod_interfaces/msg/target_positions.hpp
[29.564s] -- Up-to-date: /home/pi/hexapod/install/hexapod_interfaces/include/hexapod_interfaces/hexapod_interfaces/msg/detail
[29.564s] -- Installing: /home/pi/hexapod/install/hexapod_interfaces/include/hexapod_interfaces/hexapod_interfaces/msg/detail/target_angles__traits.hpp
[29.566s] -- Installing: /home/pi/hexapod/install/hexapod_interfaces/include/hexapod_interfaces/hexapod_interfaces/msg/detail/target_angles__struct.hpp
[29.567s] -- Installing: /home/pi/hexapod/install/hexapod_interfaces/include/hexapod_interfaces/hexapod_interfaces/msg/detail/target_positions__builder.hpp
[29.568s] -- Installing: /home/pi/hexapod/install/hexapod_interfaces/include/hexapod_interfaces/hexapod_interfaces/msg/detail/target_positions__traits.hpp
[29.570s] -- Installing: /home/pi/hexapod/install/hexapod_interfaces/include/hexapod_interfaces/hexapod_interfaces/msg/detail/target_angles__builder.hpp
[29.571s] -- Installing: /home/pi/hexapod/install/hexapod_interfaces/include/hexapod_interfaces/hexapod_interfaces/msg/detail/target_positions__struct.hpp
[29.572s] -- Installing: /home/pi/hexapod/install/hexapod_interfaces/include/hexapod_interfaces/hexapod_interfaces/msg/target_angles.hpp
[29.573s] -- Up-to-date: /home/pi/hexapod/install/hexapod_interfaces/include/hexapod_interfaces/hexapod_interfaces
[29.574s] -- Up-to-date: /home/pi/hexapod/install/hexapod_interfaces/include/hexapod_interfaces/hexapod_interfaces/msg
[29.574s] -- Installing: /home/pi/hexapod/install/hexapod_interfaces/include/hexapod_interfaces/hexapod_interfaces/msg/rosidl_typesupport_fastrtps_cpp__visibility_control.h
[29.576s] -- Up-to-date: /home/pi/hexapod/install/hexapod_interfaces/include/hexapod_interfaces/hexapod_interfaces/msg/detail
[29.576s] -- Installing: /home/pi/hexapod/install/hexapod_interfaces/include/hexapod_interfaces/hexapod_interfaces/msg/detail/target_angles__rosidl_typesupport_fastrtps_cpp.hpp
[29.578s] -- Installing: /home/pi/hexapod/install/hexapod_interfaces/include/hexapod_interfaces/hexapod_interfaces/msg/detail/dds_fastrtps
[29.579s] -- Installing: /home/pi/hexapod/install/hexapod_interfaces/include/hexapod_interfaces/hexapod_interfaces/msg/detail/target_positions__rosidl_typesupport_fastrtps_cpp.hpp
[29.581s] -- Installing: /home/pi/hexapod/install/hexapod_interfaces/lib/libhexapod_interfaces__rosidl_typesupport_fastrtps_cpp.so
[29.589s] -- Set runtime path of "/home/pi/hexapod/install/hexapod_interfaces/lib/libhexapod_interfaces__rosidl_typesupport_fastrtps_cpp.so" to ""
[29.589s] -- Up-to-date: /home/pi/hexapod/install/hexapod_interfaces/include/hexapod_interfaces/hexapod_interfaces
[29.590s] -- Up-to-date: /home/pi/hexapod/install/hexapod_interfaces/include/hexapod_interfaces/hexapod_interfaces/msg
[29.590s] -- Up-to-date: /home/pi/hexapod/install/hexapod_interfaces/include/hexapod_interfaces/hexapod_interfaces/msg/detail
[29.591s] -- Installing: /home/pi/hexapod/install/hexapod_interfaces/include/hexapod_interfaces/hexapod_interfaces/msg/detail/target_angles__rosidl_typesupport_introspection_cpp.hpp
[29.591s] -- Installing: /home/pi/hexapod/install/hexapod_interfaces/include/hexapod_interfaces/hexapod_interfaces/msg/detail/target_angles__type_support.cpp
[29.592s] -- Installing: /home/pi/hexapod/install/hexapod_interfaces/include/hexapod_interfaces/hexapod_interfaces/msg/detail/target_positions__rosidl_typesupport_introspection_cpp.hpp
[29.592s] -- Installing: /home/pi/hexapod/install/hexapod_interfaces/include/hexapod_interfaces/hexapod_interfaces/msg/detail/target_positions__type_support.cpp
[29.594s] -- Installing: /home/pi/hexapod/install/hexapod_interfaces/lib/libhexapod_interfaces__rosidl_typesupport_introspection_cpp.so
[29.599s] -- Set runtime path of "/home/pi/hexapod/install/hexapod_interfaces/lib/libhexapod_interfaces__rosidl_typesupport_introspection_cpp.so" to ""
[29.599s] -- Installing: /home/pi/hexapod/install/hexapod_interfaces/lib/libhexapod_interfaces__rosidl_typesupport_cpp.so
[29.602s] -- Set runtime path of "/home/pi/hexapod/install/hexapod_interfaces/lib/libhexapod_interfaces__rosidl_typesupport_cpp.so" to ""
[29.603s] -- Installing: /home/pi/hexapod/install/hexapod_interfaces/share/hexapod_interfaces/environment/pythonpath.sh
[29.603s] -- Installing: /home/pi/hexapod/install/hexapod_interfaces/share/hexapod_interfaces/environment/pythonpath.dsv
[29.605s] -- Installing: /home/pi/hexapod/install/hexapod_interfaces/local/lib/python3.10/dist-packages/hexapod_interfaces-0.0.0-py3.10.egg-info
[29.606s] -- Installing: /home/pi/hexapod/install/hexapod_interfaces/local/lib/python3.10/dist-packages/hexapod_interfaces-0.0.0-py3.10.egg-info/top_level.txt
[29.608s] -- Installing: /home/pi/hexapod/install/hexapod_interfaces/local/lib/python3.10/dist-packages/hexapod_interfaces-0.0.0-py3.10.egg-info/dependency_links.txt
[29.610s] -- Installing: /home/pi/hexapod/install/hexapod_interfaces/local/lib/python3.10/dist-packages/hexapod_interfaces-0.0.0-py3.10.egg-info/PKG-INFO
[29.611s] -- Installing: /home/pi/hexapod/install/hexapod_interfaces/local/lib/python3.10/dist-packages/hexapod_interfaces-0.0.0-py3.10.egg-info/SOURCES.txt
[29.612s] -- Installing: /home/pi/hexapod/install/hexapod_interfaces/local/lib/python3.10/dist-packages/hexapod_interfaces
[29.613s] -- Installing: /home/pi/hexapod/install/hexapod_interfaces/local/lib/python3.10/dist-packages/hexapod_interfaces/_hexapod_interfaces_s.ep.rosidl_typesupport_fastrtps_c.c
[29.615s] -- Installing: /home/pi/hexapod/install/hexapod_interfaces/local/lib/python3.10/dist-packages/hexapod_interfaces/libhexapod_interfaces__rosidl_generator_py.so
[29.616s] -- Installing: /home/pi/hexapod/install/hexapod_interfaces/local/lib/python3.10/dist-packages/hexapod_interfaces/msg
[29.617s] -- Installing: /home/pi/hexapod/install/hexapod_interfaces/local/lib/python3.10/dist-packages/hexapod_interfaces/msg/_target_angles_s.c
[29.618s] -- Installing: /home/pi/hexapod/install/hexapod_interfaces/local/lib/python3.10/dist-packages/hexapod_interfaces/msg/_target_positions_s.c
[29.620s] -- Installing: /home/pi/hexapod/install/hexapod_interfaces/local/lib/python3.10/dist-packages/hexapod_interfaces/msg/_target_positions.py
[29.621s] -- Installing: /home/pi/hexapod/install/hexapod_interfaces/local/lib/python3.10/dist-packages/hexapod_interfaces/msg/_target_angles.py
[29.622s] -- Installing: /home/pi/hexapod/install/hexapod_interfaces/local/lib/python3.10/dist-packages/hexapod_interfaces/msg/__init__.py
[29.624s] -- Installing: /home/pi/hexapod/install/hexapod_interfaces/local/lib/python3.10/dist-packages/hexapod_interfaces/hexapod_interfaces_s__rosidl_typesupport_c.cpython-310-aarch64-linux-gnu.so
[29.625s] -- Installing: /home/pi/hexapod/install/hexapod_interfaces/local/lib/python3.10/dist-packages/hexapod_interfaces/_hexapod_interfaces_s.ep.rosidl_typesupport_c.c
[29.627s] -- Installing: /home/pi/hexapod/install/hexapod_interfaces/local/lib/python3.10/dist-packages/hexapod_interfaces/hexapod_interfaces_s__rosidl_typesupport_fastrtps_c.cpython-310-aarch64-linux-gnu.so
[29.628s] -- Installing: /home/pi/hexapod/install/hexapod_interfaces/local/lib/python3.10/dist-packages/hexapod_interfaces/hexapod_interfaces_s__rosidl_typesupport_introspection_c.cpython-310-aarch64-linux-gnu.so
[29.630s] -- Installing: /home/pi/hexapod/install/hexapod_interfaces/local/lib/python3.10/dist-packages/hexapod_interfaces/__init__.py
[29.631s] -- Installing: /home/pi/hexapod/install/hexapod_interfaces/local/lib/python3.10/dist-packages/hexapod_interfaces/_hexapod_interfaces_s.ep.rosidl_typesupport_introspection_c.c
[29.819s] Listing '/home/pi/hexapod/install/hexapod_interfaces/local/lib/python3.10/dist-packages/hexapod_interfaces'...
[29.820s] Compiling '/home/pi/hexapod/install/hexapod_interfaces/local/lib/python3.10/dist-packages/hexapod_interfaces/__init__.py'...
[29.821s] Listing '/home/pi/hexapod/install/hexapod_interfaces/local/lib/python3.10/dist-packages/hexapod_interfaces/msg'...
[29.822s] Compiling '/home/pi/hexapod/install/hexapod_interfaces/local/lib/python3.10/dist-packages/hexapod_interfaces/msg/__init__.py'...
[29.823s] Compiling '/home/pi/hexapod/install/hexapod_interfaces/local/lib/python3.10/dist-packages/hexapod_interfaces/msg/_target_angles.py'...
[29.824s] Compiling '/home/pi/hexapod/install/hexapod_interfaces/local/lib/python3.10/dist-packages/hexapod_interfaces/msg/_target_positions.py'...
[29.845s] -- Installing: /home/pi/hexapod/install/hexapod_interfaces/local/lib/python3.10/dist-packages/hexapod_interfaces/hexapod_interfaces_s__rosidl_typesupport_fastrtps_c.cpython-310-aarch64-linux-gnu.so
[29.848s] -- Set runtime path of "/home/pi/hexapod/install/hexapod_interfaces/local/lib/python3.10/dist-packages/hexapod_interfaces/hexapod_interfaces_s__rosidl_typesupport_fastrtps_c.cpython-310-aarch64-linux-gnu.so" to ""
[29.850s] -- Installing: /home/pi/hexapod/install/hexapod_interfaces/local/lib/python3.10/dist-packages/hexapod_interfaces/hexapod_interfaces_s__rosidl_typesupport_introspection_c.cpython-310-aarch64-linux-gnu.so
[29.854s] -- Set runtime path of "/home/pi/hexapod/install/hexapod_interfaces/local/lib/python3.10/dist-packages/hexapod_interfaces/hexapod_interfaces_s__rosidl_typesupport_introspection_c.cpython-310-aarch64-linux-gnu.so" to ""
[29.856s] -- Installing: /home/pi/hexapod/install/hexapod_interfaces/local/lib/python3.10/dist-packages/hexapod_interfaces/hexapod_interfaces_s__rosidl_typesupport_c.cpython-310-aarch64-linux-gnu.so
[29.860s] -- Set runtime path of "/home/pi/hexapod/install/hexapod_interfaces/local/lib/python3.10/dist-packages/hexapod_interfaces/hexapod_interfaces_s__rosidl_typesupport_c.cpython-310-aarch64-linux-gnu.so" to ""
[29.861s] -- Installing: /home/pi/hexapod/install/hexapod_interfaces/lib/libhexapod_interfaces__rosidl_generator_py.so
[29.864s] -- Set runtime path of "/home/pi/hexapod/install/hexapod_interfaces/lib/libhexapod_interfaces__rosidl_generator_py.so" to ""
[29.865s] -- Installing: /home/pi/hexapod/install/hexapod_interfaces/share/hexapod_interfaces/msg/TargetAngles.idl
[29.866s] -- Installing: /home/pi/hexapod/install/hexapod_interfaces/share/hexapod_interfaces/msg/TargetPositions.idl
[29.868s] -- Installing: /home/pi/hexapod/install/hexapod_interfaces/share/hexapod_interfaces/msg/TargetAngles.msg
[29.869s] -- Installing: /home/pi/hexapod/install/hexapod_interfaces/share/hexapod_interfaces/msg/TargetPositions.msg
[29.871s] -- Installing: /home/pi/hexapod/install/hexapod_interfaces/share/ament_index/resource_index/package_run_dependencies/hexapod_interfaces
[29.872s] -- Installing: /home/pi/hexapod/install/hexapod_interfaces/share/ament_index/resource_index/parent_prefix_path/hexapod_interfaces
[29.874s] -- Installing: /home/pi/hexapod/install/hexapod_interfaces/share/hexapod_interfaces/environment/ament_prefix_path.sh
[29.875s] -- Installing: /home/pi/hexapod/install/hexapod_interfaces/share/hexapod_interfaces/environment/ament_prefix_path.dsv
[29.877s] -- Installing: /home/pi/hexapod/install/hexapod_interfaces/share/hexapod_interfaces/environment/path.sh
[29.878s] -- Installing: /home/pi/hexapod/install/hexapod_interfaces/share/hexapod_interfaces/environment/path.dsv
[29.879s] -- Installing: /home/pi/hexapod/install/hexapod_interfaces/share/hexapod_interfaces/local_setup.bash
[29.880s] -- Installing: /home/pi/hexapod/install/hexapod_interfaces/share/hexapod_interfaces/local_setup.sh
[29.882s] -- Installing: /home/pi/hexapod/install/hexapod_interfaces/share/hexapod_interfaces/local_setup.zsh
[29.883s] -- Installing: /home/pi/hexapod/install/hexapod_interfaces/share/hexapod_interfaces/local_setup.dsv
[29.884s] -- Installing: /home/pi/hexapod/install/hexapod_interfaces/share/hexapod_interfaces/package.dsv
[29.887s] -- Installing: /home/pi/hexapod/install/hexapod_interfaces/share/ament_index/resource_index/packages/hexapod_interfaces
[29.889s] -- Installing: /home/pi/hexapod/install/hexapod_interfaces/share/hexapod_interfaces/cmake/export_hexapod_interfaces__rosidl_generator_cExport.cmake
[29.890s] -- Installing: /home/pi/hexapod/install/hexapod_interfaces/share/hexapod_interfaces/cmake/export_hexapod_interfaces__rosidl_generator_cExport-noconfig.cmake
[29.892s] -- Installing: /home/pi/hexapod/install/hexapod_interfaces/share/hexapod_interfaces/cmake/export_hexapod_interfaces__rosidl_typesupport_fastrtps_cExport.cmake
[29.894s] -- Installing: /home/pi/hexapod/install/hexapod_interfaces/share/hexapod_interfaces/cmake/export_hexapod_interfaces__rosidl_typesupport_fastrtps_cExport-noconfig.cmake
[29.896s] -- Installing: /home/pi/hexapod/install/hexapod_interfaces/share/hexapod_interfaces/cmake/hexapod_interfaces__rosidl_typesupport_introspection_cExport.cmake
[29.897s] -- Installing: /home/pi/hexapod/install/hexapod_interfaces/share/hexapod_interfaces/cmake/hexapod_interfaces__rosidl_typesupport_introspection_cExport-noconfig.cmake
[29.899s] -- Installing: /home/pi/hexapod/install/hexapod_interfaces/share/hexapod_interfaces/cmake/hexapod_interfaces__rosidl_typesupport_cExport.cmake
[29.901s] -- Installing: /home/pi/hexapod/install/hexapod_interfaces/share/hexapod_interfaces/cmake/hexapod_interfaces__rosidl_typesupport_cExport-noconfig.cmake
[29.902s] -- Installing: /home/pi/hexapod/install/hexapod_interfaces/share/hexapod_interfaces/cmake/export_hexapod_interfaces__rosidl_generator_cppExport.cmake
[29.904s] -- Installing: /home/pi/hexapod/install/hexapod_interfaces/share/hexapod_interfaces/cmake/export_hexapod_interfaces__rosidl_typesupport_fastrtps_cppExport.cmake
[29.906s] -- Installing: /home/pi/hexapod/install/hexapod_interfaces/share/hexapod_interfaces/cmake/export_hexapod_interfaces__rosidl_typesupport_fastrtps_cppExport-noconfig.cmake
[29.907s] -- Installing: /home/pi/hexapod/install/hexapod_interfaces/share/hexapod_interfaces/cmake/hexapod_interfaces__rosidl_typesupport_introspection_cppExport.cmake
[29.909s] -- Installing: /home/pi/hexapod/install/hexapod_interfaces/share/hexapod_interfaces/cmake/hexapod_interfaces__rosidl_typesupport_introspection_cppExport-noconfig.cmake
[29.911s] -- Installing: /home/pi/hexapod/install/hexapod_interfaces/share/hexapod_interfaces/cmake/hexapod_interfaces__rosidl_typesupport_cppExport.cmake
[29.912s] -- Installing: /home/pi/hexapod/install/hexapod_interfaces/share/hexapod_interfaces/cmake/hexapod_interfaces__rosidl_typesupport_cppExport-noconfig.cmake
[29.914s] -- Installing: /home/pi/hexapod/install/hexapod_interfaces/share/hexapod_interfaces/cmake/export_hexapod_interfaces__rosidl_generator_pyExport.cmake
[29.916s] -- Installing: /home/pi/hexapod/install/hexapod_interfaces/share/hexapod_interfaces/cmake/export_hexapod_interfaces__rosidl_generator_pyExport-noconfig.cmake
[29.917s] -- Installing: /home/pi/hexapod/install/hexapod_interfaces/share/hexapod_interfaces/cmake/rosidl_cmake-extras.cmake
[29.919s] -- Installing: /home/pi/hexapod/install/hexapod_interfaces/share/hexapod_interfaces/cmake/ament_cmake_export_include_directories-extras.cmake
[29.920s] -- Installing: /home/pi/hexapod/install/hexapod_interfaces/share/hexapod_interfaces/cmake/ament_cmake_export_libraries-extras.cmake
[29.922s] -- Installing: /home/pi/hexapod/install/hexapod_interfaces/share/hexapod_interfaces/cmake/ament_cmake_export_targets-extras.cmake
[29.923s] -- Installing: /home/pi/hexapod/install/hexapod_interfaces/share/hexapod_interfaces/cmake/rosidl_cmake_export_typesupport_targets-extras.cmake
[29.925s] -- Installing: /home/pi/hexapod/install/hexapod_interfaces/share/hexapod_interfaces/cmake/ament_cmake_export_dependencies-extras.cmake
[29.926s] -- Installing: /home/pi/hexapod/install/hexapod_interfaces/share/hexapod_interfaces/cmake/rosidl_cmake_export_typesupport_libraries-extras.cmake
[29.928s] -- Installing: /home/pi/hexapod/install/hexapod_interfaces/share/hexapod_interfaces/cmake/hexapod_interfacesConfig.cmake
[29.929s] -- Installing: /home/pi/hexapod/install/hexapod_interfaces/share/hexapod_interfaces/cmake/hexapod_interfacesConfig-version.cmake
[29.930s] -- Installing: /home/pi/hexapod/install/hexapod_interfaces/share/hexapod_interfaces/package.xml
[29.940s] Invoked command in '/home/pi/hexapod/build/hexapod_interfaces' returned '0': CMAKE_PREFIX_PATH=${CMAKE_PREFIX_PATH}:/home/pi/hexapod/install/leg_controller:/opt/ros/humble /usr/bin/cmake --install /home/pi/hexapod/build/hexapod_interfaces
