[3.051s] Invoking command in '/home/pi/hexapod/src/leg_controller': PYTHONPATH=/home/pi/hexapod/build/leg_controller/prefix_override:/home/pi/hexapod/install/leg_controller/lib/python3.10/site-packages:${PYTHONPATH} /usr/bin/python3 setup.py egg_info --egg-base ../../build/leg_controller build --build-base /home/pi/hexapod/build/leg_controller/build install --record /home/pi/hexapod/build/leg_controller/install.log --single-version-externally-managed
[4.241s] running egg_info
[4.244s] writing ../../build/leg_controller/leg_controller.egg-info/PKG-INFO
[4.245s] writing dependency_links to ../../build/leg_controller/leg_controller.egg-info/dependency_links.txt
[4.246s] writing entry points to ../../build/leg_controller/leg_controller.egg-info/entry_points.txt
[4.247s] writing requirements to ../../build/leg_controller/leg_controller.egg-info/requires.txt
[4.247s] writing top-level names to ../../build/leg_controller/leg_controller.egg-info/top_level.txt
[4.256s] reading manifest file '../../build/leg_controller/leg_controller.egg-info/SOURCES.txt'
[4.261s] writing manifest file '../../build/leg_controller/leg_controller.egg-info/SOURCES.txt'
[4.261s] running build
[4.262s] running build_py
[4.263s] running install
[4.264s] running install_lib
[4.269s] running install_data
[4.272s] running install_egg_info
[4.278s] removing '/home/pi/hexapod/install/leg_controller/lib/python3.10/site-packages/leg_controller-0.0.0-py3.10.egg-info' (and everything under it)
[4.280s] Copying ../../build/leg_controller/leg_controller.egg-info to /home/pi/hexapod/install/leg_controller/lib/python3.10/site-packages/leg_controller-0.0.0-py3.10.egg-info
[4.286s] running install_scripts
[4.370s] writing list of installed files to '/home/pi/hexapod/build/leg_controller/install.log'
[4.498s] Invoked command in '/home/pi/hexapod/src/leg_controller' returned '0': PYTHONPATH=/home/pi/hexapod/build/leg_controller/prefix_override:/home/pi/hexapod/install/leg_controller/lib/python3.10/site-packages:${PYTHONPATH} /usr/bin/python3 setup.py egg_info --egg-base ../../build/leg_controller build --build-base /home/pi/hexapod/build/leg_controller/build install --record /home/pi/hexapod/build/leg_controller/install.log --single-version-externally-managed
