[3.023s] Invoking command in '/home/pi/hexapod/src/leg_controller': PYTHONPATH=/home/pi/hexapod/build/leg_controller/prefix_override:/home/pi/hexapod/install/leg_controller/lib/python3.10/site-packages:${PYTHONPATH} /usr/bin/python3 setup.py egg_info --egg-base ../../build/leg_controller build --build-base /home/pi/hexapod/build/leg_controller/build install --record /home/pi/hexapod/build/leg_controller/install.log --single-version-externally-managed
[4.123s] running egg_info
[4.126s] creating ../../build/leg_controller/leg_controller.egg-info
[4.127s] writing ../../build/leg_controller/leg_controller.egg-info/PKG-INFO
[4.128s] writing dependency_links to ../../build/leg_controller/leg_controller.egg-info/dependency_links.txt
[4.129s] writing entry points to ../../build/leg_controller/leg_controller.egg-info/entry_points.txt
[4.130s] writing requirements to ../../build/leg_controller/leg_controller.egg-info/requires.txt
[4.130s] writing top-level names to ../../build/leg_controller/leg_controller.egg-info/top_level.txt
[4.131s] writing manifest file '../../build/leg_controller/leg_controller.egg-info/SOURCES.txt'
[4.138s] reading manifest file '../../build/leg_controller/leg_controller.egg-info/SOURCES.txt'
[4.142s] writing manifest file '../../build/leg_controller/leg_controller.egg-info/SOURCES.txt'
[4.143s] running build
[4.144s] running build_py
[4.144s] creating /home/pi/hexapod/build/leg_controller/build
[4.145s] creating /home/pi/hexapod/build/leg_controller/build/lib
[4.146s] creating /home/pi/hexapod/build/leg_controller/build/lib/leg_controller
[4.146s] copying leg_controller/__init__.py -> /home/pi/hexapod/build/leg_controller/build/lib/leg_controller
[4.147s] running install
[4.147s] /usr/lib/python3/dist-packages/setuptools/command/install.py:34: SetuptoolsDeprecationWarning: setup.py install is deprecated. Use build and pip and other standards-based tools.
[4.148s]   warnings.warn(
[4.148s] running install_lib
[4.152s] creating /home/pi/hexapod/install/leg_controller/lib/python3.10/site-packages/leg_controller
[4.152s] copying /home/pi/hexapod/build/leg_controller/build/lib/leg_controller/__init__.py -> /home/pi/hexapod/install/leg_controller/lib/python3.10/site-packages/leg_controller
[4.155s] byte-compiling /home/pi/hexapod/install/leg_controller/lib/python3.10/site-packages/leg_controller/__init__.py to __init__.cpython-310.pyc
[4.156s] running install_data
[4.159s] creating /home/pi/hexapod/install/leg_controller/share/ament_index
[4.159s] creating /home/pi/hexapod/install/leg_controller/share/ament_index/resource_index
[4.160s] creating /home/pi/hexapod/install/leg_controller/share/ament_index/resource_index/packages
[4.160s] copying resource/leg_controller -> /home/pi/hexapod/install/leg_controller/share/ament_index/resource_index/packages
[4.161s] copying package.xml -> /home/pi/hexapod/install/leg_controller/share/leg_controller
[4.161s] running install_egg_info
[4.168s] Copying ../../build/leg_controller/leg_controller.egg-info to /home/pi/hexapod/install/leg_controller/lib/python3.10/site-packages/leg_controller-0.0.0-py3.10.egg-info
[4.174s] running install_scripts
[4.267s] writing list of installed files to '/home/pi/hexapod/build/leg_controller/install.log'
[4.388s] Invoked command in '/home/pi/hexapod/src/leg_controller' returned '0': PYTHONPATH=/home/pi/hexapod/build/leg_controller/prefix_override:/home/pi/hexapod/install/leg_controller/lib/python3.10/site-packages:${PYTHONPATH} /usr/bin/python3 setup.py egg_info --egg-base ../../build/leg_controller build --build-base /home/pi/hexapod/build/leg_controller/build install --record /home/pi/hexapod/build/leg_controller/install.log --single-version-externally-managed
