[3.119s] Invoking command in '/home/pi/hexapod/src/leg_controller': PYTHONPATH=/home/pi/hexapod/build/leg_controller/prefix_override:/home/pi/hexapod/install/leg_controller/lib/python3.10/site-packages:${PYTHONPATH} /usr/bin/python3 setup.py egg_info --egg-base ../../build/leg_controller build --build-base /home/pi/hexapod/build/leg_controller/build install --record /home/pi/hexapod/build/leg_controller/install.log --single-version-externally-managed
[4.324s] running egg_info
[4.327s] writing ../../build/leg_controller/leg_controller.egg-info/PKG-INFO
[4.328s] writing dependency_links to ../../build/leg_controller/leg_controller.egg-info/dependency_links.txt
[4.329s] writing entry points to ../../build/leg_controller/leg_controller.egg-info/entry_points.txt
[4.330s] writing requirements to ../../build/leg_controller/leg_controller.egg-info/requires.txt
[4.331s] writing top-level names to ../../build/leg_controller/leg_controller.egg-info/top_level.txt
[4.340s] reading manifest file '../../build/leg_controller/leg_controller.egg-info/SOURCES.txt'
[4.345s] writing manifest file '../../build/leg_controller/leg_controller.egg-info/SOURCES.txt'
[4.345s] running build
[4.346s] running build_py
[4.347s] copying leg_controller/pointToAngle.py -> /home/pi/hexapod/build/leg_controller/build/lib/leg_controller
[4.349s] running install
[4.351s] running install_lib
[4.355s] copying /home/pi/hexapod/build/leg_controller/build/lib/leg_controller/pointToAngle.py -> /home/pi/hexapod/install/leg_controller/lib/python3.10/site-packages/leg_controller
[4.359s] byte-compiling /home/pi/hexapod/install/leg_controller/lib/python3.10/site-packages/leg_controller/pointToAngle.py to pointToAngle.cpython-310.pyc
[4.363s] running install_data
[4.366s] running install_egg_info
[4.373s] removing '/home/pi/hexapod/install/leg_controller/lib/python3.10/site-packages/leg_controller-0.0.0-py3.10.egg-info' (and everything under it)
[4.375s] Copying ../../build/leg_controller/leg_controller.egg-info to /home/pi/hexapod/install/leg_controller/lib/python3.10/site-packages/leg_controller-0.0.0-py3.10.egg-info
[4.381s] running install_scripts
[4.463s] Installing kin_node script to /home/pi/hexapod/install/leg_controller/lib/leg_controller
[4.465s] Installing servo_node script to /home/pi/hexapod/install/leg_controller/lib/leg_controller
[4.466s] writing list of installed files to '/home/pi/hexapod/build/leg_controller/install.log'
[4.610s] Invoked command in '/home/pi/hexapod/src/leg_controller' returned '0': PYTHONPATH=/home/pi/hexapod/build/leg_controller/prefix_override:/home/pi/hexapod/install/leg_controller/lib/python3.10/site-packages:${PYTHONPATH} /usr/bin/python3 setup.py egg_info --egg-base ../../build/leg_controller build --build-base /home/pi/hexapod/build/leg_controller/build install --record /home/pi/hexapod/build/leg_controller/install.log --single-version-externally-managed
