[0.741s] DEBUG:colcon:Command line arguments: ['/usr/bin/colcon', 'build']
[0.742s] DEBUG:colcon:Parsed command line arguments: Namespace(log_base=None, log_level=None, verb_name='build', build_base='build', install_base='install', merge_install=False, symlink_install=False, test_result_base=None, continue_on_error=False, executor='parallel', parallel_workers=4, event_handlers=None, ignore_user_meta=False, metas=['./colcon.meta'], base_paths=['.'], packages_ignore=None, packages_ignore_regex=None, paths=None, packages_up_to=None, packages_up_to_regex=None, packages_above=None, packages_above_and_dependencies=None, packages_above_depth=None, packages_select_by_dep=None, packages_skip_by_dep=None, packages_skip_up_to=None, packages_select_build_failed=False, packages_skip_build_finished=False, packages_select_test_failures=False, packages_skip_test_passed=False, packages_select=None, packages_skip=None, packages_select_regex=None, packages_skip_regex=None, packages_start=None, packages_end=None, allow_overriding=[], cmake_args=None, cmake_target=None, cmake_target_skip_unavailable=False, cmake_clean_cache=False, cmake_clean_first=False, cmake_force_configure=False, ament_cmake_args=None, catkin_cmake_args=None, catkin_skip_building_tests=False, verb_parser=<colcon_defaults.argument_parser.defaults.DefaultArgumentsDecorator object at 0xffff89095480>, verb_extension=<colcon_core.verb.build.BuildVerb object at 0xffff89094f10>, main=<bound method BuildVerb.main of <colcon_core.verb.build.BuildVerb object at 0xffff89094f10>>)
[0.893s] Level 1:colcon.colcon_core.package_discovery:discover_packages(colcon_meta) check parameters
[0.894s] Level 1:colcon.colcon_core.package_discovery:discover_packages(recursive) check parameters
[0.894s] Level 1:colcon.colcon_core.package_discovery:discover_packages(ignore) check parameters
[0.894s] Level 1:colcon.colcon_core.package_discovery:discover_packages(path) check parameters
[0.894s] Level 1:colcon.colcon_core.package_discovery:discover_packages(colcon_meta) discover
[0.894s] Level 1:colcon.colcon_core.package_discovery:discover_packages(recursive) discover
[0.895s] INFO:colcon.colcon_core.package_discovery:Crawling recursively for packages in '/home/pi/hexapod'
[0.895s] Level 1:colcon.colcon_core.package_identification:_identify(.) by extensions ['ignore', 'ignore_ament_install']
[0.896s] Level 1:colcon.colcon_core.package_identification:_identify(.) by extension 'ignore'
[0.896s] Level 1:colcon.colcon_core.package_identification:_identify(.) by extension 'ignore_ament_install'
[0.896s] Level 1:colcon.colcon_core.package_identification:_identify(.) by extensions ['colcon_pkg']
[0.896s] Level 1:colcon.colcon_core.package_identification:_identify(.) by extension 'colcon_pkg'
[0.897s] Level 1:colcon.colcon_core.package_identification:_identify(.) by extensions ['colcon_meta']
[0.897s] Level 1:colcon.colcon_core.package_identification:_identify(.) by extension 'colcon_meta'
[0.897s] Level 1:colcon.colcon_core.package_identification:_identify(.) by extensions ['ros']
[0.897s] Level 1:colcon.colcon_core.package_identification:_identify(.) by extension 'ros'
[0.947s] Level 1:colcon.colcon_core.package_identification:_identify(.) by extensions ['cmake', 'python']
[0.947s] Level 1:colcon.colcon_core.package_identification:_identify(.) by extension 'cmake'
[0.948s] Level 1:colcon.colcon_core.package_identification:_identify(.) by extension 'python'
[0.948s] Level 1:colcon.colcon_core.package_identification:_identify(.) by extensions ['python_setup_py']
[0.948s] Level 1:colcon.colcon_core.package_identification:_identify(.) by extension 'python_setup_py'
[0.949s] Level 1:colcon.colcon_core.package_identification:_identify(build) by extensions ['ignore', 'ignore_ament_install']
[0.950s] Level 1:colcon.colcon_core.package_identification:_identify(build) by extension 'ignore'
[0.950s] Level 1:colcon.colcon_core.package_identification:_identify(build) ignored
[0.951s] Level 1:colcon.colcon_core.package_identification:_identify(development) by extensions ['ignore', 'ignore_ament_install']
[0.951s] Level 1:colcon.colcon_core.package_identification:_identify(development) by extension 'ignore'
[0.952s] Level 1:colcon.colcon_core.package_identification:_identify(development) by extension 'ignore_ament_install'
[0.952s] Level 1:colcon.colcon_core.package_identification:_identify(development) by extensions ['colcon_pkg']
[0.952s] Level 1:colcon.colcon_core.package_identification:_identify(development) by extension 'colcon_pkg'
[0.953s] Level 1:colcon.colcon_core.package_identification:_identify(development) by extensions ['colcon_meta']
[0.953s] Level 1:colcon.colcon_core.package_identification:_identify(development) by extension 'colcon_meta'
[0.953s] Level 1:colcon.colcon_core.package_identification:_identify(development) by extensions ['ros']
[0.953s] Level 1:colcon.colcon_core.package_identification:_identify(development) by extension 'ros'
[0.953s] Level 1:colcon.colcon_core.package_identification:_identify(development) by extensions ['cmake', 'python']
[0.954s] Level 1:colcon.colcon_core.package_identification:_identify(development) by extension 'cmake'
[0.954s] Level 1:colcon.colcon_core.package_identification:_identify(development) by extension 'python'
[0.954s] Level 1:colcon.colcon_core.package_identification:_identify(development) by extensions ['python_setup_py']
[0.954s] Level 1:colcon.colcon_core.package_identification:_identify(development) by extension 'python_setup_py'
[0.955s] Level 1:colcon.colcon_core.package_identification:_identify(development/demos) by extensions ['ignore', 'ignore_ament_install']
[0.955s] Level 1:colcon.colcon_core.package_identification:_identify(development/demos) by extension 'ignore'
[0.956s] Level 1:colcon.colcon_core.package_identification:_identify(development/demos) by extension 'ignore_ament_install'
[0.956s] Level 1:colcon.colcon_core.package_identification:_identify(development/demos) by extensions ['colcon_pkg']
[0.956s] Level 1:colcon.colcon_core.package_identification:_identify(development/demos) by extension 'colcon_pkg'
[0.957s] Level 1:colcon.colcon_core.package_identification:_identify(development/demos) by extensions ['colcon_meta']
[0.957s] Level 1:colcon.colcon_core.package_identification:_identify(development/demos) by extension 'colcon_meta'
[0.957s] Level 1:colcon.colcon_core.package_identification:_identify(development/demos) by extensions ['ros']
[0.958s] Level 1:colcon.colcon_core.package_identification:_identify(development/demos) by extension 'ros'
[0.958s] Level 1:colcon.colcon_core.package_identification:_identify(development/demos) by extensions ['cmake', 'python']
[0.959s] Level 1:colcon.colcon_core.package_identification:_identify(development/demos) by extension 'cmake'
[0.959s] Level 1:colcon.colcon_core.package_identification:_identify(development/demos) by extension 'python'
[0.959s] Level 1:colcon.colcon_core.package_identification:_identify(development/demos) by extensions ['python_setup_py']
[0.959s] Level 1:colcon.colcon_core.package_identification:_identify(development/demos) by extension 'python_setup_py'
[0.960s] Level 1:colcon.colcon_core.package_identification:_identify(development/legacy) by extensions ['ignore', 'ignore_ament_install']
[0.961s] Level 1:colcon.colcon_core.package_identification:_identify(development/legacy) by extension 'ignore'
[0.961s] Level 1:colcon.colcon_core.package_identification:_identify(development/legacy) by extension 'ignore_ament_install'
[0.961s] Level 1:colcon.colcon_core.package_identification:_identify(development/legacy) by extensions ['colcon_pkg']
[0.961s] Level 1:colcon.colcon_core.package_identification:_identify(development/legacy) by extension 'colcon_pkg'
[0.962s] Level 1:colcon.colcon_core.package_identification:_identify(development/legacy) by extensions ['colcon_meta']
[0.962s] Level 1:colcon.colcon_core.package_identification:_identify(development/legacy) by extension 'colcon_meta'
[0.962s] Level 1:colcon.colcon_core.package_identification:_identify(development/legacy) by extensions ['ros']
[0.962s] Level 1:colcon.colcon_core.package_identification:_identify(development/legacy) by extension 'ros'
[0.963s] Level 1:colcon.colcon_core.package_identification:_identify(development/legacy) by extensions ['cmake', 'python']
[0.963s] Level 1:colcon.colcon_core.package_identification:_identify(development/legacy) by extension 'cmake'
[0.963s] Level 1:colcon.colcon_core.package_identification:_identify(development/legacy) by extension 'python'
[0.963s] Level 1:colcon.colcon_core.package_identification:_identify(development/legacy) by extensions ['python_setup_py']
[0.964s] Level 1:colcon.colcon_core.package_identification:_identify(development/legacy) by extension 'python_setup_py'
[0.964s] Level 1:colcon.colcon_core.package_identification:_identify(install) by extensions ['ignore', 'ignore_ament_install']
[0.965s] Level 1:colcon.colcon_core.package_identification:_identify(install) by extension 'ignore'
[0.965s] Level 1:colcon.colcon_core.package_identification:_identify(install) ignored
[0.966s] Level 1:colcon.colcon_core.package_identification:_identify(log) by extensions ['ignore', 'ignore_ament_install']
[0.966s] Level 1:colcon.colcon_core.package_identification:_identify(log) by extension 'ignore'
[0.966s] Level 1:colcon.colcon_core.package_identification:_identify(log) ignored
[0.967s] Level 1:colcon.colcon_core.package_identification:_identify(src) by extensions ['ignore', 'ignore_ament_install']
[0.967s] Level 1:colcon.colcon_core.package_identification:_identify(src) by extension 'ignore'
[0.967s] Level 1:colcon.colcon_core.package_identification:_identify(src) by extension 'ignore_ament_install'
[0.968s] Level 1:colcon.colcon_core.package_identification:_identify(src) by extensions ['colcon_pkg']
[0.968s] Level 1:colcon.colcon_core.package_identification:_identify(src) by extension 'colcon_pkg'
[0.968s] Level 1:colcon.colcon_core.package_identification:_identify(src) by extensions ['colcon_meta']
[0.968s] Level 1:colcon.colcon_core.package_identification:_identify(src) by extension 'colcon_meta'
[0.968s] Level 1:colcon.colcon_core.package_identification:_identify(src) by extensions ['ros']
[0.968s] Level 1:colcon.colcon_core.package_identification:_identify(src) by extension 'ros'
[0.969s] Level 1:colcon.colcon_core.package_identification:_identify(src) by extensions ['cmake', 'python']
[0.969s] Level 1:colcon.colcon_core.package_identification:_identify(src) by extension 'cmake'
[0.969s] Level 1:colcon.colcon_core.package_identification:_identify(src) by extension 'python'
[0.969s] Level 1:colcon.colcon_core.package_identification:_identify(src) by extensions ['python_setup_py']
[0.969s] Level 1:colcon.colcon_core.package_identification:_identify(src) by extension 'python_setup_py'
[0.970s] Level 1:colcon.colcon_core.package_identification:_identify(src/leg_controller) by extensions ['ignore', 'ignore_ament_install']
[0.970s] Level 1:colcon.colcon_core.package_identification:_identify(src/leg_controller) by extension 'ignore'
[0.971s] Level 1:colcon.colcon_core.package_identification:_identify(src/leg_controller) by extension 'ignore_ament_install'
[0.971s] Level 1:colcon.colcon_core.package_identification:_identify(src/leg_controller) by extensions ['colcon_pkg']
[0.971s] Level 1:colcon.colcon_core.package_identification:_identify(src/leg_controller) by extension 'colcon_pkg'
[0.971s] Level 1:colcon.colcon_core.package_identification:_identify(src/leg_controller) by extensions ['colcon_meta']
[0.971s] Level 1:colcon.colcon_core.package_identification:_identify(src/leg_controller) by extension 'colcon_meta'
[0.972s] Level 1:colcon.colcon_core.package_identification:_identify(src/leg_controller) by extensions ['ros']
[0.972s] Level 1:colcon.colcon_core.package_identification:_identify(src/leg_controller) by extension 'ros'
[0.986s] DEBUG:colcon.colcon_core.package_identification:Package 'src/leg_controller' with type 'ros.ament_python' and name 'leg_controller'
[0.986s] Level 1:colcon.colcon_core.package_discovery:discover_packages(recursive) using defaults
[0.986s] Level 1:colcon.colcon_core.package_discovery:discover_packages(ignore) discover
[0.987s] Level 1:colcon.colcon_core.package_discovery:discover_packages(ignore) using defaults
[0.987s] Level 1:colcon.colcon_core.package_discovery:discover_packages(path) discover
[0.987s] Level 1:colcon.colcon_core.package_discovery:discover_packages(path) using defaults
[1.091s] Level 1:colcon.colcon_core.package_discovery:discover_packages(prefix_path) check parameters
[1.091s] Level 1:colcon.colcon_core.package_discovery:discover_packages(prefix_path) discover
[1.108s] DEBUG:colcon.colcon_installed_package_information.package_discovery:Found 1 installed packages in /home/pi/hexapod/install
[1.118s] DEBUG:colcon.colcon_installed_package_information.package_discovery:Found 180 installed packages in /opt/ros/humble
[1.123s] Level 1:colcon.colcon_core.package_discovery:discover_packages(prefix_path) using defaults
[1.317s] Level 5:colcon.colcon_core.verb:set package 'leg_controller' build argument 'cmake_args' from command line to 'None'
[1.317s] Level 5:colcon.colcon_core.verb:set package 'leg_controller' build argument 'cmake_target' from command line to 'None'
[1.317s] Level 5:colcon.colcon_core.verb:set package 'leg_controller' build argument 'cmake_target_skip_unavailable' from command line to 'False'
[1.317s] Level 5:colcon.colcon_core.verb:set package 'leg_controller' build argument 'cmake_clean_cache' from command line to 'False'
[1.317s] Level 5:colcon.colcon_core.verb:set package 'leg_controller' build argument 'cmake_clean_first' from command line to 'False'
[1.318s] Level 5:colcon.colcon_core.verb:set package 'leg_controller' build argument 'cmake_force_configure' from command line to 'False'
[1.318s] Level 5:colcon.colcon_core.verb:set package 'leg_controller' build argument 'ament_cmake_args' from command line to 'None'
[1.318s] Level 5:colcon.colcon_core.verb:set package 'leg_controller' build argument 'catkin_cmake_args' from command line to 'None'
[1.318s] Level 5:colcon.colcon_core.verb:set package 'leg_controller' build argument 'catkin_skip_building_tests' from command line to 'False'
[1.318s] DEBUG:colcon.colcon_core.verb:Building package 'leg_controller' with the following arguments: {'ament_cmake_args': None, 'build_base': '/home/pi/hexapod/build/leg_controller', 'catkin_cmake_args': None, 'catkin_skip_building_tests': False, 'cmake_args': None, 'cmake_clean_cache': False, 'cmake_clean_first': False, 'cmake_force_configure': False, 'cmake_target': None, 'cmake_target_skip_unavailable': False, 'install_base': '/home/pi/hexapod/install/leg_controller', 'merge_install': False, 'path': '/home/pi/hexapod/src/leg_controller', 'symlink_install': False, 'test_result_base': None}
[1.321s] INFO:colcon.colcon_core.executor:Executing jobs using 'parallel' executor
[1.336s] DEBUG:colcon.colcon_parallel_executor.executor.parallel:run_until_complete
[1.338s] INFO:colcon.colcon_ros.task.ament_python.build:Building ROS package in '/home/pi/hexapod/src/leg_controller' with build type 'ament_python'
[1.339s] Level 1:colcon.colcon_core.shell:create_environment_hook('leg_controller', 'ament_prefix_path')
[1.369s] INFO:colcon.colcon_core.plugin_system:Skipping extension 'colcon_core.shell.bat': Not used on non-Windows systems
[1.370s] INFO:colcon.colcon_core.shell:Creating environment hook '/home/pi/hexapod/install/leg_controller/share/leg_controller/hook/ament_prefix_path.ps1'
[1.373s] INFO:colcon.colcon_core.shell:Creating environment descriptor '/home/pi/hexapod/install/leg_controller/share/leg_controller/hook/ament_prefix_path.dsv'
[1.376s] INFO:colcon.colcon_core.shell:Creating environment hook '/home/pi/hexapod/install/leg_controller/share/leg_controller/hook/ament_prefix_path.sh'
[1.386s] INFO:colcon.colcon_core.shell:Skip shell extension 'powershell' for command environment: Not usable outside of PowerShell
[1.387s] DEBUG:colcon.colcon_core.shell:Skip shell extension 'dsv' for command environment
[2.703s] INFO:colcon.colcon_core.task.python.build:Building Python package in '/home/pi/hexapod/src/leg_controller'
[2.709s] INFO:colcon.colcon_core.shell:Skip shell extension 'powershell' for command environment: Not usable outside of PowerShell
[2.709s] DEBUG:colcon.colcon_core.shell:Skip shell extension 'dsv' for command environment
[4.635s] DEBUG:colcon.colcon_core.event_handler.log_command:Invoking command in '/home/pi/hexapod/build/leg_controller': PYTHONPATH=/home/pi/hexapod/build/leg_controller/prefix_override:/home/pi/hexapod/install/leg_controller/lib/python3.10/site-packages:${PYTHONPATH} /usr/bin/python3 setup.py develop --uninstall --editable --build-directory /home/pi/hexapod/build/leg_controller/build
[6.834s] DEBUG:colcon.colcon_core.event_handler.log_command:Invoked command in '/home/pi/hexapod/build/leg_controller' returned '0': PYTHONPATH=/home/pi/hexapod/build/leg_controller/prefix_override:/home/pi/hexapod/install/leg_controller/lib/python3.10/site-packages:${PYTHONPATH} /usr/bin/python3 setup.py develop --uninstall --editable --build-directory /home/pi/hexapod/build/leg_controller/build
[6.846s] DEBUG:colcon.colcon_core.event_handler.log_command:Invoking command in '/home/pi/hexapod/src/leg_controller': PYTHONPATH=/home/pi/hexapod/build/leg_controller/prefix_override:/home/pi/hexapod/install/leg_controller/lib/python3.10/site-packages:${PYTHONPATH} /usr/bin/python3 setup.py egg_info --egg-base ../../build/leg_controller build --build-base /home/pi/hexapod/build/leg_controller/build install --record /home/pi/hexapod/build/leg_controller/install.log --single-version-externally-managed
[8.305s] DEBUG:colcon.colcon_core.event_handler.log_command:Invoked command in '/home/pi/hexapod/src/leg_controller' returned '0': PYTHONPATH=/home/pi/hexapod/build/leg_controller/prefix_override:/home/pi/hexapod/install/leg_controller/lib/python3.10/site-packages:${PYTHONPATH} /usr/bin/python3 setup.py egg_info --egg-base ../../build/leg_controller build --build-base /home/pi/hexapod/build/leg_controller/build install --record /home/pi/hexapod/build/leg_controller/install.log --single-version-externally-managed
[8.334s] Level 1:colcon.colcon_core.environment:checking '/home/pi/hexapod/install/leg_controller' for CMake module files
[8.337s] Level 1:colcon.colcon_core.environment:checking '/home/pi/hexapod/install/leg_controller' for CMake config files
[8.341s] Level 1:colcon.colcon_core.environment:checking '/home/pi/hexapod/install/leg_controller/lib'
[8.342s] Level 1:colcon.colcon_core.environment:checking '/home/pi/hexapod/install/leg_controller/bin'
[8.343s] Level 1:colcon.colcon_core.environment:checking '/home/pi/hexapod/install/leg_controller/lib/pkgconfig/leg_controller.pc'
[8.344s] Level 1:colcon.colcon_core.environment:checking '/home/pi/hexapod/install/leg_controller/lib/python3.10/site-packages'
[8.344s] Level 1:colcon.colcon_core.shell:create_environment_hook('leg_controller', 'pythonpath')
[8.350s] INFO:colcon.colcon_core.shell:Creating environment hook '/home/pi/hexapod/install/leg_controller/share/leg_controller/hook/pythonpath.ps1'
[8.354s] INFO:colcon.colcon_core.shell:Creating environment descriptor '/home/pi/hexapod/install/leg_controller/share/leg_controller/hook/pythonpath.dsv'
[8.356s] INFO:colcon.colcon_core.shell:Creating environment hook '/home/pi/hexapod/install/leg_controller/share/leg_controller/hook/pythonpath.sh'
[8.358s] Level 1:colcon.colcon_core.environment:checking '/home/pi/hexapod/install/leg_controller/bin'
[8.359s] Level 1:colcon.colcon_core.environment:create_environment_scripts_only(leg_controller)
[8.365s] INFO:colcon.colcon_core.shell:Creating package script '/home/pi/hexapod/install/leg_controller/share/leg_controller/package.ps1'
[8.379s] INFO:colcon.colcon_core.shell:Creating package descriptor '/home/pi/hexapod/install/leg_controller/share/leg_controller/package.dsv'
[8.395s] INFO:colcon.colcon_core.shell:Creating package script '/home/pi/hexapod/install/leg_controller/share/leg_controller/package.sh'
[8.407s] INFO:colcon.colcon_core.shell:Creating package script '/home/pi/hexapod/install/leg_controller/share/leg_controller/package.bash'
[8.414s] INFO:colcon.colcon_core.shell:Creating package script '/home/pi/hexapod/install/leg_controller/share/leg_controller/package.zsh'
[8.419s] Level 1:colcon.colcon_core.environment:create_file_with_runtime_dependencies(/home/pi/hexapod/install/leg_controller/share/colcon-core/packages/leg_controller)
[8.420s] DEBUG:colcon.colcon_parallel_executor.executor.parallel:closing loop
[8.422s] DEBUG:colcon.colcon_parallel_executor.executor.parallel:loop closed
[8.423s] DEBUG:colcon.colcon_parallel_executor.executor.parallel:run_until_complete finished with '0'
[8.423s] DEBUG:colcon.colcon_core.event_reactor:joining thread
[8.457s] INFO:colcon.colcon_core.plugin_system:Skipping extension 'colcon_notification.desktop_notification.notify_send': Could not find 'notify-send'
[8.458s] INFO:colcon.colcon_core.plugin_system:Skipping extension 'colcon_notification.desktop_notification.terminal_notifier': Not used on non-Darwin systems
[8.458s] INFO:colcon.colcon_core.plugin_system:Skipping extension 'colcon_notification.desktop_notification.win32': Not used on non-Windows systems
[8.459s] INFO:colcon.colcon_notification.desktop_notification:Sending desktop notification using 'notify2'
[8.462s] DEBUG:colcon.colcon_notification.desktop_notification.notify2:Failed to initialize notify2: org.freedesktop.DBus.Error.ServiceUnknown: The name org.freedesktop.Notifications was not provided by any .service files
[8.462s] DEBUG:colcon.colcon_core.event_reactor:joined thread
[8.468s] INFO:colcon.colcon_core.shell:Creating prefix script '/home/pi/hexapod/install/local_setup.ps1'
[8.474s] INFO:colcon.colcon_core.shell:Creating prefix util module '/home/pi/hexapod/install/_local_setup_util_ps1.py'
[8.482s] INFO:colcon.colcon_core.shell:Creating prefix chain script '/home/pi/hexapod/install/setup.ps1'
[8.489s] INFO:colcon.colcon_core.shell:Creating prefix script '/home/pi/hexapod/install/local_setup.sh'
[8.493s] INFO:colcon.colcon_core.shell:Creating prefix util module '/home/pi/hexapod/install/_local_setup_util_sh.py'
[8.496s] INFO:colcon.colcon_core.shell:Creating prefix chain script '/home/pi/hexapod/install/setup.sh'
[8.504s] INFO:colcon.colcon_core.shell:Creating prefix script '/home/pi/hexapod/install/local_setup.bash'
[8.509s] INFO:colcon.colcon_core.shell:Creating prefix chain script '/home/pi/hexapod/install/setup.bash'
[8.517s] INFO:colcon.colcon_core.shell:Creating prefix script '/home/pi/hexapod/install/local_setup.zsh'
[8.522s] INFO:colcon.colcon_core.shell:Creating prefix chain script '/home/pi/hexapod/install/setup.zsh'
