[0.717s] DEBUG:colcon:Command line arguments: ['/usr/bin/colcon', 'build']
[0.718s] DEBUG:colcon:Parsed command line arguments: Namespace(log_base=None, log_level=None, verb_name='build', build_base='build', install_base='install', merge_install=False, symlink_install=False, test_result_base=None, continue_on_error=False, executor='parallel', parallel_workers=4, event_handlers=None, ignore_user_meta=False, metas=['./colcon.meta'], base_paths=['.'], packages_ignore=None, packages_ignore_regex=None, paths=None, packages_up_to=None, packages_up_to_regex=None, packages_above=None, packages_above_and_dependencies=None, packages_above_depth=None, packages_select_by_dep=None, packages_skip_by_dep=None, packages_skip_up_to=None, packages_select_build_failed=False, packages_skip_build_finished=False, packages_select_test_failures=False, packages_skip_test_passed=False, packages_select=None, packages_skip=None, packages_select_regex=None, packages_skip_regex=None, packages_start=None, packages_end=None, allow_overriding=[], cmake_args=None, cmake_target=None, cmake_target_skip_unavailable=False, cmake_clean_cache=False, cmake_clean_first=False, cmake_force_configure=False, ament_cmake_args=None, catkin_cmake_args=None, catkin_skip_building_tests=False, verb_parser=<colcon_defaults.argument_parser.defaults.DefaultArgumentsDecorator object at 0xffff8b894b20>, verb_extension=<colcon_core.verb.build.BuildVerb object at 0xffff8b8945b0>, main=<bound method BuildVerb.main of <colcon_core.verb.build.BuildVerb object at 0xffff8b8945b0>>)
[0.852s] Level 1:colcon.colcon_core.package_discovery:discover_packages(colcon_meta) check parameters
[0.852s] Level 1:colcon.colcon_core.package_discovery:discover_packages(recursive) check parameters
[0.853s] Level 1:colcon.colcon_core.package_discovery:discover_packages(ignore) check parameters
[0.853s] Level 1:colcon.colcon_core.package_discovery:discover_packages(path) check parameters
[0.853s] Level 1:colcon.colcon_core.package_discovery:discover_packages(colcon_meta) discover
[0.853s] Level 1:colcon.colcon_core.package_discovery:discover_packages(recursive) discover
[0.853s] INFO:colcon.colcon_core.package_discovery:Crawling recursively for packages in '/home/pi/hexapod'
[0.854s] Level 1:colcon.colcon_core.package_identification:_identify(.) by extensions ['ignore', 'ignore_ament_install']
[0.854s] Level 1:colcon.colcon_core.package_identification:_identify(.) by extension 'ignore'
[0.855s] Level 1:colcon.colcon_core.package_identification:_identify(.) by extension 'ignore_ament_install'
[0.855s] Level 1:colcon.colcon_core.package_identification:_identify(.) by extensions ['colcon_pkg']
[0.855s] Level 1:colcon.colcon_core.package_identification:_identify(.) by extension 'colcon_pkg'
[0.855s] Level 1:colcon.colcon_core.package_identification:_identify(.) by extensions ['colcon_meta']
[0.855s] Level 1:colcon.colcon_core.package_identification:_identify(.) by extension 'colcon_meta'
[0.856s] Level 1:colcon.colcon_core.package_identification:_identify(.) by extensions ['ros']
[0.856s] Level 1:colcon.colcon_core.package_identification:_identify(.) by extension 'ros'
[0.905s] Level 1:colcon.colcon_core.package_identification:_identify(.) by extensions ['cmake', 'python']
[0.906s] Level 1:colcon.colcon_core.package_identification:_identify(.) by extension 'cmake'
[0.906s] Level 1:colcon.colcon_core.package_identification:_identify(.) by extension 'python'
[0.906s] Level 1:colcon.colcon_core.package_identification:_identify(.) by extensions ['python_setup_py']
[0.906s] Level 1:colcon.colcon_core.package_identification:_identify(.) by extension 'python_setup_py'
[0.907s] Level 1:colcon.colcon_core.package_identification:_identify(build) by extensions ['ignore', 'ignore_ament_install']
[0.908s] Level 1:colcon.colcon_core.package_identification:_identify(build) by extension 'ignore'
[0.908s] Level 1:colcon.colcon_core.package_identification:_identify(build) ignored
[0.909s] Level 1:colcon.colcon_core.package_identification:_identify(development) by extensions ['ignore', 'ignore_ament_install']
[0.909s] Level 1:colcon.colcon_core.package_identification:_identify(development) by extension 'ignore'
[0.909s] Level 1:colcon.colcon_core.package_identification:_identify(development) by extension 'ignore_ament_install'
[0.910s] Level 1:colcon.colcon_core.package_identification:_identify(development) by extensions ['colcon_pkg']
[0.910s] Level 1:colcon.colcon_core.package_identification:_identify(development) by extension 'colcon_pkg'
[0.910s] Level 1:colcon.colcon_core.package_identification:_identify(development) by extensions ['colcon_meta']
[0.910s] Level 1:colcon.colcon_core.package_identification:_identify(development) by extension 'colcon_meta'
[0.910s] Level 1:colcon.colcon_core.package_identification:_identify(development) by extensions ['ros']
[0.911s] Level 1:colcon.colcon_core.package_identification:_identify(development) by extension 'ros'
[0.911s] Level 1:colcon.colcon_core.package_identification:_identify(development) by extensions ['cmake', 'python']
[0.911s] Level 1:colcon.colcon_core.package_identification:_identify(development) by extension 'cmake'
[0.911s] Level 1:colcon.colcon_core.package_identification:_identify(development) by extension 'python'
[0.912s] Level 1:colcon.colcon_core.package_identification:_identify(development) by extensions ['python_setup_py']
[0.912s] Level 1:colcon.colcon_core.package_identification:_identify(development) by extension 'python_setup_py'
[0.912s] Level 1:colcon.colcon_core.package_identification:_identify(development/demos) by extensions ['ignore', 'ignore_ament_install']
[0.913s] Level 1:colcon.colcon_core.package_identification:_identify(development/demos) by extension 'ignore'
[0.913s] Level 1:colcon.colcon_core.package_identification:_identify(development/demos) by extension 'ignore_ament_install'
[0.913s] Level 1:colcon.colcon_core.package_identification:_identify(development/demos) by extensions ['colcon_pkg']
[0.913s] Level 1:colcon.colcon_core.package_identification:_identify(development/demos) by extension 'colcon_pkg'
[0.913s] Level 1:colcon.colcon_core.package_identification:_identify(development/demos) by extensions ['colcon_meta']
[0.914s] Level 1:colcon.colcon_core.package_identification:_identify(development/demos) by extension 'colcon_meta'
[0.914s] Level 1:colcon.colcon_core.package_identification:_identify(development/demos) by extensions ['ros']
[0.914s] Level 1:colcon.colcon_core.package_identification:_identify(development/demos) by extension 'ros'
[0.915s] Level 1:colcon.colcon_core.package_identification:_identify(development/demos) by extensions ['cmake', 'python']
[0.915s] Level 1:colcon.colcon_core.package_identification:_identify(development/demos) by extension 'cmake'
[0.915s] Level 1:colcon.colcon_core.package_identification:_identify(development/demos) by extension 'python'
[0.915s] Level 1:colcon.colcon_core.package_identification:_identify(development/demos) by extensions ['python_setup_py']
[0.915s] Level 1:colcon.colcon_core.package_identification:_identify(development/demos) by extension 'python_setup_py'
[0.916s] Level 1:colcon.colcon_core.package_identification:_identify(development/legacy) by extensions ['ignore', 'ignore_ament_install']
[0.916s] Level 1:colcon.colcon_core.package_identification:_identify(development/legacy) by extension 'ignore'
[0.917s] Level 1:colcon.colcon_core.package_identification:_identify(development/legacy) by extension 'ignore_ament_install'
[0.917s] Level 1:colcon.colcon_core.package_identification:_identify(development/legacy) by extensions ['colcon_pkg']
[0.917s] Level 1:colcon.colcon_core.package_identification:_identify(development/legacy) by extension 'colcon_pkg'
[0.917s] Level 1:colcon.colcon_core.package_identification:_identify(development/legacy) by extensions ['colcon_meta']
[0.917s] Level 1:colcon.colcon_core.package_identification:_identify(development/legacy) by extension 'colcon_meta'
[0.918s] Level 1:colcon.colcon_core.package_identification:_identify(development/legacy) by extensions ['ros']
[0.918s] Level 1:colcon.colcon_core.package_identification:_identify(development/legacy) by extension 'ros'
[0.918s] Level 1:colcon.colcon_core.package_identification:_identify(development/legacy) by extensions ['cmake', 'python']
[0.918s] Level 1:colcon.colcon_core.package_identification:_identify(development/legacy) by extension 'cmake'
[0.919s] Level 1:colcon.colcon_core.package_identification:_identify(development/legacy) by extension 'python'
[0.919s] Level 1:colcon.colcon_core.package_identification:_identify(development/legacy) by extensions ['python_setup_py']
[0.919s] Level 1:colcon.colcon_core.package_identification:_identify(development/legacy) by extension 'python_setup_py'
[0.920s] Level 1:colcon.colcon_core.package_identification:_identify(install) by extensions ['ignore', 'ignore_ament_install']
[0.920s] Level 1:colcon.colcon_core.package_identification:_identify(install) by extension 'ignore'
[0.920s] Level 1:colcon.colcon_core.package_identification:_identify(install) ignored
[0.921s] Level 1:colcon.colcon_core.package_identification:_identify(log) by extensions ['ignore', 'ignore_ament_install']
[0.921s] Level 1:colcon.colcon_core.package_identification:_identify(log) by extension 'ignore'
[0.921s] Level 1:colcon.colcon_core.package_identification:_identify(log) ignored
[0.922s] Level 1:colcon.colcon_core.package_identification:_identify(src) by extensions ['ignore', 'ignore_ament_install']
[0.922s] Level 1:colcon.colcon_core.package_identification:_identify(src) by extension 'ignore'
[0.922s] Level 1:colcon.colcon_core.package_identification:_identify(src) by extension 'ignore_ament_install'
[0.923s] Level 1:colcon.colcon_core.package_identification:_identify(src) by extensions ['colcon_pkg']
[0.923s] Level 1:colcon.colcon_core.package_identification:_identify(src) by extension 'colcon_pkg'
[0.923s] Level 1:colcon.colcon_core.package_identification:_identify(src) by extensions ['colcon_meta']
[0.923s] Level 1:colcon.colcon_core.package_identification:_identify(src) by extension 'colcon_meta'
[0.923s] Level 1:colcon.colcon_core.package_identification:_identify(src) by extensions ['ros']
[0.924s] Level 1:colcon.colcon_core.package_identification:_identify(src) by extension 'ros'
[0.924s] Level 1:colcon.colcon_core.package_identification:_identify(src) by extensions ['cmake', 'python']
[0.924s] Level 1:colcon.colcon_core.package_identification:_identify(src) by extension 'cmake'
[0.924s] Level 1:colcon.colcon_core.package_identification:_identify(src) by extension 'python'
[0.925s] Level 1:colcon.colcon_core.package_identification:_identify(src) by extensions ['python_setup_py']
[0.925s] Level 1:colcon.colcon_core.package_identification:_identify(src) by extension 'python_setup_py'
[0.925s] Level 1:colcon.colcon_core.package_identification:_identify(src/build) by extensions ['ignore', 'ignore_ament_install']
[0.926s] Level 1:colcon.colcon_core.package_identification:_identify(src/build) by extension 'ignore'
[0.926s] Level 1:colcon.colcon_core.package_identification:_identify(src/build) ignored
[0.926s] Level 1:colcon.colcon_core.package_identification:_identify(src/hexapod_interfaces) by extensions ['ignore', 'ignore_ament_install']
[0.927s] Level 1:colcon.colcon_core.package_identification:_identify(src/hexapod_interfaces) by extension 'ignore'
[0.927s] Level 1:colcon.colcon_core.package_identification:_identify(src/hexapod_interfaces) by extension 'ignore_ament_install'
[0.927s] Level 1:colcon.colcon_core.package_identification:_identify(src/hexapod_interfaces) by extensions ['colcon_pkg']
[0.927s] Level 1:colcon.colcon_core.package_identification:_identify(src/hexapod_interfaces) by extension 'colcon_pkg'
[0.928s] Level 1:colcon.colcon_core.package_identification:_identify(src/hexapod_interfaces) by extensions ['colcon_meta']
[0.928s] Level 1:colcon.colcon_core.package_identification:_identify(src/hexapod_interfaces) by extension 'colcon_meta'
[0.928s] Level 1:colcon.colcon_core.package_identification:_identify(src/hexapod_interfaces) by extensions ['ros']
[0.928s] Level 1:colcon.colcon_core.package_identification:_identify(src/hexapod_interfaces) by extension 'ros'
[0.938s] DEBUG:colcon.colcon_core.package_identification:Package 'src/hexapod_interfaces' with type 'ros.ament_cmake' and name 'hexapod_interfaces'
[0.939s] Level 1:colcon.colcon_core.package_identification:_identify(src/install) by extensions ['ignore', 'ignore_ament_install']
[0.939s] Level 1:colcon.colcon_core.package_identification:_identify(src/install) by extension 'ignore'
[0.940s] Level 1:colcon.colcon_core.package_identification:_identify(src/install) ignored
[0.940s] Level 1:colcon.colcon_core.package_identification:_identify(src/leg_controller) by extensions ['ignore', 'ignore_ament_install']
[0.941s] Level 1:colcon.colcon_core.package_identification:_identify(src/leg_controller) by extension 'ignore'
[0.941s] Level 1:colcon.colcon_core.package_identification:_identify(src/leg_controller) by extension 'ignore_ament_install'
[0.941s] Level 1:colcon.colcon_core.package_identification:_identify(src/leg_controller) by extensions ['colcon_pkg']
[0.941s] Level 1:colcon.colcon_core.package_identification:_identify(src/leg_controller) by extension 'colcon_pkg'
[0.941s] Level 1:colcon.colcon_core.package_identification:_identify(src/leg_controller) by extensions ['colcon_meta']
[0.942s] Level 1:colcon.colcon_core.package_identification:_identify(src/leg_controller) by extension 'colcon_meta'
[0.942s] Level 1:colcon.colcon_core.package_identification:_identify(src/leg_controller) by extensions ['ros']
[0.942s] Level 1:colcon.colcon_core.package_identification:_identify(src/leg_controller) by extension 'ros'
[0.945s] DEBUG:colcon.colcon_core.package_identification:Package 'src/leg_controller' with type 'ros.ament_python' and name 'leg_controller'
[0.945s] Level 1:colcon.colcon_core.package_identification:_identify(src/log) by extensions ['ignore', 'ignore_ament_install']
[0.946s] Level 1:colcon.colcon_core.package_identification:_identify(src/log) by extension 'ignore'
[0.946s] Level 1:colcon.colcon_core.package_identification:_identify(src/log) ignored
[0.946s] Level 1:colcon.colcon_core.package_discovery:discover_packages(recursive) using defaults
[0.947s] Level 1:colcon.colcon_core.package_discovery:discover_packages(ignore) discover
[0.947s] Level 1:colcon.colcon_core.package_discovery:discover_packages(ignore) using defaults
[0.947s] Level 1:colcon.colcon_core.package_discovery:discover_packages(path) discover
[0.947s] Level 1:colcon.colcon_core.package_discovery:discover_packages(path) using defaults
[1.057s] Level 1:colcon.colcon_core.package_discovery:discover_packages(prefix_path) check parameters
[1.057s] Level 1:colcon.colcon_core.package_discovery:discover_packages(prefix_path) discover
[1.070s] DEBUG:colcon.colcon_installed_package_information.package_discovery:Found 2 installed packages in /home/pi/hexapod/install
[1.080s] DEBUG:colcon.colcon_installed_package_information.package_discovery:Found 180 installed packages in /opt/ros/humble
[1.085s] Level 1:colcon.colcon_core.package_discovery:discover_packages(prefix_path) using defaults
[1.279s] Level 5:colcon.colcon_core.verb:set package 'hexapod_interfaces' build argument 'cmake_args' from command line to 'None'
[1.279s] Level 5:colcon.colcon_core.verb:set package 'hexapod_interfaces' build argument 'cmake_target' from command line to 'None'
[1.280s] Level 5:colcon.colcon_core.verb:set package 'hexapod_interfaces' build argument 'cmake_target_skip_unavailable' from command line to 'False'
[1.280s] Level 5:colcon.colcon_core.verb:set package 'hexapod_interfaces' build argument 'cmake_clean_cache' from command line to 'False'
[1.280s] Level 5:colcon.colcon_core.verb:set package 'hexapod_interfaces' build argument 'cmake_clean_first' from command line to 'False'
[1.280s] Level 5:colcon.colcon_core.verb:set package 'hexapod_interfaces' build argument 'cmake_force_configure' from command line to 'False'
[1.280s] Level 5:colcon.colcon_core.verb:set package 'hexapod_interfaces' build argument 'ament_cmake_args' from command line to 'None'
[1.280s] Level 5:colcon.colcon_core.verb:set package 'hexapod_interfaces' build argument 'catkin_cmake_args' from command line to 'None'
[1.280s] Level 5:colcon.colcon_core.verb:set package 'hexapod_interfaces' build argument 'catkin_skip_building_tests' from command line to 'False'
[1.281s] DEBUG:colcon.colcon_core.verb:Building package 'hexapod_interfaces' with the following arguments: {'ament_cmake_args': None, 'build_base': '/home/pi/hexapod/build/hexapod_interfaces', 'catkin_cmake_args': None, 'catkin_skip_building_tests': False, 'cmake_args': None, 'cmake_clean_cache': False, 'cmake_clean_first': False, 'cmake_force_configure': False, 'cmake_target': None, 'cmake_target_skip_unavailable': False, 'install_base': '/home/pi/hexapod/install/hexapod_interfaces', 'merge_install': False, 'path': '/home/pi/hexapod/src/hexapod_interfaces', 'symlink_install': False, 'test_result_base': None}
[1.285s] Level 5:colcon.colcon_core.verb:set package 'leg_controller' build argument 'cmake_args' from command line to 'None'
[1.285s] Level 5:colcon.colcon_core.verb:set package 'leg_controller' build argument 'cmake_target' from command line to 'None'
[1.286s] Level 5:colcon.colcon_core.verb:set package 'leg_controller' build argument 'cmake_target_skip_unavailable' from command line to 'False'
[1.286s] Level 5:colcon.colcon_core.verb:set package 'leg_controller' build argument 'cmake_clean_cache' from command line to 'False'
[1.286s] Level 5:colcon.colcon_core.verb:set package 'leg_controller' build argument 'cmake_clean_first' from command line to 'False'
[1.286s] Level 5:colcon.colcon_core.verb:set package 'leg_controller' build argument 'cmake_force_configure' from command line to 'False'
[1.286s] Level 5:colcon.colcon_core.verb:set package 'leg_controller' build argument 'ament_cmake_args' from command line to 'None'
[1.286s] Level 5:colcon.colcon_core.verb:set package 'leg_controller' build argument 'catkin_cmake_args' from command line to 'None'
[1.286s] Level 5:colcon.colcon_core.verb:set package 'leg_controller' build argument 'catkin_skip_building_tests' from command line to 'False'
[1.287s] DEBUG:colcon.colcon_core.verb:Building package 'leg_controller' with the following arguments: {'ament_cmake_args': None, 'build_base': '/home/pi/hexapod/build/leg_controller', 'catkin_cmake_args': None, 'catkin_skip_building_tests': False, 'cmake_args': None, 'cmake_clean_cache': False, 'cmake_clean_first': False, 'cmake_force_configure': False, 'cmake_target': None, 'cmake_target_skip_unavailable': False, 'install_base': '/home/pi/hexapod/install/leg_controller', 'merge_install': False, 'path': '/home/pi/hexapod/src/leg_controller', 'symlink_install': False, 'test_result_base': None}
[1.289s] INFO:colcon.colcon_core.executor:Executing jobs using 'parallel' executor
[1.304s] DEBUG:colcon.colcon_parallel_executor.executor.parallel:run_until_complete
[1.305s] INFO:colcon.colcon_ros.task.ament_cmake.build:Building ROS package in '/home/pi/hexapod/src/hexapod_interfaces' with build type 'ament_cmake'
[1.306s] INFO:colcon.colcon_cmake.task.cmake.build:Building CMake package in '/home/pi/hexapod/src/hexapod_interfaces'
[1.328s] INFO:colcon.colcon_core.plugin_system:Skipping extension 'colcon_core.shell.bat': Not used on non-Windows systems
[1.329s] INFO:colcon.colcon_core.shell:Skip shell extension 'powershell' for command environment: Not usable outside of PowerShell
[1.329s] DEBUG:colcon.colcon_core.shell:Skip shell extension 'dsv' for command environment
[1.379s] DEBUG:colcon.colcon_core.event_handler.log_command:Invoking command in '/home/pi/hexapod/build/hexapod_interfaces': CMAKE_PREFIX_PATH=${CMAKE_PREFIX_PATH}:/home/pi/hexapod/install/leg_controller:/opt/ros/humble /usr/bin/cmake --build /home/pi/hexapod/build/hexapod_interfaces -- -j4 -l4
[3.405s] DEBUG:colcon.colcon_core.event_handler.log_command:Invoked command in '/home/pi/hexapod/build/hexapod_interfaces' returned '0': CMAKE_PREFIX_PATH=${CMAKE_PREFIX_PATH}:/home/pi/hexapod/install/leg_controller:/opt/ros/humble /usr/bin/cmake --build /home/pi/hexapod/build/hexapod_interfaces -- -j4 -l4
[3.857s] DEBUG:colcon.colcon_core.event_handler.log_command:Invoking command in '/home/pi/hexapod/build/hexapod_interfaces': CMAKE_PREFIX_PATH=${CMAKE_PREFIX_PATH}:/home/pi/hexapod/install/leg_controller:/opt/ros/humble /usr/bin/cmake --install /home/pi/hexapod/build/hexapod_interfaces
[4.164s] Level 1:colcon.colcon_core.environment:create_environment_scripts_only(hexapod_interfaces)
[4.167s] DEBUG:colcon.colcon_core.event_handler.log_command:Invoked command in '/home/pi/hexapod/build/hexapod_interfaces' returned '0': CMAKE_PREFIX_PATH=${CMAKE_PREFIX_PATH}:/home/pi/hexapod/install/leg_controller:/opt/ros/humble /usr/bin/cmake --install /home/pi/hexapod/build/hexapod_interfaces
[4.190s] Level 1:colcon.colcon_core.environment:checking '/home/pi/hexapod/install/hexapod_interfaces' for CMake module files
[4.195s] Level 1:colcon.colcon_core.environment:checking '/home/pi/hexapod/install/hexapod_interfaces' for CMake config files
[4.198s] Level 1:colcon.colcon_core.shell:create_environment_hook('hexapod_interfaces', 'cmake_prefix_path')
[4.204s] INFO:colcon.colcon_core.shell:Creating environment hook '/home/pi/hexapod/install/hexapod_interfaces/share/hexapod_interfaces/hook/cmake_prefix_path.ps1'
[4.207s] INFO:colcon.colcon_core.shell:Creating environment descriptor '/home/pi/hexapod/install/hexapod_interfaces/share/hexapod_interfaces/hook/cmake_prefix_path.dsv'
[4.209s] INFO:colcon.colcon_core.shell:Creating environment hook '/home/pi/hexapod/install/hexapod_interfaces/share/hexapod_interfaces/hook/cmake_prefix_path.sh'
[4.214s] Level 1:colcon.colcon_core.environment:checking '/home/pi/hexapod/install/hexapod_interfaces/lib'
[4.215s] Level 1:colcon.colcon_core.shell:create_environment_hook('hexapod_interfaces', 'ld_library_path_lib')
[4.221s] INFO:colcon.colcon_core.shell:Creating environment hook '/home/pi/hexapod/install/hexapod_interfaces/share/hexapod_interfaces/hook/ld_library_path_lib.ps1'
[4.223s] INFO:colcon.colcon_core.shell:Creating environment descriptor '/home/pi/hexapod/install/hexapod_interfaces/share/hexapod_interfaces/hook/ld_library_path_lib.dsv'
[4.225s] INFO:colcon.colcon_core.shell:Creating environment hook '/home/pi/hexapod/install/hexapod_interfaces/share/hexapod_interfaces/hook/ld_library_path_lib.sh'
[4.227s] Level 1:colcon.colcon_core.environment:checking '/home/pi/hexapod/install/hexapod_interfaces/bin'
[4.228s] Level 1:colcon.colcon_core.environment:checking '/home/pi/hexapod/install/hexapod_interfaces/lib/pkgconfig/hexapod_interfaces.pc'
[4.229s] Level 1:colcon.colcon_core.environment:checking '/home/pi/hexapod/install/hexapod_interfaces/lib/python3.10/site-packages'
[4.230s] Level 1:colcon.colcon_core.environment:checking '/home/pi/hexapod/install/hexapod_interfaces/bin'
[4.236s] INFO:colcon.colcon_core.shell:Creating package script '/home/pi/hexapod/install/hexapod_interfaces/share/hexapod_interfaces/package.ps1'
[4.240s] INFO:colcon.colcon_core.shell:Creating package descriptor '/home/pi/hexapod/install/hexapod_interfaces/share/hexapod_interfaces/package.dsv'
[4.243s] INFO:colcon.colcon_core.shell:Creating package script '/home/pi/hexapod/install/hexapod_interfaces/share/hexapod_interfaces/package.sh'
[4.247s] INFO:colcon.colcon_core.shell:Creating package script '/home/pi/hexapod/install/hexapod_interfaces/share/hexapod_interfaces/package.bash'
[4.250s] INFO:colcon.colcon_core.shell:Creating package script '/home/pi/hexapod/install/hexapod_interfaces/share/hexapod_interfaces/package.zsh'
[4.254s] Level 1:colcon.colcon_core.environment:create_file_with_runtime_dependencies(/home/pi/hexapod/install/hexapod_interfaces/share/colcon-core/packages/hexapod_interfaces)
[4.660s] Level 1:colcon.colcon_core.environment:create_environment_scripts_only(hexapod_interfaces)
[4.669s] Level 1:colcon.colcon_core.environment:checking '/home/pi/hexapod/install/hexapod_interfaces' for CMake module files
[4.673s] Level 1:colcon.colcon_core.environment:checking '/home/pi/hexapod/install/hexapod_interfaces' for CMake config files
[4.677s] Level 1:colcon.colcon_core.shell:create_environment_hook('hexapod_interfaces', 'cmake_prefix_path')
[4.682s] INFO:colcon.colcon_core.shell:Creating environment hook '/home/pi/hexapod/install/hexapod_interfaces/share/hexapod_interfaces/hook/cmake_prefix_path.ps1'
[4.684s] INFO:colcon.colcon_core.shell:Creating environment descriptor '/home/pi/hexapod/install/hexapod_interfaces/share/hexapod_interfaces/hook/cmake_prefix_path.dsv'
[4.686s] INFO:colcon.colcon_core.shell:Creating environment hook '/home/pi/hexapod/install/hexapod_interfaces/share/hexapod_interfaces/hook/cmake_prefix_path.sh'
[4.689s] Level 1:colcon.colcon_core.environment:checking '/home/pi/hexapod/install/hexapod_interfaces/lib'
[4.690s] Level 1:colcon.colcon_core.shell:create_environment_hook('hexapod_interfaces', 'ld_library_path_lib')
[4.695s] INFO:colcon.colcon_core.shell:Creating environment hook '/home/pi/hexapod/install/hexapod_interfaces/share/hexapod_interfaces/hook/ld_library_path_lib.ps1'
[4.697s] INFO:colcon.colcon_core.shell:Creating environment descriptor '/home/pi/hexapod/install/hexapod_interfaces/share/hexapod_interfaces/hook/ld_library_path_lib.dsv'
[4.699s] INFO:colcon.colcon_core.shell:Creating environment hook '/home/pi/hexapod/install/hexapod_interfaces/share/hexapod_interfaces/hook/ld_library_path_lib.sh'
[4.701s] Level 1:colcon.colcon_core.environment:checking '/home/pi/hexapod/install/hexapod_interfaces/bin'
[4.702s] Level 1:colcon.colcon_core.environment:checking '/home/pi/hexapod/install/hexapod_interfaces/lib/pkgconfig/hexapod_interfaces.pc'
[4.703s] Level 1:colcon.colcon_core.environment:checking '/home/pi/hexapod/install/hexapod_interfaces/lib/python3.10/site-packages'
[4.704s] Level 1:colcon.colcon_core.environment:checking '/home/pi/hexapod/install/hexapod_interfaces/bin'
[4.710s] INFO:colcon.colcon_core.shell:Creating package script '/home/pi/hexapod/install/hexapod_interfaces/share/hexapod_interfaces/package.ps1'
[4.713s] INFO:colcon.colcon_core.shell:Creating package descriptor '/home/pi/hexapod/install/hexapod_interfaces/share/hexapod_interfaces/package.dsv'
[4.715s] INFO:colcon.colcon_core.shell:Creating package script '/home/pi/hexapod/install/hexapod_interfaces/share/hexapod_interfaces/package.sh'
[4.718s] INFO:colcon.colcon_core.shell:Creating package script '/home/pi/hexapod/install/hexapod_interfaces/share/hexapod_interfaces/package.bash'
[4.720s] INFO:colcon.colcon_core.shell:Creating package script '/home/pi/hexapod/install/hexapod_interfaces/share/hexapod_interfaces/package.zsh'
[4.723s] Level 1:colcon.colcon_core.environment:create_file_with_runtime_dependencies(/home/pi/hexapod/install/hexapod_interfaces/share/colcon-core/packages/hexapod_interfaces)
[4.724s] INFO:colcon.colcon_ros.task.ament_python.build:Building ROS package in '/home/pi/hexapod/src/leg_controller' with build type 'ament_python'
[4.725s] Level 1:colcon.colcon_core.shell:create_environment_hook('leg_controller', 'ament_prefix_path')
[4.731s] INFO:colcon.colcon_core.shell:Creating environment hook '/home/pi/hexapod/install/leg_controller/share/leg_controller/hook/ament_prefix_path.ps1'
[4.734s] INFO:colcon.colcon_core.shell:Creating environment descriptor '/home/pi/hexapod/install/leg_controller/share/leg_controller/hook/ament_prefix_path.dsv'
[4.736s] INFO:colcon.colcon_core.shell:Creating environment hook '/home/pi/hexapod/install/leg_controller/share/leg_controller/hook/ament_prefix_path.sh'
[4.744s] INFO:colcon.colcon_core.shell:Skip shell extension 'powershell' for command environment: Not usable outside of PowerShell
[4.745s] DEBUG:colcon.colcon_core.shell:Skip shell extension 'dsv' for command environment
[6.083s] INFO:colcon.colcon_core.task.python.build:Building Python package in '/home/pi/hexapod/src/leg_controller'
[6.090s] INFO:colcon.colcon_core.shell:Skip shell extension 'powershell' for command environment: Not usable outside of PowerShell
[6.090s] DEBUG:colcon.colcon_core.shell:Skip shell extension 'dsv' for command environment
[7.899s] DEBUG:colcon.colcon_core.event_handler.log_command:Invoking command in '/home/pi/hexapod/src/leg_controller': PYTHONPATH=/home/pi/hexapod/build/leg_controller/prefix_override:/home/pi/hexapod/install/leg_controller/lib/python3.10/site-packages:${PYTHONPATH} /usr/bin/python3 setup.py egg_info --egg-base ../../build/leg_controller build --build-base /home/pi/hexapod/build/leg_controller/build install --record /home/pi/hexapod/build/leg_controller/install.log --single-version-externally-managed
[9.397s] Level 1:colcon.colcon_core.environment:checking '/home/pi/hexapod/install/leg_controller' for CMake module files
[9.399s] DEBUG:colcon.colcon_core.event_handler.log_command:Invoked command in '/home/pi/hexapod/src/leg_controller' returned '0': PYTHONPATH=/home/pi/hexapod/build/leg_controller/prefix_override:/home/pi/hexapod/install/leg_controller/lib/python3.10/site-packages:${PYTHONPATH} /usr/bin/python3 setup.py egg_info --egg-base ../../build/leg_controller build --build-base /home/pi/hexapod/build/leg_controller/build install --record /home/pi/hexapod/build/leg_controller/install.log --single-version-externally-managed
[9.401s] Level 1:colcon.colcon_core.environment:checking '/home/pi/hexapod/install/leg_controller' for CMake config files
[9.406s] Level 1:colcon.colcon_core.environment:checking '/home/pi/hexapod/install/leg_controller/lib'
[9.406s] Level 1:colcon.colcon_core.environment:checking '/home/pi/hexapod/install/leg_controller/bin'
[9.407s] Level 1:colcon.colcon_core.environment:checking '/home/pi/hexapod/install/leg_controller/lib/pkgconfig/leg_controller.pc'
[9.408s] Level 1:colcon.colcon_core.environment:checking '/home/pi/hexapod/install/leg_controller/lib/python3.10/site-packages'
[9.408s] Level 1:colcon.colcon_core.shell:create_environment_hook('leg_controller', 'pythonpath')
[9.414s] INFO:colcon.colcon_core.shell:Creating environment hook '/home/pi/hexapod/install/leg_controller/share/leg_controller/hook/pythonpath.ps1'
[9.416s] INFO:colcon.colcon_core.shell:Creating environment descriptor '/home/pi/hexapod/install/leg_controller/share/leg_controller/hook/pythonpath.dsv'
[9.418s] INFO:colcon.colcon_core.shell:Creating environment hook '/home/pi/hexapod/install/leg_controller/share/leg_controller/hook/pythonpath.sh'
[9.421s] Level 1:colcon.colcon_core.environment:checking '/home/pi/hexapod/install/leg_controller/bin'
[9.421s] Level 1:colcon.colcon_core.environment:create_environment_scripts_only(leg_controller)
[9.427s] INFO:colcon.colcon_core.shell:Creating package script '/home/pi/hexapod/install/leg_controller/share/leg_controller/package.ps1'
[9.430s] INFO:colcon.colcon_core.shell:Creating package descriptor '/home/pi/hexapod/install/leg_controller/share/leg_controller/package.dsv'
[9.432s] INFO:colcon.colcon_core.shell:Creating package script '/home/pi/hexapod/install/leg_controller/share/leg_controller/package.sh'
[9.434s] INFO:colcon.colcon_core.shell:Creating package script '/home/pi/hexapod/install/leg_controller/share/leg_controller/package.bash'
[9.436s] INFO:colcon.colcon_core.shell:Creating package script '/home/pi/hexapod/install/leg_controller/share/leg_controller/package.zsh'
[9.438s] Level 1:colcon.colcon_core.environment:create_file_with_runtime_dependencies(/home/pi/hexapod/install/leg_controller/share/colcon-core/packages/leg_controller)
[9.439s] DEBUG:colcon.colcon_parallel_executor.executor.parallel:closing loop
[9.440s] DEBUG:colcon.colcon_parallel_executor.executor.parallel:loop closed
[9.441s] DEBUG:colcon.colcon_parallel_executor.executor.parallel:run_until_complete finished with '0'
[9.441s] DEBUG:colcon.colcon_core.event_reactor:joining thread
[9.473s] INFO:colcon.colcon_core.plugin_system:Skipping extension 'colcon_notification.desktop_notification.notify_send': Could not find 'notify-send'
[9.473s] INFO:colcon.colcon_core.plugin_system:Skipping extension 'colcon_notification.desktop_notification.terminal_notifier': Not used on non-Darwin systems
[9.473s] INFO:colcon.colcon_core.plugin_system:Skipping extension 'colcon_notification.desktop_notification.win32': Not used on non-Windows systems
[9.474s] INFO:colcon.colcon_notification.desktop_notification:Sending desktop notification using 'notify2'
[9.477s] DEBUG:colcon.colcon_notification.desktop_notification.notify2:Failed to initialize notify2: org.freedesktop.DBus.Error.ServiceUnknown: The name org.freedesktop.Notifications was not provided by any .service files
[9.477s] DEBUG:colcon.colcon_core.event_reactor:joined thread
[9.483s] INFO:colcon.colcon_core.shell:Creating prefix script '/home/pi/hexapod/install/local_setup.ps1'
[9.487s] INFO:colcon.colcon_core.shell:Creating prefix util module '/home/pi/hexapod/install/_local_setup_util_ps1.py'
[9.494s] INFO:colcon.colcon_core.shell:Creating prefix chain script '/home/pi/hexapod/install/setup.ps1'
[9.501s] INFO:colcon.colcon_core.shell:Creating prefix script '/home/pi/hexapod/install/local_setup.sh'
[9.504s] INFO:colcon.colcon_core.shell:Creating prefix util module '/home/pi/hexapod/install/_local_setup_util_sh.py'
[9.506s] INFO:colcon.colcon_core.shell:Creating prefix chain script '/home/pi/hexapod/install/setup.sh'
[9.513s] INFO:colcon.colcon_core.shell:Creating prefix script '/home/pi/hexapod/install/local_setup.bash'
[9.515s] INFO:colcon.colcon_core.shell:Creating prefix chain script '/home/pi/hexapod/install/setup.bash'
[9.522s] INFO:colcon.colcon_core.shell:Creating prefix script '/home/pi/hexapod/install/local_setup.zsh'
[9.524s] INFO:colcon.colcon_core.shell:Creating prefix chain script '/home/pi/hexapod/install/setup.zsh'
