[0.071s] Invoking command in '/home/pi/hexapod/src/build/hexapod_interfaces': CMAKE_PREFIX_PATH=/home/pi/hexapod/install/leg_controller:/opt/ros/humble /usr/bin/cmake /home/pi/hexapod/src/hexapod_interfaces -DCMAKE_INSTALL_PREFIX=/home/pi/hexapod/src/install/hexapod_interfaces
[0.119s] -- Found ament_cmake: 1.3.3 (/opt/ros/humble/share/ament_cmake/cmake)
[0.850s] -- Found rosidl_default_generators: 1.2.0 (/opt/ros/humble/share/rosidl_default_generators/cmake)
[0.858s] -- Using all available rosidl_typesupport_c: rosidl_typesupport_fastrtps_c;rosidl_typesupport_introspection_c
[0.871s] -- Found rosidl_adapter: 3.1.4 (/opt/ros/humble/share/rosidl_adapter/cmake)
[1.038s] -- Using all available rosidl_typesupport_cpp: rosidl_typesupport_fastrtps_cpp;rosidl_typesupport_introspection_cpp
[1.978s] [31mCMake Error at /opt/ros/humble/share/rosidl_adapter/cmake/rosidl_adapt_interfaces.cmake:59 (message):
[1.979s]   execute_process(/usr/bin/python3.10 -m rosidl_adapter --package-name
[1.979s]   hexapod_interfaces --arguments-file
[1.980s]   /home/pi/hexapod/src/build/hexapod_interfaces/rosidl_adapter__arguments__hexapod_interfaces.json
[1.980s]   --output-dir
[1.980s]   /home/pi/hexapod/src/build/hexapod_interfaces/rosidl_adapter/hexapod_interfaces
[1.981s]   --output-file
[1.981s]   /home/pi/hexapod/src/build/hexapod_interfaces/rosidl_adapter/hexapod_interfaces.idls)
[1.982s]   returned error code 1:
[1.982s] 
[1.983s]   Error processing 'float[7] shoulder_angle [0.0, 0.0, 0.0, 0.0, 0.0, 0.0,
[1.984s]   0.0]' of 'hexapod_interfaces/TargetAngles': ''float' is an invalid message
[1.985s]   name.  It should have the pattern '^[A-Z][A-Za-z0-9]*$''
[1.986s] 
[1.987s]   Traceback (most recent call last):
[1.987s] 
[1.989s]     File "/usr/lib/python3.10/runpy.py", line 196, in _run_module_as_main
[1.990s]       return _run_code(code, main_globals, None,
[1.992s]     File "/usr/lib/python3.10/runpy.py", line 86, in _run_code
[1.994s]       exec(code, run_globals)
[1.995s]     File "/opt/ros/humble/local/lib/python3.10/dist-packages/rosidl_adapter/__main__.py", line 19, in <module>
[1.997s]       sys.exit(main())
[1.998s]     File "/opt/ros/humble/local/lib/python3.10/dist-packages/rosidl_adapter/main.py", line 53, in main
[1.998s]       abs_idl_file = convert_to_idl(
[1.999s]     File "/opt/ros/humble/local/lib/python3.10/dist-packages/rosidl_adapter/__init__.py", line 19, in convert_to_idl
[1.999s]       return convert_msg_to_idl(
[2.000s]     File "/opt/ros/humble/local/lib/python3.10/dist-packages/rosidl_adapter/msg/__init__.py", line 28, in convert_msg_to_idl
[2.000s]       msg = parse_message_string(package_name, input_file.stem, content)
[2.001s]     File "/opt/ros/humble/local/lib/python3.10/dist-packages/rosidl_adapter/parser.py", line 520, in parse_message_string
[2.002s]       Type(type_string, context_package_name=pkg_name),
[2.002s]     File "/opt/ros/humble/local/lib/python3.10/dist-packages/rosidl_adapter/parser.py", line 277, in __init__
[2.003s]       super(Type, self).__init__(
[2.005s]     File "/opt/ros/humble/local/lib/python3.10/dist-packages/rosidl_adapter/parser.py", line 205, in __init__
[2.006s]       raise InvalidResourceName(
[2.007s] 
[2.008s]   rosidl_adapter.parser.InvalidResourceName: 'float' is an invalid message
[2.008s]   name.  It should have the pattern '^[A-Z][A-Za-z0-9]*$'
[2.009s] 
[2.012s] Call Stack (most recent call first):
[2.016s]   /opt/ros/humble/share/rosidl_cmake/cmake/rosidl_generate_interfaces.cmake:130 (rosidl_adapt_interfaces)
[2.016s]   CMakeLists.txt:27 (rosidl_generate_interfaces)
[2.017s] 
[2.017s] [0m
[2.017s] -- Configuring incomplete, errors occurred!
[2.018s] See also "/home/pi/hexapod/src/build/hexapod_interfaces/CMakeFiles/CMakeOutput.log".
[2.018s] Invoked command in '/home/pi/hexapod/src/build/hexapod_interfaces' returned '1': CMAKE_PREFIX_PATH=/home/pi/hexapod/install/leg_controller:/opt/ros/humble /usr/bin/cmake /home/pi/hexapod/src/hexapod_interfaces -DCMAKE_INSTALL_PREFIX=/home/pi/hexapod/src/install/hexapod_interfaces
