[5.050s] Invoking command in '/home/pi/hexapod/src/leg_controller': PYTHONPATH=/home/pi/hexapod/build/leg_controller/prefix_override:/home/pi/hexapod/install/leg_controller/lib/python3.10/site-packages:${PYTHONPATH} /usr/bin/python3 setup.py egg_info --egg-base ../../build/leg_controller build --build-base /home/pi/hexapod/build/leg_controller/build install --record /home/pi/hexapod/build/leg_controller/install.log --single-version-externally-managed
[7.102s] running egg_info
[7.105s] creating ../../build/leg_controller/leg_controller.egg-info
[7.108s] writing ../../build/leg_controller/leg_controller.egg-info/PKG-INFO
[7.113s] writing dependency_links to ../../build/leg_controller/leg_controller.egg-info/dependency_links.txt
[7.116s] writing entry points to ../../build/leg_controller/leg_controller.egg-info/entry_points.txt
[7.118s] writing requirements to ../../build/leg_controller/leg_controller.egg-info/requires.txt
[7.121s] writing top-level names to ../../build/leg_controller/leg_controller.egg-info/top_level.txt
[7.124s] writing manifest file '../../build/leg_controller/leg_controller.egg-info/SOURCES.txt'
[7.135s] reading manifest file '../../build/leg_controller/leg_controller.egg-info/SOURCES.txt'
[7.142s] writing manifest file '../../build/leg_controller/leg_controller.egg-info/SOURCES.txt'
[7.144s] running build
[7.145s] running build_py
[7.146s] creating /home/pi/hexapod/build/leg_controller/build
[7.146s] creating /home/pi/hexapod/build/leg_controller/build/lib
[7.148s] creating /home/pi/hexapod/build/leg_controller/build/lib/leg_controller
[7.149s] copying leg_controller/legInfo.py -> /home/pi/hexapod/build/leg_controller/build/lib/leg_controller
[7.150s] copying leg_controller/servoController.py -> /home/pi/hexapod/build/leg_controller/build/lib/leg_controller
[7.150s] copying leg_controller/motorControlDemo.py -> /home/pi/hexapod/build/leg_controller/build/lib/leg_controller
[7.161s] copying leg_controller/pointToAngle.py -> /home/pi/hexapod/build/leg_controller/build/lib/leg_controller
[7.162s] copying leg_controller/__init__.py -> /home/pi/hexapod/build/leg_controller/build/lib/leg_controller
[7.167s] running install
[7.168s] running install_lib
[7.169s] creating /home/pi/hexapod/install/leg_controller/lib/python3.10/site-packages/leg_controller
[7.169s] copying /home/pi/hexapod/build/leg_controller/build/lib/leg_controller/legInfo.py -> /home/pi/hexapod/install/leg_controller/lib/python3.10/site-packages/leg_controller
[7.170s] copying /home/pi/hexapod/build/leg_controller/build/lib/leg_controller/servoController.py -> /home/pi/hexapod/install/leg_controller/lib/python3.10/site-packages/leg_controller
[7.171s] copying /home/pi/hexapod/build/leg_controller/build/lib/leg_controller/motorControlDemo.py -> /home/pi/hexapod/install/leg_controller/lib/python3.10/site-packages/leg_controller
[7.173s] copying /home/pi/hexapod/build/leg_controller/build/lib/leg_controller/pointToAngle.py -> /home/pi/hexapod/install/leg_controller/lib/python3.10/site-packages/leg_controller
[7.174s] copying /home/pi/hexapod/build/leg_controller/build/lib/leg_controller/__init__.py -> /home/pi/hexapod/install/leg_controller/lib/python3.10/site-packages/leg_controller
[7.175s] byte-compiling /home/pi/hexapod/install/leg_controller/lib/python3.10/site-packages/leg_controller/legInfo.py to legInfo.cpython-310.pyc
[7.183s] byte-compiling /home/pi/hexapod/install/leg_controller/lib/python3.10/site-packages/leg_controller/servoController.py to servoController.cpython-310.pyc
[7.187s] byte-compiling /home/pi/hexapod/install/leg_controller/lib/python3.10/site-packages/leg_controller/motorControlDemo.py to motorControlDemo.cpython-310.pyc
[7.191s] byte-compiling /home/pi/hexapod/install/leg_controller/lib/python3.10/site-packages/leg_controller/pointToAngle.py to pointToAngle.cpython-310.pyc
[7.196s] byte-compiling /home/pi/hexapod/install/leg_controller/lib/python3.10/site-packages/leg_controller/__init__.py to __init__.cpython-310.pyc
[7.197s] running install_data
[7.200s] creating /home/pi/hexapod/install/leg_controller/share/ament_index
[7.201s] creating /home/pi/hexapod/install/leg_controller/share/ament_index/resource_index
[7.202s] creating /home/pi/hexapod/install/leg_controller/share/ament_index/resource_index/packages
[7.203s] copying resource/leg_controller -> /home/pi/hexapod/install/leg_controller/share/ament_index/resource_index/packages
[7.204s] copying package.xml -> /home/pi/hexapod/install/leg_controller/share/leg_controller
[7.205s] running install_egg_info
[7.213s] Copying ../../build/leg_controller/leg_controller.egg-info to /home/pi/hexapod/install/leg_controller/lib/python3.10/site-packages/leg_controller-0.0.0-py3.10.egg-info
[7.222s] running install_scripts
[7.348s] Installing kin_node script to /home/pi/hexapod/install/leg_controller/lib/leg_controller
[7.353s] Installing servo_node script to /home/pi/hexapod/install/leg_controller/lib/leg_controller
[7.356s] writing list of installed files to '/home/pi/hexapod/build/leg_controller/install.log'
[7.573s] Invoked command in '/home/pi/hexapod/src/leg_controller' returned '0': PYTHONPATH=/home/pi/hexapod/build/leg_controller/prefix_override:/home/pi/hexapod/install/leg_controller/lib/python3.10/site-packages:${PYTHONPATH} /usr/bin/python3 setup.py egg_info --egg-base ../../build/leg_controller build --build-base /home/pi/hexapod/build/leg_controller/build install --record /home/pi/hexapod/build/leg_controller/install.log --single-version-externally-managed
