[3.024s] Invoking command in '/home/pi/hexapod/build/leg_controller': PYTHONPATH=/home/pi/hexapod/build/leg_controller/prefix_override:/home/pi/hexapod/install/leg_controller/lib/python3.10/site-packages:${PYTHONPATH} /usr/bin/python3 setup.py develop --uninstall --editable --build-directory /home/pi/hexapod/build/leg_controller/build
[4.285s] running develop
[5.164s] Invoked command in '/home/pi/hexapod/build/leg_controller' returned '0': PYTHONPATH=/home/pi/hexapod/build/leg_controller/prefix_override:/home/pi/hexapod/install/leg_controller/lib/python3.10/site-packages:${PYTHONPATH} /usr/bin/python3 setup.py develop --uninstall --editable --build-directory /home/pi/hexapod/build/leg_controller/build
[5.174s] Invoking command in '/home/pi/hexapod/src/leg_controller': PYTHONPATH=/home/pi/hexapod/build/leg_controller/prefix_override:/home/pi/hexapod/install/leg_controller/lib/python3.10/site-packages:${PYTHONPATH} /usr/bin/python3 setup.py egg_info --egg-base ../../build/leg_controller build --build-base /home/pi/hexapod/build/leg_controller/build install --record /home/pi/hexapod/build/leg_controller/install.log --single-version-externally-managed
[6.337s] running egg_info
[6.339s] writing ../../build/leg_controller/leg_controller.egg-info/PKG-INFO
[6.340s] writing dependency_links to ../../build/leg_controller/leg_controller.egg-info/dependency_links.txt
[6.341s] writing entry points to ../../build/leg_controller/leg_controller.egg-info/entry_points.txt
[6.342s] writing requirements to ../../build/leg_controller/leg_controller.egg-info/requires.txt
[6.343s] writing top-level names to ../../build/leg_controller/leg_controller.egg-info/top_level.txt
[6.353s] reading manifest file '../../build/leg_controller/leg_controller.egg-info/SOURCES.txt'
[6.357s] writing manifest file '../../build/leg_controller/leg_controller.egg-info/SOURCES.txt'
[6.358s] running build
[6.358s] running build_py
[6.359s] copying leg_controller/servo_move.py -> /home/pi/hexapod/build/leg_controller/build/lib/leg_controller
[6.361s] running install
[6.363s] running install_lib
[6.366s] copying /home/pi/hexapod/build/leg_controller/build/lib/leg_controller/servo_move.py -> /home/pi/hexapod/install/leg_controller/lib/python3.10/site-packages/leg_controller
[6.370s] byte-compiling /home/pi/hexapod/install/leg_controller/lib/python3.10/site-packages/leg_controller/servo_move.py to servo_move.cpython-310.pyc
[6.374s] running install_data
[6.376s] running install_egg_info
[6.383s] removing '/home/pi/hexapod/install/leg_controller/lib/python3.10/site-packages/leg_controller-0.0.0-py3.10.egg-info' (and everything under it)
[6.385s] Copying ../../build/leg_controller/leg_controller.egg-info to /home/pi/hexapod/install/leg_controller/lib/python3.10/site-packages/leg_controller-0.0.0-py3.10.egg-info
[6.391s] running install_scripts
[6.474s] Installing legs_node script to /home/pi/hexapod/install/leg_controller/lib/leg_controller
[6.476s] writing list of installed files to '/home/pi/hexapod/build/leg_controller/install.log'
[6.603s] Invoked command in '/home/pi/hexapod/src/leg_controller' returned '0': PYTHONPATH=/home/pi/hexapod/build/leg_controller/prefix_override:/home/pi/hexapod/install/leg_controller/lib/python3.10/site-packages:${PYTHONPATH} /usr/bin/python3 setup.py egg_info --egg-base ../../build/leg_controller build --build-base /home/pi/hexapod/build/leg_controller/build install --record /home/pi/hexapod/build/leg_controller/install.log --single-version-externally-managed
