-- The C compiler identification is GNU 11.3.0
-- The CXX compiler identification is GNU 11.3.0
-- Detecting C compiler ABI info
-- Detecting C compiler ABI info - done
-- Check for working C compiler: /usr/bin/cc - skipped
-- Detecting C compile features
-- Detecting C compile features - done
-- Detecting CXX compiler ABI info
-- Detecting CXX compiler ABI info - done
-- Check for working CXX compiler: /usr/bin/c++ - skipped
-- Detecting CXX compile features
-- Detecting CXX compile features - done
-- Found ament_cmake: 1.3.3 (/opt/ros/humble/share/ament_cmake/cmake)
-- Found Python3: /usr/bin/python3.10 (found version "3.10.6") found components: Interpreter 
-- Found rosidl_default_generators: 1.2.0 (/opt/ros/humble/share/rosidl_default_generators/cmake)
-- Using all available rosidl_typesupport_c: rosidl_typesupport_fastrtps_c;rosidl_typesupport_introspection_c
-- Found rosidl_adapter: 3.1.4 (/opt/ros/humble/share/rosidl_adapter/cmake)
-- Using all available rosidl_typesupport_cpp: rosidl_typesupport_fastrtps_cpp;rosidl_typesupport_introspection_cpp
-- Found ament_cmake_ros: 0.10.0 (/opt/ros/humble/share/ament_cmake_ros/cmake)
-- Using all available rosidl_typesupport_c: rosidl_typesupport_fastrtps_c;rosidl_typesupport_introspection_c
-- Using all available rosidl_typesupport_cpp: rosidl_typesupport_fastrtps_cpp;rosidl_typesupport_introspection_cpp
-- Found PythonInterp: /usr/bin/python3 (found suitable version "3.10.6", minimum required is "3.6") 
-- Found python_cmake_module: 0.10.0 (/opt/ros/humble/share/python_cmake_module/cmake)
-- Found PythonLibs: /usr/lib/aarch64-linux-gnu/libpython3.10.so (found suitable version "3.10.6", minimum required is "3.5") 
-- Using PYTHON_EXECUTABLE: /usr/bin/python3
-- Using PYTHON_INCLUDE_DIRS: /usr/include/python3.10
-- Using PYTHON_LIBRARIES: /usr/lib/aarch64-linux-gnu/libpython3.10.so
-- Found PythonExtra: .so  
-- Configuring done
-- Generating done
-- Build files have been written to: /home/pi/hexapod/build/hexapod_interfaces
[  3%] [34m[1mGenerating C code for ROS interfaces[0m
[  6%] [34m[1mGenerating C++ code for ROS interfaces[0m
[  6%] Built target ament_cmake_python_copy_hexapod_interfaces
[  6%] Built target hexapod_interfaces__cpp
[  9%] [34m[1mGenerating C++ type support for eProsima Fast-RTPS[0m
[ 12%] [34m[1mGenerating C++ introspection for ROS interfaces[0m
running egg_info
creating hexapod_interfaces.egg-info
writing hexapod_interfaces.egg-info/PKG-INFO
writing dependency_links to hexapod_interfaces.egg-info/dependency_links.txt
writing top-level names to hexapod_interfaces.egg-info/top_level.txt
writing manifest file 'hexapod_interfaces.egg-info/SOURCES.txt'
reading manifest file 'hexapod_interfaces.egg-info/SOURCES.txt'
writing manifest file 'hexapod_interfaces.egg-info/SOURCES.txt'
[ 16%] [32mBuilding C object CMakeFiles/hexapod_interfaces__rosidl_generator_c.dir/rosidl_generator_c/hexapod_interfaces/msg/detail/target_angles__functions.c.o[0m
[ 16%] Built target ament_cmake_python_build_hexapod_interfaces_egg
[ 19%] [34m[1mGenerating C++ type support dispatch for ROS interfaces[0m
[ 22%] [32m[1mLinking C shared library libhexapod_interfaces__rosidl_generator_c.so[0m
[ 22%] Built target hexapod_interfaces__rosidl_generator_c
[ 25%] [34m[1mGenerating C type support for eProsima Fast-RTPS[0m
[ 29%] [32mBuilding CXX object CMakeFiles/hexapod_interfaces__rosidl_typesupport_cpp.dir/rosidl_typesupport_cpp/hexapod_interfaces/msg/target_angles__type_support.cpp.o[0m
[ 32%] [32mBuilding CXX object CMakeFiles/hexapod_interfaces__rosidl_typesupport_fastrtps_cpp.dir/rosidl_typesupport_fastrtps_cpp/hexapod_interfaces/msg/detail/dds_fastrtps/target_angles__type_support.cpp.o[0m
[ 35%] [32mBuilding CXX object CMakeFiles/hexapod_interfaces__rosidl_typesupport_introspection_cpp.dir/rosidl_typesupport_introspection_cpp/hexapod_interfaces/msg/detail/target_angles__type_support.cpp.o[0m
[ 38%] [32mBuilding CXX object CMakeFiles/hexapod_interfaces__rosidl_typesupport_fastrtps_c.dir/rosidl_typesupport_fastrtps_c/hexapod_interfaces/msg/detail/target_angles__type_support_c.cpp.o[0m
[ 41%] [32m[1mLinking CXX shared library libhexapod_interfaces__rosidl_typesupport_cpp.so[0m
[ 41%] Built target hexapod_interfaces__rosidl_typesupport_cpp
[ 45%] [34m[1mGenerating C introspection for ROS interfaces[0m
[ 48%] [32m[1mLinking CXX shared library libhexapod_interfaces__rosidl_typesupport_introspection_cpp.so[0m
[ 51%] [32m[1mLinking CXX shared library libhexapod_interfaces__rosidl_typesupport_fastrtps_cpp.so[0m
[ 54%] [32m[1mLinking CXX shared library libhexapod_interfaces__rosidl_typesupport_fastrtps_c.so[0m
[ 54%] Built target hexapod_interfaces__rosidl_typesupport_introspection_cpp
[ 58%] [34m[1mGenerating C type support dispatch for ROS interfaces[0m
[ 58%] Built target hexapod_interfaces__rosidl_typesupport_fastrtps_cpp
[ 58%] Built target hexapod_interfaces__rosidl_typesupport_fastrtps_c
[ 61%] [32mBuilding C object CMakeFiles/hexapod_interfaces__rosidl_typesupport_introspection_c.dir/rosidl_typesupport_introspection_c/hexapod_interfaces/msg/detail/target_angles__type_support.c.o[0m
[ 64%] [32m[1mLinking C shared library libhexapod_interfaces__rosidl_typesupport_introspection_c.so[0m
[ 64%] Built target hexapod_interfaces__rosidl_typesupport_introspection_c
[ 67%] [32mBuilding CXX object CMakeFiles/hexapod_interfaces__rosidl_typesupport_c.dir/rosidl_typesupport_c/hexapod_interfaces/msg/target_angles__type_support.cpp.o[0m
[ 70%] [32m[1mLinking CXX shared library libhexapod_interfaces__rosidl_typesupport_c.so[0m
[ 70%] Built target hexapod_interfaces__rosidl_typesupport_c
[ 70%] Built target hexapod_interfaces
[ 74%] [34m[1mGenerating Python code for ROS interfaces[0m
[ 74%] Built target hexapod_interfaces__py
[ 77%] [32mBuilding C object CMakeFiles/hexapod_interfaces__rosidl_generator_py.dir/rosidl_generator_py/hexapod_interfaces/msg/_target_angles_s.c.o[0m
[ 80%] [32m[1mLinking C shared library rosidl_generator_py/hexapod_interfaces/libhexapod_interfaces__rosidl_generator_py.so[0m
[ 80%] Built target hexapod_interfaces__rosidl_generator_py
[ 83%] [32mBuilding C object CMakeFiles/hexapod_interfaces__rosidl_typesupport_fastrtps_c__pyext.dir/rosidl_generator_py/hexapod_interfaces/_hexapod_interfaces_s.ep.rosidl_typesupport_fastrtps_c.c.o[0m
[ 87%] [32mBuilding C object CMakeFiles/hexapod_interfaces__rosidl_typesupport_c__pyext.dir/rosidl_generator_py/hexapod_interfaces/_hexapod_interfaces_s.ep.rosidl_typesupport_c.c.o[0m
[ 90%] [32mBuilding C object CMakeFiles/hexapod_interfaces__rosidl_typesupport_introspection_c__pyext.dir/rosidl_generator_py/hexapod_interfaces/_hexapod_interfaces_s.ep.rosidl_typesupport_introspection_c.c.o[0m
[ 93%] [32m[1mLinking C shared library rosidl_generator_py/hexapod_interfaces/hexapod_interfaces_s__rosidl_typesupport_c.cpython-310-aarch64-linux-gnu.so[0m
[ 96%] [32m[1mLinking C shared library rosidl_generator_py/hexapod_interfaces/hexapod_interfaces_s__rosidl_typesupport_introspection_c.cpython-310-aarch64-linux-gnu.so[0m
[100%] [32m[1mLinking C shared library rosidl_generator_py/hexapod_interfaces/hexapod_interfaces_s__rosidl_typesupport_fastrtps_c.cpython-310-aarch64-linux-gnu.so[0m
[100%] Built target hexapod_interfaces__rosidl_typesupport_c__pyext
[100%] Built target hexapod_interfaces__rosidl_typesupport_introspection_c__pyext
[100%] Built target hexapod_interfaces__rosidl_typesupport_fastrtps_c__pyext
-- Install configuration: ""
-- Installing: /home/pi/hexapod/install/hexapod_interfaces/share/ament_index/resource_index/rosidl_interfaces/hexapod_interfaces
-- Installing: /home/pi/hexapod/install/hexapod_interfaces/include/hexapod_interfaces/hexapod_interfaces
-- Installing: /home/pi/hexapod/install/hexapod_interfaces/include/hexapod_interfaces/hexapod_interfaces/msg
-- Installing: /home/pi/hexapod/install/hexapod_interfaces/include/hexapod_interfaces/hexapod_interfaces/msg/target_angles.h
-- Installing: /home/pi/hexapod/install/hexapod_interfaces/include/hexapod_interfaces/hexapod_interfaces/msg/rosidl_generator_c__visibility_control.h
-- Installing: /home/pi/hexapod/install/hexapod_interfaces/include/hexapod_interfaces/hexapod_interfaces/msg/detail
-- Installing: /home/pi/hexapod/install/hexapod_interfaces/include/hexapod_interfaces/hexapod_interfaces/msg/detail/target_angles__type_support.h
-- Installing: /home/pi/hexapod/install/hexapod_interfaces/include/hexapod_interfaces/hexapod_interfaces/msg/detail/target_angles__functions.h
-- Installing: /home/pi/hexapod/install/hexapod_interfaces/include/hexapod_interfaces/hexapod_interfaces/msg/detail/target_angles__functions.c
-- Installing: /home/pi/hexapod/install/hexapod_interfaces/include/hexapod_interfaces/hexapod_interfaces/msg/detail/target_angles__struct.h
-- Installing: /home/pi/hexapod/install/hexapod_interfaces/share/hexapod_interfaces/environment/library_path.sh
-- Installing: /home/pi/hexapod/install/hexapod_interfaces/share/hexapod_interfaces/environment/library_path.dsv
-- Installing: /home/pi/hexapod/install/hexapod_interfaces/lib/libhexapod_interfaces__rosidl_generator_c.so
-- Set runtime path of "/home/pi/hexapod/install/hexapod_interfaces/lib/libhexapod_interfaces__rosidl_generator_c.so" to ""
-- Up-to-date: /home/pi/hexapod/install/hexapod_interfaces/include/hexapod_interfaces/hexapod_interfaces
-- Up-to-date: /home/pi/hexapod/install/hexapod_interfaces/include/hexapod_interfaces/hexapod_interfaces/msg
-- Installing: /home/pi/hexapod/install/hexapod_interfaces/include/hexapod_interfaces/hexapod_interfaces/msg/rosidl_typesupport_fastrtps_c__visibility_control.h
-- Up-to-date: /home/pi/hexapod/install/hexapod_interfaces/include/hexapod_interfaces/hexapod_interfaces/msg/detail
-- Installing: /home/pi/hexapod/install/hexapod_interfaces/include/hexapod_interfaces/hexapod_interfaces/msg/detail/target_angles__rosidl_typesupport_fastrtps_c.h
-- Installing: /home/pi/hexapod/install/hexapod_interfaces/lib/libhexapod_interfaces__rosidl_typesupport_fastrtps_c.so
-- Set runtime path of "/home/pi/hexapod/install/hexapod_interfaces/lib/libhexapod_interfaces__rosidl_typesupport_fastrtps_c.so" to ""
-- Up-to-date: /home/pi/hexapod/install/hexapod_interfaces/include/hexapod_interfaces/hexapod_interfaces
-- Up-to-date: /home/pi/hexapod/install/hexapod_interfaces/include/hexapod_interfaces/hexapod_interfaces/msg
-- Up-to-date: /home/pi/hexapod/install/hexapod_interfaces/include/hexapod_interfaces/hexapod_interfaces/msg/detail
-- Installing: /home/pi/hexapod/install/hexapod_interfaces/include/hexapod_interfaces/hexapod_interfaces/msg/detail/target_angles__type_support.c
-- Installing: /home/pi/hexapod/install/hexapod_interfaces/include/hexapod_interfaces/hexapod_interfaces/msg/detail/target_angles__rosidl_typesupport_introspection_c.h
-- Installing: /home/pi/hexapod/install/hexapod_interfaces/include/hexapod_interfaces/hexapod_interfaces/msg/rosidl_typesupport_introspection_c__visibility_control.h
-- Installing: /home/pi/hexapod/install/hexapod_interfaces/lib/libhexapod_interfaces__rosidl_typesupport_introspection_c.so
-- Set runtime path of "/home/pi/hexapod/install/hexapod_interfaces/lib/libhexapod_interfaces__rosidl_typesupport_introspection_c.so" to ""
-- Installing: /home/pi/hexapod/install/hexapod_interfaces/lib/libhexapod_interfaces__rosidl_typesupport_c.so
-- Set runtime path of "/home/pi/hexapod/install/hexapod_interfaces/lib/libhexapod_interfaces__rosidl_typesupport_c.so" to ""
-- Up-to-date: /home/pi/hexapod/install/hexapod_interfaces/include/hexapod_interfaces/hexapod_interfaces
-- Up-to-date: /home/pi/hexapod/install/hexapod_interfaces/include/hexapod_interfaces/hexapod_interfaces/msg
-- Up-to-date: /home/pi/hexapod/install/hexapod_interfaces/include/hexapod_interfaces/hexapod_interfaces/msg/detail
-- Installing: /home/pi/hexapod/install/hexapod_interfaces/include/hexapod_interfaces/hexapod_interfaces/msg/detail/target_angles__traits.hpp
-- Installing: /home/pi/hexapod/install/hexapod_interfaces/include/hexapod_interfaces/hexapod_interfaces/msg/detail/target_angles__struct.hpp
-- Installing: /home/pi/hexapod/install/hexapod_interfaces/include/hexapod_interfaces/hexapod_interfaces/msg/detail/target_angles__builder.hpp
-- Installing: /home/pi/hexapod/install/hexapod_interfaces/include/hexapod_interfaces/hexapod_interfaces/msg/target_angles.hpp
-- Up-to-date: /home/pi/hexapod/install/hexapod_interfaces/include/hexapod_interfaces/hexapod_interfaces
-- Up-to-date: /home/pi/hexapod/install/hexapod_interfaces/include/hexapod_interfaces/hexapod_interfaces/msg
-- Installing: /home/pi/hexapod/install/hexapod_interfaces/include/hexapod_interfaces/hexapod_interfaces/msg/rosidl_typesupport_fastrtps_cpp__visibility_control.h
-- Up-to-date: /home/pi/hexapod/install/hexapod_interfaces/include/hexapod_interfaces/hexapod_interfaces/msg/detail
-- Installing: /home/pi/hexapod/install/hexapod_interfaces/include/hexapod_interfaces/hexapod_interfaces/msg/detail/target_angles__rosidl_typesupport_fastrtps_cpp.hpp
-- Installing: /home/pi/hexapod/install/hexapod_interfaces/include/hexapod_interfaces/hexapod_interfaces/msg/detail/dds_fastrtps
-- Installing: /home/pi/hexapod/install/hexapod_interfaces/lib/libhexapod_interfaces__rosidl_typesupport_fastrtps_cpp.so
-- Set runtime path of "/home/pi/hexapod/install/hexapod_interfaces/lib/libhexapod_interfaces__rosidl_typesupport_fastrtps_cpp.so" to ""
-- Up-to-date: /home/pi/hexapod/install/hexapod_interfaces/include/hexapod_interfaces/hexapod_interfaces
-- Up-to-date: /home/pi/hexapod/install/hexapod_interfaces/include/hexapod_interfaces/hexapod_interfaces/msg
-- Up-to-date: /home/pi/hexapod/install/hexapod_interfaces/include/hexapod_interfaces/hexapod_interfaces/msg/detail
-- Installing: /home/pi/hexapod/install/hexapod_interfaces/include/hexapod_interfaces/hexapod_interfaces/msg/detail/target_angles__rosidl_typesupport_introspection_cpp.hpp
-- Installing: /home/pi/hexapod/install/hexapod_interfaces/include/hexapod_interfaces/hexapod_interfaces/msg/detail/target_angles__type_support.cpp
-- Installing: /home/pi/hexapod/install/hexapod_interfaces/lib/libhexapod_interfaces__rosidl_typesupport_introspection_cpp.so
-- Set runtime path of "/home/pi/hexapod/install/hexapod_interfaces/lib/libhexapod_interfaces__rosidl_typesupport_introspection_cpp.so" to ""
-- Installing: /home/pi/hexapod/install/hexapod_interfaces/lib/libhexapod_interfaces__rosidl_typesupport_cpp.so
-- Set runtime path of "/home/pi/hexapod/install/hexapod_interfaces/lib/libhexapod_interfaces__rosidl_typesupport_cpp.so" to ""
-- Installing: /home/pi/hexapod/install/hexapod_interfaces/share/hexapod_interfaces/environment/pythonpath.sh
-- Installing: /home/pi/hexapod/install/hexapod_interfaces/share/hexapod_interfaces/environment/pythonpath.dsv
-- Installing: /home/pi/hexapod/install/hexapod_interfaces/local/lib/python3.10/dist-packages/hexapod_interfaces-0.0.0-py3.10.egg-info
-- Installing: /home/pi/hexapod/install/hexapod_interfaces/local/lib/python3.10/dist-packages/hexapod_interfaces-0.0.0-py3.10.egg-info/top_level.txt
-- Installing: /home/pi/hexapod/install/hexapod_interfaces/local/lib/python3.10/dist-packages/hexapod_interfaces-0.0.0-py3.10.egg-info/dependency_links.txt
-- Installing: /home/pi/hexapod/install/hexapod_interfaces/local/lib/python3.10/dist-packages/hexapod_interfaces-0.0.0-py3.10.egg-info/PKG-INFO
-- Installing: /home/pi/hexapod/install/hexapod_interfaces/local/lib/python3.10/dist-packages/hexapod_interfaces-0.0.0-py3.10.egg-info/SOURCES.txt
-- Installing: /home/pi/hexapod/install/hexapod_interfaces/local/lib/python3.10/dist-packages/hexapod_interfaces
-- Installing: /home/pi/hexapod/install/hexapod_interfaces/local/lib/python3.10/dist-packages/hexapod_interfaces/_hexapod_interfaces_s.ep.rosidl_typesupport_fastrtps_c.c
-- Installing: /home/pi/hexapod/install/hexapod_interfaces/local/lib/python3.10/dist-packages/hexapod_interfaces/libhexapod_interfaces__rosidl_generator_py.so
-- Installing: /home/pi/hexapod/install/hexapod_interfaces/local/lib/python3.10/dist-packages/hexapod_interfaces/msg
-- Installing: /home/pi/hexapod/install/hexapod_interfaces/local/lib/python3.10/dist-packages/hexapod_interfaces/msg/_target_angles_s.c
-- Installing: /home/pi/hexapod/install/hexapod_interfaces/local/lib/python3.10/dist-packages/hexapod_interfaces/msg/_target_angles.py
-- Installing: /home/pi/hexapod/install/hexapod_interfaces/local/lib/python3.10/dist-packages/hexapod_interfaces/msg/__init__.py
-- Installing: /home/pi/hexapod/install/hexapod_interfaces/local/lib/python3.10/dist-packages/hexapod_interfaces/hexapod_interfaces_s__rosidl_typesupport_c.cpython-310-aarch64-linux-gnu.so
-- Installing: /home/pi/hexapod/install/hexapod_interfaces/local/lib/python3.10/dist-packages/hexapod_interfaces/_hexapod_interfaces_s.ep.rosidl_typesupport_c.c
-- Installing: /home/pi/hexapod/install/hexapod_interfaces/local/lib/python3.10/dist-packages/hexapod_interfaces/hexapod_interfaces_s__rosidl_typesupport_fastrtps_c.cpython-310-aarch64-linux-gnu.so
-- Installing: /home/pi/hexapod/install/hexapod_interfaces/local/lib/python3.10/dist-packages/hexapod_interfaces/hexapod_interfaces_s__rosidl_typesupport_introspection_c.cpython-310-aarch64-linux-gnu.so
-- Installing: /home/pi/hexapod/install/hexapod_interfaces/local/lib/python3.10/dist-packages/hexapod_interfaces/__init__.py
-- Installing: /home/pi/hexapod/install/hexapod_interfaces/local/lib/python3.10/dist-packages/hexapod_interfaces/_hexapod_interfaces_s.ep.rosidl_typesupport_introspection_c.c
Listing '/home/pi/hexapod/install/hexapod_interfaces/local/lib/python3.10/dist-packages/hexapod_interfaces'...
Compiling '/home/pi/hexapod/install/hexapod_interfaces/local/lib/python3.10/dist-packages/hexapod_interfaces/__init__.py'...
Listing '/home/pi/hexapod/install/hexapod_interfaces/local/lib/python3.10/dist-packages/hexapod_interfaces/msg'...
Compiling '/home/pi/hexapod/install/hexapod_interfaces/local/lib/python3.10/dist-packages/hexapod_interfaces/msg/__init__.py'...
Compiling '/home/pi/hexapod/install/hexapod_interfaces/local/lib/python3.10/dist-packages/hexapod_interfaces/msg/_target_angles.py'...
-- Installing: /home/pi/hexapod/install/hexapod_interfaces/local/lib/python3.10/dist-packages/hexapod_interfaces/hexapod_interfaces_s__rosidl_typesupport_fastrtps_c.cpython-310-aarch64-linux-gnu.so
-- Set runtime path of "/home/pi/hexapod/install/hexapod_interfaces/local/lib/python3.10/dist-packages/hexapod_interfaces/hexapod_interfaces_s__rosidl_typesupport_fastrtps_c.cpython-310-aarch64-linux-gnu.so" to ""
-- Installing: /home/pi/hexapod/install/hexapod_interfaces/local/lib/python3.10/dist-packages/hexapod_interfaces/hexapod_interfaces_s__rosidl_typesupport_introspection_c.cpython-310-aarch64-linux-gnu.so
-- Set runtime path of "/home/pi/hexapod/install/hexapod_interfaces/local/lib/python3.10/dist-packages/hexapod_interfaces/hexapod_interfaces_s__rosidl_typesupport_introspection_c.cpython-310-aarch64-linux-gnu.so" to ""
-- Installing: /home/pi/hexapod/install/hexapod_interfaces/local/lib/python3.10/dist-packages/hexapod_interfaces/hexapod_interfaces_s__rosidl_typesupport_c.cpython-310-aarch64-linux-gnu.so
-- Set runtime path of "/home/pi/hexapod/install/hexapod_interfaces/local/lib/python3.10/dist-packages/hexapod_interfaces/hexapod_interfaces_s__rosidl_typesupport_c.cpython-310-aarch64-linux-gnu.so" to ""
-- Installing: /home/pi/hexapod/install/hexapod_interfaces/lib/libhexapod_interfaces__rosidl_generator_py.so
-- Set runtime path of "/home/pi/hexapod/install/hexapod_interfaces/lib/libhexapod_interfaces__rosidl_generator_py.so" to ""
-- Installing: /home/pi/hexapod/install/hexapod_interfaces/share/hexapod_interfaces/msg/TargetAngles.idl
-- Installing: /home/pi/hexapod/install/hexapod_interfaces/share/hexapod_interfaces/msg/TargetAngles.msg
-- Installing: /home/pi/hexapod/install/hexapod_interfaces/share/ament_index/resource_index/package_run_dependencies/hexapod_interfaces
-- Installing: /home/pi/hexapod/install/hexapod_interfaces/share/ament_index/resource_index/parent_prefix_path/hexapod_interfaces
-- Installing: /home/pi/hexapod/install/hexapod_interfaces/share/hexapod_interfaces/environment/ament_prefix_path.sh
-- Installing: /home/pi/hexapod/install/hexapod_interfaces/share/hexapod_interfaces/environment/ament_prefix_path.dsv
-- Installing: /home/pi/hexapod/install/hexapod_interfaces/share/hexapod_interfaces/environment/path.sh
-- Installing: /home/pi/hexapod/install/hexapod_interfaces/share/hexapod_interfaces/environment/path.dsv
-- Installing: /home/pi/hexapod/install/hexapod_interfaces/share/hexapod_interfaces/local_setup.bash
-- Installing: /home/pi/hexapod/install/hexapod_interfaces/share/hexapod_interfaces/local_setup.sh
-- Installing: /home/pi/hexapod/install/hexapod_interfaces/share/hexapod_interfaces/local_setup.zsh
-- Installing: /home/pi/hexapod/install/hexapod_interfaces/share/hexapod_interfaces/local_setup.dsv
-- Installing: /home/pi/hexapod/install/hexapod_interfaces/share/hexapod_interfaces/package.dsv
-- Installing: /home/pi/hexapod/install/hexapod_interfaces/share/ament_index/resource_index/packages/hexapod_interfaces
-- Installing: /home/pi/hexapod/install/hexapod_interfaces/share/hexapod_interfaces/cmake/export_hexapod_interfaces__rosidl_generator_cExport.cmake
-- Installing: /home/pi/hexapod/install/hexapod_interfaces/share/hexapod_interfaces/cmake/export_hexapod_interfaces__rosidl_generator_cExport-noconfig.cmake
-- Installing: /home/pi/hexapod/install/hexapod_interfaces/share/hexapod_interfaces/cmake/export_hexapod_interfaces__rosidl_typesupport_fastrtps_cExport.cmake
-- Installing: /home/pi/hexapod/install/hexapod_interfaces/share/hexapod_interfaces/cmake/export_hexapod_interfaces__rosidl_typesupport_fastrtps_cExport-noconfig.cmake
-- Installing: /home/pi/hexapod/install/hexapod_interfaces/share/hexapod_interfaces/cmake/hexapod_interfaces__rosidl_typesupport_introspection_cExport.cmake
-- Installing: /home/pi/hexapod/install/hexapod_interfaces/share/hexapod_interfaces/cmake/hexapod_interfaces__rosidl_typesupport_introspection_cExport-noconfig.cmake
-- Installing: /home/pi/hexapod/install/hexapod_interfaces/share/hexapod_interfaces/cmake/hexapod_interfaces__rosidl_typesupport_cExport.cmake
-- Installing: /home/pi/hexapod/install/hexapod_interfaces/share/hexapod_interfaces/cmake/hexapod_interfaces__rosidl_typesupport_cExport-noconfig.cmake
-- Installing: /home/pi/hexapod/install/hexapod_interfaces/share/hexapod_interfaces/cmake/export_hexapod_interfaces__rosidl_generator_cppExport.cmake
-- Installing: /home/pi/hexapod/install/hexapod_interfaces/share/hexapod_interfaces/cmake/export_hexapod_interfaces__rosidl_typesupport_fastrtps_cppExport.cmake
-- Installing: /home/pi/hexapod/install/hexapod_interfaces/share/hexapod_interfaces/cmake/export_hexapod_interfaces__rosidl_typesupport_fastrtps_cppExport-noconfig.cmake
-- Installing: /home/pi/hexapod/install/hexapod_interfaces/share/hexapod_interfaces/cmake/hexapod_interfaces__rosidl_typesupport_introspection_cppExport.cmake
-- Installing: /home/pi/hexapod/install/hexapod_interfaces/share/hexapod_interfaces/cmake/hexapod_interfaces__rosidl_typesupport_introspection_cppExport-noconfig.cmake
-- Installing: /home/pi/hexapod/install/hexapod_interfaces/share/hexapod_interfaces/cmake/hexapod_interfaces__rosidl_typesupport_cppExport.cmake
-- Installing: /home/pi/hexapod/install/hexapod_interfaces/share/hexapod_interfaces/cmake/hexapod_interfaces__rosidl_typesupport_cppExport-noconfig.cmake
-- Installing: /home/pi/hexapod/install/hexapod_interfaces/share/hexapod_interfaces/cmake/export_hexapod_interfaces__rosidl_generator_pyExport.cmake
-- Installing: /home/pi/hexapod/install/hexapod_interfaces/share/hexapod_interfaces/cmake/export_hexapod_interfaces__rosidl_generator_pyExport-noconfig.cmake
-- Installing: /home/pi/hexapod/install/hexapod_interfaces/share/hexapod_interfaces/cmake/rosidl_cmake-extras.cmake
-- Installing: /home/pi/hexapod/install/hexapod_interfaces/share/hexapod_interfaces/cmake/ament_cmake_export_include_directories-extras.cmake
-- Installing: /home/pi/hexapod/install/hexapod_interfaces/share/hexapod_interfaces/cmake/ament_cmake_export_libraries-extras.cmake
-- Installing: /home/pi/hexapod/install/hexapod_interfaces/share/hexapod_interfaces/cmake/ament_cmake_export_targets-extras.cmake
-- Installing: /home/pi/hexapod/install/hexapod_interfaces/share/hexapod_interfaces/cmake/rosidl_cmake_export_typesupport_targets-extras.cmake
-- Installing: /home/pi/hexapod/install/hexapod_interfaces/share/hexapod_interfaces/cmake/ament_cmake_export_dependencies-extras.cmake
-- Installing: /home/pi/hexapod/install/hexapod_interfaces/share/hexapod_interfaces/cmake/rosidl_cmake_export_typesupport_libraries-extras.cmake
-- Installing: /home/pi/hexapod/install/hexapod_interfaces/share/hexapod_interfaces/cmake/hexapod_interfacesConfig.cmake
-- Installing: /home/pi/hexapod/install/hexapod_interfaces/share/hexapod_interfaces/cmake/hexapod_interfacesConfig-version.cmake
-- Installing: /home/pi/hexapod/install/hexapod_interfaces/share/hexapod_interfaces/package.xml
