[0.070s] Invoking command in '/home/pi/hexapod/build/hexapod_interfaces': CMAKE_PREFIX_PATH=${CMAKE_PREFIX_PATH}:/home/pi/hexapod/install/leg_controller:/opt/ros/humble /usr/bin/cmake /home/pi/hexapod/src/hexapod_interfaces -DCMAKE_INSTALL_PREFIX=/home/pi/hexapod/install/hexapod_interfaces
[0.351s] -- The C compiler identification is GNU 11.3.0
[0.644s] -- The CXX compiler identification is GNU 11.3.0
[0.683s] -- Detecting C compiler ABI info
[1.084s] -- Detecting C compiler ABI info - done
[1.116s] -- Check for working C compiler: /usr/bin/cc - skipped
[1.117s] -- Detecting C compile features
[1.119s] -- Detecting C compile features - done
[1.137s] -- Detecting CXX compiler ABI info
[1.605s] -- Detecting CXX compiler ABI info - done
[1.643s] -- Check for working CXX compiler: /usr/bin/c++ - skipped
[1.644s] -- Detecting CXX compile features
[1.646s] -- Detecting CXX compile features - done
[1.674s] -- Found ament_cmake: 1.3.3 (/opt/ros/humble/share/ament_cmake/cmake)
[2.965s] -- Found Python3: /usr/bin/python3.10 (found version "3.10.6") found components: Interpreter 
[3.573s] -- Found rosidl_default_generators: 1.2.0 (/opt/ros/humble/share/rosidl_default_generators/cmake)
[3.599s] -- Using all available rosidl_typesupport_c: rosidl_typesupport_fastrtps_c;rosidl_typesupport_introspection_c
[3.654s] -- Found rosidl_adapter: 3.1.4 (/opt/ros/humble/share/rosidl_adapter/cmake)
[3.959s] -- Using all available rosidl_typesupport_cpp: rosidl_typesupport_fastrtps_cpp;rosidl_typesupport_introspection_cpp
[5.850s] -- Found ament_cmake_ros: 0.10.0 (/opt/ros/humble/share/ament_cmake_ros/cmake)
[6.779s] -- Using all available rosidl_typesupport_c: rosidl_typesupport_fastrtps_c;rosidl_typesupport_introspection_c
[7.969s] -- Using all available rosidl_typesupport_cpp: rosidl_typesupport_fastrtps_cpp;rosidl_typesupport_introspection_cpp
[8.088s] -- Found PythonInterp: /usr/bin/python3 (found suitable version "3.10.6", minimum required is "3.6") 
[8.102s] -- Found python_cmake_module: 0.10.0 (/opt/ros/humble/share/python_cmake_module/cmake)
[8.225s] -- Found PythonLibs: /usr/lib/aarch64-linux-gnu/libpython3.10.so (found suitable version "3.10.6", minimum required is "3.5") 
[8.225s] -- Using PYTHON_EXECUTABLE: /usr/bin/python3
[8.226s] -- Using PYTHON_INCLUDE_DIRS: /usr/include/python3.10
[8.226s] -- Using PYTHON_LIBRARIES: /usr/lib/aarch64-linux-gnu/libpython3.10.so
[8.335s] -- Found PythonExtra: .so  
[8.542s] -- Configuring done
[8.725s] -- Generating done
[8.742s] -- Build files have been written to: /home/pi/hexapod/build/hexapod_interfaces
[8.764s] Invoked command in '/home/pi/hexapod/build/hexapod_interfaces' returned '0': CMAKE_PREFIX_PATH=${CMAKE_PREFIX_PATH}:/home/pi/hexapod/install/leg_controller:/opt/ros/humble /usr/bin/cmake /home/pi/hexapod/src/hexapod_interfaces -DCMAKE_INSTALL_PREFIX=/home/pi/hexapod/install/hexapod_interfaces
[8.777s] Invoking command in '/home/pi/hexapod/build/hexapod_interfaces': CMAKE_PREFIX_PATH=${CMAKE_PREFIX_PATH}:/home/pi/hexapod/install/leg_controller:/opt/ros/humble /usr/bin/cmake --build /home/pi/hexapod/build/hexapod_interfaces -- -j4 -l4
[8.957s] [  3%] [34m[1mGenerating C code for ROS interfaces[0m
[8.998s] [  6%] [34m[1mGenerating C++ code for ROS interfaces[0m
[9.043s] [  6%] Built target ament_cmake_python_copy_hexapod_interfaces
[10.679s] [  6%] Built target hexapod_interfaces__cpp
[10.731s] [  9%] [34m[1mGenerating C++ type support for eProsima Fast-RTPS[0m
[10.739s] [ 12%] [34m[1mGenerating C++ introspection for ROS interfaces[0m
[10.747s] running egg_info
[10.750s] creating hexapod_interfaces.egg-info
[10.753s] writing hexapod_interfaces.egg-info/PKG-INFO
[10.759s] writing dependency_links to hexapod_interfaces.egg-info/dependency_links.txt
[10.762s] writing top-level names to hexapod_interfaces.egg-info/top_level.txt
[10.763s] writing manifest file 'hexapod_interfaces.egg-info/SOURCES.txt'
[10.768s] reading manifest file 'hexapod_interfaces.egg-info/SOURCES.txt'
[10.771s] writing manifest file 'hexapod_interfaces.egg-info/SOURCES.txt'
[10.814s] [ 16%] [32mBuilding C object CMakeFiles/hexapod_interfaces__rosidl_generator_c.dir/rosidl_generator_c/hexapod_interfaces/msg/detail/target_angles__functions.c.o[0m
[10.952s] [ 16%] Built target ament_cmake_python_build_hexapod_interfaces_egg
[11.008s] [ 19%] [34m[1mGenerating C++ type support dispatch for ROS interfaces[0m
[11.173s] [ 22%] [32m[1mLinking C shared library libhexapod_interfaces__rosidl_generator_c.so[0m
[11.416s] [ 22%] Built target hexapod_interfaces__rosidl_generator_c
[11.470s] [ 25%] [34m[1mGenerating C type support for eProsima Fast-RTPS[0m
[12.588s] [ 29%] [32mBuilding CXX object CMakeFiles/hexapod_interfaces__rosidl_typesupport_cpp.dir/rosidl_typesupport_cpp/hexapod_interfaces/msg/target_angles__type_support.cpp.o[0m
[12.631s] [ 32%] [32mBuilding CXX object CMakeFiles/hexapod_interfaces__rosidl_typesupport_fastrtps_cpp.dir/rosidl_typesupport_fastrtps_cpp/hexapod_interfaces/msg/detail/dds_fastrtps/target_angles__type_support.cpp.o[0m
[12.637s] [ 35%] [32mBuilding CXX object CMakeFiles/hexapod_interfaces__rosidl_typesupport_introspection_cpp.dir/rosidl_typesupport_introspection_cpp/hexapod_interfaces/msg/detail/target_angles__type_support.cpp.o[0m
[13.340s] [ 38%] [32mBuilding CXX object CMakeFiles/hexapod_interfaces__rosidl_typesupport_fastrtps_c.dir/rosidl_typesupport_fastrtps_c/hexapod_interfaces/msg/detail/target_angles__type_support_c.cpp.o[0m
[14.625s] [ 41%] [32m[1mLinking CXX shared library libhexapod_interfaces__rosidl_typesupport_cpp.so[0m
[14.873s] [ 41%] Built target hexapod_interfaces__rosidl_typesupport_cpp
[14.942s] [ 45%] [34m[1mGenerating C introspection for ROS interfaces[0m
[15.612s] [ 48%] [32m[1mLinking CXX shared library libhexapod_interfaces__rosidl_typesupport_introspection_cpp.so[0m
[15.733s] [ 51%] [32m[1mLinking CXX shared library libhexapod_interfaces__rosidl_typesupport_fastrtps_cpp.so[0m
[15.772s] [ 54%] [32m[1mLinking CXX shared library libhexapod_interfaces__rosidl_typesupport_fastrtps_c.so[0m
[16.156s] [ 54%] Built target hexapod_interfaces__rosidl_typesupport_introspection_cpp
[16.219s] [ 58%] [34m[1mGenerating C type support dispatch for ROS interfaces[0m
[16.256s] [ 58%] Built target hexapod_interfaces__rosidl_typesupport_fastrtps_cpp
[16.283s] [ 58%] Built target hexapod_interfaces__rosidl_typesupport_fastrtps_c
[16.797s] [ 61%] [32mBuilding C object CMakeFiles/hexapod_interfaces__rosidl_typesupport_introspection_c.dir/rosidl_typesupport_introspection_c/hexapod_interfaces/msg/detail/target_angles__type_support.c.o[0m
[17.009s] [ 64%] [32m[1mLinking C shared library libhexapod_interfaces__rosidl_typesupport_introspection_c.so[0m
[17.142s] [ 64%] Built target hexapod_interfaces__rosidl_typesupport_introspection_c
[17.476s] [ 67%] [32mBuilding CXX object CMakeFiles/hexapod_interfaces__rosidl_typesupport_c.dir/rosidl_typesupport_c/hexapod_interfaces/msg/target_angles__type_support.cpp.o[0m
[17.635s] [ 70%] [32m[1mLinking CXX shared library libhexapod_interfaces__rosidl_typesupport_c.so[0m
[17.810s] [ 70%] Built target hexapod_interfaces__rosidl_typesupport_c
[17.901s] [ 70%] Built target hexapod_interfaces
[17.994s] [ 74%] [34m[1mGenerating Python code for ROS interfaces[0m
[19.609s] [ 74%] Built target hexapod_interfaces__py
[19.699s] [ 77%] [32mBuilding C object CMakeFiles/hexapod_interfaces__rosidl_generator_py.dir/rosidl_generator_py/hexapod_interfaces/msg/_target_angles_s.c.o[0m
[20.244s] [ 80%] [32m[1mLinking C shared library rosidl_generator_py/hexapod_interfaces/libhexapod_interfaces__rosidl_generator_py.so[0m
[20.434s] [ 80%] Built target hexapod_interfaces__rosidl_generator_py
[20.531s] [ 83%] [32mBuilding C object CMakeFiles/hexapod_interfaces__rosidl_typesupport_fastrtps_c__pyext.dir/rosidl_generator_py/hexapod_interfaces/_hexapod_interfaces_s.ep.rosidl_typesupport_fastrtps_c.c.o[0m
[20.534s] [ 87%] [32mBuilding C object CMakeFiles/hexapod_interfaces__rosidl_typesupport_c__pyext.dir/rosidl_generator_py/hexapod_interfaces/_hexapod_interfaces_s.ep.rosidl_typesupport_c.c.o[0m
[20.535s] [ 90%] [32mBuilding C object CMakeFiles/hexapod_interfaces__rosidl_typesupport_introspection_c__pyext.dir/rosidl_generator_py/hexapod_interfaces/_hexapod_interfaces_s.ep.rosidl_typesupport_introspection_c.c.o[0m
[21.069s] [ 93%] [32m[1mLinking C shared library rosidl_generator_py/hexapod_interfaces/hexapod_interfaces_s__rosidl_typesupport_c.cpython-310-aarch64-linux-gnu.so[0m
[21.084s] [ 96%] [32m[1mLinking C shared library rosidl_generator_py/hexapod_interfaces/hexapod_interfaces_s__rosidl_typesupport_introspection_c.cpython-310-aarch64-linux-gnu.so[0m
[21.124s] [100%] [32m[1mLinking C shared library rosidl_generator_py/hexapod_interfaces/hexapod_interfaces_s__rosidl_typesupport_fastrtps_c.cpython-310-aarch64-linux-gnu.so[0m
[21.258s] [100%] Built target hexapod_interfaces__rosidl_typesupport_c__pyext
[21.279s] [100%] Built target hexapod_interfaces__rosidl_typesupport_introspection_c__pyext
[21.322s] [100%] Built target hexapod_interfaces__rosidl_typesupport_fastrtps_c__pyext
[21.367s] Invoked command in '/home/pi/hexapod/build/hexapod_interfaces' returned '0': CMAKE_PREFIX_PATH=${CMAKE_PREFIX_PATH}:/home/pi/hexapod/install/leg_controller:/opt/ros/humble /usr/bin/cmake --build /home/pi/hexapod/build/hexapod_interfaces -- -j4 -l4
[21.811s] Invoking command in '/home/pi/hexapod/build/hexapod_interfaces': CMAKE_PREFIX_PATH=${CMAKE_PREFIX_PATH}:/home/pi/hexapod/install/leg_controller:/opt/ros/humble /usr/bin/cmake --install /home/pi/hexapod/build/hexapod_interfaces
[21.841s] -- Install configuration: ""
[21.842s] -- Installing: /home/pi/hexapod/install/hexapod_interfaces/share/ament_index/resource_index/rosidl_interfaces/hexapod_interfaces
[21.843s] -- Installing: /home/pi/hexapod/install/hexapod_interfaces/include/hexapod_interfaces/hexapod_interfaces
[21.844s] -- Installing: /home/pi/hexapod/install/hexapod_interfaces/include/hexapod_interfaces/hexapod_interfaces/msg
[21.845s] -- Installing: /home/pi/hexapod/install/hexapod_interfaces/include/hexapod_interfaces/hexapod_interfaces/msg/target_angles.h
[21.846s] -- Installing: /home/pi/hexapod/install/hexapod_interfaces/include/hexapod_interfaces/hexapod_interfaces/msg/rosidl_generator_c__visibility_control.h
[21.848s] -- Installing: /home/pi/hexapod/install/hexapod_interfaces/include/hexapod_interfaces/hexapod_interfaces/msg/detail
[21.848s] -- Installing: /home/pi/hexapod/install/hexapod_interfaces/include/hexapod_interfaces/hexapod_interfaces/msg/detail/target_angles__type_support.h
[21.850s] -- Installing: /home/pi/hexapod/install/hexapod_interfaces/include/hexapod_interfaces/hexapod_interfaces/msg/detail/target_angles__functions.h
[21.851s] -- Installing: /home/pi/hexapod/install/hexapod_interfaces/include/hexapod_interfaces/hexapod_interfaces/msg/detail/target_angles__functions.c
[21.852s] -- Installing: /home/pi/hexapod/install/hexapod_interfaces/include/hexapod_interfaces/hexapod_interfaces/msg/detail/target_angles__struct.h
[21.855s] -- Installing: /home/pi/hexapod/install/hexapod_interfaces/share/hexapod_interfaces/environment/library_path.sh
[21.856s] -- Installing: /home/pi/hexapod/install/hexapod_interfaces/share/hexapod_interfaces/environment/library_path.dsv
[21.858s] -- Installing: /home/pi/hexapod/install/hexapod_interfaces/lib/libhexapod_interfaces__rosidl_generator_c.so
[21.862s] -- Set runtime path of "/home/pi/hexapod/install/hexapod_interfaces/lib/libhexapod_interfaces__rosidl_generator_c.so" to ""
[21.863s] -- Up-to-date: /home/pi/hexapod/install/hexapod_interfaces/include/hexapod_interfaces/hexapod_interfaces
[21.864s] -- Up-to-date: /home/pi/hexapod/install/hexapod_interfaces/include/hexapod_interfaces/hexapod_interfaces/msg
[21.865s] -- Installing: /home/pi/hexapod/install/hexapod_interfaces/include/hexapod_interfaces/hexapod_interfaces/msg/rosidl_typesupport_fastrtps_c__visibility_control.h
[21.865s] -- Up-to-date: /home/pi/hexapod/install/hexapod_interfaces/include/hexapod_interfaces/hexapod_interfaces/msg/detail
[21.867s] -- Installing: /home/pi/hexapod/install/hexapod_interfaces/include/hexapod_interfaces/hexapod_interfaces/msg/detail/target_angles__rosidl_typesupport_fastrtps_c.h
[21.867s] -- Installing: /home/pi/hexapod/install/hexapod_interfaces/lib/libhexapod_interfaces__rosidl_typesupport_fastrtps_c.so
[21.871s] -- Set runtime path of "/home/pi/hexapod/install/hexapod_interfaces/lib/libhexapod_interfaces__rosidl_typesupport_fastrtps_c.so" to ""
[21.871s] -- Up-to-date: /home/pi/hexapod/install/hexapod_interfaces/include/hexapod_interfaces/hexapod_interfaces
[21.872s] -- Up-to-date: /home/pi/hexapod/install/hexapod_interfaces/include/hexapod_interfaces/hexapod_interfaces/msg
[21.872s] -- Up-to-date: /home/pi/hexapod/install/hexapod_interfaces/include/hexapod_interfaces/hexapod_interfaces/msg/detail
[21.872s] -- Installing: /home/pi/hexapod/install/hexapod_interfaces/include/hexapod_interfaces/hexapod_interfaces/msg/detail/target_angles__type_support.c
[21.874s] -- Installing: /home/pi/hexapod/install/hexapod_interfaces/include/hexapod_interfaces/hexapod_interfaces/msg/detail/target_angles__rosidl_typesupport_introspection_c.h
[21.875s] -- Installing: /home/pi/hexapod/install/hexapod_interfaces/include/hexapod_interfaces/hexapod_interfaces/msg/rosidl_typesupport_introspection_c__visibility_control.h
[21.877s] -- Installing: /home/pi/hexapod/install/hexapod_interfaces/lib/libhexapod_interfaces__rosidl_typesupport_introspection_c.so
[21.880s] -- Set runtime path of "/home/pi/hexapod/install/hexapod_interfaces/lib/libhexapod_interfaces__rosidl_typesupport_introspection_c.so" to ""
[21.881s] -- Installing: /home/pi/hexapod/install/hexapod_interfaces/lib/libhexapod_interfaces__rosidl_typesupport_c.so
[21.884s] -- Set runtime path of "/home/pi/hexapod/install/hexapod_interfaces/lib/libhexapod_interfaces__rosidl_typesupport_c.so" to ""
[21.884s] -- Up-to-date: /home/pi/hexapod/install/hexapod_interfaces/include/hexapod_interfaces/hexapod_interfaces
[21.885s] -- Up-to-date: /home/pi/hexapod/install/hexapod_interfaces/include/hexapod_interfaces/hexapod_interfaces/msg
[21.885s] -- Up-to-date: /home/pi/hexapod/install/hexapod_interfaces/include/hexapod_interfaces/hexapod_interfaces/msg/detail
[21.886s] -- Installing: /home/pi/hexapod/install/hexapod_interfaces/include/hexapod_interfaces/hexapod_interfaces/msg/detail/target_angles__traits.hpp
[21.887s] -- Installing: /home/pi/hexapod/install/hexapod_interfaces/include/hexapod_interfaces/hexapod_interfaces/msg/detail/target_angles__struct.hpp
[21.888s] -- Installing: /home/pi/hexapod/install/hexapod_interfaces/include/hexapod_interfaces/hexapod_interfaces/msg/detail/target_angles__builder.hpp
[21.889s] -- Installing: /home/pi/hexapod/install/hexapod_interfaces/include/hexapod_interfaces/hexapod_interfaces/msg/target_angles.hpp
[21.891s] -- Up-to-date: /home/pi/hexapod/install/hexapod_interfaces/include/hexapod_interfaces/hexapod_interfaces
[21.891s] -- Up-to-date: /home/pi/hexapod/install/hexapod_interfaces/include/hexapod_interfaces/hexapod_interfaces/msg
[21.892s] -- Installing: /home/pi/hexapod/install/hexapod_interfaces/include/hexapod_interfaces/hexapod_interfaces/msg/rosidl_typesupport_fastrtps_cpp__visibility_control.h
[21.893s] -- Up-to-date: /home/pi/hexapod/install/hexapod_interfaces/include/hexapod_interfaces/hexapod_interfaces/msg/detail
[21.894s] -- Installing: /home/pi/hexapod/install/hexapod_interfaces/include/hexapod_interfaces/hexapod_interfaces/msg/detail/target_angles__rosidl_typesupport_fastrtps_cpp.hpp
[21.895s] -- Installing: /home/pi/hexapod/install/hexapod_interfaces/include/hexapod_interfaces/hexapod_interfaces/msg/detail/dds_fastrtps
[21.896s] -- Installing: /home/pi/hexapod/install/hexapod_interfaces/lib/libhexapod_interfaces__rosidl_typesupport_fastrtps_cpp.so
[21.900s] -- Set runtime path of "/home/pi/hexapod/install/hexapod_interfaces/lib/libhexapod_interfaces__rosidl_typesupport_fastrtps_cpp.so" to ""
[21.900s] -- Up-to-date: /home/pi/hexapod/install/hexapod_interfaces/include/hexapod_interfaces/hexapod_interfaces
[21.900s] -- Up-to-date: /home/pi/hexapod/install/hexapod_interfaces/include/hexapod_interfaces/hexapod_interfaces/msg
[21.901s] -- Up-to-date: /home/pi/hexapod/install/hexapod_interfaces/include/hexapod_interfaces/hexapod_interfaces/msg/detail
[21.901s] -- Installing: /home/pi/hexapod/install/hexapod_interfaces/include/hexapod_interfaces/hexapod_interfaces/msg/detail/target_angles__rosidl_typesupport_introspection_cpp.hpp
[21.903s] -- Installing: /home/pi/hexapod/install/hexapod_interfaces/include/hexapod_interfaces/hexapod_interfaces/msg/detail/target_angles__type_support.cpp
[21.904s] -- Installing: /home/pi/hexapod/install/hexapod_interfaces/lib/libhexapod_interfaces__rosidl_typesupport_introspection_cpp.so
[21.908s] -- Set runtime path of "/home/pi/hexapod/install/hexapod_interfaces/lib/libhexapod_interfaces__rosidl_typesupport_introspection_cpp.so" to ""
[21.908s] -- Installing: /home/pi/hexapod/install/hexapod_interfaces/lib/libhexapod_interfaces__rosidl_typesupport_cpp.so
[21.911s] -- Set runtime path of "/home/pi/hexapod/install/hexapod_interfaces/lib/libhexapod_interfaces__rosidl_typesupport_cpp.so" to ""
[21.912s] -- Installing: /home/pi/hexapod/install/hexapod_interfaces/share/hexapod_interfaces/environment/pythonpath.sh
[21.913s] -- Installing: /home/pi/hexapod/install/hexapod_interfaces/share/hexapod_interfaces/environment/pythonpath.dsv
[21.914s] -- Installing: /home/pi/hexapod/install/hexapod_interfaces/local/lib/python3.10/dist-packages/hexapod_interfaces-0.0.0-py3.10.egg-info
[21.916s] -- Installing: /home/pi/hexapod/install/hexapod_interfaces/local/lib/python3.10/dist-packages/hexapod_interfaces-0.0.0-py3.10.egg-info/top_level.txt
[21.917s] -- Installing: /home/pi/hexapod/install/hexapod_interfaces/local/lib/python3.10/dist-packages/hexapod_interfaces-0.0.0-py3.10.egg-info/dependency_links.txt
[21.918s] -- Installing: /home/pi/hexapod/install/hexapod_interfaces/local/lib/python3.10/dist-packages/hexapod_interfaces-0.0.0-py3.10.egg-info/PKG-INFO
[21.920s] -- Installing: /home/pi/hexapod/install/hexapod_interfaces/local/lib/python3.10/dist-packages/hexapod_interfaces-0.0.0-py3.10.egg-info/SOURCES.txt
[21.921s] -- Installing: /home/pi/hexapod/install/hexapod_interfaces/local/lib/python3.10/dist-packages/hexapod_interfaces
[21.922s] -- Installing: /home/pi/hexapod/install/hexapod_interfaces/local/lib/python3.10/dist-packages/hexapod_interfaces/_hexapod_interfaces_s.ep.rosidl_typesupport_fastrtps_c.c
[21.924s] -- Installing: /home/pi/hexapod/install/hexapod_interfaces/local/lib/python3.10/dist-packages/hexapod_interfaces/libhexapod_interfaces__rosidl_generator_py.so
[21.925s] -- Installing: /home/pi/hexapod/install/hexapod_interfaces/local/lib/python3.10/dist-packages/hexapod_interfaces/msg
[21.926s] -- Installing: /home/pi/hexapod/install/hexapod_interfaces/local/lib/python3.10/dist-packages/hexapod_interfaces/msg/_target_angles_s.c
[21.927s] -- Installing: /home/pi/hexapod/install/hexapod_interfaces/local/lib/python3.10/dist-packages/hexapod_interfaces/msg/_target_angles.py
[21.929s] -- Installing: /home/pi/hexapod/install/hexapod_interfaces/local/lib/python3.10/dist-packages/hexapod_interfaces/msg/__init__.py
[21.930s] -- Installing: /home/pi/hexapod/install/hexapod_interfaces/local/lib/python3.10/dist-packages/hexapod_interfaces/hexapod_interfaces_s__rosidl_typesupport_c.cpython-310-aarch64-linux-gnu.so
[21.932s] -- Installing: /home/pi/hexapod/install/hexapod_interfaces/local/lib/python3.10/dist-packages/hexapod_interfaces/_hexapod_interfaces_s.ep.rosidl_typesupport_c.c
[21.933s] -- Installing: /home/pi/hexapod/install/hexapod_interfaces/local/lib/python3.10/dist-packages/hexapod_interfaces/hexapod_interfaces_s__rosidl_typesupport_fastrtps_c.cpython-310-aarch64-linux-gnu.so
[21.935s] -- Installing: /home/pi/hexapod/install/hexapod_interfaces/local/lib/python3.10/dist-packages/hexapod_interfaces/hexapod_interfaces_s__rosidl_typesupport_introspection_c.cpython-310-aarch64-linux-gnu.so
[21.936s] -- Installing: /home/pi/hexapod/install/hexapod_interfaces/local/lib/python3.10/dist-packages/hexapod_interfaces/__init__.py
[21.937s] -- Installing: /home/pi/hexapod/install/hexapod_interfaces/local/lib/python3.10/dist-packages/hexapod_interfaces/_hexapod_interfaces_s.ep.rosidl_typesupport_introspection_c.c
[22.120s] Listing '/home/pi/hexapod/install/hexapod_interfaces/local/lib/python3.10/dist-packages/hexapod_interfaces'...
[22.121s] Compiling '/home/pi/hexapod/install/hexapod_interfaces/local/lib/python3.10/dist-packages/hexapod_interfaces/__init__.py'...
[22.122s] Listing '/home/pi/hexapod/install/hexapod_interfaces/local/lib/python3.10/dist-packages/hexapod_interfaces/msg'...
[22.123s] Compiling '/home/pi/hexapod/install/hexapod_interfaces/local/lib/python3.10/dist-packages/hexapod_interfaces/msg/__init__.py'...
[22.124s] Compiling '/home/pi/hexapod/install/hexapod_interfaces/local/lib/python3.10/dist-packages/hexapod_interfaces/msg/_target_angles.py'...
[22.146s] -- Installing: /home/pi/hexapod/install/hexapod_interfaces/local/lib/python3.10/dist-packages/hexapod_interfaces/hexapod_interfaces_s__rosidl_typesupport_fastrtps_c.cpython-310-aarch64-linux-gnu.so
[22.149s] -- Set runtime path of "/home/pi/hexapod/install/hexapod_interfaces/local/lib/python3.10/dist-packages/hexapod_interfaces/hexapod_interfaces_s__rosidl_typesupport_fastrtps_c.cpython-310-aarch64-linux-gnu.so" to ""
[22.151s] -- Installing: /home/pi/hexapod/install/hexapod_interfaces/local/lib/python3.10/dist-packages/hexapod_interfaces/hexapod_interfaces_s__rosidl_typesupport_introspection_c.cpython-310-aarch64-linux-gnu.so
[22.154s] -- Set runtime path of "/home/pi/hexapod/install/hexapod_interfaces/local/lib/python3.10/dist-packages/hexapod_interfaces/hexapod_interfaces_s__rosidl_typesupport_introspection_c.cpython-310-aarch64-linux-gnu.so" to ""
[22.156s] -- Installing: /home/pi/hexapod/install/hexapod_interfaces/local/lib/python3.10/dist-packages/hexapod_interfaces/hexapod_interfaces_s__rosidl_typesupport_c.cpython-310-aarch64-linux-gnu.so
[22.159s] -- Set runtime path of "/home/pi/hexapod/install/hexapod_interfaces/local/lib/python3.10/dist-packages/hexapod_interfaces/hexapod_interfaces_s__rosidl_typesupport_c.cpython-310-aarch64-linux-gnu.so" to ""
[22.160s] -- Installing: /home/pi/hexapod/install/hexapod_interfaces/lib/libhexapod_interfaces__rosidl_generator_py.so
[22.163s] -- Set runtime path of "/home/pi/hexapod/install/hexapod_interfaces/lib/libhexapod_interfaces__rosidl_generator_py.so" to ""
[22.163s] -- Installing: /home/pi/hexapod/install/hexapod_interfaces/share/hexapod_interfaces/msg/TargetAngles.idl
[22.165s] -- Installing: /home/pi/hexapod/install/hexapod_interfaces/share/hexapod_interfaces/msg/TargetAngles.msg
[22.167s] -- Installing: /home/pi/hexapod/install/hexapod_interfaces/share/ament_index/resource_index/package_run_dependencies/hexapod_interfaces
[22.169s] -- Installing: /home/pi/hexapod/install/hexapod_interfaces/share/ament_index/resource_index/parent_prefix_path/hexapod_interfaces
[22.170s] -- Installing: /home/pi/hexapod/install/hexapod_interfaces/share/hexapod_interfaces/environment/ament_prefix_path.sh
[22.171s] -- Installing: /home/pi/hexapod/install/hexapod_interfaces/share/hexapod_interfaces/environment/ament_prefix_path.dsv
[22.173s] -- Installing: /home/pi/hexapod/install/hexapod_interfaces/share/hexapod_interfaces/environment/path.sh
[22.174s] -- Installing: /home/pi/hexapod/install/hexapod_interfaces/share/hexapod_interfaces/environment/path.dsv
[22.175s] -- Installing: /home/pi/hexapod/install/hexapod_interfaces/share/hexapod_interfaces/local_setup.bash
[22.177s] -- Installing: /home/pi/hexapod/install/hexapod_interfaces/share/hexapod_interfaces/local_setup.sh
[22.178s] -- Installing: /home/pi/hexapod/install/hexapod_interfaces/share/hexapod_interfaces/local_setup.zsh
[22.179s] -- Installing: /home/pi/hexapod/install/hexapod_interfaces/share/hexapod_interfaces/local_setup.dsv
[22.181s] -- Installing: /home/pi/hexapod/install/hexapod_interfaces/share/hexapod_interfaces/package.dsv
[22.182s] -- Installing: /home/pi/hexapod/install/hexapod_interfaces/share/ament_index/resource_index/packages/hexapod_interfaces
[22.184s] -- Installing: /home/pi/hexapod/install/hexapod_interfaces/share/hexapod_interfaces/cmake/export_hexapod_interfaces__rosidl_generator_cExport.cmake
[22.186s] -- Installing: /home/pi/hexapod/install/hexapod_interfaces/share/hexapod_interfaces/cmake/export_hexapod_interfaces__rosidl_generator_cExport-noconfig.cmake
[22.187s] -- Installing: /home/pi/hexapod/install/hexapod_interfaces/share/hexapod_interfaces/cmake/export_hexapod_interfaces__rosidl_typesupport_fastrtps_cExport.cmake
[22.189s] -- Installing: /home/pi/hexapod/install/hexapod_interfaces/share/hexapod_interfaces/cmake/export_hexapod_interfaces__rosidl_typesupport_fastrtps_cExport-noconfig.cmake
[22.191s] -- Installing: /home/pi/hexapod/install/hexapod_interfaces/share/hexapod_interfaces/cmake/hexapod_interfaces__rosidl_typesupport_introspection_cExport.cmake
[22.193s] -- Installing: /home/pi/hexapod/install/hexapod_interfaces/share/hexapod_interfaces/cmake/hexapod_interfaces__rosidl_typesupport_introspection_cExport-noconfig.cmake
[22.195s] -- Installing: /home/pi/hexapod/install/hexapod_interfaces/share/hexapod_interfaces/cmake/hexapod_interfaces__rosidl_typesupport_cExport.cmake
[22.197s] -- Installing: /home/pi/hexapod/install/hexapod_interfaces/share/hexapod_interfaces/cmake/hexapod_interfaces__rosidl_typesupport_cExport-noconfig.cmake
[22.199s] -- Installing: /home/pi/hexapod/install/hexapod_interfaces/share/hexapod_interfaces/cmake/export_hexapod_interfaces__rosidl_generator_cppExport.cmake
[22.201s] -- Installing: /home/pi/hexapod/install/hexapod_interfaces/share/hexapod_interfaces/cmake/export_hexapod_interfaces__rosidl_typesupport_fastrtps_cppExport.cmake
[22.203s] -- Installing: /home/pi/hexapod/install/hexapod_interfaces/share/hexapod_interfaces/cmake/export_hexapod_interfaces__rosidl_typesupport_fastrtps_cppExport-noconfig.cmake
[22.204s] -- Installing: /home/pi/hexapod/install/hexapod_interfaces/share/hexapod_interfaces/cmake/hexapod_interfaces__rosidl_typesupport_introspection_cppExport.cmake
[22.206s] -- Installing: /home/pi/hexapod/install/hexapod_interfaces/share/hexapod_interfaces/cmake/hexapod_interfaces__rosidl_typesupport_introspection_cppExport-noconfig.cmake
[22.208s] -- Installing: /home/pi/hexapod/install/hexapod_interfaces/share/hexapod_interfaces/cmake/hexapod_interfaces__rosidl_typesupport_cppExport.cmake
[22.210s] -- Installing: /home/pi/hexapod/install/hexapod_interfaces/share/hexapod_interfaces/cmake/hexapod_interfaces__rosidl_typesupport_cppExport-noconfig.cmake
[22.212s] -- Installing: /home/pi/hexapod/install/hexapod_interfaces/share/hexapod_interfaces/cmake/export_hexapod_interfaces__rosidl_generator_pyExport.cmake
[22.214s] -- Installing: /home/pi/hexapod/install/hexapod_interfaces/share/hexapod_interfaces/cmake/export_hexapod_interfaces__rosidl_generator_pyExport-noconfig.cmake
[22.215s] -- Installing: /home/pi/hexapod/install/hexapod_interfaces/share/hexapod_interfaces/cmake/rosidl_cmake-extras.cmake
[22.217s] -- Installing: /home/pi/hexapod/install/hexapod_interfaces/share/hexapod_interfaces/cmake/ament_cmake_export_include_directories-extras.cmake
[22.218s] -- Installing: /home/pi/hexapod/install/hexapod_interfaces/share/hexapod_interfaces/cmake/ament_cmake_export_libraries-extras.cmake
[22.220s] -- Installing: /home/pi/hexapod/install/hexapod_interfaces/share/hexapod_interfaces/cmake/ament_cmake_export_targets-extras.cmake
[22.221s] -- Installing: /home/pi/hexapod/install/hexapod_interfaces/share/hexapod_interfaces/cmake/rosidl_cmake_export_typesupport_targets-extras.cmake
[22.223s] -- Installing: /home/pi/hexapod/install/hexapod_interfaces/share/hexapod_interfaces/cmake/ament_cmake_export_dependencies-extras.cmake
[22.224s] -- Installing: /home/pi/hexapod/install/hexapod_interfaces/share/hexapod_interfaces/cmake/rosidl_cmake_export_typesupport_libraries-extras.cmake
[22.226s] -- Installing: /home/pi/hexapod/install/hexapod_interfaces/share/hexapod_interfaces/cmake/hexapod_interfacesConfig.cmake
[22.227s] -- Installing: /home/pi/hexapod/install/hexapod_interfaces/share/hexapod_interfaces/cmake/hexapod_interfacesConfig-version.cmake
[22.229s] -- Installing: /home/pi/hexapod/install/hexapod_interfaces/share/hexapod_interfaces/package.xml
[22.238s] Invoked command in '/home/pi/hexapod/build/hexapod_interfaces' returned '0': CMAKE_PREFIX_PATH=${CMAKE_PREFIX_PATH}:/home/pi/hexapod/install/leg_controller:/opt/ros/humble /usr/bin/cmake --install /home/pi/hexapod/build/hexapod_interfaces
