[1.593s] DEBUG:colcon:Command line arguments: ['/usr/bin/colcon', 'build']
[1.593s] DEBUG:colcon:Parsed command line arguments: Namespace(log_base=None, log_level=None, verb_name='build', build_base='build', install_base='install', merge_install=False, symlink_install=False, test_result_base=None, continue_on_error=False, executor='parallel', parallel_workers=4, event_handlers=None, ignore_user_meta=False, metas=['./colcon.meta'], base_paths=['.'], packages_ignore=None, packages_ignore_regex=None, paths=None, packages_up_to=None, packages_up_to_regex=None, packages_above=None, packages_above_and_dependencies=None, packages_above_depth=None, packages_select_by_dep=None, packages_skip_by_dep=None, packages_skip_up_to=None, packages_select_build_failed=False, packages_skip_build_finished=False, packages_select_test_failures=False, packages_skip_test_passed=False, packages_select=None, packages_skip=None, packages_select_regex=None, packages_skip_regex=None, packages_start=None, packages_end=None, allow_overriding=[], cmake_args=None, cmake_target=None, cmake_target_skip_unavailable=False, cmake_clean_cache=False, cmake_clean_first=False, cmake_force_configure=False, ament_cmake_args=None, catkin_cmake_args=None, catkin_skip_building_tests=False, verb_parser=<colcon_defaults.argument_parser.defaults.DefaultArgumentsDecorator object at 0xffffb97bf8b0>, verb_extension=<colcon_core.verb.build.BuildVerb object at 0xffffb97bf340>, main=<bound method BuildVerb.main of <colcon_core.verb.build.BuildVerb object at 0xffffb97bf340>>)
[1.745s] Level 1:colcon.colcon_core.package_discovery:discover_packages(colcon_meta) check parameters
[1.746s] Level 1:colcon.colcon_core.package_discovery:discover_packages(recursive) check parameters
[1.746s] Level 1:colcon.colcon_core.package_discovery:discover_packages(ignore) check parameters
[1.746s] Level 1:colcon.colcon_core.package_discovery:discover_packages(path) check parameters
[1.746s] Level 1:colcon.colcon_core.package_discovery:discover_packages(colcon_meta) discover
[1.747s] Level 1:colcon.colcon_core.package_discovery:discover_packages(recursive) discover
[1.747s] INFO:colcon.colcon_core.package_discovery:Crawling recursively for packages in '/home/pi/hexapod'
[1.747s] Level 1:colcon.colcon_core.package_identification:_identify(.) by extensions ['ignore', 'ignore_ament_install']
[1.748s] Level 1:colcon.colcon_core.package_identification:_identify(.) by extension 'ignore'
[1.748s] Level 1:colcon.colcon_core.package_identification:_identify(.) by extension 'ignore_ament_install'
[1.748s] Level 1:colcon.colcon_core.package_identification:_identify(.) by extensions ['colcon_pkg']
[1.749s] Level 1:colcon.colcon_core.package_identification:_identify(.) by extension 'colcon_pkg'
[1.749s] Level 1:colcon.colcon_core.package_identification:_identify(.) by extensions ['colcon_meta']
[1.749s] Level 1:colcon.colcon_core.package_identification:_identify(.) by extension 'colcon_meta'
[1.749s] Level 1:colcon.colcon_core.package_identification:_identify(.) by extensions ['ros']
[1.749s] Level 1:colcon.colcon_core.package_identification:_identify(.) by extension 'ros'
[1.808s] Level 1:colcon.colcon_core.package_identification:_identify(.) by extensions ['cmake', 'python']
[1.808s] Level 1:colcon.colcon_core.package_identification:_identify(.) by extension 'cmake'
[1.808s] Level 1:colcon.colcon_core.package_identification:_identify(.) by extension 'python'
[1.808s] Level 1:colcon.colcon_core.package_identification:_identify(.) by extensions ['python_setup_py']
[1.809s] Level 1:colcon.colcon_core.package_identification:_identify(.) by extension 'python_setup_py'
[1.809s] Level 1:colcon.colcon_core.package_identification:_identify(CAD) by extensions ['ignore', 'ignore_ament_install']
[1.810s] Level 1:colcon.colcon_core.package_identification:_identify(CAD) by extension 'ignore'
[1.810s] Level 1:colcon.colcon_core.package_identification:_identify(CAD) by extension 'ignore_ament_install'
[1.810s] Level 1:colcon.colcon_core.package_identification:_identify(CAD) by extensions ['colcon_pkg']
[1.810s] Level 1:colcon.colcon_core.package_identification:_identify(CAD) by extension 'colcon_pkg'
[1.811s] Level 1:colcon.colcon_core.package_identification:_identify(CAD) by extensions ['colcon_meta']
[1.811s] Level 1:colcon.colcon_core.package_identification:_identify(CAD) by extension 'colcon_meta'
[1.811s] Level 1:colcon.colcon_core.package_identification:_identify(CAD) by extensions ['ros']
[1.811s] Level 1:colcon.colcon_core.package_identification:_identify(CAD) by extension 'ros'
[1.812s] Level 1:colcon.colcon_core.package_identification:_identify(CAD) by extensions ['cmake', 'python']
[1.812s] Level 1:colcon.colcon_core.package_identification:_identify(CAD) by extension 'cmake'
[1.812s] Level 1:colcon.colcon_core.package_identification:_identify(CAD) by extension 'python'
[1.812s] Level 1:colcon.colcon_core.package_identification:_identify(CAD) by extensions ['python_setup_py']
[1.812s] Level 1:colcon.colcon_core.package_identification:_identify(CAD) by extension 'python_setup_py'
[1.813s] Level 1:colcon.colcon_core.package_identification:_identify(build) by extensions ['ignore', 'ignore_ament_install']
[1.813s] Level 1:colcon.colcon_core.package_identification:_identify(build) by extension 'ignore'
[1.814s] Level 1:colcon.colcon_core.package_identification:_identify(build) ignored
[1.814s] Level 1:colcon.colcon_core.package_identification:_identify(development) by extensions ['ignore', 'ignore_ament_install']
[1.815s] Level 1:colcon.colcon_core.package_identification:_identify(development) by extension 'ignore'
[1.815s] Level 1:colcon.colcon_core.package_identification:_identify(development) by extension 'ignore_ament_install'
[1.815s] Level 1:colcon.colcon_core.package_identification:_identify(development) by extensions ['colcon_pkg']
[1.815s] Level 1:colcon.colcon_core.package_identification:_identify(development) by extension 'colcon_pkg'
[1.816s] Level 1:colcon.colcon_core.package_identification:_identify(development) by extensions ['colcon_meta']
[1.816s] Level 1:colcon.colcon_core.package_identification:_identify(development) by extension 'colcon_meta'
[1.816s] Level 1:colcon.colcon_core.package_identification:_identify(development) by extensions ['ros']
[1.816s] Level 1:colcon.colcon_core.package_identification:_identify(development) by extension 'ros'
[1.817s] Level 1:colcon.colcon_core.package_identification:_identify(development) by extensions ['cmake', 'python']
[1.817s] Level 1:colcon.colcon_core.package_identification:_identify(development) by extension 'cmake'
[1.817s] Level 1:colcon.colcon_core.package_identification:_identify(development) by extension 'python'
[1.818s] Level 1:colcon.colcon_core.package_identification:_identify(development) by extensions ['python_setup_py']
[1.818s] Level 1:colcon.colcon_core.package_identification:_identify(development) by extension 'python_setup_py'
[1.818s] Level 1:colcon.colcon_core.package_identification:_identify(development/demos) by extensions ['ignore', 'ignore_ament_install']
[1.819s] Level 1:colcon.colcon_core.package_identification:_identify(development/demos) by extension 'ignore'
[1.819s] Level 1:colcon.colcon_core.package_identification:_identify(development/demos) by extension 'ignore_ament_install'
[1.820s] Level 1:colcon.colcon_core.package_identification:_identify(development/demos) by extensions ['colcon_pkg']
[1.820s] Level 1:colcon.colcon_core.package_identification:_identify(development/demos) by extension 'colcon_pkg'
[1.820s] Level 1:colcon.colcon_core.package_identification:_identify(development/demos) by extensions ['colcon_meta']
[1.820s] Level 1:colcon.colcon_core.package_identification:_identify(development/demos) by extension 'colcon_meta'
[1.821s] Level 1:colcon.colcon_core.package_identification:_identify(development/demos) by extensions ['ros']
[1.821s] Level 1:colcon.colcon_core.package_identification:_identify(development/demos) by extension 'ros'
[1.821s] Level 1:colcon.colcon_core.package_identification:_identify(development/demos) by extensions ['cmake', 'python']
[1.822s] Level 1:colcon.colcon_core.package_identification:_identify(development/demos) by extension 'cmake'
[1.822s] Level 1:colcon.colcon_core.package_identification:_identify(development/demos) by extension 'python'
[1.822s] Level 1:colcon.colcon_core.package_identification:_identify(development/demos) by extensions ['python_setup_py']
[1.822s] Level 1:colcon.colcon_core.package_identification:_identify(development/demos) by extension 'python_setup_py'
[1.823s] Level 1:colcon.colcon_core.package_identification:_identify(development/legacy) by extensions ['ignore', 'ignore_ament_install']
[1.824s] Level 1:colcon.colcon_core.package_identification:_identify(development/legacy) by extension 'ignore'
[1.824s] Level 1:colcon.colcon_core.package_identification:_identify(development/legacy) by extension 'ignore_ament_install'
[1.824s] Level 1:colcon.colcon_core.package_identification:_identify(development/legacy) by extensions ['colcon_pkg']
[1.824s] Level 1:colcon.colcon_core.package_identification:_identify(development/legacy) by extension 'colcon_pkg'
[1.825s] Level 1:colcon.colcon_core.package_identification:_identify(development/legacy) by extensions ['colcon_meta']
[1.825s] Level 1:colcon.colcon_core.package_identification:_identify(development/legacy) by extension 'colcon_meta'
[1.825s] Level 1:colcon.colcon_core.package_identification:_identify(development/legacy) by extensions ['ros']
[1.825s] Level 1:colcon.colcon_core.package_identification:_identify(development/legacy) by extension 'ros'
[1.826s] Level 1:colcon.colcon_core.package_identification:_identify(development/legacy) by extensions ['cmake', 'python']
[1.826s] Level 1:colcon.colcon_core.package_identification:_identify(development/legacy) by extension 'cmake'
[1.826s] Level 1:colcon.colcon_core.package_identification:_identify(development/legacy) by extension 'python'
[1.827s] Level 1:colcon.colcon_core.package_identification:_identify(development/legacy) by extensions ['python_setup_py']
[1.827s] Level 1:colcon.colcon_core.package_identification:_identify(development/legacy) by extension 'python_setup_py'
[1.827s] Level 1:colcon.colcon_core.package_identification:_identify(install) by extensions ['ignore', 'ignore_ament_install']
[1.828s] Level 1:colcon.colcon_core.package_identification:_identify(install) by extension 'ignore'
[1.828s] Level 1:colcon.colcon_core.package_identification:_identify(install) ignored
[1.829s] Level 1:colcon.colcon_core.package_identification:_identify(log) by extensions ['ignore', 'ignore_ament_install']
[1.829s] Level 1:colcon.colcon_core.package_identification:_identify(log) by extension 'ignore'
[1.830s] Level 1:colcon.colcon_core.package_identification:_identify(log) ignored
[1.830s] Level 1:colcon.colcon_core.package_identification:_identify(src) by extensions ['ignore', 'ignore_ament_install']
[1.831s] Level 1:colcon.colcon_core.package_identification:_identify(src) by extension 'ignore'
[1.831s] Level 1:colcon.colcon_core.package_identification:_identify(src) by extension 'ignore_ament_install'
[1.831s] Level 1:colcon.colcon_core.package_identification:_identify(src) by extensions ['colcon_pkg']
[1.832s] Level 1:colcon.colcon_core.package_identification:_identify(src) by extension 'colcon_pkg'
[1.832s] Level 1:colcon.colcon_core.package_identification:_identify(src) by extensions ['colcon_meta']
[1.832s] Level 1:colcon.colcon_core.package_identification:_identify(src) by extension 'colcon_meta'
[1.832s] Level 1:colcon.colcon_core.package_identification:_identify(src) by extensions ['ros']
[1.833s] Level 1:colcon.colcon_core.package_identification:_identify(src) by extension 'ros'
[1.833s] Level 1:colcon.colcon_core.package_identification:_identify(src) by extensions ['cmake', 'python']
[1.833s] Level 1:colcon.colcon_core.package_identification:_identify(src) by extension 'cmake'
[1.833s] Level 1:colcon.colcon_core.package_identification:_identify(src) by extension 'python'
[1.833s] Level 1:colcon.colcon_core.package_identification:_identify(src) by extensions ['python_setup_py']
[1.834s] Level 1:colcon.colcon_core.package_identification:_identify(src) by extension 'python_setup_py'
[1.834s] Level 1:colcon.colcon_core.package_identification:_identify(src/hexapod_interfaces) by extensions ['ignore', 'ignore_ament_install']
[1.835s] Level 1:colcon.colcon_core.package_identification:_identify(src/hexapod_interfaces) by extension 'ignore'
[1.835s] Level 1:colcon.colcon_core.package_identification:_identify(src/hexapod_interfaces) by extension 'ignore_ament_install'
[1.835s] Level 1:colcon.colcon_core.package_identification:_identify(src/hexapod_interfaces) by extensions ['colcon_pkg']
[1.835s] Level 1:colcon.colcon_core.package_identification:_identify(src/hexapod_interfaces) by extension 'colcon_pkg'
[1.835s] Level 1:colcon.colcon_core.package_identification:_identify(src/hexapod_interfaces) by extensions ['colcon_meta']
[1.835s] Level 1:colcon.colcon_core.package_identification:_identify(src/hexapod_interfaces) by extension 'colcon_meta'
[1.836s] Level 1:colcon.colcon_core.package_identification:_identify(src/hexapod_interfaces) by extensions ['ros']
[1.836s] Level 1:colcon.colcon_core.package_identification:_identify(src/hexapod_interfaces) by extension 'ros'
[1.845s] DEBUG:colcon.colcon_core.package_identification:Package 'src/hexapod_interfaces' with type 'ros.ament_cmake' and name 'hexapod_interfaces'
[1.846s] Level 1:colcon.colcon_core.package_identification:_identify(src/leg_controller) by extensions ['ignore', 'ignore_ament_install']
[1.847s] Level 1:colcon.colcon_core.package_identification:_identify(src/leg_controller) by extension 'ignore'
[1.847s] Level 1:colcon.colcon_core.package_identification:_identify(src/leg_controller) by extension 'ignore_ament_install'
[1.847s] Level 1:colcon.colcon_core.package_identification:_identify(src/leg_controller) by extensions ['colcon_pkg']
[1.847s] Level 1:colcon.colcon_core.package_identification:_identify(src/leg_controller) by extension 'colcon_pkg'
[1.847s] Level 1:colcon.colcon_core.package_identification:_identify(src/leg_controller) by extensions ['colcon_meta']
[1.847s] Level 1:colcon.colcon_core.package_identification:_identify(src/leg_controller) by extension 'colcon_meta'
[1.848s] Level 1:colcon.colcon_core.package_identification:_identify(src/leg_controller) by extensions ['ros']
[1.848s] Level 1:colcon.colcon_core.package_identification:_identify(src/leg_controller) by extension 'ros'
[1.851s] DEBUG:colcon.colcon_core.package_identification:Package 'src/leg_controller' with type 'ros.ament_python' and name 'leg_controller'
[1.851s] Level 1:colcon.colcon_core.package_discovery:discover_packages(recursive) using defaults
[1.851s] Level 1:colcon.colcon_core.package_discovery:discover_packages(ignore) discover
[1.851s] Level 1:colcon.colcon_core.package_discovery:discover_packages(ignore) using defaults
[1.851s] Level 1:colcon.colcon_core.package_discovery:discover_packages(path) discover
[1.852s] Level 1:colcon.colcon_core.package_discovery:discover_packages(path) using defaults
[1.955s] Level 1:colcon.colcon_core.package_discovery:discover_packages(prefix_path) check parameters
[1.955s] Level 1:colcon.colcon_core.package_discovery:discover_packages(prefix_path) discover
[1.965s] WARNING:colcon.colcon_ros.prefix_path.ament:The path '/home/pi/hexapod/install/leg_controller' in the environment variable AMENT_PREFIX_PATH doesn't exist
[1.966s] WARNING:colcon.colcon_ros.prefix_path.ament:The path '/home/pi/hexapod/install/hexapod_interfaces' in the environment variable AMENT_PREFIX_PATH doesn't exist
[1.967s] WARNING:colcon.colcon_ros.prefix_path.catkin:The path '/home/pi/hexapod/install/hexapod_interfaces' in the environment variable CMAKE_PREFIX_PATH doesn't exist
[1.976s] DEBUG:colcon.colcon_installed_package_information.package_discovery:Found 0 installed packages in /home/pi/hexapod/install
[1.986s] DEBUG:colcon.colcon_installed_package_information.package_discovery:Found 180 installed packages in /opt/ros/humble
[1.992s] Level 1:colcon.colcon_core.package_discovery:discover_packages(prefix_path) using defaults
[2.214s] Level 5:colcon.colcon_core.verb:set package 'hexapod_interfaces' build argument 'cmake_args' from command line to 'None'
[2.214s] Level 5:colcon.colcon_core.verb:set package 'hexapod_interfaces' build argument 'cmake_target' from command line to 'None'
[2.215s] Level 5:colcon.colcon_core.verb:set package 'hexapod_interfaces' build argument 'cmake_target_skip_unavailable' from command line to 'False'
[2.215s] Level 5:colcon.colcon_core.verb:set package 'hexapod_interfaces' build argument 'cmake_clean_cache' from command line to 'False'
[2.215s] Level 5:colcon.colcon_core.verb:set package 'hexapod_interfaces' build argument 'cmake_clean_first' from command line to 'False'
[2.215s] Level 5:colcon.colcon_core.verb:set package 'hexapod_interfaces' build argument 'cmake_force_configure' from command line to 'False'
[2.216s] Level 5:colcon.colcon_core.verb:set package 'hexapod_interfaces' build argument 'ament_cmake_args' from command line to 'None'
[2.216s] Level 5:colcon.colcon_core.verb:set package 'hexapod_interfaces' build argument 'catkin_cmake_args' from command line to 'None'
[2.216s] Level 5:colcon.colcon_core.verb:set package 'hexapod_interfaces' build argument 'catkin_skip_building_tests' from command line to 'False'
[2.216s] DEBUG:colcon.colcon_core.verb:Building package 'hexapod_interfaces' with the following arguments: {'ament_cmake_args': None, 'build_base': '/home/pi/hexapod/build/hexapod_interfaces', 'catkin_cmake_args': None, 'catkin_skip_building_tests': False, 'cmake_args': None, 'cmake_clean_cache': False, 'cmake_clean_first': False, 'cmake_force_configure': False, 'cmake_target': None, 'cmake_target_skip_unavailable': False, 'install_base': '/home/pi/hexapod/install/hexapod_interfaces', 'merge_install': False, 'path': '/home/pi/hexapod/src/hexapod_interfaces', 'symlink_install': False, 'test_result_base': None}
[2.221s] Level 5:colcon.colcon_core.verb:set package 'leg_controller' build argument 'cmake_args' from command line to 'None'
[2.222s] Level 5:colcon.colcon_core.verb:set package 'leg_controller' build argument 'cmake_target' from command line to 'None'
[2.222s] Level 5:colcon.colcon_core.verb:set package 'leg_controller' build argument 'cmake_target_skip_unavailable' from command line to 'False'
[2.222s] Level 5:colcon.colcon_core.verb:set package 'leg_controller' build argument 'cmake_clean_cache' from command line to 'False'
[2.222s] Level 5:colcon.colcon_core.verb:set package 'leg_controller' build argument 'cmake_clean_first' from command line to 'False'
[2.223s] Level 5:colcon.colcon_core.verb:set package 'leg_controller' build argument 'cmake_force_configure' from command line to 'False'
[2.223s] Level 5:colcon.colcon_core.verb:set package 'leg_controller' build argument 'ament_cmake_args' from command line to 'None'
[2.223s] Level 5:colcon.colcon_core.verb:set package 'leg_controller' build argument 'catkin_cmake_args' from command line to 'None'
[2.223s] Level 5:colcon.colcon_core.verb:set package 'leg_controller' build argument 'catkin_skip_building_tests' from command line to 'False'
[2.223s] DEBUG:colcon.colcon_core.verb:Building package 'leg_controller' with the following arguments: {'ament_cmake_args': None, 'build_base': '/home/pi/hexapod/build/leg_controller', 'catkin_cmake_args': None, 'catkin_skip_building_tests': False, 'cmake_args': None, 'cmake_clean_cache': False, 'cmake_clean_first': False, 'cmake_force_configure': False, 'cmake_target': None, 'cmake_target_skip_unavailable': False, 'install_base': '/home/pi/hexapod/install/leg_controller', 'merge_install': False, 'path': '/home/pi/hexapod/src/leg_controller', 'symlink_install': False, 'test_result_base': None}
[2.227s] INFO:colcon.colcon_core.executor:Executing jobs using 'parallel' executor
[2.247s] DEBUG:colcon.colcon_parallel_executor.executor.parallel:run_until_complete
[2.248s] INFO:colcon.colcon_ros.task.ament_cmake.build:Building ROS package in '/home/pi/hexapod/src/hexapod_interfaces' with build type 'ament_cmake'
[2.249s] INFO:colcon.colcon_cmake.task.cmake.build:Building CMake package in '/home/pi/hexapod/src/hexapod_interfaces'
[2.283s] INFO:colcon.colcon_core.plugin_system:Skipping extension 'colcon_core.shell.bat': Not used on non-Windows systems
[2.285s] INFO:colcon.colcon_core.shell:Skip shell extension 'powershell' for command environment: Not usable outside of PowerShell
[2.285s] DEBUG:colcon.colcon_core.shell:Skip shell extension 'dsv' for command environment
[2.353s] DEBUG:colcon.colcon_core.event_handler.log_command:Invoking command in '/home/pi/hexapod/build/hexapod_interfaces': CMAKE_PREFIX_PATH=${CMAKE_PREFIX_PATH}:/home/pi/hexapod/install/leg_controller:/opt/ros/humble /usr/bin/cmake /home/pi/hexapod/src/hexapod_interfaces -DCMAKE_INSTALL_PREFIX=/home/pi/hexapod/install/hexapod_interfaces
[11.747s] DEBUG:colcon.colcon_core.event_handler.log_command:Invoked command in '/home/pi/hexapod/build/hexapod_interfaces' returned '0': CMAKE_PREFIX_PATH=${CMAKE_PREFIX_PATH}:/home/pi/hexapod/install/leg_controller:/opt/ros/humble /usr/bin/cmake /home/pi/hexapod/src/hexapod_interfaces -DCMAKE_INSTALL_PREFIX=/home/pi/hexapod/install/hexapod_interfaces
[11.758s] DEBUG:colcon.colcon_core.event_handler.log_command:Invoking command in '/home/pi/hexapod/build/hexapod_interfaces': CMAKE_PREFIX_PATH=${CMAKE_PREFIX_PATH}:/home/pi/hexapod/install/leg_controller:/opt/ros/humble /usr/bin/cmake --build /home/pi/hexapod/build/hexapod_interfaces -- -j4 -l4
[31.115s] DEBUG:colcon.colcon_core.event_handler.log_command:Invoked command in '/home/pi/hexapod/build/hexapod_interfaces' returned '0': CMAKE_PREFIX_PATH=${CMAKE_PREFIX_PATH}:/home/pi/hexapod/install/leg_controller:/opt/ros/humble /usr/bin/cmake --build /home/pi/hexapod/build/hexapod_interfaces -- -j4 -l4
[31.738s] DEBUG:colcon.colcon_core.event_handler.log_command:Invoking command in '/home/pi/hexapod/build/hexapod_interfaces': CMAKE_PREFIX_PATH=${CMAKE_PREFIX_PATH}:/home/pi/hexapod/install/leg_controller:/opt/ros/humble /usr/bin/cmake --install /home/pi/hexapod/build/hexapod_interfaces
[32.195s] Level 1:colcon.colcon_core.environment:create_environment_scripts_only(hexapod_interfaces)
[32.198s] DEBUG:colcon.colcon_core.event_handler.log_command:Invoked command in '/home/pi/hexapod/build/hexapod_interfaces' returned '0': CMAKE_PREFIX_PATH=${CMAKE_PREFIX_PATH}:/home/pi/hexapod/install/leg_controller:/opt/ros/humble /usr/bin/cmake --install /home/pi/hexapod/build/hexapod_interfaces
[32.228s] Level 1:colcon.colcon_core.environment:checking '/home/pi/hexapod/install/hexapod_interfaces' for CMake module files
[32.233s] Level 1:colcon.colcon_core.environment:checking '/home/pi/hexapod/install/hexapod_interfaces' for CMake config files
[32.236s] Level 1:colcon.colcon_core.shell:create_environment_hook('hexapod_interfaces', 'cmake_prefix_path')
[32.242s] INFO:colcon.colcon_core.shell:Creating environment hook '/home/pi/hexapod/install/hexapod_interfaces/share/hexapod_interfaces/hook/cmake_prefix_path.ps1'
[32.245s] INFO:colcon.colcon_core.shell:Creating environment descriptor '/home/pi/hexapod/install/hexapod_interfaces/share/hexapod_interfaces/hook/cmake_prefix_path.dsv'
[32.248s] INFO:colcon.colcon_core.shell:Creating environment hook '/home/pi/hexapod/install/hexapod_interfaces/share/hexapod_interfaces/hook/cmake_prefix_path.sh'
[32.253s] Level 1:colcon.colcon_core.environment:checking '/home/pi/hexapod/install/hexapod_interfaces/lib'
[32.254s] Level 1:colcon.colcon_core.shell:create_environment_hook('hexapod_interfaces', 'ld_library_path_lib')
[32.261s] INFO:colcon.colcon_core.shell:Creating environment hook '/home/pi/hexapod/install/hexapod_interfaces/share/hexapod_interfaces/hook/ld_library_path_lib.ps1'
[32.264s] INFO:colcon.colcon_core.shell:Creating environment descriptor '/home/pi/hexapod/install/hexapod_interfaces/share/hexapod_interfaces/hook/ld_library_path_lib.dsv'
[32.265s] INFO:colcon.colcon_core.shell:Creating environment hook '/home/pi/hexapod/install/hexapod_interfaces/share/hexapod_interfaces/hook/ld_library_path_lib.sh'
[32.267s] Level 1:colcon.colcon_core.environment:checking '/home/pi/hexapod/install/hexapod_interfaces/bin'
[32.267s] Level 1:colcon.colcon_core.environment:checking '/home/pi/hexapod/install/hexapod_interfaces/lib/pkgconfig/hexapod_interfaces.pc'
[32.269s] Level 1:colcon.colcon_core.environment:checking '/home/pi/hexapod/install/hexapod_interfaces/lib/python3.10/site-packages'
[32.270s] Level 1:colcon.colcon_core.environment:checking '/home/pi/hexapod/install/hexapod_interfaces/bin'
[32.276s] INFO:colcon.colcon_core.shell:Creating package script '/home/pi/hexapod/install/hexapod_interfaces/share/hexapod_interfaces/package.ps1'
[32.280s] INFO:colcon.colcon_core.shell:Creating package descriptor '/home/pi/hexapod/install/hexapod_interfaces/share/hexapod_interfaces/package.dsv'
[32.283s] INFO:colcon.colcon_core.shell:Creating package script '/home/pi/hexapod/install/hexapod_interfaces/share/hexapod_interfaces/package.sh'
[32.288s] INFO:colcon.colcon_core.shell:Creating package script '/home/pi/hexapod/install/hexapod_interfaces/share/hexapod_interfaces/package.bash'
[32.292s] INFO:colcon.colcon_core.shell:Creating package script '/home/pi/hexapod/install/hexapod_interfaces/share/hexapod_interfaces/package.zsh'
[32.295s] Level 1:colcon.colcon_core.environment:create_file_with_runtime_dependencies(/home/pi/hexapod/install/hexapod_interfaces/share/colcon-core/packages/hexapod_interfaces)
[32.850s] Level 1:colcon.colcon_core.environment:create_environment_scripts_only(hexapod_interfaces)
[32.862s] Level 1:colcon.colcon_core.environment:checking '/home/pi/hexapod/install/hexapod_interfaces' for CMake module files
[32.870s] Level 1:colcon.colcon_core.environment:checking '/home/pi/hexapod/install/hexapod_interfaces' for CMake config files
[32.874s] Level 1:colcon.colcon_core.shell:create_environment_hook('hexapod_interfaces', 'cmake_prefix_path')
[32.881s] INFO:colcon.colcon_core.shell:Creating environment hook '/home/pi/hexapod/install/hexapod_interfaces/share/hexapod_interfaces/hook/cmake_prefix_path.ps1'
[32.883s] INFO:colcon.colcon_core.shell:Creating environment descriptor '/home/pi/hexapod/install/hexapod_interfaces/share/hexapod_interfaces/hook/cmake_prefix_path.dsv'
[32.885s] INFO:colcon.colcon_core.shell:Creating environment hook '/home/pi/hexapod/install/hexapod_interfaces/share/hexapod_interfaces/hook/cmake_prefix_path.sh'
[32.889s] Level 1:colcon.colcon_core.environment:checking '/home/pi/hexapod/install/hexapod_interfaces/lib'
[32.889s] Level 1:colcon.colcon_core.shell:create_environment_hook('hexapod_interfaces', 'ld_library_path_lib')
[32.895s] INFO:colcon.colcon_core.shell:Creating environment hook '/home/pi/hexapod/install/hexapod_interfaces/share/hexapod_interfaces/hook/ld_library_path_lib.ps1'
[32.898s] INFO:colcon.colcon_core.shell:Creating environment descriptor '/home/pi/hexapod/install/hexapod_interfaces/share/hexapod_interfaces/hook/ld_library_path_lib.dsv'
[32.899s] INFO:colcon.colcon_core.shell:Creating environment hook '/home/pi/hexapod/install/hexapod_interfaces/share/hexapod_interfaces/hook/ld_library_path_lib.sh'
[32.902s] Level 1:colcon.colcon_core.environment:checking '/home/pi/hexapod/install/hexapod_interfaces/bin'
[32.902s] Level 1:colcon.colcon_core.environment:checking '/home/pi/hexapod/install/hexapod_interfaces/lib/pkgconfig/hexapod_interfaces.pc'
[32.903s] Level 1:colcon.colcon_core.environment:checking '/home/pi/hexapod/install/hexapod_interfaces/lib/python3.10/site-packages'
[32.904s] Level 1:colcon.colcon_core.environment:checking '/home/pi/hexapod/install/hexapod_interfaces/bin'
[32.910s] INFO:colcon.colcon_core.shell:Creating package script '/home/pi/hexapod/install/hexapod_interfaces/share/hexapod_interfaces/package.ps1'
[32.913s] INFO:colcon.colcon_core.shell:Creating package descriptor '/home/pi/hexapod/install/hexapod_interfaces/share/hexapod_interfaces/package.dsv'
[32.916s] INFO:colcon.colcon_core.shell:Creating package script '/home/pi/hexapod/install/hexapod_interfaces/share/hexapod_interfaces/package.sh'
[32.919s] INFO:colcon.colcon_core.shell:Creating package script '/home/pi/hexapod/install/hexapod_interfaces/share/hexapod_interfaces/package.bash'
[32.921s] INFO:colcon.colcon_core.shell:Creating package script '/home/pi/hexapod/install/hexapod_interfaces/share/hexapod_interfaces/package.zsh'
[32.924s] Level 1:colcon.colcon_core.environment:create_file_with_runtime_dependencies(/home/pi/hexapod/install/hexapod_interfaces/share/colcon-core/packages/hexapod_interfaces)
[32.926s] INFO:colcon.colcon_ros.task.ament_python.build:Building ROS package in '/home/pi/hexapod/src/leg_controller' with build type 'ament_python'
[32.927s] Level 1:colcon.colcon_core.shell:create_environment_hook('leg_controller', 'ament_prefix_path')
[32.935s] INFO:colcon.colcon_core.shell:Creating environment hook '/home/pi/hexapod/install/leg_controller/share/leg_controller/hook/ament_prefix_path.ps1'
[32.942s] INFO:colcon.colcon_core.shell:Creating environment descriptor '/home/pi/hexapod/install/leg_controller/share/leg_controller/hook/ament_prefix_path.dsv'
[32.944s] INFO:colcon.colcon_core.shell:Creating environment hook '/home/pi/hexapod/install/leg_controller/share/leg_controller/hook/ament_prefix_path.sh'
[32.952s] INFO:colcon.colcon_core.shell:Skip shell extension 'powershell' for command environment: Not usable outside of PowerShell
[32.952s] DEBUG:colcon.colcon_core.shell:Skip shell extension 'dsv' for command environment
[34.772s] INFO:colcon.colcon_core.task.python.build:Building Python package in '/home/pi/hexapod/src/leg_controller'
[34.781s] INFO:colcon.colcon_core.shell:Skip shell extension 'powershell' for command environment: Not usable outside of PowerShell
[34.781s] DEBUG:colcon.colcon_core.shell:Skip shell extension 'dsv' for command environment
[37.273s] DEBUG:colcon.colcon_core.event_handler.log_command:Invoking command in '/home/pi/hexapod/src/leg_controller': PYTHONPATH=/home/pi/hexapod/build/leg_controller/prefix_override:/home/pi/hexapod/install/leg_controller/lib/python3.10/site-packages:${PYTHONPATH} /usr/bin/python3 setup.py egg_info --egg-base ../../build/leg_controller build --build-base /home/pi/hexapod/build/leg_controller/build install --record /home/pi/hexapod/build/leg_controller/install.log --single-version-externally-managed
[38.929s] Level 1:colcon.colcon_core.environment:checking '/home/pi/hexapod/install/leg_controller' for CMake module files
[38.931s] DEBUG:colcon.colcon_core.event_handler.log_command:Invoked command in '/home/pi/hexapod/src/leg_controller' returned '0': PYTHONPATH=/home/pi/hexapod/build/leg_controller/prefix_override:/home/pi/hexapod/install/leg_controller/lib/python3.10/site-packages:${PYTHONPATH} /usr/bin/python3 setup.py egg_info --egg-base ../../build/leg_controller build --build-base /home/pi/hexapod/build/leg_controller/build install --record /home/pi/hexapod/build/leg_controller/install.log --single-version-externally-managed
[38.933s] Level 1:colcon.colcon_core.environment:checking '/home/pi/hexapod/install/leg_controller' for CMake config files
[38.938s] Level 1:colcon.colcon_core.environment:checking '/home/pi/hexapod/install/leg_controller/lib'
[38.939s] Level 1:colcon.colcon_core.environment:checking '/home/pi/hexapod/install/leg_controller/bin'
[38.939s] Level 1:colcon.colcon_core.environment:checking '/home/pi/hexapod/install/leg_controller/lib/pkgconfig/leg_controller.pc'
[38.940s] Level 1:colcon.colcon_core.environment:checking '/home/pi/hexapod/install/leg_controller/lib/python3.10/site-packages'
[38.941s] Level 1:colcon.colcon_core.shell:create_environment_hook('leg_controller', 'pythonpath')
[38.949s] INFO:colcon.colcon_core.shell:Creating environment hook '/home/pi/hexapod/install/leg_controller/share/leg_controller/hook/pythonpath.ps1'
[38.953s] INFO:colcon.colcon_core.shell:Creating environment descriptor '/home/pi/hexapod/install/leg_controller/share/leg_controller/hook/pythonpath.dsv'
[38.955s] INFO:colcon.colcon_core.shell:Creating environment hook '/home/pi/hexapod/install/leg_controller/share/leg_controller/hook/pythonpath.sh'
[38.958s] Level 1:colcon.colcon_core.environment:checking '/home/pi/hexapod/install/leg_controller/bin'
[38.959s] Level 1:colcon.colcon_core.environment:create_environment_scripts_only(leg_controller)
[38.965s] INFO:colcon.colcon_core.shell:Creating package script '/home/pi/hexapod/install/leg_controller/share/leg_controller/package.ps1'
[38.968s] INFO:colcon.colcon_core.shell:Creating package descriptor '/home/pi/hexapod/install/leg_controller/share/leg_controller/package.dsv'
[38.970s] INFO:colcon.colcon_core.shell:Creating package script '/home/pi/hexapod/install/leg_controller/share/leg_controller/package.sh'
[38.973s] INFO:colcon.colcon_core.shell:Creating package script '/home/pi/hexapod/install/leg_controller/share/leg_controller/package.bash'
[38.975s] INFO:colcon.colcon_core.shell:Creating package script '/home/pi/hexapod/install/leg_controller/share/leg_controller/package.zsh'
[38.976s] Level 1:colcon.colcon_core.environment:create_file_with_runtime_dependencies(/home/pi/hexapod/install/leg_controller/share/colcon-core/packages/leg_controller)
[38.978s] DEBUG:colcon.colcon_parallel_executor.executor.parallel:closing loop
[38.979s] DEBUG:colcon.colcon_parallel_executor.executor.parallel:loop closed
[38.980s] DEBUG:colcon.colcon_parallel_executor.executor.parallel:run_until_complete finished with '0'
[38.982s] DEBUG:colcon.colcon_core.event_reactor:joining thread
[39.020s] INFO:colcon.colcon_core.plugin_system:Skipping extension 'colcon_notification.desktop_notification.notify_send': Could not find 'notify-send'
[39.020s] INFO:colcon.colcon_core.plugin_system:Skipping extension 'colcon_notification.desktop_notification.terminal_notifier': Not used on non-Darwin systems
[39.021s] INFO:colcon.colcon_core.plugin_system:Skipping extension 'colcon_notification.desktop_notification.win32': Not used on non-Windows systems
[39.022s] INFO:colcon.colcon_notification.desktop_notification:Sending desktop notification using 'notify2'
[39.029s] DEBUG:colcon.colcon_notification.desktop_notification.notify2:Failed to initialize notify2: org.freedesktop.DBus.Error.ServiceUnknown: The name org.freedesktop.Notifications was not provided by any .service files
[39.029s] DEBUG:colcon.colcon_core.event_reactor:joined thread
[39.038s] INFO:colcon.colcon_core.shell:Creating prefix script '/home/pi/hexapod/install/local_setup.ps1'
[39.045s] INFO:colcon.colcon_core.shell:Creating prefix util module '/home/pi/hexapod/install/_local_setup_util_ps1.py'
[39.060s] INFO:colcon.colcon_core.shell:Creating prefix chain script '/home/pi/hexapod/install/setup.ps1'
[39.075s] INFO:colcon.colcon_core.shell:Creating prefix script '/home/pi/hexapod/install/local_setup.sh'
[39.080s] INFO:colcon.colcon_core.shell:Creating prefix util module '/home/pi/hexapod/install/_local_setup_util_sh.py'
[39.083s] INFO:colcon.colcon_core.shell:Creating prefix chain script '/home/pi/hexapod/install/setup.sh'
[39.094s] INFO:colcon.colcon_core.shell:Creating prefix script '/home/pi/hexapod/install/local_setup.bash'
[39.098s] INFO:colcon.colcon_core.shell:Creating prefix chain script '/home/pi/hexapod/install/setup.bash'
[39.110s] INFO:colcon.colcon_core.shell:Creating prefix script '/home/pi/hexapod/install/local_setup.zsh'
[39.114s] INFO:colcon.colcon_core.shell:Creating prefix chain script '/home/pi/hexapod/install/setup.zsh'
