[3.152s] Invoking command in '/home/pi/hexapod/src/leg_controller': PYTHONPATH=/home/pi/hexapod/build/leg_controller/prefix_override:/home/pi/hexapod/install/leg_controller/lib/python3.10/site-packages:${PYTHONPATH} /usr/bin/python3 setup.py egg_info --egg-base ../../build/leg_controller build --build-base /home/pi/hexapod/build/leg_controller/build install --record /home/pi/hexapod/build/leg_controller/install.log --single-version-externally-managed
[4.366s] running egg_info
[4.368s] writing ../../build/leg_controller/leg_controller.egg-info/PKG-INFO
[4.369s] writing dependency_links to ../../build/leg_controller/leg_controller.egg-info/dependency_links.txt
[4.370s] writing entry points to ../../build/leg_controller/leg_controller.egg-info/entry_points.txt
[4.372s] writing requirements to ../../build/leg_controller/leg_controller.egg-info/requires.txt
[4.373s] writing top-level names to ../../build/leg_controller/leg_controller.egg-info/top_level.txt
[4.382s] reading manifest file '../../build/leg_controller/leg_controller.egg-info/SOURCES.txt'
[4.387s] writing manifest file '../../build/leg_controller/leg_controller.egg-info/SOURCES.txt'
[4.387s] running build
[4.388s] running build_py
[4.388s] copying leg_controller/legInfo.py -> /home/pi/hexapod/build/leg_controller/build/lib/leg_controller
[4.391s] running install
[4.392s] running install_lib
[4.396s] copying /home/pi/hexapod/build/leg_controller/build/lib/leg_controller/legInfo.py -> /home/pi/hexapod/install/leg_controller/lib/python3.10/site-packages/leg_controller
[4.400s] byte-compiling /home/pi/hexapod/install/leg_controller/lib/python3.10/site-packages/leg_controller/legInfo.py to legInfo.cpython-310.pyc
[4.403s] running install_data
[4.406s] running install_egg_info
[4.412s] removing '/home/pi/hexapod/install/leg_controller/lib/python3.10/site-packages/leg_controller-0.0.0-py3.10.egg-info' (and everything under it)
[4.414s] Copying ../../build/leg_controller/leg_controller.egg-info to /home/pi/hexapod/install/leg_controller/lib/python3.10/site-packages/leg_controller-0.0.0-py3.10.egg-info
[4.420s] running install_scripts
[4.504s] Installing kin_node script to /home/pi/hexapod/install/leg_controller/lib/leg_controller
[4.505s] Installing servo_node script to /home/pi/hexapod/install/leg_controller/lib/leg_controller
[4.507s] writing list of installed files to '/home/pi/hexapod/build/leg_controller/install.log'
[4.646s] Invoked command in '/home/pi/hexapod/src/leg_controller' returned '0': PYTHONPATH=/home/pi/hexapod/build/leg_controller/prefix_override:/home/pi/hexapod/install/leg_controller/lib/python3.10/site-packages:${PYTHONPATH} /usr/bin/python3 setup.py egg_info --egg-base ../../build/leg_controller build --build-base /home/pi/hexapod/build/leg_controller/build install --record /home/pi/hexapod/build/leg_controller/install.log --single-version-externally-managed
