[3.034s] Invoking command in '/home/pi/hexapod/build/leg_controller': PYTHONPATH=/home/pi/hexapod/build/leg_controller/prefix_override:/home/pi/hexapod/install/leg_controller/lib/python3.10/site-packages:${PYTHONPATH} /usr/bin/python3 setup.py develop --uninstall --editable --build-directory /home/pi/hexapod/build/leg_controller/build
[4.282s] running develop
[5.149s] Invoked command in '/home/pi/hexapod/build/leg_controller' returned '0': PYTHONPATH=/home/pi/hexapod/build/leg_controller/prefix_override:/home/pi/hexapod/install/leg_controller/lib/python3.10/site-packages:${PYTHONPATH} /usr/bin/python3 setup.py develop --uninstall --editable --build-directory /home/pi/hexapod/build/leg_controller/build
[5.159s] Invoking command in '/home/pi/hexapod/src/leg_controller': PYTHONPATH=/home/pi/hexapod/build/leg_controller/prefix_override:/home/pi/hexapod/install/leg_controller/lib/python3.10/site-packages:${PYTHONPATH} /usr/bin/python3 setup.py egg_info --egg-base ../../build/leg_controller build --build-base /home/pi/hexapod/build/leg_controller/build install --record /home/pi/hexapod/build/leg_controller/install.log --single-version-externally-managed
[6.328s] running egg_info
[6.330s] writing ../../build/leg_controller/leg_controller.egg-info/PKG-INFO
[6.331s] writing dependency_links to ../../build/leg_controller/leg_controller.egg-info/dependency_links.txt
[6.332s] writing entry points to ../../build/leg_controller/leg_controller.egg-info/entry_points.txt
[6.333s] writing requirements to ../../build/leg_controller/leg_controller.egg-info/requires.txt
[6.334s] writing top-level names to ../../build/leg_controller/leg_controller.egg-info/top_level.txt
[6.343s] reading manifest file '../../build/leg_controller/leg_controller.egg-info/SOURCES.txt'
[6.347s] writing manifest file '../../build/leg_controller/leg_controller.egg-info/SOURCES.txt'
[6.348s] running build
[6.349s] running build_py
[6.350s] copying leg_controller/servo_move.py -> /home/pi/hexapod/build/leg_controller/build/lib/leg_controller
[6.351s] running install
[6.353s] running install_lib
[6.356s] copying /home/pi/hexapod/build/leg_controller/build/lib/leg_controller/servo_move.py -> /home/pi/hexapod/install/leg_controller/lib/python3.10/site-packages/leg_controller
[6.359s] byte-compiling /home/pi/hexapod/install/leg_controller/lib/python3.10/site-packages/leg_controller/servo_move.py to servo_move.cpython-310.pyc
[6.363s] running install_data
[6.365s] running install_egg_info
[6.372s] removing '/home/pi/hexapod/install/leg_controller/lib/python3.10/site-packages/leg_controller-0.0.0-py3.10.egg-info' (and everything under it)
[6.374s] Copying ../../build/leg_controller/leg_controller.egg-info to /home/pi/hexapod/install/leg_controller/lib/python3.10/site-packages/leg_controller-0.0.0-py3.10.egg-info
[6.380s] running install_scripts
[6.463s] Installing legs_node script to /home/pi/hexapod/install/leg_controller/lib/leg_controller
[6.465s] writing list of installed files to '/home/pi/hexapod/build/leg_controller/install.log'
[6.592s] Invoked command in '/home/pi/hexapod/src/leg_controller' returned '0': PYTHONPATH=/home/pi/hexapod/build/leg_controller/prefix_override:/home/pi/hexapod/install/leg_controller/lib/python3.10/site-packages:${PYTHONPATH} /usr/bin/python3 setup.py egg_info --egg-base ../../build/leg_controller build --build-base /home/pi/hexapod/build/leg_controller/build install --record /home/pi/hexapod/build/leg_controller/install.log --single-version-externally-managed
