[3.142s] Invoking command in '/home/pi/hexapod/src/leg_controller': PYTHONPATH=/home/pi/hexapod/build/leg_controller/prefix_override:/home/pi/hexapod/install/leg_controller/lib/python3.10/site-packages:${PYTHONPATH} /usr/bin/python3 setup.py egg_info --egg-base ../../build/leg_controller build --build-base /home/pi/hexapod/build/leg_controller/build install --record /home/pi/hexapod/build/leg_controller/install.log --single-version-externally-managed
[4.351s] running egg_info
[4.354s] writing ../../build/leg_controller/leg_controller.egg-info/PKG-INFO
[4.355s] writing dependency_links to ../../build/leg_controller/leg_controller.egg-info/dependency_links.txt
[4.356s] writing entry points to ../../build/leg_controller/leg_controller.egg-info/entry_points.txt
[4.357s] writing requirements to ../../build/leg_controller/leg_controller.egg-info/requires.txt
[4.357s] writing top-level names to ../../build/leg_controller/leg_controller.egg-info/top_level.txt
[4.367s] reading manifest file '../../build/leg_controller/leg_controller.egg-info/SOURCES.txt'
[4.371s] writing manifest file '../../build/leg_controller/leg_controller.egg-info/SOURCES.txt'
[4.372s] running build
[4.372s] running build_py
[4.375s] running install
[4.376s] running install_lib
[4.383s] running install_data
[4.386s] running install_egg_info
[4.393s] removing '/home/pi/hexapod/install/leg_controller/lib/python3.10/site-packages/leg_controller-0.0.0-py3.10.egg-info' (and everything under it)
[4.395s] Copying ../../build/leg_controller/leg_controller.egg-info to /home/pi/hexapod/install/leg_controller/lib/python3.10/site-packages/leg_controller-0.0.0-py3.10.egg-info
[4.401s] running install_scripts
[4.485s] Installing kin_node script to /home/pi/hexapod/install/leg_controller/lib/leg_controller
[4.486s] Installing servo_node script to /home/pi/hexapod/install/leg_controller/lib/leg_controller
[4.488s] writing list of installed files to '/home/pi/hexapod/build/leg_controller/install.log'
[4.627s] Invoked command in '/home/pi/hexapod/src/leg_controller' returned '0': PYTHONPATH=/home/pi/hexapod/build/leg_controller/prefix_override:/home/pi/hexapod/install/leg_controller/lib/python3.10/site-packages:${PYTHONPATH} /usr/bin/python3 setup.py egg_info --egg-base ../../build/leg_controller build --build-base /home/pi/hexapod/build/leg_controller/build install --record /home/pi/hexapod/build/leg_controller/install.log --single-version-externally-managed
