[3.150s] Invoking command in '/home/pi/hexapod/src/leg_controller': PYTHONPATH=/home/pi/hexapod/build/leg_controller/prefix_override:/home/pi/hexapod/install/leg_controller/lib/python3.10/site-packages:${PYTHONPATH} /usr/bin/python3 setup.py egg_info --egg-base ../../build/leg_controller build --build-base /home/pi/hexapod/build/leg_controller/build install --record /home/pi/hexapod/build/leg_controller/install.log --single-version-externally-managed
[4.360s] running egg_info
[4.362s] writing ../../build/leg_controller/leg_controller.egg-info/PKG-INFO
[4.364s] writing dependency_links to ../../build/leg_controller/leg_controller.egg-info/dependency_links.txt
[4.364s] writing entry points to ../../build/leg_controller/leg_controller.egg-info/entry_points.txt
[4.366s] writing requirements to ../../build/leg_controller/leg_controller.egg-info/requires.txt
[4.367s] writing top-level names to ../../build/leg_controller/leg_controller.egg-info/top_level.txt
[4.377s] reading manifest file '../../build/leg_controller/leg_controller.egg-info/SOURCES.txt'
[4.381s] writing manifest file '../../build/leg_controller/leg_controller.egg-info/SOURCES.txt'
[4.382s] running build
[4.382s] running build_py
[4.383s] copying leg_controller/legInfo.py -> /home/pi/hexapod/build/leg_controller/build/lib/leg_controller
[4.385s] running install
[4.387s] running install_lib
[4.390s] copying /home/pi/hexapod/build/leg_controller/build/lib/leg_controller/legInfo.py -> /home/pi/hexapod/install/leg_controller/lib/python3.10/site-packages/leg_controller
[4.394s] byte-compiling /home/pi/hexapod/install/leg_controller/lib/python3.10/site-packages/leg_controller/legInfo.py to legInfo.cpython-310.pyc
[4.397s] running install_data
[4.400s] running install_egg_info
[4.407s] removing '/home/pi/hexapod/install/leg_controller/lib/python3.10/site-packages/leg_controller-0.0.0-py3.10.egg-info' (and everything under it)
[4.408s] Copying ../../build/leg_controller/leg_controller.egg-info to /home/pi/hexapod/install/leg_controller/lib/python3.10/site-packages/leg_controller-0.0.0-py3.10.egg-info
[4.414s] running install_scripts
[4.498s] Installing kin_node script to /home/pi/hexapod/install/leg_controller/lib/leg_controller
[4.499s] Installing servo_node script to /home/pi/hexapod/install/leg_controller/lib/leg_controller
[4.501s] writing list of installed files to '/home/pi/hexapod/build/leg_controller/install.log'
[4.637s] Invoked command in '/home/pi/hexapod/src/leg_controller' returned '0': PYTHONPATH=/home/pi/hexapod/build/leg_controller/prefix_override:/home/pi/hexapod/install/leg_controller/lib/python3.10/site-packages:${PYTHONPATH} /usr/bin/python3 setup.py egg_info --egg-base ../../build/leg_controller build --build-base /home/pi/hexapod/build/leg_controller/build install --record /home/pi/hexapod/build/leg_controller/install.log --single-version-externally-managed
