[3.093s] Invoking command in '/home/pi/hexapod/build/leg_controller': PYTHONPATH=/home/pi/hexapod/build/leg_controller/prefix_override:/home/pi/hexapod/install/leg_controller/lib/python3.10/site-packages:${PYTHONPATH} /usr/bin/python3 setup.py develop --uninstall --editable --build-directory /home/pi/hexapod/build/leg_controller/build
[4.348s] running develop
[5.244s] Invoked command in '/home/pi/hexapod/build/leg_controller' returned '0': PYTHONPATH=/home/pi/hexapod/build/leg_controller/prefix_override:/home/pi/hexapod/install/leg_controller/lib/python3.10/site-packages:${PYTHONPATH} /usr/bin/python3 setup.py develop --uninstall --editable --build-directory /home/pi/hexapod/build/leg_controller/build
[5.253s] Invoking command in '/home/pi/hexapod/src/leg_controller': PYTHONPATH=/home/pi/hexapod/build/leg_controller/prefix_override:/home/pi/hexapod/install/leg_controller/lib/python3.10/site-packages:${PYTHONPATH} /usr/bin/python3 setup.py egg_info --egg-base ../../build/leg_controller build --build-base /home/pi/hexapod/build/leg_controller/build install --record /home/pi/hexapod/build/leg_controller/install.log --single-version-externally-managed
[6.436s] running egg_info
[6.438s] writing ../../build/leg_controller/leg_controller.egg-info/PKG-INFO
[6.439s] writing dependency_links to ../../build/leg_controller/leg_controller.egg-info/dependency_links.txt
[6.440s] writing entry points to ../../build/leg_controller/leg_controller.egg-info/entry_points.txt
[6.441s] writing requirements to ../../build/leg_controller/leg_controller.egg-info/requires.txt
[6.442s] writing top-level names to ../../build/leg_controller/leg_controller.egg-info/top_level.txt
[6.451s] reading manifest file '../../build/leg_controller/leg_controller.egg-info/SOURCES.txt'
[6.455s] writing manifest file '../../build/leg_controller/leg_controller.egg-info/SOURCES.txt'
[6.456s] running build
[6.456s] running build_py
[6.457s] copying leg_controller/servo_move.py -> /home/pi/hexapod/build/leg_controller/build/lib/leg_controller
[6.459s] running install
[6.461s] running install_lib
[6.464s] copying /home/pi/hexapod/build/leg_controller/build/lib/leg_controller/servo_move.py -> /home/pi/hexapod/install/leg_controller/lib/python3.10/site-packages/leg_controller
[6.467s] byte-compiling /home/pi/hexapod/install/leg_controller/lib/python3.10/site-packages/leg_controller/servo_move.py to servo_move.cpython-310.pyc
[6.471s] running install_data
[6.474s] running install_egg_info
[6.480s] removing '/home/pi/hexapod/install/leg_controller/lib/python3.10/site-packages/leg_controller-0.0.0-py3.10.egg-info' (and everything under it)
[6.482s] Copying ../../build/leg_controller/leg_controller.egg-info to /home/pi/hexapod/install/leg_controller/lib/python3.10/site-packages/leg_controller-0.0.0-py3.10.egg-info
[6.491s] running install_scripts
[6.573s] Installing legs_node script to /home/pi/hexapod/install/leg_controller/lib/leg_controller
[6.575s] writing list of installed files to '/home/pi/hexapod/build/leg_controller/install.log'
[6.705s] Invoked command in '/home/pi/hexapod/src/leg_controller' returned '0': PYTHONPATH=/home/pi/hexapod/build/leg_controller/prefix_override:/home/pi/hexapod/install/leg_controller/lib/python3.10/site-packages:${PYTHONPATH} /usr/bin/python3 setup.py egg_info --egg-base ../../build/leg_controller build --build-base /home/pi/hexapod/build/leg_controller/build install --record /home/pi/hexapod/build/leg_controller/install.log --single-version-externally-managed
