[0.715s] DEBUG:colcon:Command line arguments: ['/usr/bin/colcon', 'build']
[0.716s] DEBUG:colcon:Parsed command line arguments: Namespace(log_base=None, log_level=None, verb_name='build', build_base='build', install_base='install', merge_install=False, symlink_install=False, test_result_base=None, continue_on_error=False, executor='parallel', parallel_workers=4, event_handlers=None, ignore_user_meta=False, metas=['./colcon.meta'], base_paths=['.'], packages_ignore=None, packages_ignore_regex=None, paths=None, packages_up_to=None, packages_up_to_regex=None, packages_above=None, packages_above_and_dependencies=None, packages_above_depth=None, packages_select_by_dep=None, packages_skip_by_dep=None, packages_skip_up_to=None, packages_select_build_failed=False, packages_skip_build_finished=False, packages_select_test_failures=False, packages_skip_test_passed=False, packages_select=None, packages_skip=None, packages_select_regex=None, packages_skip_regex=None, packages_start=None, packages_end=None, allow_overriding=[], cmake_args=None, cmake_target=None, cmake_target_skip_unavailable=False, cmake_clean_cache=False, cmake_clean_first=False, cmake_force_configure=False, ament_cmake_args=None, catkin_cmake_args=None, catkin_skip_building_tests=False, verb_parser=<colcon_defaults.argument_parser.defaults.DefaultArgumentsDecorator object at 0xffffb9d64ac0>, verb_extension=<colcon_core.verb.build.BuildVerb object at 0xffffb9d64550>, main=<bound method BuildVerb.main of <colcon_core.verb.build.BuildVerb object at 0xffffb9d64550>>)
[0.852s] Level 1:colcon.colcon_core.package_discovery:discover_packages(colcon_meta) check parameters
[0.853s] Level 1:colcon.colcon_core.package_discovery:discover_packages(recursive) check parameters
[0.853s] Level 1:colcon.colcon_core.package_discovery:discover_packages(ignore) check parameters
[0.853s] Level 1:colcon.colcon_core.package_discovery:discover_packages(path) check parameters
[0.853s] Level 1:colcon.colcon_core.package_discovery:discover_packages(colcon_meta) discover
[0.853s] Level 1:colcon.colcon_core.package_discovery:discover_packages(recursive) discover
[0.854s] INFO:colcon.colcon_core.package_discovery:Crawling recursively for packages in '/home/pi/hexapod/src'
[0.854s] Level 1:colcon.colcon_core.package_identification:_identify(.) by extensions ['ignore', 'ignore_ament_install']
[0.854s] Level 1:colcon.colcon_core.package_identification:_identify(.) by extension 'ignore'
[0.855s] Level 1:colcon.colcon_core.package_identification:_identify(.) by extension 'ignore_ament_install'
[0.855s] Level 1:colcon.colcon_core.package_identification:_identify(.) by extensions ['colcon_pkg']
[0.855s] Level 1:colcon.colcon_core.package_identification:_identify(.) by extension 'colcon_pkg'
[0.855s] Level 1:colcon.colcon_core.package_identification:_identify(.) by extensions ['colcon_meta']
[0.856s] Level 1:colcon.colcon_core.package_identification:_identify(.) by extension 'colcon_meta'
[0.856s] Level 1:colcon.colcon_core.package_identification:_identify(.) by extensions ['ros']
[0.856s] Level 1:colcon.colcon_core.package_identification:_identify(.) by extension 'ros'
[0.906s] Level 1:colcon.colcon_core.package_identification:_identify(.) by extensions ['cmake', 'python']
[0.906s] Level 1:colcon.colcon_core.package_identification:_identify(.) by extension 'cmake'
[0.906s] Level 1:colcon.colcon_core.package_identification:_identify(.) by extension 'python'
[0.907s] Level 1:colcon.colcon_core.package_identification:_identify(.) by extensions ['python_setup_py']
[0.907s] Level 1:colcon.colcon_core.package_identification:_identify(.) by extension 'python_setup_py'
[0.907s] Level 1:colcon.colcon_core.package_identification:_identify(build) by extensions ['ignore', 'ignore_ament_install']
[0.908s] Level 1:colcon.colcon_core.package_identification:_identify(build) by extension 'ignore'
[0.908s] Level 1:colcon.colcon_core.package_identification:_identify(build) ignored
[0.909s] Level 1:colcon.colcon_core.package_identification:_identify(hexapod_interfaces) by extensions ['ignore', 'ignore_ament_install']
[0.910s] Level 1:colcon.colcon_core.package_identification:_identify(hexapod_interfaces) by extension 'ignore'
[0.910s] Level 1:colcon.colcon_core.package_identification:_identify(hexapod_interfaces) by extension 'ignore_ament_install'
[0.911s] Level 1:colcon.colcon_core.package_identification:_identify(hexapod_interfaces) by extensions ['colcon_pkg']
[0.911s] Level 1:colcon.colcon_core.package_identification:_identify(hexapod_interfaces) by extension 'colcon_pkg'
[0.912s] Level 1:colcon.colcon_core.package_identification:_identify(hexapod_interfaces) by extensions ['colcon_meta']
[0.912s] Level 1:colcon.colcon_core.package_identification:_identify(hexapod_interfaces) by extension 'colcon_meta'
[0.912s] Level 1:colcon.colcon_core.package_identification:_identify(hexapod_interfaces) by extensions ['ros']
[0.913s] Level 1:colcon.colcon_core.package_identification:_identify(hexapod_interfaces) by extension 'ros'
[0.923s] DEBUG:colcon.colcon_core.package_identification:Package 'hexapod_interfaces' with type 'ros.ament_cmake' and name 'hexapod_interfaces'
[0.924s] Level 1:colcon.colcon_core.package_identification:_identify(install) by extensions ['ignore', 'ignore_ament_install']
[0.925s] Level 1:colcon.colcon_core.package_identification:_identify(install) by extension 'ignore'
[0.925s] Level 1:colcon.colcon_core.package_identification:_identify(install) ignored
[0.925s] Level 1:colcon.colcon_core.package_identification:_identify(leg_controller) by extensions ['ignore', 'ignore_ament_install']
[0.926s] Level 1:colcon.colcon_core.package_identification:_identify(leg_controller) by extension 'ignore'
[0.926s] Level 1:colcon.colcon_core.package_identification:_identify(leg_controller) by extension 'ignore_ament_install'
[0.927s] Level 1:colcon.colcon_core.package_identification:_identify(leg_controller) by extensions ['colcon_pkg']
[0.927s] Level 1:colcon.colcon_core.package_identification:_identify(leg_controller) by extension 'colcon_pkg'
[0.927s] Level 1:colcon.colcon_core.package_identification:_identify(leg_controller) by extensions ['colcon_meta']
[0.927s] Level 1:colcon.colcon_core.package_identification:_identify(leg_controller) by extension 'colcon_meta'
[0.928s] Level 1:colcon.colcon_core.package_identification:_identify(leg_controller) by extensions ['ros']
[0.928s] Level 1:colcon.colcon_core.package_identification:_identify(leg_controller) by extension 'ros'
[0.930s] DEBUG:colcon.colcon_core.package_identification:Package 'leg_controller' with type 'ros.ament_python' and name 'leg_controller'
[0.931s] Level 1:colcon.colcon_core.package_identification:_identify(log) by extensions ['ignore', 'ignore_ament_install']
[0.932s] Level 1:colcon.colcon_core.package_identification:_identify(log) by extension 'ignore'
[0.932s] Level 1:colcon.colcon_core.package_identification:_identify(log) ignored
[0.932s] Level 1:colcon.colcon_core.package_discovery:discover_packages(recursive) using defaults
[0.932s] Level 1:colcon.colcon_core.package_discovery:discover_packages(ignore) discover
[0.933s] Level 1:colcon.colcon_core.package_discovery:discover_packages(ignore) using defaults
[0.933s] Level 1:colcon.colcon_core.package_discovery:discover_packages(path) discover
[0.933s] Level 1:colcon.colcon_core.package_discovery:discover_packages(path) using defaults
[1.041s] Level 1:colcon.colcon_core.package_discovery:discover_packages(prefix_path) check parameters
[1.042s] Level 1:colcon.colcon_core.package_discovery:discover_packages(prefix_path) discover
[1.055s] DEBUG:colcon.colcon_installed_package_information.package_discovery:Found 2 installed packages in /home/pi/hexapod/install
[1.065s] DEBUG:colcon.colcon_installed_package_information.package_discovery:Found 180 installed packages in /opt/ros/humble
[1.070s] Level 1:colcon.colcon_core.package_discovery:discover_packages(prefix_path) using defaults
[1.261s] Level 5:colcon.colcon_core.verb:set package 'hexapod_interfaces' build argument 'cmake_args' from command line to 'None'
[1.261s] Level 5:colcon.colcon_core.verb:set package 'hexapod_interfaces' build argument 'cmake_target' from command line to 'None'
[1.261s] Level 5:colcon.colcon_core.verb:set package 'hexapod_interfaces' build argument 'cmake_target_skip_unavailable' from command line to 'False'
[1.262s] Level 5:colcon.colcon_core.verb:set package 'hexapod_interfaces' build argument 'cmake_clean_cache' from command line to 'False'
[1.262s] Level 5:colcon.colcon_core.verb:set package 'hexapod_interfaces' build argument 'cmake_clean_first' from command line to 'False'
[1.262s] Level 5:colcon.colcon_core.verb:set package 'hexapod_interfaces' build argument 'cmake_force_configure' from command line to 'False'
[1.262s] Level 5:colcon.colcon_core.verb:set package 'hexapod_interfaces' build argument 'ament_cmake_args' from command line to 'None'
[1.262s] Level 5:colcon.colcon_core.verb:set package 'hexapod_interfaces' build argument 'catkin_cmake_args' from command line to 'None'
[1.262s] Level 5:colcon.colcon_core.verb:set package 'hexapod_interfaces' build argument 'catkin_skip_building_tests' from command line to 'False'
[1.262s] DEBUG:colcon.colcon_core.verb:Building package 'hexapod_interfaces' with the following arguments: {'ament_cmake_args': None, 'build_base': '/home/pi/hexapod/src/build/hexapod_interfaces', 'catkin_cmake_args': None, 'catkin_skip_building_tests': False, 'cmake_args': None, 'cmake_clean_cache': False, 'cmake_clean_first': False, 'cmake_force_configure': False, 'cmake_target': None, 'cmake_target_skip_unavailable': False, 'install_base': '/home/pi/hexapod/src/install/hexapod_interfaces', 'merge_install': False, 'path': '/home/pi/hexapod/src/hexapod_interfaces', 'symlink_install': False, 'test_result_base': None}
[1.267s] Level 5:colcon.colcon_core.verb:set package 'leg_controller' build argument 'cmake_args' from command line to 'None'
[1.267s] Level 5:colcon.colcon_core.verb:set package 'leg_controller' build argument 'cmake_target' from command line to 'None'
[1.267s] Level 5:colcon.colcon_core.verb:set package 'leg_controller' build argument 'cmake_target_skip_unavailable' from command line to 'False'
[1.268s] Level 5:colcon.colcon_core.verb:set package 'leg_controller' build argument 'cmake_clean_cache' from command line to 'False'
[1.268s] Level 5:colcon.colcon_core.verb:set package 'leg_controller' build argument 'cmake_clean_first' from command line to 'False'
[1.268s] Level 5:colcon.colcon_core.verb:set package 'leg_controller' build argument 'cmake_force_configure' from command line to 'False'
[1.268s] Level 5:colcon.colcon_core.verb:set package 'leg_controller' build argument 'ament_cmake_args' from command line to 'None'
[1.268s] Level 5:colcon.colcon_core.verb:set package 'leg_controller' build argument 'catkin_cmake_args' from command line to 'None'
[1.268s] Level 5:colcon.colcon_core.verb:set package 'leg_controller' build argument 'catkin_skip_building_tests' from command line to 'False'
[1.268s] DEBUG:colcon.colcon_core.verb:Building package 'leg_controller' with the following arguments: {'ament_cmake_args': None, 'build_base': '/home/pi/hexapod/src/build/leg_controller', 'catkin_cmake_args': None, 'catkin_skip_building_tests': False, 'cmake_args': None, 'cmake_clean_cache': False, 'cmake_clean_first': False, 'cmake_force_configure': False, 'cmake_target': None, 'cmake_target_skip_unavailable': False, 'install_base': '/home/pi/hexapod/src/install/leg_controller', 'merge_install': False, 'path': '/home/pi/hexapod/src/leg_controller', 'symlink_install': False, 'test_result_base': None}
[1.271s] INFO:colcon.colcon_core.executor:Executing jobs using 'parallel' executor
[1.285s] DEBUG:colcon.colcon_parallel_executor.executor.parallel:run_until_complete
[1.286s] INFO:colcon.colcon_ros.task.ament_cmake.build:Building ROS package in '/home/pi/hexapod/src/hexapod_interfaces' with build type 'ament_cmake'
[1.287s] INFO:colcon.colcon_cmake.task.cmake.build:Building CMake package in '/home/pi/hexapod/src/hexapod_interfaces'
[1.308s] INFO:colcon.colcon_core.plugin_system:Skipping extension 'colcon_core.shell.bat': Not used on non-Windows systems
[1.309s] INFO:colcon.colcon_core.shell:Skip shell extension 'powershell' for command environment: Not usable outside of PowerShell
[1.309s] DEBUG:colcon.colcon_core.shell:Skip shell extension 'dsv' for command environment
[1.362s] DEBUG:colcon.colcon_core.event_handler.log_command:Invoking command in '/home/pi/hexapod/src/build/hexapod_interfaces': CMAKE_PREFIX_PATH=${CMAKE_PREFIX_PATH}:/home/pi/hexapod/install/leg_controller:/opt/ros/humble /usr/bin/cmake --build /home/pi/hexapod/src/build/hexapod_interfaces -- -j4 -l4
[2.363s] DEBUG:colcon.colcon_core.event_handler.log_command:Invoked command in '/home/pi/hexapod/src/build/hexapod_interfaces' returned '2': CMAKE_PREFIX_PATH=${CMAKE_PREFIX_PATH}:/home/pi/hexapod/install/leg_controller:/opt/ros/humble /usr/bin/cmake --build /home/pi/hexapod/src/build/hexapod_interfaces -- -j4 -l4
[2.770s] Level 1:colcon.colcon_core.environment:create_environment_scripts_only(hexapod_interfaces)
[2.794s] Level 1:colcon.colcon_core.environment:checking '/home/pi/hexapod/src/install/hexapod_interfaces' for CMake module files
[2.800s] Level 1:colcon.colcon_core.environment:checking '/home/pi/hexapod/src/install/hexapod_interfaces' for CMake config files
[2.804s] Level 1:colcon.colcon_core.shell:create_environment_hook('hexapod_interfaces', 'cmake_prefix_path')
[2.810s] INFO:colcon.colcon_core.shell:Creating environment hook '/home/pi/hexapod/src/install/hexapod_interfaces/share/hexapod_interfaces/hook/cmake_prefix_path.ps1'
[2.813s] INFO:colcon.colcon_core.shell:Creating environment descriptor '/home/pi/hexapod/src/install/hexapod_interfaces/share/hexapod_interfaces/hook/cmake_prefix_path.dsv'
[2.816s] INFO:colcon.colcon_core.shell:Creating environment hook '/home/pi/hexapod/src/install/hexapod_interfaces/share/hexapod_interfaces/hook/cmake_prefix_path.sh'
[2.820s] Level 1:colcon.colcon_core.environment:checking '/home/pi/hexapod/src/install/hexapod_interfaces/lib'
[2.821s] Level 1:colcon.colcon_core.shell:create_environment_hook('hexapod_interfaces', 'ld_library_path_lib')
[2.827s] INFO:colcon.colcon_core.shell:Creating environment hook '/home/pi/hexapod/src/install/hexapod_interfaces/share/hexapod_interfaces/hook/ld_library_path_lib.ps1'
[2.829s] INFO:colcon.colcon_core.shell:Creating environment descriptor '/home/pi/hexapod/src/install/hexapod_interfaces/share/hexapod_interfaces/hook/ld_library_path_lib.dsv'
[2.832s] INFO:colcon.colcon_core.shell:Creating environment hook '/home/pi/hexapod/src/install/hexapod_interfaces/share/hexapod_interfaces/hook/ld_library_path_lib.sh'
[2.834s] Level 1:colcon.colcon_core.environment:checking '/home/pi/hexapod/src/install/hexapod_interfaces/bin'
[2.835s] Level 1:colcon.colcon_core.environment:checking '/home/pi/hexapod/src/install/hexapod_interfaces/lib/pkgconfig/hexapod_interfaces.pc'
[2.836s] Level 1:colcon.colcon_core.environment:checking '/home/pi/hexapod/src/install/hexapod_interfaces/lib/python3.10/site-packages'
[2.837s] Level 1:colcon.colcon_core.environment:checking '/home/pi/hexapod/src/install/hexapod_interfaces/bin'
[2.843s] INFO:colcon.colcon_core.shell:Creating package script '/home/pi/hexapod/src/install/hexapod_interfaces/share/hexapod_interfaces/package.ps1'
[2.847s] INFO:colcon.colcon_core.shell:Creating package descriptor '/home/pi/hexapod/src/install/hexapod_interfaces/share/hexapod_interfaces/package.dsv'
[2.851s] INFO:colcon.colcon_core.shell:Creating package script '/home/pi/hexapod/src/install/hexapod_interfaces/share/hexapod_interfaces/package.sh'
[2.855s] INFO:colcon.colcon_core.shell:Creating package script '/home/pi/hexapod/src/install/hexapod_interfaces/share/hexapod_interfaces/package.bash'
[2.859s] INFO:colcon.colcon_core.shell:Creating package script '/home/pi/hexapod/src/install/hexapod_interfaces/share/hexapod_interfaces/package.zsh'
[2.862s] Level 1:colcon.colcon_core.environment:create_file_with_runtime_dependencies(/home/pi/hexapod/src/install/hexapod_interfaces/share/colcon-core/packages/hexapod_interfaces)
[2.874s] DEBUG:colcon.colcon_parallel_executor.executor.parallel:closing loop
[2.875s] DEBUG:colcon.colcon_parallel_executor.executor.parallel:loop closed
[2.875s] DEBUG:colcon.colcon_parallel_executor.executor.parallel:run_until_complete finished with '2'
[2.875s] DEBUG:colcon.colcon_core.event_reactor:joining thread
[2.907s] INFO:colcon.colcon_core.plugin_system:Skipping extension 'colcon_notification.desktop_notification.notify_send': Could not find 'notify-send'
[2.907s] INFO:colcon.colcon_core.plugin_system:Skipping extension 'colcon_notification.desktop_notification.terminal_notifier': Not used on non-Darwin systems
[2.908s] INFO:colcon.colcon_core.plugin_system:Skipping extension 'colcon_notification.desktop_notification.win32': Not used on non-Windows systems
[2.908s] INFO:colcon.colcon_notification.desktop_notification:Sending desktop notification using 'notify2'
[2.911s] DEBUG:colcon.colcon_notification.desktop_notification.notify2:Failed to initialize notify2: org.freedesktop.DBus.Error.ServiceUnknown: The name org.freedesktop.Notifications was not provided by any .service files
[2.912s] DEBUG:colcon.colcon_core.event_reactor:joined thread
[2.917s] INFO:colcon.colcon_core.shell:Creating prefix script '/home/pi/hexapod/src/install/local_setup.ps1'
[2.921s] INFO:colcon.colcon_core.shell:Creating prefix util module '/home/pi/hexapod/src/install/_local_setup_util_ps1.py'
[2.928s] INFO:colcon.colcon_core.shell:Creating prefix chain script '/home/pi/hexapod/src/install/setup.ps1'
[2.936s] INFO:colcon.colcon_core.shell:Creating prefix script '/home/pi/hexapod/src/install/local_setup.sh'
[2.938s] INFO:colcon.colcon_core.shell:Creating prefix util module '/home/pi/hexapod/src/install/_local_setup_util_sh.py'
[2.941s] INFO:colcon.colcon_core.shell:Creating prefix chain script '/home/pi/hexapod/src/install/setup.sh'
[2.948s] INFO:colcon.colcon_core.shell:Creating prefix script '/home/pi/hexapod/src/install/local_setup.bash'
[2.951s] INFO:colcon.colcon_core.shell:Creating prefix chain script '/home/pi/hexapod/src/install/setup.bash'
[2.958s] INFO:colcon.colcon_core.shell:Creating prefix script '/home/pi/hexapod/src/install/local_setup.zsh'
[2.960s] INFO:colcon.colcon_core.shell:Creating prefix chain script '/home/pi/hexapod/src/install/setup.zsh'
