[3.130s] Invoking command in '/home/pi/hexapod/src/leg_controller': PYTHONPATH=/home/pi/hexapod/build/leg_controller/prefix_override:/home/pi/hexapod/install/leg_controller/lib/python3.10/site-packages:${PYTHONPATH} /usr/bin/python3 setup.py egg_info --egg-base ../../build/leg_controller build --build-base /home/pi/hexapod/build/leg_controller/build install --record /home/pi/hexapod/build/leg_controller/install.log --single-version-externally-managed
[4.320s] running egg_info
[4.323s] writing ../../build/leg_controller/leg_controller.egg-info/PKG-INFO
[4.324s] writing dependency_links to ../../build/leg_controller/leg_controller.egg-info/dependency_links.txt
[4.325s] writing entry points to ../../build/leg_controller/leg_controller.egg-info/entry_points.txt
[4.326s] writing requirements to ../../build/leg_controller/leg_controller.egg-info/requires.txt
[4.327s] writing top-level names to ../../build/leg_controller/leg_controller.egg-info/top_level.txt
[4.337s] reading manifest file '../../build/leg_controller/leg_controller.egg-info/SOURCES.txt'
[4.341s] writing manifest file '../../build/leg_controller/leg_controller.egg-info/SOURCES.txt'
[4.342s] running build
[4.342s] running build_py
[4.344s] copying leg_controller/pointToAngle.py -> /home/pi/hexapod/build/leg_controller/build/lib/leg_controller
[4.346s] running install
[4.347s] running install_lib
[4.351s] copying /home/pi/hexapod/build/leg_controller/build/lib/leg_controller/pointToAngle.py -> /home/pi/hexapod/install/leg_controller/lib/python3.10/site-packages/leg_controller
[4.355s] byte-compiling /home/pi/hexapod/install/leg_controller/lib/python3.10/site-packages/leg_controller/pointToAngle.py to pointToAngle.cpython-310.pyc
[4.359s] running install_data
[4.362s] running install_egg_info
[4.368s] removing '/home/pi/hexapod/install/leg_controller/lib/python3.10/site-packages/leg_controller-0.0.0-py3.10.egg-info' (and everything under it)
[4.370s] Copying ../../build/leg_controller/leg_controller.egg-info to /home/pi/hexapod/install/leg_controller/lib/python3.10/site-packages/leg_controller-0.0.0-py3.10.egg-info
[4.377s] running install_scripts
[4.460s] Installing kin_node script to /home/pi/hexapod/install/leg_controller/lib/leg_controller
[4.461s] Installing servo_node script to /home/pi/hexapod/install/leg_controller/lib/leg_controller
[4.464s] writing list of installed files to '/home/pi/hexapod/build/leg_controller/install.log'
[4.605s] Invoked command in '/home/pi/hexapod/src/leg_controller' returned '0': PYTHONPATH=/home/pi/hexapod/build/leg_controller/prefix_override:/home/pi/hexapod/install/leg_controller/lib/python3.10/site-packages:${PYTHONPATH} /usr/bin/python3 setup.py egg_info --egg-base ../../build/leg_controller build --build-base /home/pi/hexapod/build/leg_controller/build install --record /home/pi/hexapod/build/leg_controller/install.log --single-version-externally-managed
