[4.191s] Invoking command in '/home/pi/hexapod/src/leg_controller': PYTHONPATH=/home/pi/hexapod/build/leg_controller/prefix_override:/home/pi/hexapod/install/leg_controller/lib/python3.10/site-packages:${PYTHONPATH} /usr/bin/python3 setup.py egg_info --egg-base ../../build/leg_controller build --build-base /home/pi/hexapod/build/leg_controller/build install --record /home/pi/hexapod/build/leg_controller/install.log --single-version-externally-managed
[5.674s] running egg_info
[5.676s] creating ../../build/leg_controller/leg_controller.egg-info
[5.684s] writing ../../build/leg_controller/leg_controller.egg-info/PKG-INFO
[5.685s] writing dependency_links to ../../build/leg_controller/leg_controller.egg-info/dependency_links.txt
[5.685s] writing entry points to ../../build/leg_controller/leg_controller.egg-info/entry_points.txt
[5.686s] writing requirements to ../../build/leg_controller/leg_controller.egg-info/requires.txt
[5.687s] writing top-level names to ../../build/leg_controller/leg_controller.egg-info/top_level.txt
[5.687s] writing manifest file '../../build/leg_controller/leg_controller.egg-info/SOURCES.txt'
[5.692s] reading manifest file '../../build/leg_controller/leg_controller.egg-info/SOURCES.txt'
[5.697s] writing manifest file '../../build/leg_controller/leg_controller.egg-info/SOURCES.txt'
[5.699s] running build
[5.700s] running build_py
[5.701s] creating /home/pi/hexapod/build/leg_controller/build
[5.702s] creating /home/pi/hexapod/build/leg_controller/build/lib
[5.702s] creating /home/pi/hexapod/build/leg_controller/build/lib/leg_controller
[5.703s] copying leg_controller/legInfo.py -> /home/pi/hexapod/build/leg_controller/build/lib/leg_controller
[5.704s] copying leg_controller/servoController.py -> /home/pi/hexapod/build/leg_controller/build/lib/leg_controller
[5.704s] copying leg_controller/motorControlDemo.py -> /home/pi/hexapod/build/leg_controller/build/lib/leg_controller
[5.705s] copying leg_controller/pointToAngle.py -> /home/pi/hexapod/build/leg_controller/build/lib/leg_controller
[5.706s] copying leg_controller/__init__.py -> /home/pi/hexapod/build/leg_controller/build/lib/leg_controller
[5.707s] running install
[5.708s] running install_lib
[5.721s] creating /home/pi/hexapod/install/leg_controller/lib/python3.10/site-packages/leg_controller
[5.722s] copying /home/pi/hexapod/build/leg_controller/build/lib/leg_controller/legInfo.py -> /home/pi/hexapod/install/leg_controller/lib/python3.10/site-packages/leg_controller
[5.723s] copying /home/pi/hexapod/build/leg_controller/build/lib/leg_controller/servoController.py -> /home/pi/hexapod/install/leg_controller/lib/python3.10/site-packages/leg_controller
[5.724s] copying /home/pi/hexapod/build/leg_controller/build/lib/leg_controller/motorControlDemo.py -> /home/pi/hexapod/install/leg_controller/lib/python3.10/site-packages/leg_controller
[5.725s] copying /home/pi/hexapod/build/leg_controller/build/lib/leg_controller/pointToAngle.py -> /home/pi/hexapod/install/leg_controller/lib/python3.10/site-packages/leg_controller
[5.725s] copying /home/pi/hexapod/build/leg_controller/build/lib/leg_controller/__init__.py -> /home/pi/hexapod/install/leg_controller/lib/python3.10/site-packages/leg_controller
[5.746s] byte-compiling /home/pi/hexapod/install/leg_controller/lib/python3.10/site-packages/leg_controller/legInfo.py to legInfo.cpython-310.pyc
[5.755s] byte-compiling /home/pi/hexapod/install/leg_controller/lib/python3.10/site-packages/leg_controller/servoController.py to servoController.cpython-310.pyc
[5.756s] byte-compiling /home/pi/hexapod/install/leg_controller/lib/python3.10/site-packages/leg_controller/motorControlDemo.py to motorControlDemo.cpython-310.pyc
[5.757s] byte-compiling /home/pi/hexapod/install/leg_controller/lib/python3.10/site-packages/leg_controller/pointToAngle.py to pointToAngle.cpython-310.pyc
[5.758s] byte-compiling /home/pi/hexapod/install/leg_controller/lib/python3.10/site-packages/leg_controller/__init__.py to __init__.cpython-310.pyc
[5.759s] running install_data
[5.760s] creating /home/pi/hexapod/install/leg_controller/share/ament_index
[5.760s] creating /home/pi/hexapod/install/leg_controller/share/ament_index/resource_index
[5.761s] creating /home/pi/hexapod/install/leg_controller/share/ament_index/resource_index/packages
[5.762s] copying resource/leg_controller -> /home/pi/hexapod/install/leg_controller/share/ament_index/resource_index/packages
[5.779s] copying package.xml -> /home/pi/hexapod/install/leg_controller/share/leg_controller
[5.780s] running install_egg_info
[5.781s] Copying ../../build/leg_controller/leg_controller.egg-info to /home/pi/hexapod/install/leg_controller/lib/python3.10/site-packages/leg_controller-0.0.0-py3.10.egg-info
[5.782s] running install_scripts
[5.893s] Installing kin_node script to /home/pi/hexapod/install/leg_controller/lib/leg_controller
[5.894s] Installing servo_node script to /home/pi/hexapod/install/leg_controller/lib/leg_controller
[5.897s] writing list of installed files to '/home/pi/hexapod/build/leg_controller/install.log'
[6.134s] Invoked command in '/home/pi/hexapod/src/leg_controller' returned '0': PYTHONPATH=/home/pi/hexapod/build/leg_controller/prefix_override:/home/pi/hexapod/install/leg_controller/lib/python3.10/site-packages:${PYTHONPATH} /usr/bin/python3 setup.py egg_info --egg-base ../../build/leg_controller build --build-base /home/pi/hexapod/build/leg_controller/build install --record /home/pi/hexapod/build/leg_controller/install.log --single-version-externally-managed
