[3.140s] Invoking command in '/home/pi/hexapod/build/leg_controller': PYTHONPATH=/home/pi/hexapod/build/leg_controller/prefix_override:/home/pi/hexapod/install/leg_controller/lib/python3.10/site-packages:${PYTHONPATH} /usr/bin/python3 setup.py develop --uninstall --editable --build-directory /home/pi/hexapod/build/leg_controller/build
[4.435s] running develop
[5.321s] Invoked command in '/home/pi/hexapod/build/leg_controller' returned '0': PYTHONPATH=/home/pi/hexapod/build/leg_controller/prefix_override:/home/pi/hexapod/install/leg_controller/lib/python3.10/site-packages:${PYTHONPATH} /usr/bin/python3 setup.py develop --uninstall --editable --build-directory /home/pi/hexapod/build/leg_controller/build
[5.331s] Invoking command in '/home/pi/hexapod/src/leg_controller': PYTHONPATH=/home/pi/hexapod/build/leg_controller/prefix_override:/home/pi/hexapod/install/leg_controller/lib/python3.10/site-packages:${PYTHONPATH} /usr/bin/python3 setup.py egg_info --egg-base ../../build/leg_controller build --build-base /home/pi/hexapod/build/leg_controller/build install --record /home/pi/hexapod/build/leg_controller/install.log --single-version-externally-managed
[6.518s] running egg_info
[6.521s] writing ../../build/leg_controller/leg_controller.egg-info/PKG-INFO
[6.522s] writing dependency_links to ../../build/leg_controller/leg_controller.egg-info/dependency_links.txt
[6.523s] writing entry points to ../../build/leg_controller/leg_controller.egg-info/entry_points.txt
[6.524s] writing requirements to ../../build/leg_controller/leg_controller.egg-info/requires.txt
[6.524s] writing top-level names to ../../build/leg_controller/leg_controller.egg-info/top_level.txt
[6.533s] reading manifest file '../../build/leg_controller/leg_controller.egg-info/SOURCES.txt'
[6.537s] writing manifest file '../../build/leg_controller/leg_controller.egg-info/SOURCES.txt'
[6.538s] running build
[6.539s] running build_py
[6.539s] copying leg_controller/servo_move.py -> /home/pi/hexapod/build/leg_controller/build/lib/leg_controller
[6.541s] running install
[6.543s] running install_lib
[6.547s] copying /home/pi/hexapod/build/leg_controller/build/lib/leg_controller/servo_move.py -> /home/pi/hexapod/install/leg_controller/lib/python3.10/site-packages/leg_controller
[6.550s] byte-compiling /home/pi/hexapod/install/leg_controller/lib/python3.10/site-packages/leg_controller/servo_move.py to servo_move.cpython-310.pyc
[6.554s] running install_data
[6.557s] running install_egg_info
[6.564s] removing '/home/pi/hexapod/install/leg_controller/lib/python3.10/site-packages/leg_controller-0.0.0-py3.10.egg-info' (and everything under it)
[6.566s] Copying ../../build/leg_controller/leg_controller.egg-info to /home/pi/hexapod/install/leg_controller/lib/python3.10/site-packages/leg_controller-0.0.0-py3.10.egg-info
[6.573s] running install_scripts
[6.658s] Installing legs_node script to /home/pi/hexapod/install/leg_controller/lib/leg_controller
[6.660s] writing list of installed files to '/home/pi/hexapod/build/leg_controller/install.log'
[6.790s] Invoked command in '/home/pi/hexapod/src/leg_controller' returned '0': PYTHONPATH=/home/pi/hexapod/build/leg_controller/prefix_override:/home/pi/hexapod/install/leg_controller/lib/python3.10/site-packages:${PYTHONPATH} /usr/bin/python3 setup.py egg_info --egg-base ../../build/leg_controller build --build-base /home/pi/hexapod/build/leg_controller/build install --record /home/pi/hexapod/build/leg_controller/install.log --single-version-externally-managed
