[3.211s] Invoking command in '/home/pi/hexapod/src/leg_controller': AMENT_PREFIX_PATH=/home/pi/hexapod/src/install/hexapod_interfaces:${AMENT_PREFIX_PATH} CMAKE_PREFIX_PATH=/home/pi/hexapod/src/install/hexapod_interfaces:${CMAKE_PREFIX_PATH} LD_LIBRARY_PATH=/home/pi/hexapod/src/install/hexapod_interfaces/lib:${LD_LIBRARY_PATH} PYTHONPATH=/home/pi/hexapod/src/build/leg_controller/prefix_override:/home/pi/hexapod/src/install/leg_controller/lib/python3.10/site-packages:/home/pi/hexapod/src/install/hexapod_interfaces/local/lib/python3.10/dist-packages:${PYTHONPATH} /usr/bin/python3 setup.py egg_info --egg-base ../build/leg_controller build --build-base /home/pi/hexapod/src/build/leg_controller/build install --record /home/pi/hexapod/src/build/leg_controller/install.log --single-version-externally-managed
[4.431s] running egg_info
[4.433s] creating ../build/leg_controller/leg_controller.egg-info
[4.434s] writing ../build/leg_controller/leg_controller.egg-info/PKG-INFO
[4.435s] writing dependency_links to ../build/leg_controller/leg_controller.egg-info/dependency_links.txt
[4.435s] writing entry points to ../build/leg_controller/leg_controller.egg-info/entry_points.txt
[4.436s] writing requirements to ../build/leg_controller/leg_controller.egg-info/requires.txt
[4.437s] writing top-level names to ../build/leg_controller/leg_controller.egg-info/top_level.txt
[4.438s] writing manifest file '../build/leg_controller/leg_controller.egg-info/SOURCES.txt'
[4.446s] reading manifest file '../build/leg_controller/leg_controller.egg-info/SOURCES.txt'
[4.450s] writing manifest file '../build/leg_controller/leg_controller.egg-info/SOURCES.txt'
[4.450s] running build
[4.451s] running build_py
[4.452s] creating /home/pi/hexapod/src/build/leg_controller/build
[4.452s] creating /home/pi/hexapod/src/build/leg_controller/build/lib
[4.453s] creating /home/pi/hexapod/src/build/leg_controller/build/lib/leg_controller
[4.453s] copying leg_controller/legInfo.py -> /home/pi/hexapod/src/build/leg_controller/build/lib/leg_controller
[4.454s] copying leg_controller/servoController.py -> /home/pi/hexapod/src/build/leg_controller/build/lib/leg_controller
[4.454s] copying leg_controller/motorControlDemo.py -> /home/pi/hexapod/src/build/leg_controller/build/lib/leg_controller
[4.455s] copying leg_controller/pointToAngle.py -> /home/pi/hexapod/src/build/leg_controller/build/lib/leg_controller
[4.456s] copying leg_controller/__init__.py -> /home/pi/hexapod/src/build/leg_controller/build/lib/leg_controller
[4.457s] running install
[4.458s] running install_lib
[4.461s] creating /home/pi/hexapod/src/install/leg_controller/lib/python3.10/site-packages/leg_controller
[4.462s] copying /home/pi/hexapod/src/build/leg_controller/build/lib/leg_controller/legInfo.py -> /home/pi/hexapod/src/install/leg_controller/lib/python3.10/site-packages/leg_controller
[4.463s] copying /home/pi/hexapod/src/build/leg_controller/build/lib/leg_controller/servoController.py -> /home/pi/hexapod/src/install/leg_controller/lib/python3.10/site-packages/leg_controller
[4.464s] copying /home/pi/hexapod/src/build/leg_controller/build/lib/leg_controller/motorControlDemo.py -> /home/pi/hexapod/src/install/leg_controller/lib/python3.10/site-packages/leg_controller
[4.464s] copying /home/pi/hexapod/src/build/leg_controller/build/lib/leg_controller/pointToAngle.py -> /home/pi/hexapod/src/install/leg_controller/lib/python3.10/site-packages/leg_controller
[4.465s] copying /home/pi/hexapod/src/build/leg_controller/build/lib/leg_controller/__init__.py -> /home/pi/hexapod/src/install/leg_controller/lib/python3.10/site-packages/leg_controller
[4.468s] byte-compiling /home/pi/hexapod/src/install/leg_controller/lib/python3.10/site-packages/leg_controller/legInfo.py to legInfo.cpython-310.pyc
[4.471s] byte-compiling /home/pi/hexapod/src/install/leg_controller/lib/python3.10/site-packages/leg_controller/servoController.py to servoController.cpython-310.pyc
[4.475s] byte-compiling /home/pi/hexapod/src/install/leg_controller/lib/python3.10/site-packages/leg_controller/motorControlDemo.py to motorControlDemo.cpython-310.pyc
[4.478s] byte-compiling /home/pi/hexapod/src/install/leg_controller/lib/python3.10/site-packages/leg_controller/pointToAngle.py to pointToAngle.cpython-310.pyc
[4.481s] byte-compiling /home/pi/hexapod/src/install/leg_controller/lib/python3.10/site-packages/leg_controller/__init__.py to __init__.cpython-310.pyc
[4.482s] running install_data
[4.485s] creating /home/pi/hexapod/src/install/leg_controller/share/ament_index
[4.485s] creating /home/pi/hexapod/src/install/leg_controller/share/ament_index/resource_index
[4.486s] creating /home/pi/hexapod/src/install/leg_controller/share/ament_index/resource_index/packages
[4.487s] copying resource/leg_controller -> /home/pi/hexapod/src/install/leg_controller/share/ament_index/resource_index/packages
[4.487s] copying package.xml -> /home/pi/hexapod/src/install/leg_controller/share/leg_controller
[4.487s] running install_egg_info
[4.495s] Copying ../build/leg_controller/leg_controller.egg-info to /home/pi/hexapod/src/install/leg_controller/lib/python3.10/site-packages/leg_controller-0.0.0-py3.10.egg-info
[4.501s] running install_scripts
[4.585s] Installing kin_node script to /home/pi/hexapod/src/install/leg_controller/lib/leg_controller
[4.586s] Installing servo_node script to /home/pi/hexapod/src/install/leg_controller/lib/leg_controller
[4.587s] writing list of installed files to '/home/pi/hexapod/src/build/leg_controller/install.log'
[4.729s] Invoked command in '/home/pi/hexapod/src/leg_controller' returned '0': AMENT_PREFIX_PATH=/home/pi/hexapod/src/install/hexapod_interfaces:${AMENT_PREFIX_PATH} CMAKE_PREFIX_PATH=/home/pi/hexapod/src/install/hexapod_interfaces:${CMAKE_PREFIX_PATH} LD_LIBRARY_PATH=/home/pi/hexapod/src/install/hexapod_interfaces/lib:${LD_LIBRARY_PATH} PYTHONPATH=/home/pi/hexapod/src/build/leg_controller/prefix_override:/home/pi/hexapod/src/install/leg_controller/lib/python3.10/site-packages:/home/pi/hexapod/src/install/hexapod_interfaces/local/lib/python3.10/dist-packages:${PYTHONPATH} /usr/bin/python3 setup.py egg_info --egg-base ../build/leg_controller build --build-base /home/pi/hexapod/src/build/leg_controller/build install --record /home/pi/hexapod/src/build/leg_controller/install.log --single-version-externally-managed
