[3.152s] Invoking command in '/home/pi/hexapod/src/leg_controller': PYTHONPATH=/home/pi/hexapod/build/leg_controller/prefix_override:/home/pi/hexapod/install/leg_controller/lib/python3.10/site-packages:${PYTHONPATH} /usr/bin/python3 setup.py egg_info --egg-base ../../build/leg_controller build --build-base /home/pi/hexapod/build/leg_controller/build install --record /home/pi/hexapod/build/leg_controller/install.log --single-version-externally-managed
[4.615s] running egg_info
[4.618s] writing ../../build/leg_controller/leg_controller.egg-info/PKG-INFO
[4.619s] writing dependency_links to ../../build/leg_controller/leg_controller.egg-info/dependency_links.txt
[4.620s] writing entry points to ../../build/leg_controller/leg_controller.egg-info/entry_points.txt
[4.621s] writing requirements to ../../build/leg_controller/leg_controller.egg-info/requires.txt
[4.622s] writing top-level names to ../../build/leg_controller/leg_controller.egg-info/top_level.txt
[4.631s] reading manifest file '../../build/leg_controller/leg_controller.egg-info/SOURCES.txt'
[4.636s] writing manifest file '../../build/leg_controller/leg_controller.egg-info/SOURCES.txt'
[4.636s] running build
[4.637s] running build_py
[4.638s] copying leg_controller/legInfo.py -> /home/pi/hexapod/build/leg_controller/build/lib/leg_controller
[4.640s] running install
[4.642s] running install_lib
[4.645s] copying /home/pi/hexapod/build/leg_controller/build/lib/leg_controller/legInfo.py -> /home/pi/hexapod/install/leg_controller/lib/python3.10/site-packages/leg_controller
[4.649s] byte-compiling /home/pi/hexapod/install/leg_controller/lib/python3.10/site-packages/leg_controller/legInfo.py to legInfo.cpython-310.pyc
[4.653s] running install_data
[4.655s] running install_egg_info
[4.662s] removing '/home/pi/hexapod/install/leg_controller/lib/python3.10/site-packages/leg_controller-0.0.0-py3.10.egg-info' (and everything under it)
[4.664s] Copying ../../build/leg_controller/leg_controller.egg-info to /home/pi/hexapod/install/leg_controller/lib/python3.10/site-packages/leg_controller-0.0.0-py3.10.egg-info
[4.670s] running install_scripts
[4.754s] Installing kin_node script to /home/pi/hexapod/install/leg_controller/lib/leg_controller
[4.755s] Installing servo_node script to /home/pi/hexapod/install/leg_controller/lib/leg_controller
[4.757s] writing list of installed files to '/home/pi/hexapod/build/leg_controller/install.log'
[4.897s] Invoked command in '/home/pi/hexapod/src/leg_controller' returned '0': PYTHONPATH=/home/pi/hexapod/build/leg_controller/prefix_override:/home/pi/hexapod/install/leg_controller/lib/python3.10/site-packages:${PYTHONPATH} /usr/bin/python3 setup.py egg_info --egg-base ../../build/leg_controller build --build-base /home/pi/hexapod/build/leg_controller/build install --record /home/pi/hexapod/build/leg_controller/install.log --single-version-externally-managed
