[0.715s] DEBUG:colcon:Command line arguments: ['/usr/bin/colcon', 'build']
[0.716s] DEBUG:colcon:Parsed command line arguments: Namespace(log_base=None, log_level=None, verb_name='build', build_base='build', install_base='install', merge_install=False, symlink_install=False, test_result_base=None, continue_on_error=False, executor='parallel', parallel_workers=4, event_handlers=None, ignore_user_meta=False, metas=['./colcon.meta'], base_paths=['.'], packages_ignore=None, packages_ignore_regex=None, paths=None, packages_up_to=None, packages_up_to_regex=None, packages_above=None, packages_above_and_dependencies=None, packages_above_depth=None, packages_select_by_dep=None, packages_skip_by_dep=None, packages_skip_up_to=None, packages_select_build_failed=False, packages_skip_build_finished=False, packages_select_test_failures=False, packages_skip_test_passed=False, packages_select=None, packages_skip=None, packages_select_regex=None, packages_skip_regex=None, packages_start=None, packages_end=None, allow_overriding=[], cmake_args=None, cmake_target=None, cmake_target_skip_unavailable=False, cmake_clean_cache=False, cmake_clean_first=False, cmake_force_configure=False, ament_cmake_args=None, catkin_cmake_args=None, catkin_skip_building_tests=False, verb_parser=<colcon_defaults.argument_parser.defaults.DefaultArgumentsDecorator object at 0xffff92204ac0>, verb_extension=<colcon_core.verb.build.BuildVerb object at 0xffff92204550>, main=<bound method BuildVerb.main of <colcon_core.verb.build.BuildVerb object at 0xffff92204550>>)
[0.850s] Level 1:colcon.colcon_core.package_discovery:discover_packages(colcon_meta) check parameters
[0.850s] Level 1:colcon.colcon_core.package_discovery:discover_packages(recursive) check parameters
[0.850s] Level 1:colcon.colcon_core.package_discovery:discover_packages(ignore) check parameters
[0.850s] Level 1:colcon.colcon_core.package_discovery:discover_packages(path) check parameters
[0.851s] Level 1:colcon.colcon_core.package_discovery:discover_packages(colcon_meta) discover
[0.851s] Level 1:colcon.colcon_core.package_discovery:discover_packages(recursive) discover
[0.851s] INFO:colcon.colcon_core.package_discovery:Crawling recursively for packages in '/home/pi/hexapod/src'
[0.852s] Level 1:colcon.colcon_core.package_identification:_identify(.) by extensions ['ignore', 'ignore_ament_install']
[0.852s] Level 1:colcon.colcon_core.package_identification:_identify(.) by extension 'ignore'
[0.852s] Level 1:colcon.colcon_core.package_identification:_identify(.) by extension 'ignore_ament_install'
[0.853s] Level 1:colcon.colcon_core.package_identification:_identify(.) by extensions ['colcon_pkg']
[0.853s] Level 1:colcon.colcon_core.package_identification:_identify(.) by extension 'colcon_pkg'
[0.853s] Level 1:colcon.colcon_core.package_identification:_identify(.) by extensions ['colcon_meta']
[0.853s] Level 1:colcon.colcon_core.package_identification:_identify(.) by extension 'colcon_meta'
[0.853s] Level 1:colcon.colcon_core.package_identification:_identify(.) by extensions ['ros']
[0.853s] Level 1:colcon.colcon_core.package_identification:_identify(.) by extension 'ros'
[0.903s] Level 1:colcon.colcon_core.package_identification:_identify(.) by extensions ['cmake', 'python']
[0.904s] Level 1:colcon.colcon_core.package_identification:_identify(.) by extension 'cmake'
[0.904s] Level 1:colcon.colcon_core.package_identification:_identify(.) by extension 'python'
[0.904s] Level 1:colcon.colcon_core.package_identification:_identify(.) by extensions ['python_setup_py']
[0.904s] Level 1:colcon.colcon_core.package_identification:_identify(.) by extension 'python_setup_py'
[0.905s] Level 1:colcon.colcon_core.package_identification:_identify(build) by extensions ['ignore', 'ignore_ament_install']
[0.906s] Level 1:colcon.colcon_core.package_identification:_identify(build) by extension 'ignore'
[0.906s] Level 1:colcon.colcon_core.package_identification:_identify(build) ignored
[0.906s] Level 1:colcon.colcon_core.package_identification:_identify(hexapod_interfaces) by extensions ['ignore', 'ignore_ament_install']
[0.907s] Level 1:colcon.colcon_core.package_identification:_identify(hexapod_interfaces) by extension 'ignore'
[0.907s] Level 1:colcon.colcon_core.package_identification:_identify(hexapod_interfaces) by extension 'ignore_ament_install'
[0.907s] Level 1:colcon.colcon_core.package_identification:_identify(hexapod_interfaces) by extensions ['colcon_pkg']
[0.908s] Level 1:colcon.colcon_core.package_identification:_identify(hexapod_interfaces) by extension 'colcon_pkg'
[0.908s] Level 1:colcon.colcon_core.package_identification:_identify(hexapod_interfaces) by extensions ['colcon_meta']
[0.908s] Level 1:colcon.colcon_core.package_identification:_identify(hexapod_interfaces) by extension 'colcon_meta'
[0.908s] Level 1:colcon.colcon_core.package_identification:_identify(hexapod_interfaces) by extensions ['ros']
[0.908s] Level 1:colcon.colcon_core.package_identification:_identify(hexapod_interfaces) by extension 'ros'
[0.918s] DEBUG:colcon.colcon_core.package_identification:Package 'hexapod_interfaces' with type 'ros.ament_cmake' and name 'hexapod_interfaces'
[0.919s] Level 1:colcon.colcon_core.package_identification:_identify(install) by extensions ['ignore', 'ignore_ament_install']
[0.919s] Level 1:colcon.colcon_core.package_identification:_identify(install) by extension 'ignore'
[0.920s] Level 1:colcon.colcon_core.package_identification:_identify(install) ignored
[0.920s] Level 1:colcon.colcon_core.package_identification:_identify(leg_controller) by extensions ['ignore', 'ignore_ament_install']
[0.921s] Level 1:colcon.colcon_core.package_identification:_identify(leg_controller) by extension 'ignore'
[0.921s] Level 1:colcon.colcon_core.package_identification:_identify(leg_controller) by extension 'ignore_ament_install'
[0.921s] Level 1:colcon.colcon_core.package_identification:_identify(leg_controller) by extensions ['colcon_pkg']
[0.921s] Level 1:colcon.colcon_core.package_identification:_identify(leg_controller) by extension 'colcon_pkg'
[0.922s] Level 1:colcon.colcon_core.package_identification:_identify(leg_controller) by extensions ['colcon_meta']
[0.922s] Level 1:colcon.colcon_core.package_identification:_identify(leg_controller) by extension 'colcon_meta'
[0.922s] Level 1:colcon.colcon_core.package_identification:_identify(leg_controller) by extensions ['ros']
[0.922s] Level 1:colcon.colcon_core.package_identification:_identify(leg_controller) by extension 'ros'
[0.925s] DEBUG:colcon.colcon_core.package_identification:Package 'leg_controller' with type 'ros.ament_python' and name 'leg_controller'
[0.925s] Level 1:colcon.colcon_core.package_identification:_identify(log) by extensions ['ignore', 'ignore_ament_install']
[0.926s] Level 1:colcon.colcon_core.package_identification:_identify(log) by extension 'ignore'
[0.926s] Level 1:colcon.colcon_core.package_identification:_identify(log) ignored
[0.926s] Level 1:colcon.colcon_core.package_discovery:discover_packages(recursive) using defaults
[0.927s] Level 1:colcon.colcon_core.package_discovery:discover_packages(ignore) discover
[0.927s] Level 1:colcon.colcon_core.package_discovery:discover_packages(ignore) using defaults
[0.927s] Level 1:colcon.colcon_core.package_discovery:discover_packages(path) discover
[0.927s] Level 1:colcon.colcon_core.package_discovery:discover_packages(path) using defaults
[1.037s] Level 1:colcon.colcon_core.package_discovery:discover_packages(prefix_path) check parameters
[1.037s] Level 1:colcon.colcon_core.package_discovery:discover_packages(prefix_path) discover
[1.051s] DEBUG:colcon.colcon_installed_package_information.package_discovery:Found 2 installed packages in /home/pi/hexapod/install
[1.060s] DEBUG:colcon.colcon_installed_package_information.package_discovery:Found 180 installed packages in /opt/ros/humble
[1.065s] Level 1:colcon.colcon_core.package_discovery:discover_packages(prefix_path) using defaults
[1.258s] Level 5:colcon.colcon_core.verb:set package 'hexapod_interfaces' build argument 'cmake_args' from command line to 'None'
[1.258s] Level 5:colcon.colcon_core.verb:set package 'hexapod_interfaces' build argument 'cmake_target' from command line to 'None'
[1.258s] Level 5:colcon.colcon_core.verb:set package 'hexapod_interfaces' build argument 'cmake_target_skip_unavailable' from command line to 'False'
[1.258s] Level 5:colcon.colcon_core.verb:set package 'hexapod_interfaces' build argument 'cmake_clean_cache' from command line to 'False'
[1.258s] Level 5:colcon.colcon_core.verb:set package 'hexapod_interfaces' build argument 'cmake_clean_first' from command line to 'False'
[1.259s] Level 5:colcon.colcon_core.verb:set package 'hexapod_interfaces' build argument 'cmake_force_configure' from command line to 'False'
[1.259s] Level 5:colcon.colcon_core.verb:set package 'hexapod_interfaces' build argument 'ament_cmake_args' from command line to 'None'
[1.259s] Level 5:colcon.colcon_core.verb:set package 'hexapod_interfaces' build argument 'catkin_cmake_args' from command line to 'None'
[1.259s] Level 5:colcon.colcon_core.verb:set package 'hexapod_interfaces' build argument 'catkin_skip_building_tests' from command line to 'False'
[1.259s] DEBUG:colcon.colcon_core.verb:Building package 'hexapod_interfaces' with the following arguments: {'ament_cmake_args': None, 'build_base': '/home/pi/hexapod/src/build/hexapod_interfaces', 'catkin_cmake_args': None, 'catkin_skip_building_tests': False, 'cmake_args': None, 'cmake_clean_cache': False, 'cmake_clean_first': False, 'cmake_force_configure': False, 'cmake_target': None, 'cmake_target_skip_unavailable': False, 'install_base': '/home/pi/hexapod/src/install/hexapod_interfaces', 'merge_install': False, 'path': '/home/pi/hexapod/src/hexapod_interfaces', 'symlink_install': False, 'test_result_base': None}
[1.264s] Level 5:colcon.colcon_core.verb:set package 'leg_controller' build argument 'cmake_args' from command line to 'None'
[1.264s] Level 5:colcon.colcon_core.verb:set package 'leg_controller' build argument 'cmake_target' from command line to 'None'
[1.264s] Level 5:colcon.colcon_core.verb:set package 'leg_controller' build argument 'cmake_target_skip_unavailable' from command line to 'False'
[1.264s] Level 5:colcon.colcon_core.verb:set package 'leg_controller' build argument 'cmake_clean_cache' from command line to 'False'
[1.264s] Level 5:colcon.colcon_core.verb:set package 'leg_controller' build argument 'cmake_clean_first' from command line to 'False'
[1.264s] Level 5:colcon.colcon_core.verb:set package 'leg_controller' build argument 'cmake_force_configure' from command line to 'False'
[1.265s] Level 5:colcon.colcon_core.verb:set package 'leg_controller' build argument 'ament_cmake_args' from command line to 'None'
[1.265s] Level 5:colcon.colcon_core.verb:set package 'leg_controller' build argument 'catkin_cmake_args' from command line to 'None'
[1.265s] Level 5:colcon.colcon_core.verb:set package 'leg_controller' build argument 'catkin_skip_building_tests' from command line to 'False'
[1.265s] DEBUG:colcon.colcon_core.verb:Building package 'leg_controller' with the following arguments: {'ament_cmake_args': None, 'build_base': '/home/pi/hexapod/src/build/leg_controller', 'catkin_cmake_args': None, 'catkin_skip_building_tests': False, 'cmake_args': None, 'cmake_clean_cache': False, 'cmake_clean_first': False, 'cmake_force_configure': False, 'cmake_target': None, 'cmake_target_skip_unavailable': False, 'install_base': '/home/pi/hexapod/src/install/leg_controller', 'merge_install': False, 'path': '/home/pi/hexapod/src/leg_controller', 'symlink_install': False, 'test_result_base': None}
[1.268s] INFO:colcon.colcon_core.executor:Executing jobs using 'parallel' executor
[1.282s] DEBUG:colcon.colcon_parallel_executor.executor.parallel:run_until_complete
[1.283s] INFO:colcon.colcon_ros.task.ament_cmake.build:Building ROS package in '/home/pi/hexapod/src/hexapod_interfaces' with build type 'ament_cmake'
[1.283s] INFO:colcon.colcon_cmake.task.cmake.build:Building CMake package in '/home/pi/hexapod/src/hexapod_interfaces'
[1.304s] INFO:colcon.colcon_core.plugin_system:Skipping extension 'colcon_core.shell.bat': Not used on non-Windows systems
[1.305s] INFO:colcon.colcon_core.shell:Skip shell extension 'powershell' for command environment: Not usable outside of PowerShell
[1.305s] DEBUG:colcon.colcon_core.shell:Skip shell extension 'dsv' for command environment
[1.359s] DEBUG:colcon.colcon_core.event_handler.log_command:Invoking command in '/home/pi/hexapod/src/build/hexapod_interfaces': CMAKE_PREFIX_PATH=${CMAKE_PREFIX_PATH}:/home/pi/hexapod/install/leg_controller:/opt/ros/humble /usr/bin/cmake --build /home/pi/hexapod/src/build/hexapod_interfaces -- -j4 -l4
[15.190s] DEBUG:colcon.colcon_core.event_handler.log_command:Invoked command in '/home/pi/hexapod/src/build/hexapod_interfaces' returned '0': CMAKE_PREFIX_PATH=${CMAKE_PREFIX_PATH}:/home/pi/hexapod/install/leg_controller:/opt/ros/humble /usr/bin/cmake --build /home/pi/hexapod/src/build/hexapod_interfaces -- -j4 -l4
[15.632s] DEBUG:colcon.colcon_core.event_handler.log_command:Invoking command in '/home/pi/hexapod/src/build/hexapod_interfaces': CMAKE_PREFIX_PATH=${CMAKE_PREFIX_PATH}:/home/pi/hexapod/install/leg_controller:/opt/ros/humble /usr/bin/cmake --install /home/pi/hexapod/src/build/hexapod_interfaces
[16.028s] Level 1:colcon.colcon_core.environment:create_environment_scripts_only(hexapod_interfaces)
[16.030s] DEBUG:colcon.colcon_core.event_handler.log_command:Invoked command in '/home/pi/hexapod/src/build/hexapod_interfaces' returned '0': CMAKE_PREFIX_PATH=${CMAKE_PREFIX_PATH}:/home/pi/hexapod/install/leg_controller:/opt/ros/humble /usr/bin/cmake --install /home/pi/hexapod/src/build/hexapod_interfaces
[16.054s] Level 1:colcon.colcon_core.environment:checking '/home/pi/hexapod/src/install/hexapod_interfaces' for CMake module files
[16.059s] Level 1:colcon.colcon_core.environment:checking '/home/pi/hexapod/src/install/hexapod_interfaces' for CMake config files
[16.063s] Level 1:colcon.colcon_core.shell:create_environment_hook('hexapod_interfaces', 'cmake_prefix_path')
[16.069s] INFO:colcon.colcon_core.shell:Creating environment hook '/home/pi/hexapod/src/install/hexapod_interfaces/share/hexapod_interfaces/hook/cmake_prefix_path.ps1'
[16.072s] INFO:colcon.colcon_core.shell:Creating environment descriptor '/home/pi/hexapod/src/install/hexapod_interfaces/share/hexapod_interfaces/hook/cmake_prefix_path.dsv'
[16.074s] INFO:colcon.colcon_core.shell:Creating environment hook '/home/pi/hexapod/src/install/hexapod_interfaces/share/hexapod_interfaces/hook/cmake_prefix_path.sh'
[16.078s] Level 1:colcon.colcon_core.environment:checking '/home/pi/hexapod/src/install/hexapod_interfaces/lib'
[16.079s] Level 1:colcon.colcon_core.shell:create_environment_hook('hexapod_interfaces', 'ld_library_path_lib')
[16.085s] INFO:colcon.colcon_core.shell:Creating environment hook '/home/pi/hexapod/src/install/hexapod_interfaces/share/hexapod_interfaces/hook/ld_library_path_lib.ps1'
[16.087s] INFO:colcon.colcon_core.shell:Creating environment descriptor '/home/pi/hexapod/src/install/hexapod_interfaces/share/hexapod_interfaces/hook/ld_library_path_lib.dsv'
[16.090s] INFO:colcon.colcon_core.shell:Creating environment hook '/home/pi/hexapod/src/install/hexapod_interfaces/share/hexapod_interfaces/hook/ld_library_path_lib.sh'
[16.092s] Level 1:colcon.colcon_core.environment:checking '/home/pi/hexapod/src/install/hexapod_interfaces/bin'
[16.092s] Level 1:colcon.colcon_core.environment:checking '/home/pi/hexapod/src/install/hexapod_interfaces/lib/pkgconfig/hexapod_interfaces.pc'
[16.093s] Level 1:colcon.colcon_core.environment:checking '/home/pi/hexapod/src/install/hexapod_interfaces/lib/python3.10/site-packages'
[16.094s] Level 1:colcon.colcon_core.environment:checking '/home/pi/hexapod/src/install/hexapod_interfaces/bin'
[16.101s] INFO:colcon.colcon_core.shell:Creating package script '/home/pi/hexapod/src/install/hexapod_interfaces/share/hexapod_interfaces/package.ps1'
[16.106s] INFO:colcon.colcon_core.shell:Creating package descriptor '/home/pi/hexapod/src/install/hexapod_interfaces/share/hexapod_interfaces/package.dsv'
[16.110s] INFO:colcon.colcon_core.shell:Creating package script '/home/pi/hexapod/src/install/hexapod_interfaces/share/hexapod_interfaces/package.sh'
[16.115s] INFO:colcon.colcon_core.shell:Creating package script '/home/pi/hexapod/src/install/hexapod_interfaces/share/hexapod_interfaces/package.bash'
[16.120s] INFO:colcon.colcon_core.shell:Creating package script '/home/pi/hexapod/src/install/hexapod_interfaces/share/hexapod_interfaces/package.zsh'
[16.123s] Level 1:colcon.colcon_core.environment:create_file_with_runtime_dependencies(/home/pi/hexapod/src/install/hexapod_interfaces/share/colcon-core/packages/hexapod_interfaces)
[16.522s] Level 1:colcon.colcon_core.environment:create_environment_scripts_only(hexapod_interfaces)
[16.532s] Level 1:colcon.colcon_core.environment:checking '/home/pi/hexapod/src/install/hexapod_interfaces' for CMake module files
[16.537s] Level 1:colcon.colcon_core.environment:checking '/home/pi/hexapod/src/install/hexapod_interfaces' for CMake config files
[16.541s] Level 1:colcon.colcon_core.shell:create_environment_hook('hexapod_interfaces', 'cmake_prefix_path')
[16.546s] INFO:colcon.colcon_core.shell:Creating environment hook '/home/pi/hexapod/src/install/hexapod_interfaces/share/hexapod_interfaces/hook/cmake_prefix_path.ps1'
[16.549s] INFO:colcon.colcon_core.shell:Creating environment descriptor '/home/pi/hexapod/src/install/hexapod_interfaces/share/hexapod_interfaces/hook/cmake_prefix_path.dsv'
[16.550s] INFO:colcon.colcon_core.shell:Creating environment hook '/home/pi/hexapod/src/install/hexapod_interfaces/share/hexapod_interfaces/hook/cmake_prefix_path.sh'
[16.554s] Level 1:colcon.colcon_core.environment:checking '/home/pi/hexapod/src/install/hexapod_interfaces/lib'
[16.554s] Level 1:colcon.colcon_core.shell:create_environment_hook('hexapod_interfaces', 'ld_library_path_lib')
[16.560s] INFO:colcon.colcon_core.shell:Creating environment hook '/home/pi/hexapod/src/install/hexapod_interfaces/share/hexapod_interfaces/hook/ld_library_path_lib.ps1'
[16.562s] INFO:colcon.colcon_core.shell:Creating environment descriptor '/home/pi/hexapod/src/install/hexapod_interfaces/share/hexapod_interfaces/hook/ld_library_path_lib.dsv'
[16.564s] INFO:colcon.colcon_core.shell:Creating environment hook '/home/pi/hexapod/src/install/hexapod_interfaces/share/hexapod_interfaces/hook/ld_library_path_lib.sh'
[16.566s] Level 1:colcon.colcon_core.environment:checking '/home/pi/hexapod/src/install/hexapod_interfaces/bin'
[16.566s] Level 1:colcon.colcon_core.environment:checking '/home/pi/hexapod/src/install/hexapod_interfaces/lib/pkgconfig/hexapod_interfaces.pc'
[16.567s] Level 1:colcon.colcon_core.environment:checking '/home/pi/hexapod/src/install/hexapod_interfaces/lib/python3.10/site-packages'
[16.568s] Level 1:colcon.colcon_core.environment:checking '/home/pi/hexapod/src/install/hexapod_interfaces/bin'
[16.574s] INFO:colcon.colcon_core.shell:Creating package script '/home/pi/hexapod/src/install/hexapod_interfaces/share/hexapod_interfaces/package.ps1'
[16.577s] INFO:colcon.colcon_core.shell:Creating package descriptor '/home/pi/hexapod/src/install/hexapod_interfaces/share/hexapod_interfaces/package.dsv'
[16.581s] INFO:colcon.colcon_core.shell:Creating package script '/home/pi/hexapod/src/install/hexapod_interfaces/share/hexapod_interfaces/package.sh'
[16.583s] INFO:colcon.colcon_core.shell:Creating package script '/home/pi/hexapod/src/install/hexapod_interfaces/share/hexapod_interfaces/package.bash'
[16.585s] INFO:colcon.colcon_core.shell:Creating package script '/home/pi/hexapod/src/install/hexapod_interfaces/share/hexapod_interfaces/package.zsh'
[16.587s] Level 1:colcon.colcon_core.environment:create_file_with_runtime_dependencies(/home/pi/hexapod/src/install/hexapod_interfaces/share/colcon-core/packages/hexapod_interfaces)
[16.589s] INFO:colcon.colcon_ros.task.ament_python.build:Building ROS package in '/home/pi/hexapod/src/leg_controller' with build type 'ament_python'
[16.590s] Level 1:colcon.colcon_core.shell:create_environment_hook('leg_controller', 'ament_prefix_path')
[16.596s] INFO:colcon.colcon_core.shell:Creating environment hook '/home/pi/hexapod/src/install/leg_controller/share/leg_controller/hook/ament_prefix_path.ps1'
[16.600s] INFO:colcon.colcon_core.shell:Creating environment descriptor '/home/pi/hexapod/src/install/leg_controller/share/leg_controller/hook/ament_prefix_path.dsv'
[16.601s] INFO:colcon.colcon_core.shell:Creating environment hook '/home/pi/hexapod/src/install/leg_controller/share/leg_controller/hook/ament_prefix_path.sh'
[16.608s] INFO:colcon.colcon_core.shell:Skip shell extension 'powershell' for command environment: Not usable outside of PowerShell
[16.609s] DEBUG:colcon.colcon_core.shell:Skip shell extension 'dsv' for command environment
[17.973s] INFO:colcon.colcon_core.task.python.build:Building Python package in '/home/pi/hexapod/src/leg_controller'
[17.980s] INFO:colcon.colcon_core.shell:Skip shell extension 'powershell' for command environment: Not usable outside of PowerShell
[17.980s] DEBUG:colcon.colcon_core.shell:Skip shell extension 'dsv' for command environment
[19.810s] DEBUG:colcon.colcon_core.event_handler.log_command:Invoking command in '/home/pi/hexapod/src/leg_controller': AMENT_PREFIX_PATH=/home/pi/hexapod/src/install/hexapod_interfaces:${AMENT_PREFIX_PATH} CMAKE_PREFIX_PATH=/home/pi/hexapod/src/install/hexapod_interfaces:${CMAKE_PREFIX_PATH} LD_LIBRARY_PATH=/home/pi/hexapod/src/install/hexapod_interfaces/lib:${LD_LIBRARY_PATH} PYTHONPATH=/home/pi/hexapod/src/build/leg_controller/prefix_override:/home/pi/hexapod/src/install/leg_controller/lib/python3.10/site-packages:/home/pi/hexapod/src/install/hexapod_interfaces/local/lib/python3.10/dist-packages:${PYTHONPATH} /usr/bin/python3 setup.py egg_info --egg-base ../build/leg_controller build --build-base /home/pi/hexapod/src/build/leg_controller/build install --record /home/pi/hexapod/src/build/leg_controller/install.log --single-version-externally-managed
[21.326s] Level 1:colcon.colcon_core.environment:checking '/home/pi/hexapod/src/install/leg_controller' for CMake module files
[21.329s] DEBUG:colcon.colcon_core.event_handler.log_command:Invoked command in '/home/pi/hexapod/src/leg_controller' returned '0': AMENT_PREFIX_PATH=/home/pi/hexapod/src/install/hexapod_interfaces:${AMENT_PREFIX_PATH} CMAKE_PREFIX_PATH=/home/pi/hexapod/src/install/hexapod_interfaces:${CMAKE_PREFIX_PATH} LD_LIBRARY_PATH=/home/pi/hexapod/src/install/hexapod_interfaces/lib:${LD_LIBRARY_PATH} PYTHONPATH=/home/pi/hexapod/src/build/leg_controller/prefix_override:/home/pi/hexapod/src/install/leg_controller/lib/python3.10/site-packages:/home/pi/hexapod/src/install/hexapod_interfaces/local/lib/python3.10/dist-packages:${PYTHONPATH} /usr/bin/python3 setup.py egg_info --egg-base ../build/leg_controller build --build-base /home/pi/hexapod/src/build/leg_controller/build install --record /home/pi/hexapod/src/build/leg_controller/install.log --single-version-externally-managed
[21.331s] Level 1:colcon.colcon_core.environment:checking '/home/pi/hexapod/src/install/leg_controller' for CMake config files
[21.335s] Level 1:colcon.colcon_core.environment:checking '/home/pi/hexapod/src/install/leg_controller/lib'
[21.336s] Level 1:colcon.colcon_core.environment:checking '/home/pi/hexapod/src/install/leg_controller/bin'
[21.336s] Level 1:colcon.colcon_core.environment:checking '/home/pi/hexapod/src/install/leg_controller/lib/pkgconfig/leg_controller.pc'
[21.337s] Level 1:colcon.colcon_core.environment:checking '/home/pi/hexapod/src/install/leg_controller/lib/python3.10/site-packages'
[21.338s] Level 1:colcon.colcon_core.shell:create_environment_hook('leg_controller', 'pythonpath')
[21.344s] INFO:colcon.colcon_core.shell:Creating environment hook '/home/pi/hexapod/src/install/leg_controller/share/leg_controller/hook/pythonpath.ps1'
[21.346s] INFO:colcon.colcon_core.shell:Creating environment descriptor '/home/pi/hexapod/src/install/leg_controller/share/leg_controller/hook/pythonpath.dsv'
[21.347s] INFO:colcon.colcon_core.shell:Creating environment hook '/home/pi/hexapod/src/install/leg_controller/share/leg_controller/hook/pythonpath.sh'
[21.350s] Level 1:colcon.colcon_core.environment:checking '/home/pi/hexapod/src/install/leg_controller/bin'
[21.350s] Level 1:colcon.colcon_core.environment:create_environment_scripts_only(leg_controller)
[21.356s] INFO:colcon.colcon_core.shell:Creating package script '/home/pi/hexapod/src/install/leg_controller/share/leg_controller/package.ps1'
[21.358s] INFO:colcon.colcon_core.shell:Creating package descriptor '/home/pi/hexapod/src/install/leg_controller/share/leg_controller/package.dsv'
[21.360s] INFO:colcon.colcon_core.shell:Creating package script '/home/pi/hexapod/src/install/leg_controller/share/leg_controller/package.sh'
[21.362s] INFO:colcon.colcon_core.shell:Creating package script '/home/pi/hexapod/src/install/leg_controller/share/leg_controller/package.bash'
[21.364s] INFO:colcon.colcon_core.shell:Creating package script '/home/pi/hexapod/src/install/leg_controller/share/leg_controller/package.zsh'
[21.365s] Level 1:colcon.colcon_core.environment:create_file_with_runtime_dependencies(/home/pi/hexapod/src/install/leg_controller/share/colcon-core/packages/leg_controller)
[21.367s] DEBUG:colcon.colcon_parallel_executor.executor.parallel:closing loop
[21.368s] DEBUG:colcon.colcon_parallel_executor.executor.parallel:loop closed
[21.368s] DEBUG:colcon.colcon_parallel_executor.executor.parallel:run_until_complete finished with '0'
[21.368s] DEBUG:colcon.colcon_core.event_reactor:joining thread
[21.395s] INFO:colcon.colcon_core.plugin_system:Skipping extension 'colcon_notification.desktop_notification.notify_send': Could not find 'notify-send'
[21.395s] INFO:colcon.colcon_core.plugin_system:Skipping extension 'colcon_notification.desktop_notification.terminal_notifier': Not used on non-Darwin systems
[21.396s] INFO:colcon.colcon_core.plugin_system:Skipping extension 'colcon_notification.desktop_notification.win32': Not used on non-Windows systems
[21.396s] INFO:colcon.colcon_notification.desktop_notification:Sending desktop notification using 'notify2'
[21.399s] DEBUG:colcon.colcon_notification.desktop_notification.notify2:Failed to initialize notify2: org.freedesktop.DBus.Error.ServiceUnknown: The name org.freedesktop.Notifications was not provided by any .service files
[21.400s] DEBUG:colcon.colcon_core.event_reactor:joined thread
[21.406s] INFO:colcon.colcon_core.shell:Creating prefix script '/home/pi/hexapod/src/install/local_setup.ps1'
[21.419s] INFO:colcon.colcon_core.shell:Creating prefix util module '/home/pi/hexapod/src/install/_local_setup_util_ps1.py'
[21.427s] INFO:colcon.colcon_core.shell:Creating prefix chain script '/home/pi/hexapod/src/install/setup.ps1'
[21.434s] INFO:colcon.colcon_core.shell:Creating prefix script '/home/pi/hexapod/src/install/local_setup.sh'
[21.436s] INFO:colcon.colcon_core.shell:Creating prefix util module '/home/pi/hexapod/src/install/_local_setup_util_sh.py'
[21.439s] INFO:colcon.colcon_core.shell:Creating prefix chain script '/home/pi/hexapod/src/install/setup.sh'
[21.445s] INFO:colcon.colcon_core.shell:Creating prefix script '/home/pi/hexapod/src/install/local_setup.bash'
[21.448s] INFO:colcon.colcon_core.shell:Creating prefix chain script '/home/pi/hexapod/src/install/setup.bash'
[21.454s] INFO:colcon.colcon_core.shell:Creating prefix script '/home/pi/hexapod/src/install/local_setup.zsh'
[21.457s] INFO:colcon.colcon_core.shell:Creating prefix chain script '/home/pi/hexapod/src/install/setup.zsh'
