[3.295s] Invoking command in '/home/pi/hexapod/build/leg_controller': PYTHONPATH=/home/pi/hexapod/build/leg_controller/prefix_override:/home/pi/hexapod/install/leg_controller/lib/python3.10/site-packages:${PYTHONPATH} /usr/bin/python3 setup.py develop --uninstall --editable --build-directory /home/pi/hexapod/build/leg_controller/build
[4.598s] running develop
[5.493s] Invoked command in '/home/pi/hexapod/build/leg_controller' returned '0': PYTHONPATH=/home/pi/hexapod/build/leg_controller/prefix_override:/home/pi/hexapod/install/leg_controller/lib/python3.10/site-packages:${PYTHONPATH} /usr/bin/python3 setup.py develop --uninstall --editable --build-directory /home/pi/hexapod/build/leg_controller/build
[5.503s] Invoking command in '/home/pi/hexapod/src/leg_controller': PYTHONPATH=/home/pi/hexapod/build/leg_controller/prefix_override:/home/pi/hexapod/install/leg_controller/lib/python3.10/site-packages:${PYTHONPATH} /usr/bin/python3 setup.py egg_info --egg-base ../../build/leg_controller build --build-base /home/pi/hexapod/build/leg_controller/build install --record /home/pi/hexapod/build/leg_controller/install.log --single-version-externally-managed
[6.689s] running egg_info
[6.691s] writing ../../build/leg_controller/leg_controller.egg-info/PKG-INFO
[6.693s] writing dependency_links to ../../build/leg_controller/leg_controller.egg-info/dependency_links.txt
[6.693s] writing entry points to ../../build/leg_controller/leg_controller.egg-info/entry_points.txt
[6.694s] writing requirements to ../../build/leg_controller/leg_controller.egg-info/requires.txt
[6.695s] writing top-level names to ../../build/leg_controller/leg_controller.egg-info/top_level.txt
[6.705s] reading manifest file '../../build/leg_controller/leg_controller.egg-info/SOURCES.txt'
[6.709s] writing manifest file '../../build/leg_controller/leg_controller.egg-info/SOURCES.txt'
[6.710s] running build
[6.710s] running build_py
[6.711s] copying leg_controller/servo_move.py -> /home/pi/hexapod/build/leg_controller/build/lib/leg_controller
[6.713s] running install
[6.714s] running install_lib
[6.718s] copying /home/pi/hexapod/build/leg_controller/build/lib/leg_controller/servo_move.py -> /home/pi/hexapod/install/leg_controller/lib/python3.10/site-packages/leg_controller
[6.722s] byte-compiling /home/pi/hexapod/install/leg_controller/lib/python3.10/site-packages/leg_controller/servo_move.py to servo_move.cpython-310.pyc
[6.726s] running install_data
[6.728s] running install_egg_info
[6.735s] removing '/home/pi/hexapod/install/leg_controller/lib/python3.10/site-packages/leg_controller-0.0.0-py3.10.egg-info' (and everything under it)
[6.737s] Copying ../../build/leg_controller/leg_controller.egg-info to /home/pi/hexapod/install/leg_controller/lib/python3.10/site-packages/leg_controller-0.0.0-py3.10.egg-info
[6.745s] running install_scripts
[6.832s] Installing legs_node script to /home/pi/hexapod/install/leg_controller/lib/leg_controller
[6.834s] writing list of installed files to '/home/pi/hexapod/build/leg_controller/install.log'
[6.964s] Invoked command in '/home/pi/hexapod/src/leg_controller' returned '0': PYTHONPATH=/home/pi/hexapod/build/leg_controller/prefix_override:/home/pi/hexapod/install/leg_controller/lib/python3.10/site-packages:${PYTHONPATH} /usr/bin/python3 setup.py egg_info --egg-base ../../build/leg_controller build --build-base /home/pi/hexapod/build/leg_controller/build install --record /home/pi/hexapod/build/leg_controller/install.log --single-version-externally-managed
