[4.264s] Invoking command in '/home/pi/hexapod/build/leg_controller': PYTHONPATH=/home/pi/hexapod/build/leg_controller/prefix_override:/home/pi/hexapod/install/leg_controller/lib/python3.10/site-packages:${PYTHONPATH} /usr/bin/python3 setup.py develop --editable --build-directory /home/pi/hexapod/build/leg_controller/build --no-deps install_data
[6.128s] running develop
[7.393s] running egg_info
[7.394s] creating leg_controller.egg-info
[7.396s] writing leg_controller.egg-info/PKG-INFO
[7.402s] writing dependency_links to leg_controller.egg-info/dependency_links.txt
[7.405s] writing entry points to leg_controller.egg-info/entry_points.txt
[7.410s] writing requirements to leg_controller.egg-info/requires.txt
[7.411s] writing top-level names to leg_controller.egg-info/top_level.txt
[7.414s] writing manifest file 'leg_controller.egg-info/SOURCES.txt'
[7.426s] reading manifest file 'leg_controller.egg-info/SOURCES.txt'
[7.432s] writing manifest file 'leg_controller.egg-info/SOURCES.txt'
[7.447s] running build_ext
[7.451s] Creating /home/pi/hexapod/install/leg_controller/lib/python3.10/site-packages/leg-controller.egg-link (link to .)
[7.465s] Installing kin_node script to /home/pi/hexapod/install/leg_controller/lib/leg_controller
[7.470s] Installing servo_node script to /home/pi/hexapod/install/leg_controller/lib/leg_controller
[7.474s] 
[7.475s] Installed /home/pi/hexapod/build/leg_controller
[7.477s] running install_data
[7.479s] creating /home/pi/hexapod/install/leg_controller/share/ament_index
[7.479s] creating /home/pi/hexapod/install/leg_controller/share/ament_index/resource_index
[7.480s] creating /home/pi/hexapod/install/leg_controller/share/ament_index/resource_index/packages
[7.481s] copying resource/leg_controller -> /home/pi/hexapod/install/leg_controller/share/ament_index/resource_index/packages
[7.483s] copying package.xml -> /home/pi/hexapod/install/leg_controller/share/leg_controller
[7.657s] Invoked command in '/home/pi/hexapod/build/leg_controller' returned '0': PYTHONPATH=/home/pi/hexapod/build/leg_controller/prefix_override:/home/pi/hexapod/install/leg_controller/lib/python3.10/site-packages:${PYTHONPATH} /usr/bin/python3 setup.py develop --editable --build-directory /home/pi/hexapod/build/leg_controller/build --no-deps install_data
