[3.296s] Invoking command in '/home/pi/hexapod/build/leg_controller': PYTHONPATH=/home/pi/hexapod/build/leg_controller/prefix_override:/home/pi/hexapod/install/leg_controller/lib/python3.10/site-packages:${PYTHONPATH} /usr/bin/python3 setup.py develop --uninstall --editable --build-directory /home/pi/hexapod/build/leg_controller/build
[4.609s] running develop
[5.508s] Invoked command in '/home/pi/hexapod/build/leg_controller' returned '0': PYTHONPATH=/home/pi/hexapod/build/leg_controller/prefix_override:/home/pi/hexapod/install/leg_controller/lib/python3.10/site-packages:${PYTHONPATH} /usr/bin/python3 setup.py develop --uninstall --editable --build-directory /home/pi/hexapod/build/leg_controller/build
[5.517s] Invoking command in '/home/pi/hexapod/src/leg_controller': PYTHONPATH=/home/pi/hexapod/build/leg_controller/prefix_override:/home/pi/hexapod/install/leg_controller/lib/python3.10/site-packages:${PYTHONPATH} /usr/bin/python3 setup.py egg_info --egg-base ../../build/leg_controller build --build-base /home/pi/hexapod/build/leg_controller/build install --record /home/pi/hexapod/build/leg_controller/install.log --single-version-externally-managed
[6.705s] running egg_info
[6.708s] writing ../../build/leg_controller/leg_controller.egg-info/PKG-INFO
[6.709s] writing dependency_links to ../../build/leg_controller/leg_controller.egg-info/dependency_links.txt
[6.710s] writing entry points to ../../build/leg_controller/leg_controller.egg-info/entry_points.txt
[6.711s] writing requirements to ../../build/leg_controller/leg_controller.egg-info/requires.txt
[6.712s] writing top-level names to ../../build/leg_controller/leg_controller.egg-info/top_level.txt
[6.721s] reading manifest file '../../build/leg_controller/leg_controller.egg-info/SOURCES.txt'
[6.725s] writing manifest file '../../build/leg_controller/leg_controller.egg-info/SOURCES.txt'
[6.726s] running build
[6.727s] running build_py
[6.727s] copying leg_controller/legInfo.py -> /home/pi/hexapod/build/leg_controller/build/lib/leg_controller
[6.729s] copying leg_controller/pointToAngle.py -> /home/pi/hexapod/build/leg_controller/build/lib/leg_controller
[6.731s] running install
[6.732s] running install_lib
[6.736s] copying /home/pi/hexapod/build/leg_controller/build/lib/leg_controller/legInfo.py -> /home/pi/hexapod/install/leg_controller/lib/python3.10/site-packages/leg_controller
[6.737s] copying /home/pi/hexapod/build/leg_controller/build/lib/leg_controller/pointToAngle.py -> /home/pi/hexapod/install/leg_controller/lib/python3.10/site-packages/leg_controller
[6.740s] byte-compiling /home/pi/hexapod/install/leg_controller/lib/python3.10/site-packages/leg_controller/legInfo.py to legInfo.cpython-310.pyc
[6.743s] byte-compiling /home/pi/hexapod/install/leg_controller/lib/python3.10/site-packages/leg_controller/pointToAngle.py to pointToAngle.cpython-310.pyc
[6.746s] running install_data
[6.749s] running install_egg_info
[6.757s] removing '/home/pi/hexapod/install/leg_controller/lib/python3.10/site-packages/leg_controller-0.0.0-py3.10.egg-info' (and everything under it)
[6.759s] Copying ../../build/leg_controller/leg_controller.egg-info to /home/pi/hexapod/install/leg_controller/lib/python3.10/site-packages/leg_controller-0.0.0-py3.10.egg-info
[6.767s] running install_scripts
[6.855s] Installing legs_node script to /home/pi/hexapod/install/leg_controller/lib/leg_controller
[6.857s] writing list of installed files to '/home/pi/hexapod/build/leg_controller/install.log'
[6.988s] Invoked command in '/home/pi/hexapod/src/leg_controller' returned '0': PYTHONPATH=/home/pi/hexapod/build/leg_controller/prefix_override:/home/pi/hexapod/install/leg_controller/lib/python3.10/site-packages:${PYTHONPATH} /usr/bin/python3 setup.py egg_info --egg-base ../../build/leg_controller build --build-base /home/pi/hexapod/build/leg_controller/build install --record /home/pi/hexapod/build/leg_controller/install.log --single-version-externally-managed
