[3.134s] Invoking command in '/home/pi/hexapod/build/leg_controller': PYTHONPATH=/home/pi/hexapod/build/leg_controller/prefix_override:/home/pi/hexapod/install/leg_controller/lib/python3.10/site-packages:${PYTHONPATH} /usr/bin/python3 setup.py develop --editable --build-directory /home/pi/hexapod/build/leg_controller/build --no-deps install_data
[4.668s] running develop
[5.713s] running egg_info
[5.713s] creating leg_controller.egg-info
[5.714s] writing leg_controller.egg-info/PKG-INFO
[5.715s] writing dependency_links to leg_controller.egg-info/dependency_links.txt
[5.716s] writing entry points to leg_controller.egg-info/entry_points.txt
[5.717s] writing requirements to leg_controller.egg-info/requires.txt
[5.718s] writing top-level names to leg_controller.egg-info/top_level.txt
[5.719s] writing manifest file 'leg_controller.egg-info/SOURCES.txt'
[5.728s] reading manifest file 'leg_controller.egg-info/SOURCES.txt'
[5.732s] writing manifest file 'leg_controller.egg-info/SOURCES.txt'
[5.739s] running build_ext
[5.740s] Creating /home/pi/hexapod/install/leg_controller/lib/python3.10/site-packages/leg-controller.egg-link (link to .)
[5.744s] Installing kin_node script to /home/pi/hexapod/install/leg_controller/lib/leg_controller
[5.746s] Installing servo_node script to /home/pi/hexapod/install/leg_controller/lib/leg_controller
[5.747s] 
[5.748s] Installed /home/pi/hexapod/build/leg_controller
[5.749s] running install_data
[5.750s] creating /home/pi/hexapod/install/leg_controller/share/ament_index
[5.750s] creating /home/pi/hexapod/install/leg_controller/share/ament_index/resource_index
[5.752s] creating /home/pi/hexapod/install/leg_controller/share/ament_index/resource_index/packages
[5.758s] copying resource/leg_controller -> /home/pi/hexapod/install/leg_controller/share/ament_index/resource_index/packages
[5.759s] copying package.xml -> /home/pi/hexapod/install/leg_controller/share/leg_controller
[5.937s] Invoked command in '/home/pi/hexapod/build/leg_controller' returned '0': PYTHONPATH=/home/pi/hexapod/build/leg_controller/prefix_override:/home/pi/hexapod/install/leg_controller/lib/python3.10/site-packages:${PYTHONPATH} /usr/bin/python3 setup.py develop --editable --build-directory /home/pi/hexapod/build/leg_controller/build --no-deps install_data
