[3.113s] Invoking command in '/home/pi/hexapod/build/leg_controller': PYTHONPATH=/home/pi/hexapod/build/leg_controller/prefix_override:/home/pi/hexapod/install/leg_controller/lib/python3.10/site-packages:${PYTHONPATH} /usr/bin/python3 setup.py develop --uninstall --editable --build-directory /home/pi/hexapod/build/leg_controller/build
[4.447s] running develop
[5.404s] Invoked command in '/home/pi/hexapod/build/leg_controller' returned '0': PYTHONPATH=/home/pi/hexapod/build/leg_controller/prefix_override:/home/pi/hexapod/install/leg_controller/lib/python3.10/site-packages:${PYTHONPATH} /usr/bin/python3 setup.py develop --uninstall --editable --build-directory /home/pi/hexapod/build/leg_controller/build
[5.416s] Invoking command in '/home/pi/hexapod/src/leg_controller': PYTHONPATH=/home/pi/hexapod/build/leg_controller/prefix_override:/home/pi/hexapod/install/leg_controller/lib/python3.10/site-packages:${PYTHONPATH} /usr/bin/python3 setup.py egg_info --egg-base ../../build/leg_controller build --build-base /home/pi/hexapod/build/leg_controller/build install --record /home/pi/hexapod/build/leg_controller/install.log --single-version-externally-managed
[6.603s] running egg_info
[6.606s] writing ../../build/leg_controller/leg_controller.egg-info/PKG-INFO
[6.607s] writing dependency_links to ../../build/leg_controller/leg_controller.egg-info/dependency_links.txt
[6.608s] writing entry points to ../../build/leg_controller/leg_controller.egg-info/entry_points.txt
[6.609s] writing requirements to ../../build/leg_controller/leg_controller.egg-info/requires.txt
[6.610s] writing top-level names to ../../build/leg_controller/leg_controller.egg-info/top_level.txt
[6.619s] reading manifest file '../../build/leg_controller/leg_controller.egg-info/SOURCES.txt'
[6.623s] writing manifest file '../../build/leg_controller/leg_controller.egg-info/SOURCES.txt'
[6.624s] running build
[6.625s] running build_py
[6.626s] copying leg_controller/legInfo.py -> /home/pi/hexapod/build/leg_controller/build/lib/leg_controller
[6.628s] running install
[6.629s] running install_lib
[6.633s] copying /home/pi/hexapod/build/leg_controller/build/lib/leg_controller/legInfo.py -> /home/pi/hexapod/install/leg_controller/lib/python3.10/site-packages/leg_controller
[6.636s] byte-compiling /home/pi/hexapod/install/leg_controller/lib/python3.10/site-packages/leg_controller/legInfo.py to legInfo.cpython-310.pyc
[6.640s] running install_data
[6.642s] running install_egg_info
[6.649s] removing '/home/pi/hexapod/install/leg_controller/lib/python3.10/site-packages/leg_controller-0.0.0-py3.10.egg-info' (and everything under it)
[6.651s] Copying ../../build/leg_controller/leg_controller.egg-info to /home/pi/hexapod/install/leg_controller/lib/python3.10/site-packages/leg_controller-0.0.0-py3.10.egg-info
[6.658s] running install_scripts
[6.743s] Installing legs_node script to /home/pi/hexapod/install/leg_controller/lib/leg_controller
[6.745s] writing list of installed files to '/home/pi/hexapod/build/leg_controller/install.log'
[6.872s] Invoked command in '/home/pi/hexapod/src/leg_controller' returned '0': PYTHONPATH=/home/pi/hexapod/build/leg_controller/prefix_override:/home/pi/hexapod/install/leg_controller/lib/python3.10/site-packages:${PYTHONPATH} /usr/bin/python3 setup.py egg_info --egg-base ../../build/leg_controller build --build-base /home/pi/hexapod/build/leg_controller/build install --record /home/pi/hexapod/build/leg_controller/install.log --single-version-externally-managed
