[3.195s] Invoking command in '/home/pi/hexapod/src/leg_controller': PYTHONPATH=/home/pi/hexapod/build/leg_controller/prefix_override:/home/pi/hexapod/install/leg_controller/lib/python3.10/site-packages:${PYTHONPATH} /usr/bin/python3 setup.py egg_info --egg-base ../../build/leg_controller build --build-base /home/pi/hexapod/build/leg_controller/build install --record /home/pi/hexapod/build/leg_controller/install.log --single-version-externally-managed
[4.392s] running egg_info
[4.394s] writing ../../build/leg_controller/leg_controller.egg-info/PKG-INFO
[4.395s] writing dependency_links to ../../build/leg_controller/leg_controller.egg-info/dependency_links.txt
[4.397s] writing entry points to ../../build/leg_controller/leg_controller.egg-info/entry_points.txt
[4.398s] writing requirements to ../../build/leg_controller/leg_controller.egg-info/requires.txt
[4.398s] writing top-level names to ../../build/leg_controller/leg_controller.egg-info/top_level.txt
[4.408s] reading manifest file '../../build/leg_controller/leg_controller.egg-info/SOURCES.txt'
[4.412s] writing manifest file '../../build/leg_controller/leg_controller.egg-info/SOURCES.txt'
[4.413s] running build
[4.413s] running build_py
[4.415s] copying leg_controller/pointToAngle.py -> /home/pi/hexapod/build/leg_controller/build/lib/leg_controller
[4.417s] running install
[4.418s] running install_lib
[4.422s] copying /home/pi/hexapod/build/leg_controller/build/lib/leg_controller/pointToAngle.py -> /home/pi/hexapod/install/leg_controller/lib/python3.10/site-packages/leg_controller
[4.426s] byte-compiling /home/pi/hexapod/install/leg_controller/lib/python3.10/site-packages/leg_controller/pointToAngle.py to pointToAngle.cpython-310.pyc
[4.431s] running install_data
[4.433s] running install_egg_info
[4.440s] removing '/home/pi/hexapod/install/leg_controller/lib/python3.10/site-packages/leg_controller-0.0.0-py3.10.egg-info' (and everything under it)
[4.442s] Copying ../../build/leg_controller/leg_controller.egg-info to /home/pi/hexapod/install/leg_controller/lib/python3.10/site-packages/leg_controller-0.0.0-py3.10.egg-info
[4.449s] running install_scripts
[4.534s] Installing kin_node script to /home/pi/hexapod/install/leg_controller/lib/leg_controller
[4.535s] Installing servo_node script to /home/pi/hexapod/install/leg_controller/lib/leg_controller
[4.537s] writing list of installed files to '/home/pi/hexapod/build/leg_controller/install.log'
[4.679s] Invoked command in '/home/pi/hexapod/src/leg_controller' returned '0': PYTHONPATH=/home/pi/hexapod/build/leg_controller/prefix_override:/home/pi/hexapod/install/leg_controller/lib/python3.10/site-packages:${PYTHONPATH} /usr/bin/python3 setup.py egg_info --egg-base ../../build/leg_controller build --build-base /home/pi/hexapod/build/leg_controller/build install --record /home/pi/hexapod/build/leg_controller/install.log --single-version-externally-managed
