[0.719s] DEBUG:colcon:Command line arguments: ['/usr/bin/colcon', 'build']
[0.719s] DEBUG:colcon:Parsed command line arguments: Namespace(log_base=None, log_level=None, verb_name='build', build_base='build', install_base='install', merge_install=False, symlink_install=False, test_result_base=None, continue_on_error=False, executor='parallel', parallel_workers=4, event_handlers=None, ignore_user_meta=False, metas=['./colcon.meta'], base_paths=['.'], packages_ignore=None, packages_ignore_regex=None, paths=None, packages_up_to=None, packages_up_to_regex=None, packages_above=None, packages_above_and_dependencies=None, packages_above_depth=None, packages_select_by_dep=None, packages_skip_by_dep=None, packages_skip_up_to=None, packages_select_build_failed=False, packages_skip_build_finished=False, packages_select_test_failures=False, packages_skip_test_passed=False, packages_select=None, packages_skip=None, packages_select_regex=None, packages_skip_regex=None, packages_start=None, packages_end=None, allow_overriding=[], cmake_args=None, cmake_target=None, cmake_target_skip_unavailable=False, cmake_clean_cache=False, cmake_clean_first=False, cmake_force_configure=False, ament_cmake_args=None, catkin_cmake_args=None, catkin_skip_building_tests=False, verb_parser=<colcon_defaults.argument_parser.defaults.DefaultArgumentsDecorator object at 0xffffb1e01120>, verb_extension=<colcon_core.verb.build.BuildVerb object at 0xffffb1e00bb0>, main=<bound method BuildVerb.main of <colcon_core.verb.build.BuildVerb object at 0xffffb1e00bb0>>)
[0.851s] Level 1:colcon.colcon_core.package_discovery:discover_packages(colcon_meta) check parameters
[0.852s] Level 1:colcon.colcon_core.package_discovery:discover_packages(recursive) check parameters
[0.852s] Level 1:colcon.colcon_core.package_discovery:discover_packages(ignore) check parameters
[0.852s] Level 1:colcon.colcon_core.package_discovery:discover_packages(path) check parameters
[0.852s] Level 1:colcon.colcon_core.package_discovery:discover_packages(colcon_meta) discover
[0.853s] Level 1:colcon.colcon_core.package_discovery:discover_packages(recursive) discover
[0.853s] INFO:colcon.colcon_core.package_discovery:Crawling recursively for packages in '/home/pi/hexapod'
[0.853s] Level 1:colcon.colcon_core.package_identification:_identify(.) by extensions ['ignore', 'ignore_ament_install']
[0.854s] Level 1:colcon.colcon_core.package_identification:_identify(.) by extension 'ignore'
[0.854s] Level 1:colcon.colcon_core.package_identification:_identify(.) by extension 'ignore_ament_install'
[0.855s] Level 1:colcon.colcon_core.package_identification:_identify(.) by extensions ['colcon_pkg']
[0.855s] Level 1:colcon.colcon_core.package_identification:_identify(.) by extension 'colcon_pkg'
[0.855s] Level 1:colcon.colcon_core.package_identification:_identify(.) by extensions ['colcon_meta']
[0.855s] Level 1:colcon.colcon_core.package_identification:_identify(.) by extension 'colcon_meta'
[0.855s] Level 1:colcon.colcon_core.package_identification:_identify(.) by extensions ['ros']
[0.855s] Level 1:colcon.colcon_core.package_identification:_identify(.) by extension 'ros'
[0.907s] Level 1:colcon.colcon_core.package_identification:_identify(.) by extensions ['cmake', 'python']
[0.907s] Level 1:colcon.colcon_core.package_identification:_identify(.) by extension 'cmake'
[0.907s] Level 1:colcon.colcon_core.package_identification:_identify(.) by extension 'python'
[0.907s] Level 1:colcon.colcon_core.package_identification:_identify(.) by extensions ['python_setup_py']
[0.908s] Level 1:colcon.colcon_core.package_identification:_identify(.) by extension 'python_setup_py'
[0.908s] Level 1:colcon.colcon_core.package_identification:_identify(build) by extensions ['ignore', 'ignore_ament_install']
[0.909s] Level 1:colcon.colcon_core.package_identification:_identify(build) by extension 'ignore'
[0.909s] Level 1:colcon.colcon_core.package_identification:_identify(build) ignored
[0.910s] Level 1:colcon.colcon_core.package_identification:_identify(development) by extensions ['ignore', 'ignore_ament_install']
[0.910s] Level 1:colcon.colcon_core.package_identification:_identify(development) by extension 'ignore'
[0.910s] Level 1:colcon.colcon_core.package_identification:_identify(development) by extension 'ignore_ament_install'
[0.911s] Level 1:colcon.colcon_core.package_identification:_identify(development) by extensions ['colcon_pkg']
[0.911s] Level 1:colcon.colcon_core.package_identification:_identify(development) by extension 'colcon_pkg'
[0.911s] Level 1:colcon.colcon_core.package_identification:_identify(development) by extensions ['colcon_meta']
[0.911s] Level 1:colcon.colcon_core.package_identification:_identify(development) by extension 'colcon_meta'
[0.911s] Level 1:colcon.colcon_core.package_identification:_identify(development) by extensions ['ros']
[0.911s] Level 1:colcon.colcon_core.package_identification:_identify(development) by extension 'ros'
[0.912s] Level 1:colcon.colcon_core.package_identification:_identify(development) by extensions ['cmake', 'python']
[0.912s] Level 1:colcon.colcon_core.package_identification:_identify(development) by extension 'cmake'
[0.912s] Level 1:colcon.colcon_core.package_identification:_identify(development) by extension 'python'
[0.912s] Level 1:colcon.colcon_core.package_identification:_identify(development) by extensions ['python_setup_py']
[0.913s] Level 1:colcon.colcon_core.package_identification:_identify(development) by extension 'python_setup_py'
[0.913s] Level 1:colcon.colcon_core.package_identification:_identify(development/demos) by extensions ['ignore', 'ignore_ament_install']
[0.914s] Level 1:colcon.colcon_core.package_identification:_identify(development/demos) by extension 'ignore'
[0.914s] Level 1:colcon.colcon_core.package_identification:_identify(development/demos) by extension 'ignore_ament_install'
[0.914s] Level 1:colcon.colcon_core.package_identification:_identify(development/demos) by extensions ['colcon_pkg']
[0.914s] Level 1:colcon.colcon_core.package_identification:_identify(development/demos) by extension 'colcon_pkg'
[0.915s] Level 1:colcon.colcon_core.package_identification:_identify(development/demos) by extensions ['colcon_meta']
[0.915s] Level 1:colcon.colcon_core.package_identification:_identify(development/demos) by extension 'colcon_meta'
[0.915s] Level 1:colcon.colcon_core.package_identification:_identify(development/demos) by extensions ['ros']
[0.915s] Level 1:colcon.colcon_core.package_identification:_identify(development/demos) by extension 'ros'
[0.915s] Level 1:colcon.colcon_core.package_identification:_identify(development/demos) by extensions ['cmake', 'python']
[0.916s] Level 1:colcon.colcon_core.package_identification:_identify(development/demos) by extension 'cmake'
[0.916s] Level 1:colcon.colcon_core.package_identification:_identify(development/demos) by extension 'python'
[0.916s] Level 1:colcon.colcon_core.package_identification:_identify(development/demos) by extensions ['python_setup_py']
[0.916s] Level 1:colcon.colcon_core.package_identification:_identify(development/demos) by extension 'python_setup_py'
[0.917s] Level 1:colcon.colcon_core.package_identification:_identify(development/legacy) by extensions ['ignore', 'ignore_ament_install']
[0.917s] Level 1:colcon.colcon_core.package_identification:_identify(development/legacy) by extension 'ignore'
[0.917s] Level 1:colcon.colcon_core.package_identification:_identify(development/legacy) by extension 'ignore_ament_install'
[0.918s] Level 1:colcon.colcon_core.package_identification:_identify(development/legacy) by extensions ['colcon_pkg']
[0.918s] Level 1:colcon.colcon_core.package_identification:_identify(development/legacy) by extension 'colcon_pkg'
[0.918s] Level 1:colcon.colcon_core.package_identification:_identify(development/legacy) by extensions ['colcon_meta']
[0.918s] Level 1:colcon.colcon_core.package_identification:_identify(development/legacy) by extension 'colcon_meta'
[0.918s] Level 1:colcon.colcon_core.package_identification:_identify(development/legacy) by extensions ['ros']
[0.919s] Level 1:colcon.colcon_core.package_identification:_identify(development/legacy) by extension 'ros'
[0.919s] Level 1:colcon.colcon_core.package_identification:_identify(development/legacy) by extensions ['cmake', 'python']
[0.919s] Level 1:colcon.colcon_core.package_identification:_identify(development/legacy) by extension 'cmake'
[0.919s] Level 1:colcon.colcon_core.package_identification:_identify(development/legacy) by extension 'python'
[0.920s] Level 1:colcon.colcon_core.package_identification:_identify(development/legacy) by extensions ['python_setup_py']
[0.920s] Level 1:colcon.colcon_core.package_identification:_identify(development/legacy) by extension 'python_setup_py'
[0.920s] Level 1:colcon.colcon_core.package_identification:_identify(install) by extensions ['ignore', 'ignore_ament_install']
[0.921s] Level 1:colcon.colcon_core.package_identification:_identify(install) by extension 'ignore'
[0.921s] Level 1:colcon.colcon_core.package_identification:_identify(install) ignored
[0.922s] Level 1:colcon.colcon_core.package_identification:_identify(log) by extensions ['ignore', 'ignore_ament_install']
[0.922s] Level 1:colcon.colcon_core.package_identification:_identify(log) by extension 'ignore'
[0.922s] Level 1:colcon.colcon_core.package_identification:_identify(log) ignored
[0.923s] Level 1:colcon.colcon_core.package_identification:_identify(src) by extensions ['ignore', 'ignore_ament_install']
[0.923s] Level 1:colcon.colcon_core.package_identification:_identify(src) by extension 'ignore'
[0.923s] Level 1:colcon.colcon_core.package_identification:_identify(src) by extension 'ignore_ament_install'
[0.924s] Level 1:colcon.colcon_core.package_identification:_identify(src) by extensions ['colcon_pkg']
[0.924s] Level 1:colcon.colcon_core.package_identification:_identify(src) by extension 'colcon_pkg'
[0.924s] Level 1:colcon.colcon_core.package_identification:_identify(src) by extensions ['colcon_meta']
[0.924s] Level 1:colcon.colcon_core.package_identification:_identify(src) by extension 'colcon_meta'
[0.924s] Level 1:colcon.colcon_core.package_identification:_identify(src) by extensions ['ros']
[0.924s] Level 1:colcon.colcon_core.package_identification:_identify(src) by extension 'ros'
[0.925s] Level 1:colcon.colcon_core.package_identification:_identify(src) by extensions ['cmake', 'python']
[0.925s] Level 1:colcon.colcon_core.package_identification:_identify(src) by extension 'cmake'
[0.925s] Level 1:colcon.colcon_core.package_identification:_identify(src) by extension 'python'
[0.925s] Level 1:colcon.colcon_core.package_identification:_identify(src) by extensions ['python_setup_py']
[0.926s] Level 1:colcon.colcon_core.package_identification:_identify(src) by extension 'python_setup_py'
[0.926s] Level 1:colcon.colcon_core.package_identification:_identify(src/hexapod_interfaces) by extensions ['ignore', 'ignore_ament_install']
[0.927s] Level 1:colcon.colcon_core.package_identification:_identify(src/hexapod_interfaces) by extension 'ignore'
[0.927s] Level 1:colcon.colcon_core.package_identification:_identify(src/hexapod_interfaces) by extension 'ignore_ament_install'
[0.927s] Level 1:colcon.colcon_core.package_identification:_identify(src/hexapod_interfaces) by extensions ['colcon_pkg']
[0.927s] Level 1:colcon.colcon_core.package_identification:_identify(src/hexapod_interfaces) by extension 'colcon_pkg'
[0.927s] Level 1:colcon.colcon_core.package_identification:_identify(src/hexapod_interfaces) by extensions ['colcon_meta']
[0.928s] Level 1:colcon.colcon_core.package_identification:_identify(src/hexapod_interfaces) by extension 'colcon_meta'
[0.928s] Level 1:colcon.colcon_core.package_identification:_identify(src/hexapod_interfaces) by extensions ['ros']
[0.928s] Level 1:colcon.colcon_core.package_identification:_identify(src/hexapod_interfaces) by extension 'ros'
[0.942s] DEBUG:colcon.colcon_core.package_identification:Package 'src/hexapod_interfaces' with type 'ros.ament_cmake' and name 'hexapod_interfaces'
[0.942s] Level 1:colcon.colcon_core.package_identification:_identify(src/leg_controller) by extensions ['ignore', 'ignore_ament_install']
[0.943s] Level 1:colcon.colcon_core.package_identification:_identify(src/leg_controller) by extension 'ignore'
[0.943s] Level 1:colcon.colcon_core.package_identification:_identify(src/leg_controller) by extension 'ignore_ament_install'
[0.944s] Level 1:colcon.colcon_core.package_identification:_identify(src/leg_controller) by extensions ['colcon_pkg']
[0.944s] Level 1:colcon.colcon_core.package_identification:_identify(src/leg_controller) by extension 'colcon_pkg'
[0.944s] Level 1:colcon.colcon_core.package_identification:_identify(src/leg_controller) by extensions ['colcon_meta']
[0.944s] Level 1:colcon.colcon_core.package_identification:_identify(src/leg_controller) by extension 'colcon_meta'
[0.944s] Level 1:colcon.colcon_core.package_identification:_identify(src/leg_controller) by extensions ['ros']
[0.945s] Level 1:colcon.colcon_core.package_identification:_identify(src/leg_controller) by extension 'ros'
[0.947s] DEBUG:colcon.colcon_core.package_identification:Package 'src/leg_controller' with type 'ros.ament_python' and name 'leg_controller'
[0.948s] Level 1:colcon.colcon_core.package_discovery:discover_packages(recursive) using defaults
[0.948s] Level 1:colcon.colcon_core.package_discovery:discover_packages(ignore) discover
[0.948s] Level 1:colcon.colcon_core.package_discovery:discover_packages(ignore) using defaults
[0.948s] Level 1:colcon.colcon_core.package_discovery:discover_packages(path) discover
[0.948s] Level 1:colcon.colcon_core.package_discovery:discover_packages(path) using defaults
[1.052s] Level 1:colcon.colcon_core.package_discovery:discover_packages(prefix_path) check parameters
[1.053s] Level 1:colcon.colcon_core.package_discovery:discover_packages(prefix_path) discover
[1.066s] DEBUG:colcon.colcon_installed_package_information.package_discovery:Found 2 installed packages in /home/pi/hexapod/install
[1.076s] DEBUG:colcon.colcon_installed_package_information.package_discovery:Found 180 installed packages in /opt/ros/humble
[1.081s] Level 1:colcon.colcon_core.package_discovery:discover_packages(prefix_path) using defaults
[1.273s] Level 5:colcon.colcon_core.verb:set package 'hexapod_interfaces' build argument 'cmake_args' from command line to 'None'
[1.274s] Level 5:colcon.colcon_core.verb:set package 'hexapod_interfaces' build argument 'cmake_target' from command line to 'None'
[1.274s] Level 5:colcon.colcon_core.verb:set package 'hexapod_interfaces' build argument 'cmake_target_skip_unavailable' from command line to 'False'
[1.274s] Level 5:colcon.colcon_core.verb:set package 'hexapod_interfaces' build argument 'cmake_clean_cache' from command line to 'False'
[1.274s] Level 5:colcon.colcon_core.verb:set package 'hexapod_interfaces' build argument 'cmake_clean_first' from command line to 'False'
[1.274s] Level 5:colcon.colcon_core.verb:set package 'hexapod_interfaces' build argument 'cmake_force_configure' from command line to 'False'
[1.274s] Level 5:colcon.colcon_core.verb:set package 'hexapod_interfaces' build argument 'ament_cmake_args' from command line to 'None'
[1.275s] Level 5:colcon.colcon_core.verb:set package 'hexapod_interfaces' build argument 'catkin_cmake_args' from command line to 'None'
[1.275s] Level 5:colcon.colcon_core.verb:set package 'hexapod_interfaces' build argument 'catkin_skip_building_tests' from command line to 'False'
[1.275s] DEBUG:colcon.colcon_core.verb:Building package 'hexapod_interfaces' with the following arguments: {'ament_cmake_args': None, 'build_base': '/home/pi/hexapod/build/hexapod_interfaces', 'catkin_cmake_args': None, 'catkin_skip_building_tests': False, 'cmake_args': None, 'cmake_clean_cache': False, 'cmake_clean_first': False, 'cmake_force_configure': False, 'cmake_target': None, 'cmake_target_skip_unavailable': False, 'install_base': '/home/pi/hexapod/install/hexapod_interfaces', 'merge_install': False, 'path': '/home/pi/hexapod/src/hexapod_interfaces', 'symlink_install': False, 'test_result_base': None}
[1.279s] Level 5:colcon.colcon_core.verb:set package 'leg_controller' build argument 'cmake_args' from command line to 'None'
[1.280s] Level 5:colcon.colcon_core.verb:set package 'leg_controller' build argument 'cmake_target' from command line to 'None'
[1.280s] Level 5:colcon.colcon_core.verb:set package 'leg_controller' build argument 'cmake_target_skip_unavailable' from command line to 'False'
[1.280s] Level 5:colcon.colcon_core.verb:set package 'leg_controller' build argument 'cmake_clean_cache' from command line to 'False'
[1.280s] Level 5:colcon.colcon_core.verb:set package 'leg_controller' build argument 'cmake_clean_first' from command line to 'False'
[1.280s] Level 5:colcon.colcon_core.verb:set package 'leg_controller' build argument 'cmake_force_configure' from command line to 'False'
[1.280s] Level 5:colcon.colcon_core.verb:set package 'leg_controller' build argument 'ament_cmake_args' from command line to 'None'
[1.280s] Level 5:colcon.colcon_core.verb:set package 'leg_controller' build argument 'catkin_cmake_args' from command line to 'None'
[1.281s] Level 5:colcon.colcon_core.verb:set package 'leg_controller' build argument 'catkin_skip_building_tests' from command line to 'False'
[1.281s] DEBUG:colcon.colcon_core.verb:Building package 'leg_controller' with the following arguments: {'ament_cmake_args': None, 'build_base': '/home/pi/hexapod/build/leg_controller', 'catkin_cmake_args': None, 'catkin_skip_building_tests': False, 'cmake_args': None, 'cmake_clean_cache': False, 'cmake_clean_first': False, 'cmake_force_configure': False, 'cmake_target': None, 'cmake_target_skip_unavailable': False, 'install_base': '/home/pi/hexapod/install/leg_controller', 'merge_install': False, 'path': '/home/pi/hexapod/src/leg_controller', 'symlink_install': False, 'test_result_base': None}
[1.284s] INFO:colcon.colcon_core.executor:Executing jobs using 'parallel' executor
[1.298s] DEBUG:colcon.colcon_parallel_executor.executor.parallel:run_until_complete
[1.299s] INFO:colcon.colcon_ros.task.ament_cmake.build:Building ROS package in '/home/pi/hexapod/src/hexapod_interfaces' with build type 'ament_cmake'
[1.300s] INFO:colcon.colcon_cmake.task.cmake.build:Building CMake package in '/home/pi/hexapod/src/hexapod_interfaces'
[1.322s] INFO:colcon.colcon_core.plugin_system:Skipping extension 'colcon_core.shell.bat': Not used on non-Windows systems
[1.323s] INFO:colcon.colcon_core.shell:Skip shell extension 'powershell' for command environment: Not usable outside of PowerShell
[1.323s] DEBUG:colcon.colcon_core.shell:Skip shell extension 'dsv' for command environment
[1.370s] DEBUG:colcon.colcon_core.event_handler.log_command:Invoking command in '/home/pi/hexapod/build/hexapod_interfaces': CMAKE_PREFIX_PATH=${CMAKE_PREFIX_PATH}:/home/pi/hexapod/install/leg_controller:/opt/ros/humble /usr/bin/cmake --build /home/pi/hexapod/build/hexapod_interfaces -- -j4 -l4
[3.292s] DEBUG:colcon.colcon_core.event_handler.log_command:Invoked command in '/home/pi/hexapod/build/hexapod_interfaces' returned '0': CMAKE_PREFIX_PATH=${CMAKE_PREFIX_PATH}:/home/pi/hexapod/install/leg_controller:/opt/ros/humble /usr/bin/cmake --build /home/pi/hexapod/build/hexapod_interfaces -- -j4 -l4
[3.738s] DEBUG:colcon.colcon_core.event_handler.log_command:Invoking command in '/home/pi/hexapod/build/hexapod_interfaces': CMAKE_PREFIX_PATH=${CMAKE_PREFIX_PATH}:/home/pi/hexapod/install/leg_controller:/opt/ros/humble /usr/bin/cmake --install /home/pi/hexapod/build/hexapod_interfaces
[4.057s] Level 1:colcon.colcon_core.environment:create_environment_scripts_only(hexapod_interfaces)
[4.059s] DEBUG:colcon.colcon_core.event_handler.log_command:Invoked command in '/home/pi/hexapod/build/hexapod_interfaces' returned '0': CMAKE_PREFIX_PATH=${CMAKE_PREFIX_PATH}:/home/pi/hexapod/install/leg_controller:/opt/ros/humble /usr/bin/cmake --install /home/pi/hexapod/build/hexapod_interfaces
[4.080s] Level 1:colcon.colcon_core.environment:checking '/home/pi/hexapod/install/hexapod_interfaces' for CMake module files
[4.085s] Level 1:colcon.colcon_core.environment:checking '/home/pi/hexapod/install/hexapod_interfaces' for CMake config files
[4.088s] Level 1:colcon.colcon_core.shell:create_environment_hook('hexapod_interfaces', 'cmake_prefix_path')
[4.094s] INFO:colcon.colcon_core.shell:Creating environment hook '/home/pi/hexapod/install/hexapod_interfaces/share/hexapod_interfaces/hook/cmake_prefix_path.ps1'
[4.097s] INFO:colcon.colcon_core.shell:Creating environment descriptor '/home/pi/hexapod/install/hexapod_interfaces/share/hexapod_interfaces/hook/cmake_prefix_path.dsv'
[4.099s] INFO:colcon.colcon_core.shell:Creating environment hook '/home/pi/hexapod/install/hexapod_interfaces/share/hexapod_interfaces/hook/cmake_prefix_path.sh'
[4.103s] Level 1:colcon.colcon_core.environment:checking '/home/pi/hexapod/install/hexapod_interfaces/lib'
[4.104s] Level 1:colcon.colcon_core.shell:create_environment_hook('hexapod_interfaces', 'ld_library_path_lib')
[4.110s] INFO:colcon.colcon_core.shell:Creating environment hook '/home/pi/hexapod/install/hexapod_interfaces/share/hexapod_interfaces/hook/ld_library_path_lib.ps1'
[4.112s] INFO:colcon.colcon_core.shell:Creating environment descriptor '/home/pi/hexapod/install/hexapod_interfaces/share/hexapod_interfaces/hook/ld_library_path_lib.dsv'
[4.114s] INFO:colcon.colcon_core.shell:Creating environment hook '/home/pi/hexapod/install/hexapod_interfaces/share/hexapod_interfaces/hook/ld_library_path_lib.sh'
[4.116s] Level 1:colcon.colcon_core.environment:checking '/home/pi/hexapod/install/hexapod_interfaces/bin'
[4.117s] Level 1:colcon.colcon_core.environment:checking '/home/pi/hexapod/install/hexapod_interfaces/lib/pkgconfig/hexapod_interfaces.pc'
[4.118s] Level 1:colcon.colcon_core.environment:checking '/home/pi/hexapod/install/hexapod_interfaces/lib/python3.10/site-packages'
[4.119s] Level 1:colcon.colcon_core.environment:checking '/home/pi/hexapod/install/hexapod_interfaces/bin'
[4.125s] INFO:colcon.colcon_core.shell:Creating package script '/home/pi/hexapod/install/hexapod_interfaces/share/hexapod_interfaces/package.ps1'
[4.129s] INFO:colcon.colcon_core.shell:Creating package descriptor '/home/pi/hexapod/install/hexapod_interfaces/share/hexapod_interfaces/package.dsv'
[4.131s] INFO:colcon.colcon_core.shell:Creating package script '/home/pi/hexapod/install/hexapod_interfaces/share/hexapod_interfaces/package.sh'
[4.135s] INFO:colcon.colcon_core.shell:Creating package script '/home/pi/hexapod/install/hexapod_interfaces/share/hexapod_interfaces/package.bash'
[4.139s] INFO:colcon.colcon_core.shell:Creating package script '/home/pi/hexapod/install/hexapod_interfaces/share/hexapod_interfaces/package.zsh'
[4.142s] Level 1:colcon.colcon_core.environment:create_file_with_runtime_dependencies(/home/pi/hexapod/install/hexapod_interfaces/share/colcon-core/packages/hexapod_interfaces)
[4.557s] Level 1:colcon.colcon_core.environment:create_environment_scripts_only(hexapod_interfaces)
[4.568s] Level 1:colcon.colcon_core.environment:checking '/home/pi/hexapod/install/hexapod_interfaces' for CMake module files
[4.572s] Level 1:colcon.colcon_core.environment:checking '/home/pi/hexapod/install/hexapod_interfaces' for CMake config files
[4.576s] Level 1:colcon.colcon_core.shell:create_environment_hook('hexapod_interfaces', 'cmake_prefix_path')
[4.581s] INFO:colcon.colcon_core.shell:Creating environment hook '/home/pi/hexapod/install/hexapod_interfaces/share/hexapod_interfaces/hook/cmake_prefix_path.ps1'
[4.583s] INFO:colcon.colcon_core.shell:Creating environment descriptor '/home/pi/hexapod/install/hexapod_interfaces/share/hexapod_interfaces/hook/cmake_prefix_path.dsv'
[4.585s] INFO:colcon.colcon_core.shell:Creating environment hook '/home/pi/hexapod/install/hexapod_interfaces/share/hexapod_interfaces/hook/cmake_prefix_path.sh'
[4.588s] Level 1:colcon.colcon_core.environment:checking '/home/pi/hexapod/install/hexapod_interfaces/lib'
[4.589s] Level 1:colcon.colcon_core.shell:create_environment_hook('hexapod_interfaces', 'ld_library_path_lib')
[4.594s] INFO:colcon.colcon_core.shell:Creating environment hook '/home/pi/hexapod/install/hexapod_interfaces/share/hexapod_interfaces/hook/ld_library_path_lib.ps1'
[4.596s] INFO:colcon.colcon_core.shell:Creating environment descriptor '/home/pi/hexapod/install/hexapod_interfaces/share/hexapod_interfaces/hook/ld_library_path_lib.dsv'
[4.598s] INFO:colcon.colcon_core.shell:Creating environment hook '/home/pi/hexapod/install/hexapod_interfaces/share/hexapod_interfaces/hook/ld_library_path_lib.sh'
[4.601s] Level 1:colcon.colcon_core.environment:checking '/home/pi/hexapod/install/hexapod_interfaces/bin'
[4.602s] Level 1:colcon.colcon_core.environment:checking '/home/pi/hexapod/install/hexapod_interfaces/lib/pkgconfig/hexapod_interfaces.pc'
[4.603s] Level 1:colcon.colcon_core.environment:checking '/home/pi/hexapod/install/hexapod_interfaces/lib/python3.10/site-packages'
[4.604s] Level 1:colcon.colcon_core.environment:checking '/home/pi/hexapod/install/hexapod_interfaces/bin'
[4.610s] INFO:colcon.colcon_core.shell:Creating package script '/home/pi/hexapod/install/hexapod_interfaces/share/hexapod_interfaces/package.ps1'
[4.613s] INFO:colcon.colcon_core.shell:Creating package descriptor '/home/pi/hexapod/install/hexapod_interfaces/share/hexapod_interfaces/package.dsv'
[4.616s] INFO:colcon.colcon_core.shell:Creating package script '/home/pi/hexapod/install/hexapod_interfaces/share/hexapod_interfaces/package.sh'
[4.619s] INFO:colcon.colcon_core.shell:Creating package script '/home/pi/hexapod/install/hexapod_interfaces/share/hexapod_interfaces/package.bash'
[4.621s] INFO:colcon.colcon_core.shell:Creating package script '/home/pi/hexapod/install/hexapod_interfaces/share/hexapod_interfaces/package.zsh'
[4.623s] Level 1:colcon.colcon_core.environment:create_file_with_runtime_dependencies(/home/pi/hexapod/install/hexapod_interfaces/share/colcon-core/packages/hexapod_interfaces)
[4.625s] INFO:colcon.colcon_ros.task.ament_python.build:Building ROS package in '/home/pi/hexapod/src/leg_controller' with build type 'ament_python'
[4.626s] Level 1:colcon.colcon_core.shell:create_environment_hook('leg_controller', 'ament_prefix_path')
[4.632s] INFO:colcon.colcon_core.shell:Creating environment hook '/home/pi/hexapod/install/leg_controller/share/leg_controller/hook/ament_prefix_path.ps1'
[4.634s] INFO:colcon.colcon_core.shell:Creating environment descriptor '/home/pi/hexapod/install/leg_controller/share/leg_controller/hook/ament_prefix_path.dsv'
[4.637s] INFO:colcon.colcon_core.shell:Creating environment hook '/home/pi/hexapod/install/leg_controller/share/leg_controller/hook/ament_prefix_path.sh'
[4.644s] INFO:colcon.colcon_core.shell:Skip shell extension 'powershell' for command environment: Not usable outside of PowerShell
[4.644s] DEBUG:colcon.colcon_core.shell:Skip shell extension 'dsv' for command environment
[5.959s] INFO:colcon.colcon_core.task.python.build:Building Python package in '/home/pi/hexapod/src/leg_controller'
[5.966s] INFO:colcon.colcon_core.shell:Skip shell extension 'powershell' for command environment: Not usable outside of PowerShell
[5.966s] DEBUG:colcon.colcon_core.shell:Skip shell extension 'dsv' for command environment
[7.754s] DEBUG:colcon.colcon_core.event_handler.log_command:Invoking command in '/home/pi/hexapod/src/leg_controller': PYTHONPATH=/home/pi/hexapod/build/leg_controller/prefix_override:/home/pi/hexapod/install/leg_controller/lib/python3.10/site-packages:${PYTHONPATH} /usr/bin/python3 setup.py egg_info --egg-base ../../build/leg_controller build --build-base /home/pi/hexapod/build/leg_controller/build install --record /home/pi/hexapod/build/leg_controller/install.log --single-version-externally-managed
[9.243s] Level 1:colcon.colcon_core.environment:checking '/home/pi/hexapod/install/leg_controller' for CMake module files
[9.245s] DEBUG:colcon.colcon_core.event_handler.log_command:Invoked command in '/home/pi/hexapod/src/leg_controller' returned '0': PYTHONPATH=/home/pi/hexapod/build/leg_controller/prefix_override:/home/pi/hexapod/install/leg_controller/lib/python3.10/site-packages:${PYTHONPATH} /usr/bin/python3 setup.py egg_info --egg-base ../../build/leg_controller build --build-base /home/pi/hexapod/build/leg_controller/build install --record /home/pi/hexapod/build/leg_controller/install.log --single-version-externally-managed
[9.247s] Level 1:colcon.colcon_core.environment:checking '/home/pi/hexapod/install/leg_controller' for CMake config files
[9.251s] Level 1:colcon.colcon_core.environment:checking '/home/pi/hexapod/install/leg_controller/lib'
[9.252s] Level 1:colcon.colcon_core.environment:checking '/home/pi/hexapod/install/leg_controller/bin'
[9.252s] Level 1:colcon.colcon_core.environment:checking '/home/pi/hexapod/install/leg_controller/lib/pkgconfig/leg_controller.pc'
[9.253s] Level 1:colcon.colcon_core.environment:checking '/home/pi/hexapod/install/leg_controller/lib/python3.10/site-packages'
[9.254s] Level 1:colcon.colcon_core.shell:create_environment_hook('leg_controller', 'pythonpath')
[9.259s] INFO:colcon.colcon_core.shell:Creating environment hook '/home/pi/hexapod/install/leg_controller/share/leg_controller/hook/pythonpath.ps1'
[9.266s] INFO:colcon.colcon_core.shell:Creating environment descriptor '/home/pi/hexapod/install/leg_controller/share/leg_controller/hook/pythonpath.dsv'
[9.268s] INFO:colcon.colcon_core.shell:Creating environment hook '/home/pi/hexapod/install/leg_controller/share/leg_controller/hook/pythonpath.sh'
[9.271s] Level 1:colcon.colcon_core.environment:checking '/home/pi/hexapod/install/leg_controller/bin'
[9.271s] Level 1:colcon.colcon_core.environment:create_environment_scripts_only(leg_controller)
[9.277s] INFO:colcon.colcon_core.shell:Creating package script '/home/pi/hexapod/install/leg_controller/share/leg_controller/package.ps1'
[9.280s] INFO:colcon.colcon_core.shell:Creating package descriptor '/home/pi/hexapod/install/leg_controller/share/leg_controller/package.dsv'
[9.282s] INFO:colcon.colcon_core.shell:Creating package script '/home/pi/hexapod/install/leg_controller/share/leg_controller/package.sh'
[9.285s] INFO:colcon.colcon_core.shell:Creating package script '/home/pi/hexapod/install/leg_controller/share/leg_controller/package.bash'
[9.287s] INFO:colcon.colcon_core.shell:Creating package script '/home/pi/hexapod/install/leg_controller/share/leg_controller/package.zsh'
[9.289s] Level 1:colcon.colcon_core.environment:create_file_with_runtime_dependencies(/home/pi/hexapod/install/leg_controller/share/colcon-core/packages/leg_controller)
[9.291s] DEBUG:colcon.colcon_parallel_executor.executor.parallel:closing loop
[9.292s] DEBUG:colcon.colcon_parallel_executor.executor.parallel:loop closed
[9.292s] DEBUG:colcon.colcon_parallel_executor.executor.parallel:run_until_complete finished with '0'
[9.293s] DEBUG:colcon.colcon_core.event_reactor:joining thread
[9.318s] INFO:colcon.colcon_core.plugin_system:Skipping extension 'colcon_notification.desktop_notification.notify_send': Could not find 'notify-send'
[9.318s] INFO:colcon.colcon_core.plugin_system:Skipping extension 'colcon_notification.desktop_notification.terminal_notifier': Not used on non-Darwin systems
[9.319s] INFO:colcon.colcon_core.plugin_system:Skipping extension 'colcon_notification.desktop_notification.win32': Not used on non-Windows systems
[9.319s] INFO:colcon.colcon_notification.desktop_notification:Sending desktop notification using 'notify2'
[9.323s] DEBUG:colcon.colcon_notification.desktop_notification.notify2:Failed to initialize notify2: org.freedesktop.DBus.Error.ServiceUnknown: The name org.freedesktop.Notifications was not provided by any .service files
[9.324s] DEBUG:colcon.colcon_core.event_reactor:joined thread
[9.330s] INFO:colcon.colcon_core.shell:Creating prefix script '/home/pi/hexapod/install/local_setup.ps1'
[9.334s] INFO:colcon.colcon_core.shell:Creating prefix util module '/home/pi/hexapod/install/_local_setup_util_ps1.py'
[9.341s] INFO:colcon.colcon_core.shell:Creating prefix chain script '/home/pi/hexapod/install/setup.ps1'
[9.348s] INFO:colcon.colcon_core.shell:Creating prefix script '/home/pi/hexapod/install/local_setup.sh'
[9.351s] INFO:colcon.colcon_core.shell:Creating prefix util module '/home/pi/hexapod/install/_local_setup_util_sh.py'
[9.353s] INFO:colcon.colcon_core.shell:Creating prefix chain script '/home/pi/hexapod/install/setup.sh'
[9.360s] INFO:colcon.colcon_core.shell:Creating prefix script '/home/pi/hexapod/install/local_setup.bash'
[9.363s] INFO:colcon.colcon_core.shell:Creating prefix chain script '/home/pi/hexapod/install/setup.bash'
[9.369s] INFO:colcon.colcon_core.shell:Creating prefix script '/home/pi/hexapod/install/local_setup.zsh'
[9.372s] INFO:colcon.colcon_core.shell:Creating prefix chain script '/home/pi/hexapod/install/setup.zsh'
