[0.717s] DEBUG:colcon:Command line arguments: ['/usr/bin/colcon', 'build']
[0.718s] DEBUG:colcon:Parsed command line arguments: Namespace(log_base=None, log_level=None, verb_name='build', build_base='build', install_base='install', merge_install=False, symlink_install=False, test_result_base=None, continue_on_error=False, executor='parallel', parallel_workers=4, event_handlers=None, ignore_user_meta=False, metas=['./colcon.meta'], base_paths=['.'], packages_ignore=None, packages_ignore_regex=None, paths=None, packages_up_to=None, packages_up_to_regex=None, packages_above=None, packages_above_and_dependencies=None, packages_above_depth=None, packages_select_by_dep=None, packages_skip_by_dep=None, packages_skip_up_to=None, packages_select_build_failed=False, packages_skip_build_finished=False, packages_select_test_failures=False, packages_skip_test_passed=False, packages_select=None, packages_skip=None, packages_select_regex=None, packages_skip_regex=None, packages_start=None, packages_end=None, allow_overriding=[], cmake_args=None, cmake_target=None, cmake_target_skip_unavailable=False, cmake_clean_cache=False, cmake_clean_first=False, cmake_force_configure=False, ament_cmake_args=None, catkin_cmake_args=None, catkin_skip_building_tests=False, verb_parser=<colcon_defaults.argument_parser.defaults.DefaultArgumentsDecorator object at 0xffff9ecfc7f0>, verb_extension=<colcon_core.verb.build.BuildVerb object at 0xffff9ecfc220>, main=<bound method BuildVerb.main of <colcon_core.verb.build.BuildVerb object at 0xffff9ecfc220>>)
[0.854s] Level 1:colcon.colcon_core.package_discovery:discover_packages(colcon_meta) check parameters
[0.854s] Level 1:colcon.colcon_core.package_discovery:discover_packages(recursive) check parameters
[0.855s] Level 1:colcon.colcon_core.package_discovery:discover_packages(ignore) check parameters
[0.855s] Level 1:colcon.colcon_core.package_discovery:discover_packages(path) check parameters
[0.855s] Level 1:colcon.colcon_core.package_discovery:discover_packages(colcon_meta) discover
[0.855s] Level 1:colcon.colcon_core.package_discovery:discover_packages(recursive) discover
[0.855s] INFO:colcon.colcon_core.package_discovery:Crawling recursively for packages in '/home/pi/hexapod'
[0.856s] Level 1:colcon.colcon_core.package_identification:_identify(.) by extensions ['ignore', 'ignore_ament_install']
[0.856s] Level 1:colcon.colcon_core.package_identification:_identify(.) by extension 'ignore'
[0.857s] Level 1:colcon.colcon_core.package_identification:_identify(.) by extension 'ignore_ament_install'
[0.857s] Level 1:colcon.colcon_core.package_identification:_identify(.) by extensions ['colcon_pkg']
[0.857s] Level 1:colcon.colcon_core.package_identification:_identify(.) by extension 'colcon_pkg'
[0.857s] Level 1:colcon.colcon_core.package_identification:_identify(.) by extensions ['colcon_meta']
[0.857s] Level 1:colcon.colcon_core.package_identification:_identify(.) by extension 'colcon_meta'
[0.858s] Level 1:colcon.colcon_core.package_identification:_identify(.) by extensions ['ros']
[0.858s] Level 1:colcon.colcon_core.package_identification:_identify(.) by extension 'ros'
[0.907s] Level 1:colcon.colcon_core.package_identification:_identify(.) by extensions ['cmake', 'python']
[0.908s] Level 1:colcon.colcon_core.package_identification:_identify(.) by extension 'cmake'
[0.908s] Level 1:colcon.colcon_core.package_identification:_identify(.) by extension 'python'
[0.908s] Level 1:colcon.colcon_core.package_identification:_identify(.) by extensions ['python_setup_py']
[0.908s] Level 1:colcon.colcon_core.package_identification:_identify(.) by extension 'python_setup_py'
[0.909s] Level 1:colcon.colcon_core.package_identification:_identify(build) by extensions ['ignore', 'ignore_ament_install']
[0.910s] Level 1:colcon.colcon_core.package_identification:_identify(build) by extension 'ignore'
[0.910s] Level 1:colcon.colcon_core.package_identification:_identify(build) ignored
[0.910s] Level 1:colcon.colcon_core.package_identification:_identify(development) by extensions ['ignore', 'ignore_ament_install']
[0.911s] Level 1:colcon.colcon_core.package_identification:_identify(development) by extension 'ignore'
[0.911s] Level 1:colcon.colcon_core.package_identification:_identify(development) by extension 'ignore_ament_install'
[0.911s] Level 1:colcon.colcon_core.package_identification:_identify(development) by extensions ['colcon_pkg']
[0.912s] Level 1:colcon.colcon_core.package_identification:_identify(development) by extension 'colcon_pkg'
[0.912s] Level 1:colcon.colcon_core.package_identification:_identify(development) by extensions ['colcon_meta']
[0.912s] Level 1:colcon.colcon_core.package_identification:_identify(development) by extension 'colcon_meta'
[0.912s] Level 1:colcon.colcon_core.package_identification:_identify(development) by extensions ['ros']
[0.912s] Level 1:colcon.colcon_core.package_identification:_identify(development) by extension 'ros'
[0.913s] Level 1:colcon.colcon_core.package_identification:_identify(development) by extensions ['cmake', 'python']
[0.913s] Level 1:colcon.colcon_core.package_identification:_identify(development) by extension 'cmake'
[0.913s] Level 1:colcon.colcon_core.package_identification:_identify(development) by extension 'python'
[0.913s] Level 1:colcon.colcon_core.package_identification:_identify(development) by extensions ['python_setup_py']
[0.913s] Level 1:colcon.colcon_core.package_identification:_identify(development) by extension 'python_setup_py'
[0.914s] Level 1:colcon.colcon_core.package_identification:_identify(development/demos) by extensions ['ignore', 'ignore_ament_install']
[0.914s] Level 1:colcon.colcon_core.package_identification:_identify(development/demos) by extension 'ignore'
[0.915s] Level 1:colcon.colcon_core.package_identification:_identify(development/demos) by extension 'ignore_ament_install'
[0.915s] Level 1:colcon.colcon_core.package_identification:_identify(development/demos) by extensions ['colcon_pkg']
[0.915s] Level 1:colcon.colcon_core.package_identification:_identify(development/demos) by extension 'colcon_pkg'
[0.915s] Level 1:colcon.colcon_core.package_identification:_identify(development/demos) by extensions ['colcon_meta']
[0.915s] Level 1:colcon.colcon_core.package_identification:_identify(development/demos) by extension 'colcon_meta'
[0.916s] Level 1:colcon.colcon_core.package_identification:_identify(development/demos) by extensions ['ros']
[0.916s] Level 1:colcon.colcon_core.package_identification:_identify(development/demos) by extension 'ros'
[0.916s] Level 1:colcon.colcon_core.package_identification:_identify(development/demos) by extensions ['cmake', 'python']
[0.916s] Level 1:colcon.colcon_core.package_identification:_identify(development/demos) by extension 'cmake'
[0.917s] Level 1:colcon.colcon_core.package_identification:_identify(development/demos) by extension 'python'
[0.917s] Level 1:colcon.colcon_core.package_identification:_identify(development/demos) by extensions ['python_setup_py']
[0.917s] Level 1:colcon.colcon_core.package_identification:_identify(development/demos) by extension 'python_setup_py'
[0.917s] Level 1:colcon.colcon_core.package_identification:_identify(development/legacy) by extensions ['ignore', 'ignore_ament_install']
[0.918s] Level 1:colcon.colcon_core.package_identification:_identify(development/legacy) by extension 'ignore'
[0.918s] Level 1:colcon.colcon_core.package_identification:_identify(development/legacy) by extension 'ignore_ament_install'
[0.918s] Level 1:colcon.colcon_core.package_identification:_identify(development/legacy) by extensions ['colcon_pkg']
[0.918s] Level 1:colcon.colcon_core.package_identification:_identify(development/legacy) by extension 'colcon_pkg'
[0.919s] Level 1:colcon.colcon_core.package_identification:_identify(development/legacy) by extensions ['colcon_meta']
[0.919s] Level 1:colcon.colcon_core.package_identification:_identify(development/legacy) by extension 'colcon_meta'
[0.919s] Level 1:colcon.colcon_core.package_identification:_identify(development/legacy) by extensions ['ros']
[0.919s] Level 1:colcon.colcon_core.package_identification:_identify(development/legacy) by extension 'ros'
[0.920s] Level 1:colcon.colcon_core.package_identification:_identify(development/legacy) by extensions ['cmake', 'python']
[0.920s] Level 1:colcon.colcon_core.package_identification:_identify(development/legacy) by extension 'cmake'
[0.920s] Level 1:colcon.colcon_core.package_identification:_identify(development/legacy) by extension 'python'
[0.920s] Level 1:colcon.colcon_core.package_identification:_identify(development/legacy) by extensions ['python_setup_py']
[0.920s] Level 1:colcon.colcon_core.package_identification:_identify(development/legacy) by extension 'python_setup_py'
[0.921s] Level 1:colcon.colcon_core.package_identification:_identify(install) by extensions ['ignore', 'ignore_ament_install']
[0.921s] Level 1:colcon.colcon_core.package_identification:_identify(install) by extension 'ignore'
[0.922s] Level 1:colcon.colcon_core.package_identification:_identify(install) ignored
[0.922s] Level 1:colcon.colcon_core.package_identification:_identify(log) by extensions ['ignore', 'ignore_ament_install']
[0.923s] Level 1:colcon.colcon_core.package_identification:_identify(log) by extension 'ignore'
[0.923s] Level 1:colcon.colcon_core.package_identification:_identify(log) ignored
[0.923s] Level 1:colcon.colcon_core.package_identification:_identify(src) by extensions ['ignore', 'ignore_ament_install']
[0.924s] Level 1:colcon.colcon_core.package_identification:_identify(src) by extension 'ignore'
[0.924s] Level 1:colcon.colcon_core.package_identification:_identify(src) by extension 'ignore_ament_install'
[0.924s] Level 1:colcon.colcon_core.package_identification:_identify(src) by extensions ['colcon_pkg']
[0.925s] Level 1:colcon.colcon_core.package_identification:_identify(src) by extension 'colcon_pkg'
[0.925s] Level 1:colcon.colcon_core.package_identification:_identify(src) by extensions ['colcon_meta']
[0.925s] Level 1:colcon.colcon_core.package_identification:_identify(src) by extension 'colcon_meta'
[0.925s] Level 1:colcon.colcon_core.package_identification:_identify(src) by extensions ['ros']
[0.925s] Level 1:colcon.colcon_core.package_identification:_identify(src) by extension 'ros'
[0.926s] Level 1:colcon.colcon_core.package_identification:_identify(src) by extensions ['cmake', 'python']
[0.926s] Level 1:colcon.colcon_core.package_identification:_identify(src) by extension 'cmake'
[0.926s] Level 1:colcon.colcon_core.package_identification:_identify(src) by extension 'python'
[0.926s] Level 1:colcon.colcon_core.package_identification:_identify(src) by extensions ['python_setup_py']
[0.926s] Level 1:colcon.colcon_core.package_identification:_identify(src) by extension 'python_setup_py'
[0.927s] Level 1:colcon.colcon_core.package_identification:_identify(src/build) by extensions ['ignore', 'ignore_ament_install']
[0.927s] Level 1:colcon.colcon_core.package_identification:_identify(src/build) by extension 'ignore'
[0.927s] Level 1:colcon.colcon_core.package_identification:_identify(src/build) ignored
[0.928s] Level 1:colcon.colcon_core.package_identification:_identify(src/hexapod_interfaces) by extensions ['ignore', 'ignore_ament_install']
[0.928s] Level 1:colcon.colcon_core.package_identification:_identify(src/hexapod_interfaces) by extension 'ignore'
[0.929s] Level 1:colcon.colcon_core.package_identification:_identify(src/hexapod_interfaces) by extension 'ignore_ament_install'
[0.929s] Level 1:colcon.colcon_core.package_identification:_identify(src/hexapod_interfaces) by extensions ['colcon_pkg']
[0.929s] Level 1:colcon.colcon_core.package_identification:_identify(src/hexapod_interfaces) by extension 'colcon_pkg'
[0.929s] Level 1:colcon.colcon_core.package_identification:_identify(src/hexapod_interfaces) by extensions ['colcon_meta']
[0.929s] Level 1:colcon.colcon_core.package_identification:_identify(src/hexapod_interfaces) by extension 'colcon_meta'
[0.930s] Level 1:colcon.colcon_core.package_identification:_identify(src/hexapod_interfaces) by extensions ['ros']
[0.930s] Level 1:colcon.colcon_core.package_identification:_identify(src/hexapod_interfaces) by extension 'ros'
[0.941s] DEBUG:colcon.colcon_core.package_identification:Package 'src/hexapod_interfaces' with type 'ros.ament_cmake' and name 'hexapod_interfaces'
[0.942s] Level 1:colcon.colcon_core.package_identification:_identify(src/install) by extensions ['ignore', 'ignore_ament_install']
[0.943s] Level 1:colcon.colcon_core.package_identification:_identify(src/install) by extension 'ignore'
[0.943s] Level 1:colcon.colcon_core.package_identification:_identify(src/install) ignored
[0.944s] Level 1:colcon.colcon_core.package_identification:_identify(src/leg_controller) by extensions ['ignore', 'ignore_ament_install']
[0.945s] Level 1:colcon.colcon_core.package_identification:_identify(src/leg_controller) by extension 'ignore'
[0.945s] Level 1:colcon.colcon_core.package_identification:_identify(src/leg_controller) by extension 'ignore_ament_install'
[0.945s] Level 1:colcon.colcon_core.package_identification:_identify(src/leg_controller) by extensions ['colcon_pkg']
[0.946s] Level 1:colcon.colcon_core.package_identification:_identify(src/leg_controller) by extension 'colcon_pkg'
[0.946s] Level 1:colcon.colcon_core.package_identification:_identify(src/leg_controller) by extensions ['colcon_meta']
[0.946s] Level 1:colcon.colcon_core.package_identification:_identify(src/leg_controller) by extension 'colcon_meta'
[0.946s] Level 1:colcon.colcon_core.package_identification:_identify(src/leg_controller) by extensions ['ros']
[0.946s] Level 1:colcon.colcon_core.package_identification:_identify(src/leg_controller) by extension 'ros'
[0.949s] DEBUG:colcon.colcon_core.package_identification:Package 'src/leg_controller' with type 'ros.ament_python' and name 'leg_controller'
[0.950s] Level 1:colcon.colcon_core.package_identification:_identify(src/log) by extensions ['ignore', 'ignore_ament_install']
[0.951s] Level 1:colcon.colcon_core.package_identification:_identify(src/log) by extension 'ignore'
[0.951s] Level 1:colcon.colcon_core.package_identification:_identify(src/log) ignored
[0.951s] Level 1:colcon.colcon_core.package_discovery:discover_packages(recursive) using defaults
[0.952s] Level 1:colcon.colcon_core.package_discovery:discover_packages(ignore) discover
[0.952s] Level 1:colcon.colcon_core.package_discovery:discover_packages(ignore) using defaults
[0.952s] Level 1:colcon.colcon_core.package_discovery:discover_packages(path) discover
[0.952s] Level 1:colcon.colcon_core.package_discovery:discover_packages(path) using defaults
[1.060s] Level 1:colcon.colcon_core.package_discovery:discover_packages(prefix_path) check parameters
[1.060s] Level 1:colcon.colcon_core.package_discovery:discover_packages(prefix_path) discover
[1.073s] DEBUG:colcon.colcon_installed_package_information.package_discovery:Found 2 installed packages in /home/pi/hexapod/install
[1.083s] DEBUG:colcon.colcon_installed_package_information.package_discovery:Found 180 installed packages in /opt/ros/humble
[1.089s] Level 1:colcon.colcon_core.package_discovery:discover_packages(prefix_path) using defaults
[1.278s] Level 5:colcon.colcon_core.verb:set package 'hexapod_interfaces' build argument 'cmake_args' from command line to 'None'
[1.278s] Level 5:colcon.colcon_core.verb:set package 'hexapod_interfaces' build argument 'cmake_target' from command line to 'None'
[1.278s] Level 5:colcon.colcon_core.verb:set package 'hexapod_interfaces' build argument 'cmake_target_skip_unavailable' from command line to 'False'
[1.278s] Level 5:colcon.colcon_core.verb:set package 'hexapod_interfaces' build argument 'cmake_clean_cache' from command line to 'False'
[1.279s] Level 5:colcon.colcon_core.verb:set package 'hexapod_interfaces' build argument 'cmake_clean_first' from command line to 'False'
[1.279s] Level 5:colcon.colcon_core.verb:set package 'hexapod_interfaces' build argument 'cmake_force_configure' from command line to 'False'
[1.279s] Level 5:colcon.colcon_core.verb:set package 'hexapod_interfaces' build argument 'ament_cmake_args' from command line to 'None'
[1.279s] Level 5:colcon.colcon_core.verb:set package 'hexapod_interfaces' build argument 'catkin_cmake_args' from command line to 'None'
[1.279s] Level 5:colcon.colcon_core.verb:set package 'hexapod_interfaces' build argument 'catkin_skip_building_tests' from command line to 'False'
[1.279s] DEBUG:colcon.colcon_core.verb:Building package 'hexapod_interfaces' with the following arguments: {'ament_cmake_args': None, 'build_base': '/home/pi/hexapod/build/hexapod_interfaces', 'catkin_cmake_args': None, 'catkin_skip_building_tests': False, 'cmake_args': None, 'cmake_clean_cache': False, 'cmake_clean_first': False, 'cmake_force_configure': False, 'cmake_target': None, 'cmake_target_skip_unavailable': False, 'install_base': '/home/pi/hexapod/install/hexapod_interfaces', 'merge_install': False, 'path': '/home/pi/hexapod/src/hexapod_interfaces', 'symlink_install': False, 'test_result_base': None}
[1.284s] Level 5:colcon.colcon_core.verb:set package 'leg_controller' build argument 'cmake_args' from command line to 'None'
[1.284s] Level 5:colcon.colcon_core.verb:set package 'leg_controller' build argument 'cmake_target' from command line to 'None'
[1.285s] Level 5:colcon.colcon_core.verb:set package 'leg_controller' build argument 'cmake_target_skip_unavailable' from command line to 'False'
[1.285s] Level 5:colcon.colcon_core.verb:set package 'leg_controller' build argument 'cmake_clean_cache' from command line to 'False'
[1.285s] Level 5:colcon.colcon_core.verb:set package 'leg_controller' build argument 'cmake_clean_first' from command line to 'False'
[1.285s] Level 5:colcon.colcon_core.verb:set package 'leg_controller' build argument 'cmake_force_configure' from command line to 'False'
[1.285s] Level 5:colcon.colcon_core.verb:set package 'leg_controller' build argument 'ament_cmake_args' from command line to 'None'
[1.285s] Level 5:colcon.colcon_core.verb:set package 'leg_controller' build argument 'catkin_cmake_args' from command line to 'None'
[1.285s] Level 5:colcon.colcon_core.verb:set package 'leg_controller' build argument 'catkin_skip_building_tests' from command line to 'False'
[1.285s] DEBUG:colcon.colcon_core.verb:Building package 'leg_controller' with the following arguments: {'ament_cmake_args': None, 'build_base': '/home/pi/hexapod/build/leg_controller', 'catkin_cmake_args': None, 'catkin_skip_building_tests': False, 'cmake_args': None, 'cmake_clean_cache': False, 'cmake_clean_first': False, 'cmake_force_configure': False, 'cmake_target': None, 'cmake_target_skip_unavailable': False, 'install_base': '/home/pi/hexapod/install/leg_controller', 'merge_install': False, 'path': '/home/pi/hexapod/src/leg_controller', 'symlink_install': False, 'test_result_base': None}
[1.288s] INFO:colcon.colcon_core.executor:Executing jobs using 'parallel' executor
[1.303s] DEBUG:colcon.colcon_parallel_executor.executor.parallel:run_until_complete
[1.305s] INFO:colcon.colcon_ros.task.ament_cmake.build:Building ROS package in '/home/pi/hexapod/src/hexapod_interfaces' with build type 'ament_cmake'
[1.305s] INFO:colcon.colcon_cmake.task.cmake.build:Building CMake package in '/home/pi/hexapod/src/hexapod_interfaces'
[1.328s] INFO:colcon.colcon_core.plugin_system:Skipping extension 'colcon_core.shell.bat': Not used on non-Windows systems
[1.329s] INFO:colcon.colcon_core.shell:Skip shell extension 'powershell' for command environment: Not usable outside of PowerShell
[1.329s] DEBUG:colcon.colcon_core.shell:Skip shell extension 'dsv' for command environment
[1.376s] DEBUG:colcon.colcon_core.event_handler.log_command:Invoking command in '/home/pi/hexapod/build/hexapod_interfaces': CMAKE_PREFIX_PATH=${CMAKE_PREFIX_PATH}:/home/pi/hexapod/install/leg_controller:/opt/ros/humble /usr/bin/cmake --build /home/pi/hexapod/build/hexapod_interfaces -- -j4 -l4
[3.298s] DEBUG:colcon.colcon_core.event_handler.log_command:Invoked command in '/home/pi/hexapod/build/hexapod_interfaces' returned '0': CMAKE_PREFIX_PATH=${CMAKE_PREFIX_PATH}:/home/pi/hexapod/install/leg_controller:/opt/ros/humble /usr/bin/cmake --build /home/pi/hexapod/build/hexapod_interfaces -- -j4 -l4
[3.744s] DEBUG:colcon.colcon_core.event_handler.log_command:Invoking command in '/home/pi/hexapod/build/hexapod_interfaces': CMAKE_PREFIX_PATH=${CMAKE_PREFIX_PATH}:/home/pi/hexapod/install/leg_controller:/opt/ros/humble /usr/bin/cmake --install /home/pi/hexapod/build/hexapod_interfaces
[4.047s] Level 1:colcon.colcon_core.environment:create_environment_scripts_only(hexapod_interfaces)
[4.049s] DEBUG:colcon.colcon_core.event_handler.log_command:Invoked command in '/home/pi/hexapod/build/hexapod_interfaces' returned '0': CMAKE_PREFIX_PATH=${CMAKE_PREFIX_PATH}:/home/pi/hexapod/install/leg_controller:/opt/ros/humble /usr/bin/cmake --install /home/pi/hexapod/build/hexapod_interfaces
[4.072s] Level 1:colcon.colcon_core.environment:checking '/home/pi/hexapod/install/hexapod_interfaces' for CMake module files
[4.077s] Level 1:colcon.colcon_core.environment:checking '/home/pi/hexapod/install/hexapod_interfaces' for CMake config files
[4.080s] Level 1:colcon.colcon_core.shell:create_environment_hook('hexapod_interfaces', 'cmake_prefix_path')
[4.085s] INFO:colcon.colcon_core.shell:Creating environment hook '/home/pi/hexapod/install/hexapod_interfaces/share/hexapod_interfaces/hook/cmake_prefix_path.ps1'
[4.088s] INFO:colcon.colcon_core.shell:Creating environment descriptor '/home/pi/hexapod/install/hexapod_interfaces/share/hexapod_interfaces/hook/cmake_prefix_path.dsv'
[4.091s] INFO:colcon.colcon_core.shell:Creating environment hook '/home/pi/hexapod/install/hexapod_interfaces/share/hexapod_interfaces/hook/cmake_prefix_path.sh'
[4.095s] Level 1:colcon.colcon_core.environment:checking '/home/pi/hexapod/install/hexapod_interfaces/lib'
[4.096s] Level 1:colcon.colcon_core.shell:create_environment_hook('hexapod_interfaces', 'ld_library_path_lib')
[4.103s] INFO:colcon.colcon_core.shell:Creating environment hook '/home/pi/hexapod/install/hexapod_interfaces/share/hexapod_interfaces/hook/ld_library_path_lib.ps1'
[4.105s] INFO:colcon.colcon_core.shell:Creating environment descriptor '/home/pi/hexapod/install/hexapod_interfaces/share/hexapod_interfaces/hook/ld_library_path_lib.dsv'
[4.107s] INFO:colcon.colcon_core.shell:Creating environment hook '/home/pi/hexapod/install/hexapod_interfaces/share/hexapod_interfaces/hook/ld_library_path_lib.sh'
[4.109s] Level 1:colcon.colcon_core.environment:checking '/home/pi/hexapod/install/hexapod_interfaces/bin'
[4.110s] Level 1:colcon.colcon_core.environment:checking '/home/pi/hexapod/install/hexapod_interfaces/lib/pkgconfig/hexapod_interfaces.pc'
[4.111s] Level 1:colcon.colcon_core.environment:checking '/home/pi/hexapod/install/hexapod_interfaces/lib/python3.10/site-packages'
[4.112s] Level 1:colcon.colcon_core.environment:checking '/home/pi/hexapod/install/hexapod_interfaces/bin'
[4.118s] INFO:colcon.colcon_core.shell:Creating package script '/home/pi/hexapod/install/hexapod_interfaces/share/hexapod_interfaces/package.ps1'
[4.123s] INFO:colcon.colcon_core.shell:Creating package descriptor '/home/pi/hexapod/install/hexapod_interfaces/share/hexapod_interfaces/package.dsv'
[4.126s] INFO:colcon.colcon_core.shell:Creating package script '/home/pi/hexapod/install/hexapod_interfaces/share/hexapod_interfaces/package.sh'
[4.129s] INFO:colcon.colcon_core.shell:Creating package script '/home/pi/hexapod/install/hexapod_interfaces/share/hexapod_interfaces/package.bash'
[4.133s] INFO:colcon.colcon_core.shell:Creating package script '/home/pi/hexapod/install/hexapod_interfaces/share/hexapod_interfaces/package.zsh'
[4.136s] Level 1:colcon.colcon_core.environment:create_file_with_runtime_dependencies(/home/pi/hexapod/install/hexapod_interfaces/share/colcon-core/packages/hexapod_interfaces)
[4.548s] Level 1:colcon.colcon_core.environment:create_environment_scripts_only(hexapod_interfaces)
[4.559s] Level 1:colcon.colcon_core.environment:checking '/home/pi/hexapod/install/hexapod_interfaces' for CMake module files
[4.564s] Level 1:colcon.colcon_core.environment:checking '/home/pi/hexapod/install/hexapod_interfaces' for CMake config files
[4.567s] Level 1:colcon.colcon_core.shell:create_environment_hook('hexapod_interfaces', 'cmake_prefix_path')
[4.573s] INFO:colcon.colcon_core.shell:Creating environment hook '/home/pi/hexapod/install/hexapod_interfaces/share/hexapod_interfaces/hook/cmake_prefix_path.ps1'
[4.575s] INFO:colcon.colcon_core.shell:Creating environment descriptor '/home/pi/hexapod/install/hexapod_interfaces/share/hexapod_interfaces/hook/cmake_prefix_path.dsv'
[4.577s] INFO:colcon.colcon_core.shell:Creating environment hook '/home/pi/hexapod/install/hexapod_interfaces/share/hexapod_interfaces/hook/cmake_prefix_path.sh'
[4.579s] Level 1:colcon.colcon_core.environment:checking '/home/pi/hexapod/install/hexapod_interfaces/lib'
[4.580s] Level 1:colcon.colcon_core.shell:create_environment_hook('hexapod_interfaces', 'ld_library_path_lib')
[4.586s] INFO:colcon.colcon_core.shell:Creating environment hook '/home/pi/hexapod/install/hexapod_interfaces/share/hexapod_interfaces/hook/ld_library_path_lib.ps1'
[4.588s] INFO:colcon.colcon_core.shell:Creating environment descriptor '/home/pi/hexapod/install/hexapod_interfaces/share/hexapod_interfaces/hook/ld_library_path_lib.dsv'
[4.589s] INFO:colcon.colcon_core.shell:Creating environment hook '/home/pi/hexapod/install/hexapod_interfaces/share/hexapod_interfaces/hook/ld_library_path_lib.sh'
[4.591s] Level 1:colcon.colcon_core.environment:checking '/home/pi/hexapod/install/hexapod_interfaces/bin'
[4.592s] Level 1:colcon.colcon_core.environment:checking '/home/pi/hexapod/install/hexapod_interfaces/lib/pkgconfig/hexapod_interfaces.pc'
[4.593s] Level 1:colcon.colcon_core.environment:checking '/home/pi/hexapod/install/hexapod_interfaces/lib/python3.10/site-packages'
[4.594s] Level 1:colcon.colcon_core.environment:checking '/home/pi/hexapod/install/hexapod_interfaces/bin'
[4.600s] INFO:colcon.colcon_core.shell:Creating package script '/home/pi/hexapod/install/hexapod_interfaces/share/hexapod_interfaces/package.ps1'
[4.602s] INFO:colcon.colcon_core.shell:Creating package descriptor '/home/pi/hexapod/install/hexapod_interfaces/share/hexapod_interfaces/package.dsv'
[4.605s] INFO:colcon.colcon_core.shell:Creating package script '/home/pi/hexapod/install/hexapod_interfaces/share/hexapod_interfaces/package.sh'
[4.608s] INFO:colcon.colcon_core.shell:Creating package script '/home/pi/hexapod/install/hexapod_interfaces/share/hexapod_interfaces/package.bash'
[4.610s] INFO:colcon.colcon_core.shell:Creating package script '/home/pi/hexapod/install/hexapod_interfaces/share/hexapod_interfaces/package.zsh'
[4.612s] Level 1:colcon.colcon_core.environment:create_file_with_runtime_dependencies(/home/pi/hexapod/install/hexapod_interfaces/share/colcon-core/packages/hexapod_interfaces)
[4.613s] INFO:colcon.colcon_ros.task.ament_python.build:Building ROS package in '/home/pi/hexapod/src/leg_controller' with build type 'ament_python'
[4.614s] Level 1:colcon.colcon_core.shell:create_environment_hook('leg_controller', 'ament_prefix_path')
[4.620s] INFO:colcon.colcon_core.shell:Creating environment hook '/home/pi/hexapod/install/leg_controller/share/leg_controller/hook/ament_prefix_path.ps1'
[4.623s] INFO:colcon.colcon_core.shell:Creating environment descriptor '/home/pi/hexapod/install/leg_controller/share/leg_controller/hook/ament_prefix_path.dsv'
[4.626s] INFO:colcon.colcon_core.shell:Creating environment hook '/home/pi/hexapod/install/leg_controller/share/leg_controller/hook/ament_prefix_path.sh'
[4.633s] INFO:colcon.colcon_core.shell:Skip shell extension 'powershell' for command environment: Not usable outside of PowerShell
[4.633s] DEBUG:colcon.colcon_core.shell:Skip shell extension 'dsv' for command environment
[5.971s] INFO:colcon.colcon_core.task.python.build:Building Python package in '/home/pi/hexapod/src/leg_controller'
[5.977s] INFO:colcon.colcon_core.shell:Skip shell extension 'powershell' for command environment: Not usable outside of PowerShell
[5.977s] DEBUG:colcon.colcon_core.shell:Skip shell extension 'dsv' for command environment
[7.793s] DEBUG:colcon.colcon_core.event_handler.log_command:Invoking command in '/home/pi/hexapod/src/leg_controller': PYTHONPATH=/home/pi/hexapod/build/leg_controller/prefix_override:/home/pi/hexapod/install/leg_controller/lib/python3.10/site-packages:${PYTHONPATH} /usr/bin/python3 setup.py egg_info --egg-base ../../build/leg_controller build --build-base /home/pi/hexapod/build/leg_controller/build install --record /home/pi/hexapod/build/leg_controller/install.log --single-version-externally-managed
[9.283s] Level 1:colcon.colcon_core.environment:checking '/home/pi/hexapod/install/leg_controller' for CMake module files
[9.285s] DEBUG:colcon.colcon_core.event_handler.log_command:Invoked command in '/home/pi/hexapod/src/leg_controller' returned '0': PYTHONPATH=/home/pi/hexapod/build/leg_controller/prefix_override:/home/pi/hexapod/install/leg_controller/lib/python3.10/site-packages:${PYTHONPATH} /usr/bin/python3 setup.py egg_info --egg-base ../../build/leg_controller build --build-base /home/pi/hexapod/build/leg_controller/build install --record /home/pi/hexapod/build/leg_controller/install.log --single-version-externally-managed
[9.289s] Level 1:colcon.colcon_core.environment:checking '/home/pi/hexapod/install/leg_controller' for CMake config files
[9.293s] Level 1:colcon.colcon_core.environment:checking '/home/pi/hexapod/install/leg_controller/lib'
[9.294s] Level 1:colcon.colcon_core.environment:checking '/home/pi/hexapod/install/leg_controller/bin'
[9.294s] Level 1:colcon.colcon_core.environment:checking '/home/pi/hexapod/install/leg_controller/lib/pkgconfig/leg_controller.pc'
[9.296s] Level 1:colcon.colcon_core.environment:checking '/home/pi/hexapod/install/leg_controller/lib/python3.10/site-packages'
[9.296s] Level 1:colcon.colcon_core.shell:create_environment_hook('leg_controller', 'pythonpath')
[9.303s] INFO:colcon.colcon_core.shell:Creating environment hook '/home/pi/hexapod/install/leg_controller/share/leg_controller/hook/pythonpath.ps1'
[9.305s] INFO:colcon.colcon_core.shell:Creating environment descriptor '/home/pi/hexapod/install/leg_controller/share/leg_controller/hook/pythonpath.dsv'
[9.307s] INFO:colcon.colcon_core.shell:Creating environment hook '/home/pi/hexapod/install/leg_controller/share/leg_controller/hook/pythonpath.sh'
[9.310s] Level 1:colcon.colcon_core.environment:checking '/home/pi/hexapod/install/leg_controller/bin'
[9.310s] Level 1:colcon.colcon_core.environment:create_environment_scripts_only(leg_controller)
[9.316s] INFO:colcon.colcon_core.shell:Creating package script '/home/pi/hexapod/install/leg_controller/share/leg_controller/package.ps1'
[9.318s] INFO:colcon.colcon_core.shell:Creating package descriptor '/home/pi/hexapod/install/leg_controller/share/leg_controller/package.dsv'
[9.321s] INFO:colcon.colcon_core.shell:Creating package script '/home/pi/hexapod/install/leg_controller/share/leg_controller/package.sh'
[9.323s] INFO:colcon.colcon_core.shell:Creating package script '/home/pi/hexapod/install/leg_controller/share/leg_controller/package.bash'
[9.325s] INFO:colcon.colcon_core.shell:Creating package script '/home/pi/hexapod/install/leg_controller/share/leg_controller/package.zsh'
[9.326s] Level 1:colcon.colcon_core.environment:create_file_with_runtime_dependencies(/home/pi/hexapod/install/leg_controller/share/colcon-core/packages/leg_controller)
[9.328s] DEBUG:colcon.colcon_parallel_executor.executor.parallel:closing loop
[9.329s] DEBUG:colcon.colcon_parallel_executor.executor.parallel:loop closed
[9.329s] DEBUG:colcon.colcon_parallel_executor.executor.parallel:run_until_complete finished with '0'
[9.330s] DEBUG:colcon.colcon_core.event_reactor:joining thread
[9.360s] INFO:colcon.colcon_core.plugin_system:Skipping extension 'colcon_notification.desktop_notification.notify_send': Could not find 'notify-send'
[9.361s] INFO:colcon.colcon_core.plugin_system:Skipping extension 'colcon_notification.desktop_notification.terminal_notifier': Not used on non-Darwin systems
[9.361s] INFO:colcon.colcon_core.plugin_system:Skipping extension 'colcon_notification.desktop_notification.win32': Not used on non-Windows systems
[9.361s] INFO:colcon.colcon_notification.desktop_notification:Sending desktop notification using 'notify2'
[9.365s] DEBUG:colcon.colcon_notification.desktop_notification.notify2:Failed to initialize notify2: org.freedesktop.DBus.Error.ServiceUnknown: The name org.freedesktop.Notifications was not provided by any .service files
[9.366s] DEBUG:colcon.colcon_core.event_reactor:joined thread
[9.372s] INFO:colcon.colcon_core.shell:Creating prefix script '/home/pi/hexapod/install/local_setup.ps1'
[9.376s] INFO:colcon.colcon_core.shell:Creating prefix util module '/home/pi/hexapod/install/_local_setup_util_ps1.py'
[9.383s] INFO:colcon.colcon_core.shell:Creating prefix chain script '/home/pi/hexapod/install/setup.ps1'
[9.390s] INFO:colcon.colcon_core.shell:Creating prefix script '/home/pi/hexapod/install/local_setup.sh'
[9.393s] INFO:colcon.colcon_core.shell:Creating prefix util module '/home/pi/hexapod/install/_local_setup_util_sh.py'
[9.395s] INFO:colcon.colcon_core.shell:Creating prefix chain script '/home/pi/hexapod/install/setup.sh'
[9.402s] INFO:colcon.colcon_core.shell:Creating prefix script '/home/pi/hexapod/install/local_setup.bash'
[9.404s] INFO:colcon.colcon_core.shell:Creating prefix chain script '/home/pi/hexapod/install/setup.bash'
[9.411s] INFO:colcon.colcon_core.shell:Creating prefix script '/home/pi/hexapod/install/local_setup.zsh'
[9.413s] INFO:colcon.colcon_core.shell:Creating prefix chain script '/home/pi/hexapod/install/setup.zsh'
