[4.313s] Invoking command in '/home/pi/hexapod/src/leg_controller': AMENT_PREFIX_PATH=/home/pi/hexapod/src/install/hexapod_interfaces:${AMENT_PREFIX_PATH} CMAKE_PREFIX_PATH=/home/pi/hexapod/src/install/hexapod_interfaces:${CMAKE_PREFIX_PATH} LD_LIBRARY_PATH=/home/pi/hexapod/src/install/hexapod_interfaces/lib:${LD_LIBRARY_PATH} PYTHONPATH=/home/pi/hexapod/src/build/leg_controller/prefix_override:/home/pi/hexapod/src/install/leg_controller/lib/python3.10/site-packages:/home/pi/hexapod/src/install/hexapod_interfaces/local/lib/python3.10/dist-packages:${PYTHONPATH} /usr/bin/python3 setup.py egg_info --egg-base ../build/leg_controller build --build-base /home/pi/hexapod/src/build/leg_controller/build install --record /home/pi/hexapod/src/build/leg_controller/install.log --single-version-externally-managed
[6.176s] running egg_info
[6.179s] writing ../build/leg_controller/leg_controller.egg-info/PKG-INFO
[6.181s] writing dependency_links to ../build/leg_controller/leg_controller.egg-info/dependency_links.txt
[6.184s] writing entry points to ../build/leg_controller/leg_controller.egg-info/entry_points.txt
[6.185s] writing requirements to ../build/leg_controller/leg_controller.egg-info/requires.txt
[6.186s] writing top-level names to ../build/leg_controller/leg_controller.egg-info/top_level.txt
[6.194s] reading manifest file '../build/leg_controller/leg_controller.egg-info/SOURCES.txt'
[6.200s] writing manifest file '../build/leg_controller/leg_controller.egg-info/SOURCES.txt'
[6.201s] running build
[6.202s] running build_py
[6.202s] copying leg_controller/servoController.py -> /home/pi/hexapod/src/build/leg_controller/build/lib/leg_controller
[6.209s] copying leg_controller/pointToAngle.py -> /home/pi/hexapod/src/build/leg_controller/build/lib/leg_controller
[6.210s] running install
[6.210s] running install_lib
[6.213s] copying /home/pi/hexapod/src/build/leg_controller/build/lib/leg_controller/servoController.py -> /home/pi/hexapod/src/install/leg_controller/lib/python3.10/site-packages/leg_controller
[6.215s] copying /home/pi/hexapod/src/build/leg_controller/build/lib/leg_controller/pointToAngle.py -> /home/pi/hexapod/src/install/leg_controller/lib/python3.10/site-packages/leg_controller
[6.219s] byte-compiling /home/pi/hexapod/src/install/leg_controller/lib/python3.10/site-packages/leg_controller/servoController.py to servoController.cpython-310.pyc
[6.224s] byte-compiling /home/pi/hexapod/src/install/leg_controller/lib/python3.10/site-packages/leg_controller/pointToAngle.py to pointToAngle.cpython-310.pyc
[6.229s] running install_data
[6.233s] running install_egg_info
[6.241s] removing '/home/pi/hexapod/src/install/leg_controller/lib/python3.10/site-packages/leg_controller-0.0.0-py3.10.egg-info' (and everything under it)
[6.243s] Copying ../build/leg_controller/leg_controller.egg-info to /home/pi/hexapod/src/install/leg_controller/lib/python3.10/site-packages/leg_controller-0.0.0-py3.10.egg-info
[6.250s] running install_scripts
[6.349s] Installing kin_node script to /home/pi/hexapod/src/install/leg_controller/lib/leg_controller
[6.374s] Installing servo_node script to /home/pi/hexapod/src/install/leg_controller/lib/leg_controller
[6.377s] writing list of installed files to '/home/pi/hexapod/src/build/leg_controller/install.log'
[6.520s] Invoked command in '/home/pi/hexapod/src/leg_controller' returned '0': AMENT_PREFIX_PATH=/home/pi/hexapod/src/install/hexapod_interfaces:${AMENT_PREFIX_PATH} CMAKE_PREFIX_PATH=/home/pi/hexapod/src/install/hexapod_interfaces:${CMAKE_PREFIX_PATH} LD_LIBRARY_PATH=/home/pi/hexapod/src/install/hexapod_interfaces/lib:${LD_LIBRARY_PATH} PYTHONPATH=/home/pi/hexapod/src/build/leg_controller/prefix_override:/home/pi/hexapod/src/install/leg_controller/lib/python3.10/site-packages:/home/pi/hexapod/src/install/hexapod_interfaces/local/lib/python3.10/dist-packages:${PYTHONPATH} /usr/bin/python3 setup.py egg_info --egg-base ../build/leg_controller build --build-base /home/pi/hexapod/src/build/leg_controller/build install --record /home/pi/hexapod/src/build/leg_controller/install.log --single-version-externally-managed
