[4.333s] Invoking command in '/home/pi/hexapod/src/leg_controller': PYTHONPATH=/home/pi/hexapod/build/leg_controller/prefix_override:/home/pi/hexapod/install/leg_controller/lib/python3.10/site-packages:${PYTHONPATH} /usr/bin/python3 setup.py egg_info --egg-base ../../build/leg_controller build --build-base /home/pi/hexapod/build/leg_controller/build install --record /home/pi/hexapod/build/leg_controller/install.log --single-version-externally-managed
[5.540s] running egg_info
[5.543s] creating ../../build/leg_controller/leg_controller.egg-info
[5.544s] writing ../../build/leg_controller/leg_controller.egg-info/PKG-INFO
[5.545s] writing dependency_links to ../../build/leg_controller/leg_controller.egg-info/dependency_links.txt
[5.546s] writing entry points to ../../build/leg_controller/leg_controller.egg-info/entry_points.txt
[5.547s] writing requirements to ../../build/leg_controller/leg_controller.egg-info/requires.txt
[5.548s] writing top-level names to ../../build/leg_controller/leg_controller.egg-info/top_level.txt
[5.549s] writing manifest file '../../build/leg_controller/leg_controller.egg-info/SOURCES.txt'
[5.557s] reading manifest file '../../build/leg_controller/leg_controller.egg-info/SOURCES.txt'
[5.562s] writing manifest file '../../build/leg_controller/leg_controller.egg-info/SOURCES.txt'
[5.563s] running build
[5.563s] running build_py
[5.564s] creating /home/pi/hexapod/build/leg_controller/build
[5.565s] creating /home/pi/hexapod/build/leg_controller/build/lib
[5.566s] creating /home/pi/hexapod/build/leg_controller/build/lib/leg_controller
[5.566s] copying leg_controller/simpleCommands.py -> /home/pi/hexapod/build/leg_controller/build/lib/leg_controller
[5.567s] copying leg_controller/legInfo.py -> /home/pi/hexapod/build/leg_controller/build/lib/leg_controller
[5.569s] copying leg_controller/servoController.py -> /home/pi/hexapod/build/leg_controller/build/lib/leg_controller
[5.570s] copying leg_controller/motorControlDemo.py -> /home/pi/hexapod/build/leg_controller/build/lib/leg_controller
[5.572s] copying leg_controller/pointToAngle.py -> /home/pi/hexapod/build/leg_controller/build/lib/leg_controller
[5.574s] copying leg_controller/__init__.py -> /home/pi/hexapod/build/leg_controller/build/lib/leg_controller
[5.576s] running install
[5.578s] running install_lib
[5.581s] creating /home/pi/hexapod/install/leg_controller/lib/python3.10/site-packages/leg_controller
[5.582s] copying /home/pi/hexapod/build/leg_controller/build/lib/leg_controller/simpleCommands.py -> /home/pi/hexapod/install/leg_controller/lib/python3.10/site-packages/leg_controller
[5.583s] copying /home/pi/hexapod/build/leg_controller/build/lib/leg_controller/legInfo.py -> /home/pi/hexapod/install/leg_controller/lib/python3.10/site-packages/leg_controller
[5.584s] copying /home/pi/hexapod/build/leg_controller/build/lib/leg_controller/servoController.py -> /home/pi/hexapod/install/leg_controller/lib/python3.10/site-packages/leg_controller
[5.585s] copying /home/pi/hexapod/build/leg_controller/build/lib/leg_controller/motorControlDemo.py -> /home/pi/hexapod/install/leg_controller/lib/python3.10/site-packages/leg_controller
[5.586s] copying /home/pi/hexapod/build/leg_controller/build/lib/leg_controller/pointToAngle.py -> /home/pi/hexapod/install/leg_controller/lib/python3.10/site-packages/leg_controller
[5.587s] copying /home/pi/hexapod/build/leg_controller/build/lib/leg_controller/__init__.py -> /home/pi/hexapod/install/leg_controller/lib/python3.10/site-packages/leg_controller
[5.590s] byte-compiling /home/pi/hexapod/install/leg_controller/lib/python3.10/site-packages/leg_controller/simpleCommands.py to simpleCommands.cpython-310.pyc
[5.595s] byte-compiling /home/pi/hexapod/install/leg_controller/lib/python3.10/site-packages/leg_controller/legInfo.py to legInfo.cpython-310.pyc
[5.599s] byte-compiling /home/pi/hexapod/install/leg_controller/lib/python3.10/site-packages/leg_controller/servoController.py to servoController.cpython-310.pyc
[5.601s] byte-compiling /home/pi/hexapod/install/leg_controller/lib/python3.10/site-packages/leg_controller/motorControlDemo.py to motorControlDemo.cpython-310.pyc
[5.604s] byte-compiling /home/pi/hexapod/install/leg_controller/lib/python3.10/site-packages/leg_controller/pointToAngle.py to pointToAngle.cpython-310.pyc
[5.609s] byte-compiling /home/pi/hexapod/install/leg_controller/lib/python3.10/site-packages/leg_controller/__init__.py to __init__.cpython-310.pyc
[5.610s] running install_data
[5.615s] creating /home/pi/hexapod/install/leg_controller/share/ament_index
[5.616s] creating /home/pi/hexapod/install/leg_controller/share/ament_index/resource_index
[5.617s] creating /home/pi/hexapod/install/leg_controller/share/ament_index/resource_index/packages
[5.617s] copying resource/leg_controller -> /home/pi/hexapod/install/leg_controller/share/ament_index/resource_index/packages
[5.618s] copying package.xml -> /home/pi/hexapod/install/leg_controller/share/leg_controller
[5.618s] running install_egg_info
[5.642s] Copying ../../build/leg_controller/leg_controller.egg-info to /home/pi/hexapod/install/leg_controller/lib/python3.10/site-packages/leg_controller-0.0.0-py3.10.egg-info
[5.642s] running install_scripts
[5.746s] Installing ctrl_node script to /home/pi/hexapod/install/leg_controller/lib/leg_controller
[5.748s] Installing kin_node script to /home/pi/hexapod/install/leg_controller/lib/leg_controller
[5.751s] Installing servo_node script to /home/pi/hexapod/install/leg_controller/lib/leg_controller
[5.752s] writing list of installed files to '/home/pi/hexapod/build/leg_controller/install.log'
[5.991s] Invoked command in '/home/pi/hexapod/src/leg_controller' returned '0': PYTHONPATH=/home/pi/hexapod/build/leg_controller/prefix_override:/home/pi/hexapod/install/leg_controller/lib/python3.10/site-packages:${PYTHONPATH} /usr/bin/python3 setup.py egg_info --egg-base ../../build/leg_controller build --build-base /home/pi/hexapod/build/leg_controller/build install --record /home/pi/hexapod/build/leg_controller/install.log --single-version-externally-managed
