[0.063s] Invoking command in '/home/pi/hexapod/src/build/hexapod_interfaces': CMAKE_PREFIX_PATH=${CMAKE_PREFIX_PATH}:/home/pi/hexapod/install/leg_controller:/opt/ros/humble /usr/bin/cmake --build /home/pi/hexapod/src/build/hexapod_interfaces -- -j4 -l4
[0.272s] [35m[1mConsolidate compiler generated dependencies of target hexapod_interfaces__rosidl_generator_c[0m
[0.310s] [  3%] Built target hexapod_interfaces__cpp
[0.333s] [ 12%] Built target hexapod_interfaces__rosidl_generator_c
[0.368s] [ 12%] Built target ament_cmake_python_copy_hexapod_interfaces
[0.369s] [35m[1mConsolidate compiler generated dependencies of target hexapod_interfaces__rosidl_typesupport_introspection_cpp[0m
[0.374s] [35m[1mConsolidate compiler generated dependencies of target hexapod_interfaces__rosidl_typesupport_fastrtps_cpp[0m
[0.413s] [35m[1mConsolidate compiler generated dependencies of target hexapod_interfaces__rosidl_typesupport_cpp[0m
[0.440s] [35m[1mConsolidate compiler generated dependencies of target hexapod_interfaces__rosidl_typesupport_fastrtps_c[0m
[0.464s] [ 22%] Built target hexapod_interfaces__rosidl_typesupport_introspection_cpp
[0.484s] [ 32%] Built target hexapod_interfaces__rosidl_typesupport_fastrtps_cpp
[0.524s] [ 41%] Built target hexapod_interfaces__rosidl_typesupport_cpp
[0.560s] [35m[1mConsolidate compiler generated dependencies of target hexapod_interfaces__rosidl_typesupport_c[0m
[0.561s] [35m[1mConsolidate compiler generated dependencies of target hexapod_interfaces__rosidl_typesupport_introspection_c[0m
[0.607s] [ 51%] Built target hexapod_interfaces__rosidl_typesupport_fastrtps_c
[0.646s] [ 61%] Built target hexapod_interfaces__rosidl_typesupport_introspection_c
[0.655s] [ 70%] Built target hexapod_interfaces__rosidl_typesupport_c
[0.759s] [ 70%] Built target hexapod_interfaces
[0.910s] [ 74%] Built target hexapod_interfaces__py
[0.965s] [35m[1mConsolidate compiler generated dependencies of target hexapod_interfaces__rosidl_generator_py[0m
[1.057s] [ 80%] Built target hexapod_interfaces__rosidl_generator_py
[1.137s] [35m[1mConsolidate compiler generated dependencies of target hexapod_interfaces__rosidl_typesupport_c__pyext[0m
[1.154s] [35m[1mConsolidate compiler generated dependencies of target hexapod_interfaces__rosidl_typesupport_fastrtps_c__pyext[0m
[1.181s] [35m[1mConsolidate compiler generated dependencies of target hexapod_interfaces__rosidl_typesupport_introspection_c__pyext[0m
[1.271s] [ 87%] Built target hexapod_interfaces__rosidl_typesupport_introspection_c__pyext
[1.278s] [ 93%] Built target hexapod_interfaces__rosidl_typesupport_c__pyext
[1.302s] [100%] Built target hexapod_interfaces__rosidl_typesupport_fastrtps_c__pyext
[2.208s] running egg_info
[2.211s] writing hexapod_interfaces.egg-info/PKG-INFO
[2.212s] writing dependency_links to hexapod_interfaces.egg-info/dependency_links.txt
[2.214s] writing top-level names to hexapod_interfaces.egg-info/top_level.txt
[2.226s] reading manifest file 'hexapod_interfaces.egg-info/SOURCES.txt'
[2.229s] writing manifest file 'hexapod_interfaces.egg-info/SOURCES.txt'
[2.369s] [100%] Built target ament_cmake_python_build_hexapod_interfaces_egg
[2.418s] Invoked command in '/home/pi/hexapod/src/build/hexapod_interfaces' returned '0': CMAKE_PREFIX_PATH=${CMAKE_PREFIX_PATH}:/home/pi/hexapod/install/leg_controller:/opt/ros/humble /usr/bin/cmake --build /home/pi/hexapod/src/build/hexapod_interfaces -- -j4 -l4
[2.820s] Invoking command in '/home/pi/hexapod/src/build/hexapod_interfaces': CMAKE_PREFIX_PATH=${CMAKE_PREFIX_PATH}:/home/pi/hexapod/install/leg_controller:/opt/ros/humble /usr/bin/cmake --install /home/pi/hexapod/src/build/hexapod_interfaces
[2.851s] -- Install configuration: ""
[2.857s] -- Up-to-date: /home/pi/hexapod/src/install/hexapod_interfaces/share/ament_index/resource_index/rosidl_interfaces/hexapod_interfaces
[2.858s] -- Up-to-date: /home/pi/hexapod/src/install/hexapod_interfaces/include/hexapod_interfaces/hexapod_interfaces
[2.858s] -- Up-to-date: /home/pi/hexapod/src/install/hexapod_interfaces/include/hexapod_interfaces/hexapod_interfaces/msg
[2.859s] -- Up-to-date: /home/pi/hexapod/src/install/hexapod_interfaces/include/hexapod_interfaces/hexapod_interfaces/msg/target_angles.h
[2.860s] -- Up-to-date: /home/pi/hexapod/src/install/hexapod_interfaces/include/hexapod_interfaces/hexapod_interfaces/msg/rosidl_generator_c__visibility_control.h
[2.860s] -- Up-to-date: /home/pi/hexapod/src/install/hexapod_interfaces/include/hexapod_interfaces/hexapod_interfaces/msg/detail
[2.861s] -- Up-to-date: /home/pi/hexapod/src/install/hexapod_interfaces/include/hexapod_interfaces/hexapod_interfaces/msg/detail/target_angles__type_support.h
[2.862s] -- Up-to-date: /home/pi/hexapod/src/install/hexapod_interfaces/include/hexapod_interfaces/hexapod_interfaces/msg/detail/target_angles__functions.h
[2.862s] -- Up-to-date: /home/pi/hexapod/src/install/hexapod_interfaces/include/hexapod_interfaces/hexapod_interfaces/msg/detail/target_angles__functions.c
[2.863s] -- Up-to-date: /home/pi/hexapod/src/install/hexapod_interfaces/include/hexapod_interfaces/hexapod_interfaces/msg/detail/target_angles__struct.h
[2.864s] -- Up-to-date: /home/pi/hexapod/src/install/hexapod_interfaces/share/hexapod_interfaces/environment/library_path.sh
[2.864s] -- Up-to-date: /home/pi/hexapod/src/install/hexapod_interfaces/share/hexapod_interfaces/environment/library_path.dsv
[2.866s] -- Up-to-date: /home/pi/hexapod/src/install/hexapod_interfaces/lib/libhexapod_interfaces__rosidl_generator_c.so
[2.867s] -- Up-to-date: /home/pi/hexapod/src/install/hexapod_interfaces/include/hexapod_interfaces/hexapod_interfaces
[2.868s] -- Up-to-date: /home/pi/hexapod/src/install/hexapod_interfaces/include/hexapod_interfaces/hexapod_interfaces/msg
[2.868s] -- Up-to-date: /home/pi/hexapod/src/install/hexapod_interfaces/include/hexapod_interfaces/hexapod_interfaces/msg/rosidl_typesupport_fastrtps_c__visibility_control.h
[2.869s] -- Up-to-date: /home/pi/hexapod/src/install/hexapod_interfaces/include/hexapod_interfaces/hexapod_interfaces/msg/detail
[2.870s] -- Up-to-date: /home/pi/hexapod/src/install/hexapod_interfaces/include/hexapod_interfaces/hexapod_interfaces/msg/detail/target_angles__rosidl_typesupport_fastrtps_c.h
[2.870s] -- Up-to-date: /home/pi/hexapod/src/install/hexapod_interfaces/lib/libhexapod_interfaces__rosidl_typesupport_fastrtps_c.so
[2.871s] -- Up-to-date: /home/pi/hexapod/src/install/hexapod_interfaces/include/hexapod_interfaces/hexapod_interfaces
[2.872s] -- Up-to-date: /home/pi/hexapod/src/install/hexapod_interfaces/include/hexapod_interfaces/hexapod_interfaces/msg
[2.872s] -- Up-to-date: /home/pi/hexapod/src/install/hexapod_interfaces/include/hexapod_interfaces/hexapod_interfaces/msg/detail
[2.874s] -- Up-to-date: /home/pi/hexapod/src/install/hexapod_interfaces/include/hexapod_interfaces/hexapod_interfaces/msg/detail/target_angles__type_support.c
[2.875s] -- Up-to-date: /home/pi/hexapod/src/install/hexapod_interfaces/include/hexapod_interfaces/hexapod_interfaces/msg/detail/target_angles__rosidl_typesupport_introspection_c.h
[2.876s] -- Up-to-date: /home/pi/hexapod/src/install/hexapod_interfaces/include/hexapod_interfaces/hexapod_interfaces/msg/rosidl_typesupport_introspection_c__visibility_control.h
[2.877s] -- Up-to-date: /home/pi/hexapod/src/install/hexapod_interfaces/lib/libhexapod_interfaces__rosidl_typesupport_introspection_c.so
[2.877s] -- Up-to-date: /home/pi/hexapod/src/install/hexapod_interfaces/lib/libhexapod_interfaces__rosidl_typesupport_c.so
[2.878s] -- Up-to-date: /home/pi/hexapod/src/install/hexapod_interfaces/include/hexapod_interfaces/hexapod_interfaces
[2.879s] -- Up-to-date: /home/pi/hexapod/src/install/hexapod_interfaces/include/hexapod_interfaces/hexapod_interfaces/msg
[2.880s] -- Up-to-date: /home/pi/hexapod/src/install/hexapod_interfaces/include/hexapod_interfaces/hexapod_interfaces/msg/detail
[2.880s] -- Up-to-date: /home/pi/hexapod/src/install/hexapod_interfaces/include/hexapod_interfaces/hexapod_interfaces/msg/detail/target_angles__traits.hpp
[2.881s] -- Up-to-date: /home/pi/hexapod/src/install/hexapod_interfaces/include/hexapod_interfaces/hexapod_interfaces/msg/detail/target_angles__struct.hpp
[2.882s] -- Up-to-date: /home/pi/hexapod/src/install/hexapod_interfaces/include/hexapod_interfaces/hexapod_interfaces/msg/detail/target_angles__builder.hpp
[2.882s] -- Up-to-date: /home/pi/hexapod/src/install/hexapod_interfaces/include/hexapod_interfaces/hexapod_interfaces/msg/target_angles.hpp
[2.883s] -- Up-to-date: /home/pi/hexapod/src/install/hexapod_interfaces/include/hexapod_interfaces/hexapod_interfaces
[2.884s] -- Up-to-date: /home/pi/hexapod/src/install/hexapod_interfaces/include/hexapod_interfaces/hexapod_interfaces/msg
[2.885s] -- Up-to-date: /home/pi/hexapod/src/install/hexapod_interfaces/include/hexapod_interfaces/hexapod_interfaces/msg/rosidl_typesupport_fastrtps_cpp__visibility_control.h
[2.886s] -- Up-to-date: /home/pi/hexapod/src/install/hexapod_interfaces/include/hexapod_interfaces/hexapod_interfaces/msg/detail
[2.887s] -- Up-to-date: /home/pi/hexapod/src/install/hexapod_interfaces/include/hexapod_interfaces/hexapod_interfaces/msg/detail/target_angles__rosidl_typesupport_fastrtps_cpp.hpp
[2.887s] -- Up-to-date: /home/pi/hexapod/src/install/hexapod_interfaces/include/hexapod_interfaces/hexapod_interfaces/msg/detail/dds_fastrtps
[2.888s] -- Up-to-date: /home/pi/hexapod/src/install/hexapod_interfaces/lib/libhexapod_interfaces__rosidl_typesupport_fastrtps_cpp.so
[2.888s] -- Up-to-date: /home/pi/hexapod/src/install/hexapod_interfaces/include/hexapod_interfaces/hexapod_interfaces
[2.889s] -- Up-to-date: /home/pi/hexapod/src/install/hexapod_interfaces/include/hexapod_interfaces/hexapod_interfaces/msg
[2.889s] -- Up-to-date: /home/pi/hexapod/src/install/hexapod_interfaces/include/hexapod_interfaces/hexapod_interfaces/msg/detail
[2.890s] -- Up-to-date: /home/pi/hexapod/src/install/hexapod_interfaces/include/hexapod_interfaces/hexapod_interfaces/msg/detail/target_angles__rosidl_typesupport_introspection_cpp.hpp
[2.891s] -- Up-to-date: /home/pi/hexapod/src/install/hexapod_interfaces/include/hexapod_interfaces/hexapod_interfaces/msg/detail/target_angles__type_support.cpp
[2.892s] -- Up-to-date: /home/pi/hexapod/src/install/hexapod_interfaces/lib/libhexapod_interfaces__rosidl_typesupport_introspection_cpp.so
[2.893s] -- Up-to-date: /home/pi/hexapod/src/install/hexapod_interfaces/lib/libhexapod_interfaces__rosidl_typesupport_cpp.so
[2.894s] -- Up-to-date: /home/pi/hexapod/src/install/hexapod_interfaces/share/hexapod_interfaces/environment/pythonpath.sh
[2.894s] -- Up-to-date: /home/pi/hexapod/src/install/hexapod_interfaces/share/hexapod_interfaces/environment/pythonpath.dsv
[2.895s] -- Up-to-date: /home/pi/hexapod/src/install/hexapod_interfaces/local/lib/python3.10/dist-packages/hexapod_interfaces-0.0.0-py3.10.egg-info
[2.896s] -- Installing: /home/pi/hexapod/src/install/hexapod_interfaces/local/lib/python3.10/dist-packages/hexapod_interfaces-0.0.0-py3.10.egg-info/top_level.txt
[2.896s] -- Installing: /home/pi/hexapod/src/install/hexapod_interfaces/local/lib/python3.10/dist-packages/hexapod_interfaces-0.0.0-py3.10.egg-info/dependency_links.txt
[2.898s] -- Installing: /home/pi/hexapod/src/install/hexapod_interfaces/local/lib/python3.10/dist-packages/hexapod_interfaces-0.0.0-py3.10.egg-info/PKG-INFO
[2.899s] -- Installing: /home/pi/hexapod/src/install/hexapod_interfaces/local/lib/python3.10/dist-packages/hexapod_interfaces-0.0.0-py3.10.egg-info/SOURCES.txt
[2.901s] -- Up-to-date: /home/pi/hexapod/src/install/hexapod_interfaces/local/lib/python3.10/dist-packages/hexapod_interfaces
[2.903s] -- Up-to-date: /home/pi/hexapod/src/install/hexapod_interfaces/local/lib/python3.10/dist-packages/hexapod_interfaces/_hexapod_interfaces_s.ep.rosidl_typesupport_fastrtps_c.c
[2.904s] -- Up-to-date: /home/pi/hexapod/src/install/hexapod_interfaces/local/lib/python3.10/dist-packages/hexapod_interfaces/libhexapod_interfaces__rosidl_generator_py.so
[2.905s] -- Up-to-date: /home/pi/hexapod/src/install/hexapod_interfaces/local/lib/python3.10/dist-packages/hexapod_interfaces/msg
[2.906s] -- Up-to-date: /home/pi/hexapod/src/install/hexapod_interfaces/local/lib/python3.10/dist-packages/hexapod_interfaces/msg/_target_angles_s.c
[2.907s] -- Up-to-date: /home/pi/hexapod/src/install/hexapod_interfaces/local/lib/python3.10/dist-packages/hexapod_interfaces/msg/_target_angles.py
[2.908s] -- Up-to-date: /home/pi/hexapod/src/install/hexapod_interfaces/local/lib/python3.10/dist-packages/hexapod_interfaces/msg/__init__.py
[2.909s] -- Up-to-date: /home/pi/hexapod/src/install/hexapod_interfaces/local/lib/python3.10/dist-packages/hexapod_interfaces/hexapod_interfaces_s__rosidl_typesupport_c.cpython-310-aarch64-linux-gnu.so
[2.909s] -- Up-to-date: /home/pi/hexapod/src/install/hexapod_interfaces/local/lib/python3.10/dist-packages/hexapod_interfaces/_hexapod_interfaces_s.ep.rosidl_typesupport_c.c
[2.909s] -- Up-to-date: /home/pi/hexapod/src/install/hexapod_interfaces/local/lib/python3.10/dist-packages/hexapod_interfaces/hexapod_interfaces_s__rosidl_typesupport_fastrtps_c.cpython-310-aarch64-linux-gnu.so
[2.910s] -- Up-to-date: /home/pi/hexapod/src/install/hexapod_interfaces/local/lib/python3.10/dist-packages/hexapod_interfaces/hexapod_interfaces_s__rosidl_typesupport_introspection_c.cpython-310-aarch64-linux-gnu.so
[2.911s] -- Up-to-date: /home/pi/hexapod/src/install/hexapod_interfaces/local/lib/python3.10/dist-packages/hexapod_interfaces/__init__.py
[2.911s] -- Up-to-date: /home/pi/hexapod/src/install/hexapod_interfaces/local/lib/python3.10/dist-packages/hexapod_interfaces/_hexapod_interfaces_s.ep.rosidl_typesupport_introspection_c.c
[3.093s] Listing '/home/pi/hexapod/src/install/hexapod_interfaces/local/lib/python3.10/dist-packages/hexapod_interfaces'...
[3.095s] Listing '/home/pi/hexapod/src/install/hexapod_interfaces/local/lib/python3.10/dist-packages/hexapod_interfaces/msg'...
[3.122s] -- Up-to-date: /home/pi/hexapod/src/install/hexapod_interfaces/local/lib/python3.10/dist-packages/hexapod_interfaces/hexapod_interfaces_s__rosidl_typesupport_fastrtps_c.cpython-310-aarch64-linux-gnu.so
[3.126s] -- Up-to-date: /home/pi/hexapod/src/install/hexapod_interfaces/local/lib/python3.10/dist-packages/hexapod_interfaces/hexapod_interfaces_s__rosidl_typesupport_introspection_c.cpython-310-aarch64-linux-gnu.so
[3.128s] -- Up-to-date: /home/pi/hexapod/src/install/hexapod_interfaces/local/lib/python3.10/dist-packages/hexapod_interfaces/hexapod_interfaces_s__rosidl_typesupport_c.cpython-310-aarch64-linux-gnu.so
[3.131s] -- Up-to-date: /home/pi/hexapod/src/install/hexapod_interfaces/lib/libhexapod_interfaces__rosidl_generator_py.so
[3.134s] -- Up-to-date: /home/pi/hexapod/src/install/hexapod_interfaces/share/hexapod_interfaces/msg/TargetAngles.idl
[3.135s] -- Up-to-date: /home/pi/hexapod/src/install/hexapod_interfaces/share/hexapod_interfaces/msg/TargetAngles.msg
[3.137s] -- Up-to-date: /home/pi/hexapod/src/install/hexapod_interfaces/share/ament_index/resource_index/package_run_dependencies/hexapod_interfaces
[3.139s] -- Up-to-date: /home/pi/hexapod/src/install/hexapod_interfaces/share/ament_index/resource_index/parent_prefix_path/hexapod_interfaces
[3.140s] -- Up-to-date: /home/pi/hexapod/src/install/hexapod_interfaces/share/hexapod_interfaces/environment/ament_prefix_path.sh
[3.141s] -- Up-to-date: /home/pi/hexapod/src/install/hexapod_interfaces/share/hexapod_interfaces/environment/ament_prefix_path.dsv
[3.142s] -- Up-to-date: /home/pi/hexapod/src/install/hexapod_interfaces/share/hexapod_interfaces/environment/path.sh
[3.156s] -- Up-to-date: /home/pi/hexapod/src/install/hexapod_interfaces/share/hexapod_interfaces/environment/path.dsv
[3.157s] -- Up-to-date: /home/pi/hexapod/src/install/hexapod_interfaces/share/hexapod_interfaces/local_setup.bash
[3.157s] -- Up-to-date: /home/pi/hexapod/src/install/hexapod_interfaces/share/hexapod_interfaces/local_setup.sh
[3.158s] -- Up-to-date: /home/pi/hexapod/src/install/hexapod_interfaces/share/hexapod_interfaces/local_setup.zsh
[3.159s] -- Up-to-date: /home/pi/hexapod/src/install/hexapod_interfaces/share/hexapod_interfaces/local_setup.dsv
[3.160s] -- Installing: /home/pi/hexapod/src/install/hexapod_interfaces/share/hexapod_interfaces/package.dsv
[3.160s] -- Up-to-date: /home/pi/hexapod/src/install/hexapod_interfaces/share/ament_index/resource_index/packages/hexapod_interfaces
[3.161s] -- Up-to-date: /home/pi/hexapod/src/install/hexapod_interfaces/share/hexapod_interfaces/cmake/export_hexapod_interfaces__rosidl_generator_cExport.cmake
[3.162s] -- Up-to-date: /home/pi/hexapod/src/install/hexapod_interfaces/share/hexapod_interfaces/cmake/export_hexapod_interfaces__rosidl_generator_cExport-noconfig.cmake
[3.167s] -- Up-to-date: /home/pi/hexapod/src/install/hexapod_interfaces/share/hexapod_interfaces/cmake/export_hexapod_interfaces__rosidl_typesupport_fastrtps_cExport.cmake
[3.168s] -- Up-to-date: /home/pi/hexapod/src/install/hexapod_interfaces/share/hexapod_interfaces/cmake/export_hexapod_interfaces__rosidl_typesupport_fastrtps_cExport-noconfig.cmake
[3.170s] -- Up-to-date: /home/pi/hexapod/src/install/hexapod_interfaces/share/hexapod_interfaces/cmake/hexapod_interfaces__rosidl_typesupport_introspection_cExport.cmake
[3.187s] -- Up-to-date: /home/pi/hexapod/src/install/hexapod_interfaces/share/hexapod_interfaces/cmake/hexapod_interfaces__rosidl_typesupport_introspection_cExport-noconfig.cmake
[3.188s] -- Up-to-date: /home/pi/hexapod/src/install/hexapod_interfaces/share/hexapod_interfaces/cmake/hexapod_interfaces__rosidl_typesupport_cExport.cmake
[3.189s] -- Up-to-date: /home/pi/hexapod/src/install/hexapod_interfaces/share/hexapod_interfaces/cmake/hexapod_interfaces__rosidl_typesupport_cExport-noconfig.cmake
[3.190s] -- Up-to-date: /home/pi/hexapod/src/install/hexapod_interfaces/share/hexapod_interfaces/cmake/export_hexapod_interfaces__rosidl_generator_cppExport.cmake
[3.192s] -- Up-to-date: /home/pi/hexapod/src/install/hexapod_interfaces/share/hexapod_interfaces/cmake/export_hexapod_interfaces__rosidl_typesupport_fastrtps_cppExport.cmake
[3.193s] -- Up-to-date: /home/pi/hexapod/src/install/hexapod_interfaces/share/hexapod_interfaces/cmake/export_hexapod_interfaces__rosidl_typesupport_fastrtps_cppExport-noconfig.cmake
[3.194s] -- Up-to-date: /home/pi/hexapod/src/install/hexapod_interfaces/share/hexapod_interfaces/cmake/hexapod_interfaces__rosidl_typesupport_introspection_cppExport.cmake
[3.195s] -- Up-to-date: /home/pi/hexapod/src/install/hexapod_interfaces/share/hexapod_interfaces/cmake/hexapod_interfaces__rosidl_typesupport_introspection_cppExport-noconfig.cmake
[3.198s] -- Up-to-date: /home/pi/hexapod/src/install/hexapod_interfaces/share/hexapod_interfaces/cmake/hexapod_interfaces__rosidl_typesupport_cppExport.cmake
[3.199s] -- Up-to-date: /home/pi/hexapod/src/install/hexapod_interfaces/share/hexapod_interfaces/cmake/hexapod_interfaces__rosidl_typesupport_cppExport-noconfig.cmake
[3.200s] -- Up-to-date: /home/pi/hexapod/src/install/hexapod_interfaces/share/hexapod_interfaces/cmake/export_hexapod_interfaces__rosidl_generator_pyExport.cmake
[3.200s] -- Up-to-date: /home/pi/hexapod/src/install/hexapod_interfaces/share/hexapod_interfaces/cmake/export_hexapod_interfaces__rosidl_generator_pyExport-noconfig.cmake
[3.203s] -- Up-to-date: /home/pi/hexapod/src/install/hexapod_interfaces/share/hexapod_interfaces/cmake/rosidl_cmake-extras.cmake
[3.203s] -- Up-to-date: /home/pi/hexapod/src/install/hexapod_interfaces/share/hexapod_interfaces/cmake/ament_cmake_export_include_directories-extras.cmake
[3.208s] -- Up-to-date: /home/pi/hexapod/src/install/hexapod_interfaces/share/hexapod_interfaces/cmake/ament_cmake_export_libraries-extras.cmake
[3.208s] -- Up-to-date: /home/pi/hexapod/src/install/hexapod_interfaces/share/hexapod_interfaces/cmake/ament_cmake_export_targets-extras.cmake
[3.209s] -- Up-to-date: /home/pi/hexapod/src/install/hexapod_interfaces/share/hexapod_interfaces/cmake/rosidl_cmake_export_typesupport_targets-extras.cmake
[3.210s] -- Up-to-date: /home/pi/hexapod/src/install/hexapod_interfaces/share/hexapod_interfaces/cmake/ament_cmake_export_dependencies-extras.cmake
[3.211s] -- Up-to-date: /home/pi/hexapod/src/install/hexapod_interfaces/share/hexapod_interfaces/cmake/rosidl_cmake_export_typesupport_libraries-extras.cmake
[3.212s] -- Up-to-date: /home/pi/hexapod/src/install/hexapod_interfaces/share/hexapod_interfaces/cmake/hexapod_interfacesConfig.cmake
[3.215s] -- Up-to-date: /home/pi/hexapod/src/install/hexapod_interfaces/share/hexapod_interfaces/cmake/hexapod_interfacesConfig-version.cmake
[3.216s] -- Up-to-date: /home/pi/hexapod/src/install/hexapod_interfaces/share/hexapod_interfaces/package.xml
[3.220s] Invoked command in '/home/pi/hexapod/src/build/hexapod_interfaces' returned '0': CMAKE_PREFIX_PATH=${CMAKE_PREFIX_PATH}:/home/pi/hexapod/install/leg_controller:/opt/ros/humble /usr/bin/cmake --install /home/pi/hexapod/src/build/hexapod_interfaces
