[0.073s] Invoking command in '/home/pi/hexapod/src/build/hexapod_interfaces': CMAKE_PREFIX_PATH=${CMAKE_PREFIX_PATH}:/home/pi/hexapod/install/leg_controller:/opt/ros/humble /usr/bin/cmake --build /home/pi/hexapod/src/build/hexapod_interfaces -- -j4 -l4
[0.196s] -- Found ament_cmake: 1.3.3 (/opt/ros/humble/share/ament_cmake/cmake)
[1.055s] [31mCMake Error at CMakeLists.txt:12 (find_package):
[1.056s]   By not providing "Find<dependency>.cmake" in CMAKE_MODULE_PATH this project
[1.056s]   has asked CMake to find a package configuration file provided by
[1.057s]   "<dependency>", but CMake did not find one.
[1.057s] 
[1.058s]   Could not find a package configuration file provided by "<dependency>" with
[1.059s]   any of the following names:
[1.060s] 
[1.060s]     <dependency>Config.cmake
[1.061s]     <dependency>-config.cmake
[1.062s] 
[1.062s]   Add the installation prefix of "<dependency>" to CMAKE_PREFIX_PATH or set
[1.063s]   "<dependency>_DIR" to a directory containing one of the above files.  If
[1.063s]   "<dependency>" provides a separate development package or SDK, be sure it
[1.064s]   has been installed.
[1.065s] 
[1.065s] [0m
[1.066s] -- Configuring incomplete, errors occurred!
[1.067s] See also "/home/pi/hexapod/src/build/hexapod_interfaces/CMakeFiles/CMakeOutput.log".
[1.067s] gmake: *** [Makefile:747: cmake_check_build_system] Error 1
[1.074s] Invoked command in '/home/pi/hexapod/src/build/hexapod_interfaces' returned '2': CMAKE_PREFIX_PATH=${CMAKE_PREFIX_PATH}:/home/pi/hexapod/install/leg_controller:/opt/ros/humble /usr/bin/cmake --build /home/pi/hexapod/src/build/hexapod_interfaces -- -j4 -l4
