[3.145s] Invoking command in '/home/pi/hexapod/src/leg_controller': PYTHONPATH=/home/pi/hexapod/build/leg_controller/prefix_override:/home/pi/hexapod/install/leg_controller/lib/python3.10/site-packages:${PYTHONPATH} /usr/bin/python3 setup.py egg_info --egg-base ../../build/leg_controller build --build-base /home/pi/hexapod/build/leg_controller/build install --record /home/pi/hexapod/build/leg_controller/install.log --single-version-externally-managed
[4.352s] running egg_info
[4.355s] writing ../../build/leg_controller/leg_controller.egg-info/PKG-INFO
[4.356s] writing dependency_links to ../../build/leg_controller/leg_controller.egg-info/dependency_links.txt
[4.357s] writing entry points to ../../build/leg_controller/leg_controller.egg-info/entry_points.txt
[4.358s] writing requirements to ../../build/leg_controller/leg_controller.egg-info/requires.txt
[4.358s] writing top-level names to ../../build/leg_controller/leg_controller.egg-info/top_level.txt
[4.369s] reading manifest file '../../build/leg_controller/leg_controller.egg-info/SOURCES.txt'
[4.373s] writing manifest file '../../build/leg_controller/leg_controller.egg-info/SOURCES.txt'
[4.374s] running build
[4.375s] running build_py
[4.375s] copying leg_controller/servoController.py -> /home/pi/hexapod/build/leg_controller/build/lib/leg_controller
[4.378s] running install
[4.379s] running install_lib
[4.383s] copying /home/pi/hexapod/build/leg_controller/build/lib/leg_controller/servoController.py -> /home/pi/hexapod/install/leg_controller/lib/python3.10/site-packages/leg_controller
[4.387s] byte-compiling /home/pi/hexapod/install/leg_controller/lib/python3.10/site-packages/leg_controller/servoController.py to servoController.cpython-310.pyc
[4.391s] running install_data
[4.393s] running install_egg_info
[4.400s] removing '/home/pi/hexapod/install/leg_controller/lib/python3.10/site-packages/leg_controller-0.0.0-py3.10.egg-info' (and everything under it)
[4.402s] Copying ../../build/leg_controller/leg_controller.egg-info to /home/pi/hexapod/install/leg_controller/lib/python3.10/site-packages/leg_controller-0.0.0-py3.10.egg-info
[4.408s] running install_scripts
[4.492s] Installing kin_node script to /home/pi/hexapod/install/leg_controller/lib/leg_controller
[4.492s] Installing servo_node script to /home/pi/hexapod/install/leg_controller/lib/leg_controller
[4.495s] writing list of installed files to '/home/pi/hexapod/build/leg_controller/install.log'
[4.633s] Invoked command in '/home/pi/hexapod/src/leg_controller' returned '0': PYTHONPATH=/home/pi/hexapod/build/leg_controller/prefix_override:/home/pi/hexapod/install/leg_controller/lib/python3.10/site-packages:${PYTHONPATH} /usr/bin/python3 setup.py egg_info --egg-base ../../build/leg_controller build --build-base /home/pi/hexapod/build/leg_controller/build install --record /home/pi/hexapod/build/leg_controller/install.log --single-version-externally-managed
