[3.144s] Invoking command in '/home/pi/hexapod/src/leg_controller': PYTHONPATH=/home/pi/hexapod/build/leg_controller/prefix_override:/home/pi/hexapod/install/leg_controller/lib/python3.10/site-packages:${PYTHONPATH} /usr/bin/python3 setup.py egg_info --egg-base ../../build/leg_controller build --build-base /home/pi/hexapod/build/leg_controller/build install --record /home/pi/hexapod/build/leg_controller/install.log --single-version-externally-managed
[4.336s] running egg_info
[4.339s] writing ../../build/leg_controller/leg_controller.egg-info/PKG-INFO
[4.340s] writing dependency_links to ../../build/leg_controller/leg_controller.egg-info/dependency_links.txt
[4.341s] writing entry points to ../../build/leg_controller/leg_controller.egg-info/entry_points.txt
[4.342s] writing requirements to ../../build/leg_controller/leg_controller.egg-info/requires.txt
[4.343s] writing top-level names to ../../build/leg_controller/leg_controller.egg-info/top_level.txt
[4.353s] reading manifest file '../../build/leg_controller/leg_controller.egg-info/SOURCES.txt'
[4.358s] writing manifest file '../../build/leg_controller/leg_controller.egg-info/SOURCES.txt'
[4.359s] running build
[4.359s] running build_py
[4.361s] copying leg_controller/pointToAngle.py -> /home/pi/hexapod/build/leg_controller/build/lib/leg_controller
[4.363s] running install
[4.364s] running install_lib
[4.369s] copying /home/pi/hexapod/build/leg_controller/build/lib/leg_controller/pointToAngle.py -> /home/pi/hexapod/install/leg_controller/lib/python3.10/site-packages/leg_controller
[4.372s] byte-compiling /home/pi/hexapod/install/leg_controller/lib/python3.10/site-packages/leg_controller/pointToAngle.py to pointToAngle.cpython-310.pyc
[4.377s] running install_data
[4.379s] running install_egg_info
[4.386s] removing '/home/pi/hexapod/install/leg_controller/lib/python3.10/site-packages/leg_controller-0.0.0-py3.10.egg-info' (and everything under it)
[4.388s] Copying ../../build/leg_controller/leg_controller.egg-info to /home/pi/hexapod/install/leg_controller/lib/python3.10/site-packages/leg_controller-0.0.0-py3.10.egg-info
[4.395s] running install_scripts
[4.477s] Installing kin_node script to /home/pi/hexapod/install/leg_controller/lib/leg_controller
[4.478s] Installing servo_node script to /home/pi/hexapod/install/leg_controller/lib/leg_controller
[4.480s] writing list of installed files to '/home/pi/hexapod/build/leg_controller/install.log'
[4.619s] Invoked command in '/home/pi/hexapod/src/leg_controller' returned '0': PYTHONPATH=/home/pi/hexapod/build/leg_controller/prefix_override:/home/pi/hexapod/install/leg_controller/lib/python3.10/site-packages:${PYTHONPATH} /usr/bin/python3 setup.py egg_info --egg-base ../../build/leg_controller build --build-base /home/pi/hexapod/build/leg_controller/build install --record /home/pi/hexapod/build/leg_controller/install.log --single-version-externally-managed
