[0.069s] Invoking command in '/home/pi/hexapod/src/build/hexapod_interfaces': CMAKE_PREFIX_PATH=/home/pi/hexapod/install/leg_controller:/opt/ros/humble /usr/bin/cmake --build /home/pi/hexapod/src/build/hexapod_interfaces -- -j4 -l4
[0.247s] [35m[1mConsolidate compiler generated dependencies of target hexapod_interfaces__rosidl_generator_c[0m
[0.295s] [  3%] Built target hexapod_interfaces__cpp
[0.315s] [ 12%] Built target hexapod_interfaces__rosidl_generator_c
[0.349s] [35m[1mConsolidate compiler generated dependencies of target hexapod_interfaces__rosidl_typesupport_cpp[0m
[0.361s] [ 12%] Built target ament_cmake_python_copy_hexapod_interfaces
[0.366s] [35m[1mConsolidate compiler generated dependencies of target hexapod_interfaces__rosidl_typesupport_fastrtps_cpp[0m
[0.387s] [35m[1mConsolidate compiler generated dependencies of target hexapod_interfaces__rosidl_typesupport_introspection_cpp[0m
[0.414s] [35m[1mConsolidate compiler generated dependencies of target hexapod_interfaces__rosidl_typesupport_fastrtps_c[0m
[0.431s] [ 22%] Built target hexapod_interfaces__rosidl_typesupport_cpp
[0.453s] [ 32%] Built target hexapod_interfaces__rosidl_typesupport_fastrtps_cpp
[0.461s] [ 41%] Built target hexapod_interfaces__rosidl_typesupport_introspection_cpp
[0.508s] [35m[1mConsolidate compiler generated dependencies of target hexapod_interfaces__rosidl_typesupport_c[0m
[0.509s] [35m[1mConsolidate compiler generated dependencies of target hexapod_interfaces__rosidl_typesupport_introspection_c[0m
[0.567s] [ 51%] Built target hexapod_interfaces__rosidl_typesupport_fastrtps_c
[0.572s] [ 61%] Built target hexapod_interfaces__rosidl_typesupport_c
[0.576s] [ 70%] Built target hexapod_interfaces__rosidl_typesupport_introspection_c
[0.664s] [ 70%] Built target hexapod_interfaces
[0.779s] [ 74%] Built target hexapod_interfaces__py
[0.847s] [35m[1mConsolidate compiler generated dependencies of target hexapod_interfaces__rosidl_generator_py[0m
[0.915s] [ 80%] Built target hexapod_interfaces__rosidl_generator_py
[0.965s] [35m[1mConsolidate compiler generated dependencies of target hexapod_interfaces__rosidl_typesupport_fastrtps_c__pyext[0m
[0.982s] [35m[1mConsolidate compiler generated dependencies of target hexapod_interfaces__rosidl_typesupport_c__pyext[0m
[0.994s] [35m[1mConsolidate compiler generated dependencies of target hexapod_interfaces__rosidl_typesupport_introspection_c__pyext[0m
[1.049s] [ 87%] Built target hexapod_interfaces__rosidl_typesupport_fastrtps_c__pyext
[1.087s] [ 93%] Built target hexapod_interfaces__rosidl_typesupport_introspection_c__pyext
[1.101s] [100%] Built target hexapod_interfaces__rosidl_typesupport_c__pyext
[1.854s] running egg_info
[1.857s] writing hexapod_interfaces.egg-info/PKG-INFO
[1.858s] writing dependency_links to hexapod_interfaces.egg-info/dependency_links.txt
[1.859s] writing top-level names to hexapod_interfaces.egg-info/top_level.txt
[1.869s] reading manifest file 'hexapod_interfaces.egg-info/SOURCES.txt'
[1.872s] writing manifest file 'hexapod_interfaces.egg-info/SOURCES.txt'
[2.000s] [100%] Built target ament_cmake_python_build_hexapod_interfaces_egg
[2.046s] Invoked command in '/home/pi/hexapod/src/build/hexapod_interfaces' returned '0': CMAKE_PREFIX_PATH=/home/pi/hexapod/install/leg_controller:/opt/ros/humble /usr/bin/cmake --build /home/pi/hexapod/src/build/hexapod_interfaces -- -j4 -l4
[2.478s] Invoking command in '/home/pi/hexapod/src/build/hexapod_interfaces': CMAKE_PREFIX_PATH=/home/pi/hexapod/install/leg_controller:/opt/ros/humble /usr/bin/cmake --install /home/pi/hexapod/src/build/hexapod_interfaces
[2.508s] -- Install configuration: ""
[2.509s] -- Up-to-date: /home/pi/hexapod/src/install/hexapod_interfaces/share/ament_index/resource_index/rosidl_interfaces/hexapod_interfaces
[2.510s] -- Up-to-date: /home/pi/hexapod/src/install/hexapod_interfaces/include/hexapod_interfaces/hexapod_interfaces
[2.510s] -- Up-to-date: /home/pi/hexapod/src/install/hexapod_interfaces/include/hexapod_interfaces/hexapod_interfaces/msg
[2.511s] -- Up-to-date: /home/pi/hexapod/src/install/hexapod_interfaces/include/hexapod_interfaces/hexapod_interfaces/msg/target_angles.h
[2.511s] -- Up-to-date: /home/pi/hexapod/src/install/hexapod_interfaces/include/hexapod_interfaces/hexapod_interfaces/msg/rosidl_generator_c__visibility_control.h
[2.512s] -- Up-to-date: /home/pi/hexapod/src/install/hexapod_interfaces/include/hexapod_interfaces/hexapod_interfaces/msg/detail
[2.512s] -- Up-to-date: /home/pi/hexapod/src/install/hexapod_interfaces/include/hexapod_interfaces/hexapod_interfaces/msg/detail/target_angles__type_support.h
[2.513s] -- Up-to-date: /home/pi/hexapod/src/install/hexapod_interfaces/include/hexapod_interfaces/hexapod_interfaces/msg/detail/target_angles__functions.h
[2.513s] -- Up-to-date: /home/pi/hexapod/src/install/hexapod_interfaces/include/hexapod_interfaces/hexapod_interfaces/msg/detail/target_angles__functions.c
[2.514s] -- Up-to-date: /home/pi/hexapod/src/install/hexapod_interfaces/include/hexapod_interfaces/hexapod_interfaces/msg/detail/target_angles__struct.h
[2.514s] -- Up-to-date: /home/pi/hexapod/src/install/hexapod_interfaces/share/hexapod_interfaces/environment/library_path.sh
[2.515s] -- Up-to-date: /home/pi/hexapod/src/install/hexapod_interfaces/share/hexapod_interfaces/environment/library_path.dsv
[2.518s] -- Up-to-date: /home/pi/hexapod/src/install/hexapod_interfaces/lib/libhexapod_interfaces__rosidl_generator_c.so
[2.519s] -- Up-to-date: /home/pi/hexapod/src/install/hexapod_interfaces/include/hexapod_interfaces/hexapod_interfaces
[2.519s] -- Up-to-date: /home/pi/hexapod/src/install/hexapod_interfaces/include/hexapod_interfaces/hexapod_interfaces/msg
[2.520s] -- Up-to-date: /home/pi/hexapod/src/install/hexapod_interfaces/include/hexapod_interfaces/hexapod_interfaces/msg/rosidl_typesupport_fastrtps_c__visibility_control.h
[2.520s] -- Up-to-date: /home/pi/hexapod/src/install/hexapod_interfaces/include/hexapod_interfaces/hexapod_interfaces/msg/detail
[2.521s] -- Up-to-date: /home/pi/hexapod/src/install/hexapod_interfaces/include/hexapod_interfaces/hexapod_interfaces/msg/detail/target_angles__rosidl_typesupport_fastrtps_c.h
[2.522s] -- Up-to-date: /home/pi/hexapod/src/install/hexapod_interfaces/lib/libhexapod_interfaces__rosidl_typesupport_fastrtps_c.so
[2.523s] -- Up-to-date: /home/pi/hexapod/src/install/hexapod_interfaces/include/hexapod_interfaces/hexapod_interfaces
[2.523s] -- Up-to-date: /home/pi/hexapod/src/install/hexapod_interfaces/include/hexapod_interfaces/hexapod_interfaces/msg
[2.524s] -- Up-to-date: /home/pi/hexapod/src/install/hexapod_interfaces/include/hexapod_interfaces/hexapod_interfaces/msg/detail
[2.524s] -- Up-to-date: /home/pi/hexapod/src/install/hexapod_interfaces/include/hexapod_interfaces/hexapod_interfaces/msg/detail/target_angles__type_support.c
[2.525s] -- Up-to-date: /home/pi/hexapod/src/install/hexapod_interfaces/include/hexapod_interfaces/hexapod_interfaces/msg/detail/target_angles__rosidl_typesupport_introspection_c.h
[2.525s] -- Up-to-date: /home/pi/hexapod/src/install/hexapod_interfaces/include/hexapod_interfaces/hexapod_interfaces/msg/rosidl_typesupport_introspection_c__visibility_control.h
[2.526s] -- Up-to-date: /home/pi/hexapod/src/install/hexapod_interfaces/lib/libhexapod_interfaces__rosidl_typesupport_introspection_c.so
[2.528s] -- Up-to-date: /home/pi/hexapod/src/install/hexapod_interfaces/lib/libhexapod_interfaces__rosidl_typesupport_c.so
[2.530s] -- Up-to-date: /home/pi/hexapod/src/install/hexapod_interfaces/include/hexapod_interfaces/hexapod_interfaces
[2.530s] -- Up-to-date: /home/pi/hexapod/src/install/hexapod_interfaces/include/hexapod_interfaces/hexapod_interfaces/msg
[2.531s] -- Up-to-date: /home/pi/hexapod/src/install/hexapod_interfaces/include/hexapod_interfaces/hexapod_interfaces/msg/detail
[2.531s] -- Up-to-date: /home/pi/hexapod/src/install/hexapod_interfaces/include/hexapod_interfaces/hexapod_interfaces/msg/detail/target_angles__traits.hpp
[2.532s] -- Up-to-date: /home/pi/hexapod/src/install/hexapod_interfaces/include/hexapod_interfaces/hexapod_interfaces/msg/detail/target_angles__struct.hpp
[2.532s] -- Up-to-date: /home/pi/hexapod/src/install/hexapod_interfaces/include/hexapod_interfaces/hexapod_interfaces/msg/detail/target_angles__builder.hpp
[2.533s] -- Up-to-date: /home/pi/hexapod/src/install/hexapod_interfaces/include/hexapod_interfaces/hexapod_interfaces/msg/target_angles.hpp
[2.533s] -- Up-to-date: /home/pi/hexapod/src/install/hexapod_interfaces/include/hexapod_interfaces/hexapod_interfaces
[2.534s] -- Up-to-date: /home/pi/hexapod/src/install/hexapod_interfaces/include/hexapod_interfaces/hexapod_interfaces/msg
[2.534s] -- Up-to-date: /home/pi/hexapod/src/install/hexapod_interfaces/include/hexapod_interfaces/hexapod_interfaces/msg/rosidl_typesupport_fastrtps_cpp__visibility_control.h
[2.535s] -- Up-to-date: /home/pi/hexapod/src/install/hexapod_interfaces/include/hexapod_interfaces/hexapod_interfaces/msg/detail
[2.535s] -- Up-to-date: /home/pi/hexapod/src/install/hexapod_interfaces/include/hexapod_interfaces/hexapod_interfaces/msg/detail/target_angles__rosidl_typesupport_fastrtps_cpp.hpp
[2.535s] -- Up-to-date: /home/pi/hexapod/src/install/hexapod_interfaces/include/hexapod_interfaces/hexapod_interfaces/msg/detail/dds_fastrtps
[2.536s] -- Up-to-date: /home/pi/hexapod/src/install/hexapod_interfaces/lib/libhexapod_interfaces__rosidl_typesupport_fastrtps_cpp.so
[2.538s] -- Up-to-date: /home/pi/hexapod/src/install/hexapod_interfaces/include/hexapod_interfaces/hexapod_interfaces
[2.538s] -- Up-to-date: /home/pi/hexapod/src/install/hexapod_interfaces/include/hexapod_interfaces/hexapod_interfaces/msg
[2.539s] -- Up-to-date: /home/pi/hexapod/src/install/hexapod_interfaces/include/hexapod_interfaces/hexapod_interfaces/msg/detail
[2.539s] -- Up-to-date: /home/pi/hexapod/src/install/hexapod_interfaces/include/hexapod_interfaces/hexapod_interfaces/msg/detail/target_angles__rosidl_typesupport_introspection_cpp.hpp
[2.540s] -- Up-to-date: /home/pi/hexapod/src/install/hexapod_interfaces/include/hexapod_interfaces/hexapod_interfaces/msg/detail/target_angles__type_support.cpp
[2.541s] -- Up-to-date: /home/pi/hexapod/src/install/hexapod_interfaces/lib/libhexapod_interfaces__rosidl_typesupport_introspection_cpp.so
[2.543s] -- Up-to-date: /home/pi/hexapod/src/install/hexapod_interfaces/lib/libhexapod_interfaces__rosidl_typesupport_cpp.so
[2.545s] -- Up-to-date: /home/pi/hexapod/src/install/hexapod_interfaces/share/hexapod_interfaces/environment/pythonpath.sh
[2.545s] -- Up-to-date: /home/pi/hexapod/src/install/hexapod_interfaces/share/hexapod_interfaces/environment/pythonpath.dsv
[2.546s] -- Up-to-date: /home/pi/hexapod/src/install/hexapod_interfaces/local/lib/python3.10/dist-packages/hexapod_interfaces-0.0.0-py3.10.egg-info
[2.546s] -- Installing: /home/pi/hexapod/src/install/hexapod_interfaces/local/lib/python3.10/dist-packages/hexapod_interfaces-0.0.0-py3.10.egg-info/top_level.txt
[2.548s] -- Installing: /home/pi/hexapod/src/install/hexapod_interfaces/local/lib/python3.10/dist-packages/hexapod_interfaces-0.0.0-py3.10.egg-info/dependency_links.txt
[2.549s] -- Installing: /home/pi/hexapod/src/install/hexapod_interfaces/local/lib/python3.10/dist-packages/hexapod_interfaces-0.0.0-py3.10.egg-info/PKG-INFO
[2.551s] -- Installing: /home/pi/hexapod/src/install/hexapod_interfaces/local/lib/python3.10/dist-packages/hexapod_interfaces-0.0.0-py3.10.egg-info/SOURCES.txt
[2.552s] -- Up-to-date: /home/pi/hexapod/src/install/hexapod_interfaces/local/lib/python3.10/dist-packages/hexapod_interfaces
[2.553s] -- Up-to-date: /home/pi/hexapod/src/install/hexapod_interfaces/local/lib/python3.10/dist-packages/hexapod_interfaces/_hexapod_interfaces_s.ep.rosidl_typesupport_fastrtps_c.c
[2.553s] -- Up-to-date: /home/pi/hexapod/src/install/hexapod_interfaces/local/lib/python3.10/dist-packages/hexapod_interfaces/libhexapod_interfaces__rosidl_generator_py.so
[2.554s] -- Up-to-date: /home/pi/hexapod/src/install/hexapod_interfaces/local/lib/python3.10/dist-packages/hexapod_interfaces/msg
[2.554s] -- Up-to-date: /home/pi/hexapod/src/install/hexapod_interfaces/local/lib/python3.10/dist-packages/hexapod_interfaces/msg/_target_angles_s.c
[2.555s] -- Up-to-date: /home/pi/hexapod/src/install/hexapod_interfaces/local/lib/python3.10/dist-packages/hexapod_interfaces/msg/_target_angles.py
[2.555s] -- Up-to-date: /home/pi/hexapod/src/install/hexapod_interfaces/local/lib/python3.10/dist-packages/hexapod_interfaces/msg/__init__.py
[2.556s] -- Up-to-date: /home/pi/hexapod/src/install/hexapod_interfaces/local/lib/python3.10/dist-packages/hexapod_interfaces/hexapod_interfaces_s__rosidl_typesupport_c.cpython-310-aarch64-linux-gnu.so
[2.556s] -- Up-to-date: /home/pi/hexapod/src/install/hexapod_interfaces/local/lib/python3.10/dist-packages/hexapod_interfaces/_hexapod_interfaces_s.ep.rosidl_typesupport_c.c
[2.557s] -- Up-to-date: /home/pi/hexapod/src/install/hexapod_interfaces/local/lib/python3.10/dist-packages/hexapod_interfaces/hexapod_interfaces_s__rosidl_typesupport_fastrtps_c.cpython-310-aarch64-linux-gnu.so
[2.557s] -- Up-to-date: /home/pi/hexapod/src/install/hexapod_interfaces/local/lib/python3.10/dist-packages/hexapod_interfaces/hexapod_interfaces_s__rosidl_typesupport_introspection_c.cpython-310-aarch64-linux-gnu.so
[2.558s] -- Up-to-date: /home/pi/hexapod/src/install/hexapod_interfaces/local/lib/python3.10/dist-packages/hexapod_interfaces/__init__.py
[2.559s] -- Up-to-date: /home/pi/hexapod/src/install/hexapod_interfaces/local/lib/python3.10/dist-packages/hexapod_interfaces/_hexapod_interfaces_s.ep.rosidl_typesupport_introspection_c.c
[2.714s] Listing '/home/pi/hexapod/src/install/hexapod_interfaces/local/lib/python3.10/dist-packages/hexapod_interfaces'...
[2.715s] Listing '/home/pi/hexapod/src/install/hexapod_interfaces/local/lib/python3.10/dist-packages/hexapod_interfaces/msg'...
[2.740s] -- Up-to-date: /home/pi/hexapod/src/install/hexapod_interfaces/local/lib/python3.10/dist-packages/hexapod_interfaces/hexapod_interfaces_s__rosidl_typesupport_fastrtps_c.cpython-310-aarch64-linux-gnu.so
[2.743s] -- Up-to-date: /home/pi/hexapod/src/install/hexapod_interfaces/local/lib/python3.10/dist-packages/hexapod_interfaces/hexapod_interfaces_s__rosidl_typesupport_introspection_c.cpython-310-aarch64-linux-gnu.so
[2.745s] -- Up-to-date: /home/pi/hexapod/src/install/hexapod_interfaces/local/lib/python3.10/dist-packages/hexapod_interfaces/hexapod_interfaces_s__rosidl_typesupport_c.cpython-310-aarch64-linux-gnu.so
[2.748s] -- Up-to-date: /home/pi/hexapod/src/install/hexapod_interfaces/lib/libhexapod_interfaces__rosidl_generator_py.so
[2.749s] -- Up-to-date: /home/pi/hexapod/src/install/hexapod_interfaces/share/hexapod_interfaces/msg/TargetAngles.idl
[2.750s] -- Up-to-date: /home/pi/hexapod/src/install/hexapod_interfaces/share/hexapod_interfaces/msg/TargetAngles.msg
[2.751s] -- Up-to-date: /home/pi/hexapod/src/install/hexapod_interfaces/share/ament_index/resource_index/package_run_dependencies/hexapod_interfaces
[2.751s] -- Up-to-date: /home/pi/hexapod/src/install/hexapod_interfaces/share/ament_index/resource_index/parent_prefix_path/hexapod_interfaces
[2.752s] -- Up-to-date: /home/pi/hexapod/src/install/hexapod_interfaces/share/hexapod_interfaces/environment/ament_prefix_path.sh
[2.752s] -- Up-to-date: /home/pi/hexapod/src/install/hexapod_interfaces/share/hexapod_interfaces/environment/ament_prefix_path.dsv
[2.753s] -- Up-to-date: /home/pi/hexapod/src/install/hexapod_interfaces/share/hexapod_interfaces/environment/path.sh
[2.754s] -- Up-to-date: /home/pi/hexapod/src/install/hexapod_interfaces/share/hexapod_interfaces/environment/path.dsv
[2.754s] -- Up-to-date: /home/pi/hexapod/src/install/hexapod_interfaces/share/hexapod_interfaces/local_setup.bash
[2.755s] -- Up-to-date: /home/pi/hexapod/src/install/hexapod_interfaces/share/hexapod_interfaces/local_setup.sh
[2.755s] -- Up-to-date: /home/pi/hexapod/src/install/hexapod_interfaces/share/hexapod_interfaces/local_setup.zsh
[2.755s] -- Up-to-date: /home/pi/hexapod/src/install/hexapod_interfaces/share/hexapod_interfaces/local_setup.dsv
[2.756s] -- Installing: /home/pi/hexapod/src/install/hexapod_interfaces/share/hexapod_interfaces/package.dsv
[2.757s] -- Up-to-date: /home/pi/hexapod/src/install/hexapod_interfaces/share/ament_index/resource_index/packages/hexapod_interfaces
[2.758s] -- Up-to-date: /home/pi/hexapod/src/install/hexapod_interfaces/share/hexapod_interfaces/cmake/export_hexapod_interfaces__rosidl_generator_cExport.cmake
[2.759s] -- Up-to-date: /home/pi/hexapod/src/install/hexapod_interfaces/share/hexapod_interfaces/cmake/export_hexapod_interfaces__rosidl_generator_cExport-noconfig.cmake
[2.760s] -- Up-to-date: /home/pi/hexapod/src/install/hexapod_interfaces/share/hexapod_interfaces/cmake/export_hexapod_interfaces__rosidl_typesupport_fastrtps_cExport.cmake
[2.761s] -- Up-to-date: /home/pi/hexapod/src/install/hexapod_interfaces/share/hexapod_interfaces/cmake/export_hexapod_interfaces__rosidl_typesupport_fastrtps_cExport-noconfig.cmake
[2.762s] -- Up-to-date: /home/pi/hexapod/src/install/hexapod_interfaces/share/hexapod_interfaces/cmake/hexapod_interfaces__rosidl_typesupport_introspection_cExport.cmake
[2.762s] -- Up-to-date: /home/pi/hexapod/src/install/hexapod_interfaces/share/hexapod_interfaces/cmake/hexapod_interfaces__rosidl_typesupport_introspection_cExport-noconfig.cmake
[2.763s] -- Up-to-date: /home/pi/hexapod/src/install/hexapod_interfaces/share/hexapod_interfaces/cmake/hexapod_interfaces__rosidl_typesupport_cExport.cmake
[2.764s] -- Up-to-date: /home/pi/hexapod/src/install/hexapod_interfaces/share/hexapod_interfaces/cmake/hexapod_interfaces__rosidl_typesupport_cExport-noconfig.cmake
[2.765s] -- Up-to-date: /home/pi/hexapod/src/install/hexapod_interfaces/share/hexapod_interfaces/cmake/export_hexapod_interfaces__rosidl_generator_cppExport.cmake
[2.766s] -- Up-to-date: /home/pi/hexapod/src/install/hexapod_interfaces/share/hexapod_interfaces/cmake/export_hexapod_interfaces__rosidl_typesupport_fastrtps_cppExport.cmake
[2.766s] -- Up-to-date: /home/pi/hexapod/src/install/hexapod_interfaces/share/hexapod_interfaces/cmake/export_hexapod_interfaces__rosidl_typesupport_fastrtps_cppExport-noconfig.cmake
[2.767s] -- Up-to-date: /home/pi/hexapod/src/install/hexapod_interfaces/share/hexapod_interfaces/cmake/hexapod_interfaces__rosidl_typesupport_introspection_cppExport.cmake
[2.768s] -- Up-to-date: /home/pi/hexapod/src/install/hexapod_interfaces/share/hexapod_interfaces/cmake/hexapod_interfaces__rosidl_typesupport_introspection_cppExport-noconfig.cmake
[2.769s] -- Up-to-date: /home/pi/hexapod/src/install/hexapod_interfaces/share/hexapod_interfaces/cmake/hexapod_interfaces__rosidl_typesupport_cppExport.cmake
[2.770s] -- Up-to-date: /home/pi/hexapod/src/install/hexapod_interfaces/share/hexapod_interfaces/cmake/hexapod_interfaces__rosidl_typesupport_cppExport-noconfig.cmake
[2.771s] -- Up-to-date: /home/pi/hexapod/src/install/hexapod_interfaces/share/hexapod_interfaces/cmake/export_hexapod_interfaces__rosidl_generator_pyExport.cmake
[2.771s] -- Up-to-date: /home/pi/hexapod/src/install/hexapod_interfaces/share/hexapod_interfaces/cmake/export_hexapod_interfaces__rosidl_generator_pyExport-noconfig.cmake
[2.772s] -- Up-to-date: /home/pi/hexapod/src/install/hexapod_interfaces/share/hexapod_interfaces/cmake/rosidl_cmake-extras.cmake
[2.772s] -- Up-to-date: /home/pi/hexapod/src/install/hexapod_interfaces/share/hexapod_interfaces/cmake/ament_cmake_export_include_directories-extras.cmake
[2.773s] -- Up-to-date: /home/pi/hexapod/src/install/hexapod_interfaces/share/hexapod_interfaces/cmake/ament_cmake_export_libraries-extras.cmake
[2.773s] -- Up-to-date: /home/pi/hexapod/src/install/hexapod_interfaces/share/hexapod_interfaces/cmake/ament_cmake_export_targets-extras.cmake
[2.774s] -- Up-to-date: /home/pi/hexapod/src/install/hexapod_interfaces/share/hexapod_interfaces/cmake/rosidl_cmake_export_typesupport_targets-extras.cmake
[2.774s] -- Up-to-date: /home/pi/hexapod/src/install/hexapod_interfaces/share/hexapod_interfaces/cmake/ament_cmake_export_dependencies-extras.cmake
[2.775s] -- Up-to-date: /home/pi/hexapod/src/install/hexapod_interfaces/share/hexapod_interfaces/cmake/rosidl_cmake_export_typesupport_libraries-extras.cmake
[2.775s] -- Up-to-date: /home/pi/hexapod/src/install/hexapod_interfaces/share/hexapod_interfaces/cmake/hexapod_interfacesConfig.cmake
[2.776s] -- Up-to-date: /home/pi/hexapod/src/install/hexapod_interfaces/share/hexapod_interfaces/cmake/hexapod_interfacesConfig-version.cmake
[2.776s] -- Up-to-date: /home/pi/hexapod/src/install/hexapod_interfaces/share/hexapod_interfaces/package.xml
[2.785s] Invoked command in '/home/pi/hexapod/src/build/hexapod_interfaces' returned '0': CMAKE_PREFIX_PATH=/home/pi/hexapod/install/leg_controller:/opt/ros/humble /usr/bin/cmake --install /home/pi/hexapod/src/build/hexapod_interfaces
