/home/pi/hexapod/install/leg_controller/lib/python3.10/site-packages/leg_controller/legInfo.py
/home/pi/hexapod/install/leg_controller/lib/python3.10/site-packages/leg_controller/servoController.py
/home/pi/hexapod/install/leg_controller/lib/python3.10/site-packages/leg_controller/motorControlDemo.py
/home/pi/hexapod/install/leg_controller/lib/python3.10/site-packages/leg_controller/pointToAngle.py
/home/pi/hexapod/install/leg_controller/lib/python3.10/site-packages/leg_controller/__init__.py
/home/pi/hexapod/install/leg_controller/lib/python3.10/site-packages/leg_controller/__pycache__/legInfo.cpython-310.pyc
/home/pi/hexapod/install/leg_controller/lib/python3.10/site-packages/leg_controller/__pycache__/servoController.cpython-310.pyc
/home/pi/hexapod/install/leg_controller/lib/python3.10/site-packages/leg_controller/__pycache__/motorControlDemo.cpython-310.pyc
/home/pi/hexapod/install/leg_controller/lib/python3.10/site-packages/leg_controller/__pycache__/pointToAngle.cpython-310.pyc
/home/pi/hexapod/install/leg_controller/lib/python3.10/site-packages/leg_controller/__pycache__/__init__.cpython-310.pyc
/home/pi/hexapod/install/leg_controller/share/ament_index/resource_index/packages/leg_controller
/home/pi/hexapod/install/leg_controller/share/leg_controller/package.xml
/home/pi/hexapod/install/leg_controller/lib/python3.10/site-packages/leg_controller-0.0.0-py3.10.egg-info/top_level.txt
/home/pi/hexapod/install/leg_controller/lib/python3.10/site-packages/leg_controller-0.0.0-py3.10.egg-info/dependency_links.txt
/home/pi/hexapod/install/leg_controller/lib/python3.10/site-packages/leg_controller-0.0.0-py3.10.egg-info/entry_points.txt
/home/pi/hexapod/install/leg_controller/lib/python3.10/site-packages/leg_controller-0.0.0-py3.10.egg-info/PKG-INFO
/home/pi/hexapod/install/leg_controller/lib/python3.10/site-packages/leg_controller-0.0.0-py3.10.egg-info/requires.txt
/home/pi/hexapod/install/leg_controller/lib/python3.10/site-packages/leg_controller-0.0.0-py3.10.egg-info/SOURCES.txt
/home/pi/hexapod/install/leg_controller/lib/python3.10/site-packages/leg_controller-0.0.0-py3.10.egg-info/zip-safe
/home/pi/hexapod/install/leg_controller/lib/leg_controller/kin_node
/home/pi/hexapod/install/leg_controller/lib/leg_controller/servo_node
