running egg_info
creating ../../build/leg_controller/leg_controller.egg-info
writing ../../build/leg_controller/leg_controller.egg-info/PKG-INFO
writing dependency_links to ../../build/leg_controller/leg_controller.egg-info/dependency_links.txt
writing entry points to ../../build/leg_controller/leg_controller.egg-info/entry_points.txt
writing requirements to ../../build/leg_controller/leg_controller.egg-info/requires.txt
writing top-level names to ../../build/leg_controller/leg_controller.egg-info/top_level.txt
writing manifest file '../../build/leg_controller/leg_controller.egg-info/SOURCES.txt'
reading manifest file '../../build/leg_controller/leg_controller.egg-info/SOURCES.txt'
writing manifest file '../../build/leg_controller/leg_controller.egg-info/SOURCES.txt'
running build
running build_py
creating /home/pi/hexapod/build/leg_controller/build
creating /home/pi/hexapod/build/leg_controller/build/lib
creating /home/pi/hexapod/build/leg_controller/build/lib/leg_controller
copying leg_controller/legInfo.py -> /home/pi/hexapod/build/leg_controller/build/lib/leg_controller
copying leg_controller/servoController.py -> /home/pi/hexapod/build/leg_controller/build/lib/leg_controller
copying leg_controller/motorControlDemo.py -> /home/pi/hexapod/build/leg_controller/build/lib/leg_controller
copying leg_controller/pointToAngle.py -> /home/pi/hexapod/build/leg_controller/build/lib/leg_controller
copying leg_controller/__init__.py -> /home/pi/hexapod/build/leg_controller/build/lib/leg_controller
running install
running install_lib
creating /home/pi/hexapod/install/leg_controller/lib/python3.10/site-packages/leg_controller
copying /home/pi/hexapod/build/leg_controller/build/lib/leg_controller/legInfo.py -> /home/pi/hexapod/install/leg_controller/lib/python3.10/site-packages/leg_controller
copying /home/pi/hexapod/build/leg_controller/build/lib/leg_controller/servoController.py -> /home/pi/hexapod/install/leg_controller/lib/python3.10/site-packages/leg_controller
copying /home/pi/hexapod/build/leg_controller/build/lib/leg_controller/motorControlDemo.py -> /home/pi/hexapod/install/leg_controller/lib/python3.10/site-packages/leg_controller
copying /home/pi/hexapod/build/leg_controller/build/lib/leg_controller/pointToAngle.py -> /home/pi/hexapod/install/leg_controller/lib/python3.10/site-packages/leg_controller
copying /home/pi/hexapod/build/leg_controller/build/lib/leg_controller/__init__.py -> /home/pi/hexapod/install/leg_controller/lib/python3.10/site-packages/leg_controller
byte-compiling /home/pi/hexapod/install/leg_controller/lib/python3.10/site-packages/leg_controller/legInfo.py to legInfo.cpython-310.pyc
byte-compiling /home/pi/hexapod/install/leg_controller/lib/python3.10/site-packages/leg_controller/servoController.py to servoController.cpython-310.pyc
byte-compiling /home/pi/hexapod/install/leg_controller/lib/python3.10/site-packages/leg_controller/motorControlDemo.py to motorControlDemo.cpython-310.pyc
byte-compiling /home/pi/hexapod/install/leg_controller/lib/python3.10/site-packages/leg_controller/pointToAngle.py to pointToAngle.cpython-310.pyc
byte-compiling /home/pi/hexapod/install/leg_controller/lib/python3.10/site-packages/leg_controller/__init__.py to __init__.cpython-310.pyc
running install_data
creating /home/pi/hexapod/install/leg_controller/share/ament_index
creating /home/pi/hexapod/install/leg_controller/share/ament_index/resource_index
creating /home/pi/hexapod/install/leg_controller/share/ament_index/resource_index/packages
copying resource/leg_controller -> /home/pi/hexapod/install/leg_controller/share/ament_index/resource_index/packages
copying package.xml -> /home/pi/hexapod/install/leg_controller/share/leg_controller
running install_egg_info
Copying ../../build/leg_controller/leg_controller.egg-info to /home/pi/hexapod/install/leg_controller/lib/python3.10/site-packages/leg_controller-0.0.0-py3.10.egg-info
running install_scripts
Installing kin_node script to /home/pi/hexapod/install/leg_controller/lib/leg_controller
Installing servo_node script to /home/pi/hexapod/install/leg_controller/lib/leg_controller
writing list of installed files to '/home/pi/hexapod/build/leg_controller/install.log'
