[3.144s] Invoking command in '/home/pi/hexapod/src/leg_controller': PYTHONPATH=/home/pi/hexapod/build/leg_controller/prefix_override:/home/pi/hexapod/install/leg_controller/lib/python3.10/site-packages:${PYTHONPATH} /usr/bin/python3 setup.py egg_info --egg-base ../../build/leg_controller build --build-base /home/pi/hexapod/build/leg_controller/build install --record /home/pi/hexapod/build/leg_controller/install.log --single-version-externally-managed
[4.349s] running egg_info
[4.351s] creating ../../build/leg_controller/leg_controller.egg-info
[4.352s] writing ../../build/leg_controller/leg_controller.egg-info/PKG-INFO
[4.353s] writing dependency_links to ../../build/leg_controller/leg_controller.egg-info/dependency_links.txt
[4.354s] writing entry points to ../../build/leg_controller/leg_controller.egg-info/entry_points.txt
[4.354s] writing requirements to ../../build/leg_controller/leg_controller.egg-info/requires.txt
[4.355s] writing top-level names to ../../build/leg_controller/leg_controller.egg-info/top_level.txt
[4.356s] writing manifest file '../../build/leg_controller/leg_controller.egg-info/SOURCES.txt'
[4.364s] reading manifest file '../../build/leg_controller/leg_controller.egg-info/SOURCES.txt'
[4.368s] writing manifest file '../../build/leg_controller/leg_controller.egg-info/SOURCES.txt'
[4.369s] running build
[4.369s] running build_py
[4.370s] creating /home/pi/hexapod/build/leg_controller/build
[4.370s] creating /home/pi/hexapod/build/leg_controller/build/lib
[4.371s] creating /home/pi/hexapod/build/leg_controller/build/lib/leg_controller
[4.371s] copying leg_controller/legInfo.py -> /home/pi/hexapod/build/leg_controller/build/lib/leg_controller
[4.372s] copying leg_controller/servoController.py -> /home/pi/hexapod/build/leg_controller/build/lib/leg_controller
[4.372s] copying leg_controller/motorControlDemo.py -> /home/pi/hexapod/build/leg_controller/build/lib/leg_controller
[4.373s] copying leg_controller/pointToAngle.py -> /home/pi/hexapod/build/leg_controller/build/lib/leg_controller
[4.374s] copying leg_controller/__init__.py -> /home/pi/hexapod/build/leg_controller/build/lib/leg_controller
[4.375s] running install
[4.377s] running install_lib
[4.380s] creating /home/pi/hexapod/install/leg_controller/lib/python3.10/site-packages/leg_controller
[4.380s] copying /home/pi/hexapod/build/leg_controller/build/lib/leg_controller/legInfo.py -> /home/pi/hexapod/install/leg_controller/lib/python3.10/site-packages/leg_controller
[4.381s] copying /home/pi/hexapod/build/leg_controller/build/lib/leg_controller/servoController.py -> /home/pi/hexapod/install/leg_controller/lib/python3.10/site-packages/leg_controller
[4.382s] copying /home/pi/hexapod/build/leg_controller/build/lib/leg_controller/motorControlDemo.py -> /home/pi/hexapod/install/leg_controller/lib/python3.10/site-packages/leg_controller
[4.383s] copying /home/pi/hexapod/build/leg_controller/build/lib/leg_controller/pointToAngle.py -> /home/pi/hexapod/install/leg_controller/lib/python3.10/site-packages/leg_controller
[4.384s] copying /home/pi/hexapod/build/leg_controller/build/lib/leg_controller/__init__.py -> /home/pi/hexapod/install/leg_controller/lib/python3.10/site-packages/leg_controller
[4.386s] byte-compiling /home/pi/hexapod/install/leg_controller/lib/python3.10/site-packages/leg_controller/legInfo.py to legInfo.cpython-310.pyc
[4.389s] byte-compiling /home/pi/hexapod/install/leg_controller/lib/python3.10/site-packages/leg_controller/servoController.py to servoController.cpython-310.pyc
[4.393s] byte-compiling /home/pi/hexapod/install/leg_controller/lib/python3.10/site-packages/leg_controller/motorControlDemo.py to motorControlDemo.cpython-310.pyc
[4.395s] byte-compiling /home/pi/hexapod/install/leg_controller/lib/python3.10/site-packages/leg_controller/pointToAngle.py to pointToAngle.cpython-310.pyc
[4.398s] byte-compiling /home/pi/hexapod/install/leg_controller/lib/python3.10/site-packages/leg_controller/__init__.py to __init__.cpython-310.pyc
[4.399s] running install_data
[4.402s] creating /home/pi/hexapod/install/leg_controller/share/ament_index
[4.402s] creating /home/pi/hexapod/install/leg_controller/share/ament_index/resource_index
[4.403s] creating /home/pi/hexapod/install/leg_controller/share/ament_index/resource_index/packages
[4.403s] copying resource/leg_controller -> /home/pi/hexapod/install/leg_controller/share/ament_index/resource_index/packages
[4.404s] copying package.xml -> /home/pi/hexapod/install/leg_controller/share/leg_controller
[4.404s] running install_egg_info
[4.411s] Copying ../../build/leg_controller/leg_controller.egg-info to /home/pi/hexapod/install/leg_controller/lib/python3.10/site-packages/leg_controller-0.0.0-py3.10.egg-info
[4.418s] running install_scripts
[4.501s] Installing kin_node script to /home/pi/hexapod/install/leg_controller/lib/leg_controller
[4.502s] Installing servo_node script to /home/pi/hexapod/install/leg_controller/lib/leg_controller
[4.504s] writing list of installed files to '/home/pi/hexapod/build/leg_controller/install.log'
[4.645s] Invoked command in '/home/pi/hexapod/src/leg_controller' returned '0': PYTHONPATH=/home/pi/hexapod/build/leg_controller/prefix_override:/home/pi/hexapod/install/leg_controller/lib/python3.10/site-packages:${PYTHONPATH} /usr/bin/python3 setup.py egg_info --egg-base ../../build/leg_controller build --build-base /home/pi/hexapod/build/leg_controller/build install --record /home/pi/hexapod/build/leg_controller/install.log --single-version-externally-managed
