[3.901s] Invoking command in '/home/pi/hexapod/src/leg_controller': PYTHONPATH=/home/pi/hexapod/build/leg_controller/prefix_override:/home/pi/hexapod/install/leg_controller/lib/python3.10/site-packages:${PYTHONPATH} /usr/bin/python3 setup.py egg_info --egg-base ../../build/leg_controller build --build-base /home/pi/hexapod/build/leg_controller/build install --record /home/pi/hexapod/build/leg_controller/install.log --single-version-externally-managed
[5.134s] running egg_info
[5.137s] writing ../../build/leg_controller/leg_controller.egg-info/PKG-INFO
[5.138s] writing dependency_links to ../../build/leg_controller/leg_controller.egg-info/dependency_links.txt
[5.139s] writing entry points to ../../build/leg_controller/leg_controller.egg-info/entry_points.txt
[5.140s] writing requirements to ../../build/leg_controller/leg_controller.egg-info/requires.txt
[5.141s] writing top-level names to ../../build/leg_controller/leg_controller.egg-info/top_level.txt
[5.150s] reading manifest file '../../build/leg_controller/leg_controller.egg-info/SOURCES.txt'
[5.154s] writing manifest file '../../build/leg_controller/leg_controller.egg-info/SOURCES.txt'
[5.155s] running build
[5.155s] running build_py
[5.156s] copying leg_controller/servoController.py -> /home/pi/hexapod/build/leg_controller/build/lib/leg_controller
[5.158s] copying leg_controller/pointToAngle.py -> /home/pi/hexapod/build/leg_controller/build/lib/leg_controller
[5.159s] running install
[5.161s] running install_lib
[5.164s] copying /home/pi/hexapod/build/leg_controller/build/lib/leg_controller/servoController.py -> /home/pi/hexapod/install/leg_controller/lib/python3.10/site-packages/leg_controller
[5.166s] copying /home/pi/hexapod/build/leg_controller/build/lib/leg_controller/pointToAngle.py -> /home/pi/hexapod/install/leg_controller/lib/python3.10/site-packages/leg_controller
[5.169s] byte-compiling /home/pi/hexapod/install/leg_controller/lib/python3.10/site-packages/leg_controller/servoController.py to servoController.cpython-310.pyc
[5.173s] byte-compiling /home/pi/hexapod/install/leg_controller/lib/python3.10/site-packages/leg_controller/pointToAngle.py to pointToAngle.cpython-310.pyc
[5.177s] running install_data
[5.180s] running install_egg_info
[5.187s] removing '/home/pi/hexapod/install/leg_controller/lib/python3.10/site-packages/leg_controller-0.0.0-py3.10.egg-info' (and everything under it)
[5.189s] Copying ../../build/leg_controller/leg_controller.egg-info to /home/pi/hexapod/install/leg_controller/lib/python3.10/site-packages/leg_controller-0.0.0-py3.10.egg-info
[5.196s] running install_scripts
[5.279s] Installing kin_node script to /home/pi/hexapod/install/leg_controller/lib/leg_controller
[5.280s] Installing servo_node script to /home/pi/hexapod/install/leg_controller/lib/leg_controller
[5.282s] writing list of installed files to '/home/pi/hexapod/build/leg_controller/install.log'
[5.427s] Invoked command in '/home/pi/hexapod/src/leg_controller' returned '0': PYTHONPATH=/home/pi/hexapod/build/leg_controller/prefix_override:/home/pi/hexapod/install/leg_controller/lib/python3.10/site-packages:${PYTHONPATH} /usr/bin/python3 setup.py egg_info --egg-base ../../build/leg_controller build --build-base /home/pi/hexapod/build/leg_controller/build install --record /home/pi/hexapod/build/leg_controller/install.log --single-version-externally-managed
