[3.111s] Invoking command in '/home/pi/hexapod/src/leg_controller': PYTHONPATH=/home/pi/hexapod/build/leg_controller/prefix_override:/home/pi/hexapod/install/leg_controller/lib/python3.10/site-packages:${PYTHONPATH} /usr/bin/python3 setup.py egg_info --egg-base ../../build/leg_controller build --build-base /home/pi/hexapod/build/leg_controller/build install --record /home/pi/hexapod/build/leg_controller/install.log --single-version-externally-managed
[4.481s] running egg_info
[4.484s] writing ../../build/leg_controller/leg_controller.egg-info/PKG-INFO
[4.486s] writing dependency_links to ../../build/leg_controller/leg_controller.egg-info/dependency_links.txt
[4.487s] writing entry points to ../../build/leg_controller/leg_controller.egg-info/entry_points.txt
[4.488s] writing requirements to ../../build/leg_controller/leg_controller.egg-info/requires.txt
[4.489s] writing top-level names to ../../build/leg_controller/leg_controller.egg-info/top_level.txt
[4.500s] reading manifest file '../../build/leg_controller/leg_controller.egg-info/SOURCES.txt'
[4.505s] writing manifest file '../../build/leg_controller/leg_controller.egg-info/SOURCES.txt'
[4.506s] running build
[4.507s] running build_py
[4.508s] copying leg_controller/pointToAngle.py -> /home/pi/hexapod/build/leg_controller/build/lib/leg_controller
[4.510s] running install
[4.512s] running install_lib
[4.516s] copying /home/pi/hexapod/build/leg_controller/build/lib/leg_controller/pointToAngle.py -> /home/pi/hexapod/install/leg_controller/lib/python3.10/site-packages/leg_controller
[4.521s] byte-compiling /home/pi/hexapod/install/leg_controller/lib/python3.10/site-packages/leg_controller/pointToAngle.py to pointToAngle.cpython-310.pyc
[4.526s] running install_data
[4.529s] running install_egg_info
[4.537s] removing '/home/pi/hexapod/install/leg_controller/lib/python3.10/site-packages/leg_controller-0.0.0-py3.10.egg-info' (and everything under it)
[4.542s] Copying ../../build/leg_controller/leg_controller.egg-info to /home/pi/hexapod/install/leg_controller/lib/python3.10/site-packages/leg_controller-0.0.0-py3.10.egg-info
[4.549s] running install_scripts
[4.645s] Installing kin_node script to /home/pi/hexapod/install/leg_controller/lib/leg_controller
[4.646s] Installing servo_node script to /home/pi/hexapod/install/leg_controller/lib/leg_controller
[4.649s] writing list of installed files to '/home/pi/hexapod/build/leg_controller/install.log'
[4.805s] Invoked command in '/home/pi/hexapod/src/leg_controller' returned '0': PYTHONPATH=/home/pi/hexapod/build/leg_controller/prefix_override:/home/pi/hexapod/install/leg_controller/lib/python3.10/site-packages:${PYTHONPATH} /usr/bin/python3 setup.py egg_info --egg-base ../../build/leg_controller build --build-base /home/pi/hexapod/build/leg_controller/build install --record /home/pi/hexapod/build/leg_controller/install.log --single-version-externally-managed
