[3.148s] Invoking command in '/home/pi/hexapod/src/leg_controller': PYTHONPATH=/home/pi/hexapod/build/leg_controller/prefix_override:/home/pi/hexapod/install/leg_controller/lib/python3.10/site-packages:${PYTHONPATH} /usr/bin/python3 setup.py egg_info --egg-base ../../build/leg_controller build --build-base /home/pi/hexapod/build/leg_controller/build install --record /home/pi/hexapod/build/leg_controller/install.log --single-version-externally-managed
[4.428s] running egg_info
[4.431s] writing ../../build/leg_controller/leg_controller.egg-info/PKG-INFO
[4.432s] writing dependency_links to ../../build/leg_controller/leg_controller.egg-info/dependency_links.txt
[4.433s] writing entry points to ../../build/leg_controller/leg_controller.egg-info/entry_points.txt
[4.434s] writing requirements to ../../build/leg_controller/leg_controller.egg-info/requires.txt
[4.434s] writing top-level names to ../../build/leg_controller/leg_controller.egg-info/top_level.txt
[4.443s] reading manifest file '../../build/leg_controller/leg_controller.egg-info/SOURCES.txt'
[4.448s] writing manifest file '../../build/leg_controller/leg_controller.egg-info/SOURCES.txt'
[4.449s] running build
[4.449s] running build_py
[4.451s] running install
[4.453s] running install_lib
[4.460s] running install_data
[4.462s] copying package.xml -> /home/pi/hexapod/install/leg_controller/share/leg_controller
[4.463s] running install_egg_info
[4.470s] removing '/home/pi/hexapod/install/leg_controller/lib/python3.10/site-packages/leg_controller-0.0.0-py3.10.egg-info' (and everything under it)
[4.472s] Copying ../../build/leg_controller/leg_controller.egg-info to /home/pi/hexapod/install/leg_controller/lib/python3.10/site-packages/leg_controller-0.0.0-py3.10.egg-info
[4.478s] running install_scripts
[4.564s] Installing kin_node script to /home/pi/hexapod/install/leg_controller/lib/leg_controller
[4.565s] Installing servo_node script to /home/pi/hexapod/install/leg_controller/lib/leg_controller
[4.567s] writing list of installed files to '/home/pi/hexapod/build/leg_controller/install.log'
[4.705s] Invoked command in '/home/pi/hexapod/src/leg_controller' returned '0': PYTHONPATH=/home/pi/hexapod/build/leg_controller/prefix_override:/home/pi/hexapod/install/leg_controller/lib/python3.10/site-packages:${PYTHONPATH} /usr/bin/python3 setup.py egg_info --egg-base ../../build/leg_controller build --build-base /home/pi/hexapod/build/leg_controller/build install --record /home/pi/hexapod/build/leg_controller/install.log --single-version-externally-managed
